2018-12-02 12:40:20.523 [main] INFO  o.s.c.a.AnnotationConfigApplicationContext - Refreshing org.springframework.context.annotation.AnnotationConfigApplicationContext@71529963: startup date [Sun Dec 02 12:40:20 CST 2018]; root of context hierarchy
2018-12-02 12:40:20.878 [main] INFO  o.s.b.f.a.AutowiredAnnotationBeanPostProcessor - JSR-330 'javax.inject.Inject' annotation found and supported for autowiring
2018-12-02 12:40:21.018 [main] INFO  o.s.c.s.PostProcessorRegistrationDelegate$BeanPostProcessorChecker - Bean 'org.springframework.retry.annotation.RetryConfiguration' of type [org.springframework.retry.annotation.RetryConfiguration$$EnhancerBySpringCGLIB$$d08c3183] is not eligible for getting processed by all BeanPostProcessors (for example: not eligible for auto-proxying)
2018-12-02 12:40:21.029 [main] INFO  o.s.c.s.PostProcessorRegistrationDelegate$BeanPostProcessorChecker - Bean 'configurationPropertiesRebinderAutoConfiguration' of type [org.springframework.cloud.autoconfigure.ConfigurationPropertiesRebinderAutoConfiguration$$EnhancerBySpringCGLIB$$f6e29c5b] is not eligible for getting processed by all BeanPostProcessors (for example: not eligible for auto-proxying)
2018-12-02 12:40:22.905 [main] INFO  o.s.c.c.client.ConfigServicePropertySourceLocator - Fetching config from server at : http://localhost:5000
2018-12-02 12:40:24.613 [main] INFO  o.s.c.c.client.ConfigServicePropertySourceLocator - Located environment: name=user, profiles=[default], label=null, version=null, state=null
2018-12-02 12:40:24.615 [main] INFO  o.s.c.b.c.PropertySourceBootstrapConfiguration - Located property source: CompositePropertySource {name='configService', propertySources=[MapPropertySource {name='classpath:/config/user.yml'}]}
2018-12-02 12:40:24.666 [main] INFO  com.beidou.user.DemoApplicationTests - No active profile set, falling back to default profiles: default
2018-12-02 12:40:24.673 [main] INFO  o.s.w.context.support.GenericWebApplicationContext - Refreshing org.springframework.web.context.support.GenericWebApplicationContext@2a551a63: startup date [Sun Dec 02 12:40:24 CST 2018]; parent: org.springframework.context.annotation.AnnotationConfigApplicationContext@71529963
2018-12-02 12:40:27.285 [main] INFO  o.springframework.cloud.context.scope.GenericScope - BeanFactory id=fe9a7ebd-a4ca-3d5f-99c4-88c12564b725
2018-12-02 12:40:27.392 [main] INFO  o.s.b.f.a.AutowiredAnnotationBeanPostProcessor - JSR-330 'javax.inject.Inject' annotation found and supported for autowiring
2018-12-02 12:40:27.469 [main] INFO  o.s.c.s.PostProcessorRegistrationDelegate$BeanPostProcessorChecker - Bean 'org.springframework.amqp.rabbit.annotation.RabbitBootstrapConfiguration' of type [org.springframework.amqp.rabbit.annotation.RabbitBootstrapConfiguration$$EnhancerBySpringCGLIB$$a134578c] is not eligible for getting processed by all BeanPostProcessors (for example: not eligible for auto-proxying)
2018-12-02 12:40:27.652 [main] INFO  o.s.c.s.PostProcessorRegistrationDelegate$BeanPostProcessorChecker - Bean 'org.springframework.transaction.annotation.ProxyTransactionManagementConfiguration' of type [org.springframework.transaction.annotation.ProxyTransactionManagementConfiguration$$EnhancerBySpringCGLIB$$dac8995e] is not eligible for getting processed by all BeanPostProcessors (for example: not eligible for auto-proxying)
2018-12-02 12:40:27.969 [main] INFO  o.s.c.s.PostProcessorRegistrationDelegate$BeanPostProcessorChecker - Bean 'org.springframework.cloud.autoconfigure.ConfigurationPropertiesRebinderAutoConfiguration' of type [org.springframework.cloud.autoconfigure.ConfigurationPropertiesRebinderAutoConfiguration$$EnhancerBySpringCGLIB$$f6e29c5b] is not eligible for getting processed by all BeanPostProcessors (for example: not eligible for auto-proxying)
2018-12-02 12:40:28.552 [main] INFO  com.alibaba.druid.pool.DruidDataSource - {dataSource-1} inited
2018-12-02 12:40:29.654 [main] WARN  com.netflix.config.sources.URLConfigurationSource - No URLs will be polled as dynamic configuration sources.
2018-12-02 12:40:29.655 [main] INFO  com.netflix.config.sources.URLConfigurationSource - To enable URLs as dynamic configuration sources, define System property archaius.configurationSource.additionalUrls or make config.properties available on classpath.
2018-12-02 12:40:29.689 [main] INFO  com.netflix.config.DynamicPropertyFactory - DynamicPropertyFactory is initialized with configuration sources: com.netflix.config.ConcurrentCompositeConfiguration@7d8b66d9
2018-12-02 12:40:30.828 [main] INFO  o.s.w.s.m.m.a.RequestMappingHandlerMapping - Mapped "{[/company],methods=[POST]}" onto public com.beidou.user.utils.ResponseMsg com.beidou.user.controller.CompanyController.insert(com.beidou.gateway.entity.Company)
2018-12-02 12:40:30.831 [main] INFO  o.s.w.s.m.m.a.RequestMappingHandlerMapping - Mapped "{[/company],methods=[GET]}" onto public com.beidou.user.utils.ResponseMsg com.beidou.user.controller.CompanyController.getAll()
2018-12-02 12:40:30.831 [main] INFO  o.s.w.s.m.m.a.RequestMappingHandlerMapping - Mapped "{[/company/{id}],methods=[GET]}" onto public com.beidou.user.utils.ResponseMsg com.beidou.user.controller.CompanyController.getById(java.lang.Integer)
2018-12-02 12:40:30.832 [main] INFO  o.s.w.s.m.m.a.RequestMappingHandlerMapping - Mapped "{[/company/{ids}],methods=[DELETE]}" onto public com.beidou.user.utils.ResponseMsg com.beidou.user.controller.CompanyController.deleteByIds(java.lang.String)
2018-12-02 12:40:30.832 [main] INFO  o.s.w.s.m.m.a.RequestMappingHandlerMapping - Mapped "{[/companys],methods=[GET]}" onto public com.beidou.user.utils.ResponseMsg com.beidou.user.controller.CompanyController.getList(java.lang.Integer)
2018-12-02 12:40:30.833 [main] INFO  o.s.w.s.m.m.a.RequestMappingHandlerMapping - Mapped "{[/company/searchByName],methods=[GET]}" onto public com.beidou.user.utils.ResponseMsg com.beidou.user.controller.CompanyController.searchByName(java.lang.Integer,java.lang.String)
2018-12-02 12:40:30.833 [main] INFO  o.s.w.s.m.m.a.RequestMappingHandlerMapping - Mapped "{[/company/{id}],methods=[PUT]}" onto public com.beidou.user.utils.ResponseMsg com.beidou.user.controller.CompanyController.updateById(com.beidou.gateway.entity.Company)
2018-12-02 12:40:30.835 [main] INFO  o.s.w.s.m.m.a.RequestMappingHandlerMapping - Mapped "{[/dept],methods=[POST]}" onto public com.beidou.user.utils.ResponseMsg com.beidou.user.controller.DeptController.insert(com.beidou.gateway.entity.Dept)
2018-12-02 12:40:30.836 [main] INFO  o.s.w.s.m.m.a.RequestMappingHandlerMapping - Mapped "{[/dept],methods=[GET]}" onto public com.beidou.user.utils.ResponseMsg com.beidou.user.controller.DeptController.getAll()
2018-12-02 12:40:30.836 [main] INFO  o.s.w.s.m.m.a.RequestMappingHandlerMapping - Mapped "{[/dept/{id}],methods=[GET]}" onto public com.beidou.user.utils.ResponseMsg com.beidou.user.controller.DeptController.getById(java.lang.Integer)
2018-12-02 12:40:30.837 [main] INFO  o.s.w.s.m.m.a.RequestMappingHandlerMapping - Mapped "{[/depts],methods=[GET]}" onto public com.beidou.user.utils.ResponseMsg com.beidou.user.controller.DeptController.getList(java.lang.Integer)
2018-12-02 12:40:30.837 [main] INFO  o.s.w.s.m.m.a.RequestMappingHandlerMapping - Mapped "{[/dept/searchByName],methods=[GET]}" onto public com.beidou.user.utils.ResponseMsg com.beidou.user.controller.DeptController.searchByName(java.lang.Integer,java.lang.String)
2018-12-02 12:40:30.837 [main] INFO  o.s.w.s.m.m.a.RequestMappingHandlerMapping - Mapped "{[/comDept],methods=[GET]}" onto public com.beidou.user.utils.ResponseMsg com.beidou.user.controller.DeptController.getComDept(java.lang.Integer)
2018-12-02 12:40:30.838 [main] INFO  o.s.w.s.m.m.a.RequestMappingHandlerMapping - Mapped "{[/dept/{id}],methods=[PUT]}" onto public com.beidou.user.utils.ResponseMsg com.beidou.user.controller.DeptController.updateById(com.beidou.gateway.entity.Dept)
2018-12-02 12:40:30.839 [main] INFO  o.s.w.s.m.m.a.RequestMappingHandlerMapping - Mapped "{[/dept/{ids}],methods=[DELETE]}" onto public com.beidou.user.utils.ResponseMsg com.beidou.user.controller.DeptController.deleteById(java.lang.String)
2018-12-02 12:40:30.839 [main] INFO  o.s.w.s.m.m.a.RequestMappingHandlerMapping - Mapped "{[/comDepts],methods=[GET]}" onto public com.beidou.user.utils.ResponseMsg com.beidou.user.controller.DeptController.getComDeptList(java.lang.Integer,java.lang.Integer)
2018-12-02 12:40:30.839 [main] INFO  o.s.w.s.m.m.a.RequestMappingHandlerMapping - Mapped "{[/dept/searchByNameAndComId],methods=[GET]}" onto public com.beidou.user.utils.ResponseMsg com.beidou.user.controller.DeptController.searchByNameAndComId(java.lang.Integer,java.lang.String,java.lang.Integer)
2018-12-02 12:40:30.841 [main] INFO  o.s.w.s.m.m.a.RequestMappingHandlerMapping - Mapped "{[/role],methods=[POST]}" onto public com.beidou.user.utils.ResponseMsg com.beidou.user.controller.RoleController.insert(com.beidou.gateway.entity.Role)
2018-12-02 12:40:30.841 [main] INFO  o.s.w.s.m.m.a.RequestMappingHandlerMapping - Mapped "{[/roles],methods=[GET]}" onto public com.beidou.user.utils.ResponseMsg com.beidou.user.controller.RoleController.getAll(java.lang.Integer)
2018-12-02 12:40:30.841 [main] INFO  o.s.w.s.m.m.a.RequestMappingHandlerMapping - Mapped "{[/role/{id}],methods=[GET]}" onto public com.beidou.user.utils.ResponseMsg com.beidou.user.controller.RoleController.getById(java.lang.Integer)
2018-12-02 12:40:30.842 [main] INFO  o.s.w.s.m.m.a.RequestMappingHandlerMapping - Mapped "{[/role/searchByName],methods=[GET]}" onto public com.beidou.user.utils.ResponseMsg com.beidou.user.controller.RoleController.searchByName(java.lang.Integer,java.lang.String)
2018-12-02 12:40:30.843 [main] INFO  o.s.w.s.m.m.a.RequestMappingHandlerMapping - Mapped "{[/role/{id}],methods=[PUT]}" onto public com.beidou.user.utils.ResponseMsg com.beidou.user.controller.RoleController.updateById(com.beidou.gateway.entity.Role)
2018-12-02 12:40:30.843 [main] INFO  o.s.w.s.m.m.a.RequestMappingHandlerMapping - Mapped "{[/role/{ids}],methods=[DELETE]}" onto public com.beidou.user.utils.ResponseMsg com.beidou.user.controller.RoleController.deleteById(java.lang.String)
2018-12-02 12:40:30.844 [main] INFO  o.s.w.s.m.m.a.RequestMappingHandlerMapping - Mapped "{[/roleRule],methods=[POST]}" onto public com.beidou.user.utils.ResponseMsg com.beidou.user.controller.RoleRuleController.insert(java.lang.Integer,java.lang.String)
2018-12-02 12:40:30.844 [main] INFO  o.s.w.s.m.m.a.RequestMappingHandlerMapping - Mapped "{[/roleRule],methods=[PUT]}" onto public com.beidou.user.utils.ResponseMsg com.beidou.user.controller.RoleRuleController.updateByRoleId(java.lang.Integer,java.lang.String)
2018-12-02 12:40:30.847 [main] INFO  o.s.w.s.m.m.a.RequestMappingHandlerMapping - Mapped "{[/rule],methods=[POST]}" onto public com.beidou.user.utils.ResponseMsg com.beidou.user.controller.RuleController.insert(com.beidou.gateway.entity.Rule)
2018-12-02 12:40:30.847 [main] INFO  o.s.w.s.m.m.a.RequestMappingHandlerMapping - Mapped "{[/rule/{id}],methods=[GET]}" onto public com.beidou.user.utils.ResponseMsg com.beidou.user.controller.RuleController.getById(java.lang.Integer)
2018-12-02 12:40:30.848 [main] INFO  o.s.w.s.m.m.a.RequestMappingHandlerMapping - Mapped "{[/rules],methods=[GET]}" onto public com.beidou.user.utils.ResponseMsg com.beidou.user.controller.RuleController.getList(java.lang.Integer)
2018-12-02 12:40:30.848 [main] INFO  o.s.w.s.m.m.a.RequestMappingHandlerMapping - Mapped "{[/rule/searchByName],methods=[GET]}" onto public com.beidou.user.utils.ResponseMsg com.beidou.user.controller.RuleController.searchByName(java.lang.Integer,java.lang.String)
2018-12-02 12:40:30.848 [main] INFO  o.s.w.s.m.m.a.RequestMappingHandlerMapping - Mapped "{[/rule/{id}],methods=[PUT]}" onto public com.beidou.user.utils.ResponseMsg com.beidou.user.controller.RuleController.updateById(com.beidou.gateway.entity.Rule)
2018-12-02 12:40:30.848 [main] INFO  o.s.w.s.m.m.a.RequestMappingHandlerMapping - Mapped "{[/rule/{ids}],methods=[DELETE]}" onto public com.beidou.user.utils.ResponseMsg com.beidou.user.controller.RuleController.deleteById(java.lang.String)
2018-12-02 12:40:30.849 [main] INFO  o.s.w.s.m.m.a.RequestMappingHandlerMapping - Mapped "{[/roleRule],methods=[GET]}" onto public com.beidou.user.utils.ResponseMsg com.beidou.user.controller.RuleController.getRoleRule(java.lang.Integer)
2018-12-02 12:40:30.850 [main] INFO  o.s.w.s.m.m.a.RequestMappingHandlerMapping - Mapped "{[/user],methods=[POST]}" onto public com.beidou.user.utils.ResponseMsg com.beidou.user.controller.UserController.insert(com.beidou.gateway.entity.User)
2018-12-02 12:40:30.850 [main] INFO  o.s.w.s.m.m.a.RequestMappingHandlerMapping - Mapped "{[/user/{id}],methods=[GET]}" onto public com.beidou.user.utils.ResponseMsg com.beidou.user.controller.UserController.getById(java.lang.Integer)
2018-12-02 12:40:30.850 [main] INFO  o.s.w.s.m.m.a.RequestMappingHandlerMapping - Mapped "{[/users],methods=[GET]}" onto public com.beidou.user.utils.ResponseMsg com.beidou.user.controller.UserController.getList(java.lang.Integer)
2018-12-02 12:40:30.851 [main] INFO  o.s.w.s.m.m.a.RequestMappingHandlerMapping - Mapped "{[/user/{id}],methods=[PUT]}" onto public com.beidou.user.utils.ResponseMsg com.beidou.user.controller.UserController.updateById(com.beidou.gateway.entity.User)
2018-12-02 12:40:30.851 [main] INFO  o.s.w.s.m.m.a.RequestMappingHandlerMapping - Mapped "{[/user/{ids}],methods=[DELETE]}" onto public com.beidou.user.utils.ResponseMsg com.beidou.user.controller.UserController.deleteById(java.lang.String)
2018-12-02 12:40:30.851 [main] INFO  o.s.w.s.m.m.a.RequestMappingHandlerMapping - Mapped "{[/user/judgeUserName],methods=[GET]}" onto public com.beidou.user.utils.ResponseMsg com.beidou.user.controller.UserController.judgeUserName(java.lang.String)
2018-12-02 12:40:30.851 [main] INFO  o.s.w.s.m.m.a.RequestMappingHandlerMapping - Mapped "{[/user],methods=[GET]}" onto public com.beidou.user.utils.ResponseMsg com.beidou.user.controller.UserController.getComUserList(java.lang.Integer,java.lang.Integer)
2018-12-02 12:40:30.852 [main] INFO  o.s.w.s.m.m.a.RequestMappingHandlerMapping - Mapped "{[/user/modifyPwd],methods=[GET]}" onto public com.beidou.user.utils.ResponseMsg com.beidou.user.controller.UserController.modifyPwd(java.lang.Integer,java.lang.String,java.lang.String)
2018-12-02 12:40:30.852 [main] INFO  o.s.w.s.m.m.a.RequestMappingHandlerMapping - Mapped "{[/user/searchByUserName],methods=[GET]}" onto public com.beidou.user.utils.ResponseMsg com.beidou.user.controller.UserController.searchByUserName(java.lang.Integer,java.lang.String)
2018-12-02 12:40:30.852 [main] INFO  o.s.w.s.m.m.a.RequestMappingHandlerMapping - Mapped "{[/user/searchByUserNameAndComId],methods=[GET]}" onto public com.beidou.user.utils.ResponseMsg com.beidou.user.controller.UserController.searchByUserNameAndComId(java.lang.Integer,java.lang.String,java.lang.Integer)
2018-12-02 12:40:30.853 [main] INFO  o.s.w.s.m.m.a.RequestMappingHandlerMapping - Mapped "{[/userRole],methods=[POST]}" onto public com.beidou.user.utils.ResponseMsg com.beidou.user.controller.UserRoleController.insert(java.lang.Integer,java.lang.String)
2018-12-02 12:40:30.853 [main] INFO  o.s.w.s.m.m.a.RequestMappingHandlerMapping - Mapped "{[/userRole],methods=[PUT]}" onto public com.beidou.user.utils.ResponseMsg com.beidou.user.controller.UserRoleController.updateByUserId(java.lang.Integer,java.lang.String)
2018-12-02 12:40:30.854 [main] INFO  o.s.w.s.m.m.a.RequestMappingHandlerMapping - Mapped "{[/v2/api-docs],methods=[GET],produces=[application/json || application/hal+json]}" onto public org.springframework.http.ResponseEntity<springfox.documentation.spring.web.json.Json> springfox.documentation.swagger2.web.Swagger2Controller.getDocumentation(java.lang.String,javax.servlet.http.HttpServletRequest)
2018-12-02 12:40:30.855 [main] INFO  o.s.w.s.m.m.a.RequestMappingHandlerMapping - Mapped "{[/swagger-resources/configuration/security]}" onto org.springframework.http.ResponseEntity<springfox.documentation.swagger.web.SecurityConfiguration> springfox.documentation.swagger.web.ApiResourceController.securityConfiguration()
2018-12-02 12:40:30.856 [main] INFO  o.s.w.s.m.m.a.RequestMappingHandlerMapping - Mapped "{[/swagger-resources/configuration/ui]}" onto org.springframework.http.ResponseEntity<springfox.documentation.swagger.web.UiConfiguration> springfox.documentation.swagger.web.ApiResourceController.uiConfiguration()
2018-12-02 12:40:30.857 [main] INFO  o.s.w.s.m.m.a.RequestMappingHandlerMapping - Mapped "{[/swagger-resources]}" onto org.springframework.http.ResponseEntity<java.util.List<springfox.documentation.swagger.web.SwaggerResource>> springfox.documentation.swagger.web.ApiResourceController.swaggerResources()
2018-12-02 12:40:30.859 [main] INFO  o.s.w.s.m.m.a.RequestMappingHandlerMapping - Mapped "{[/error]}" onto public org.springframework.http.ResponseEntity<java.util.Map<java.lang.String, java.lang.Object>> org.springframework.boot.autoconfigure.web.servlet.error.BasicErrorController.error(javax.servlet.http.HttpServletRequest)
2018-12-02 12:40:30.859 [main] INFO  o.s.w.s.m.m.a.RequestMappingHandlerMapping - Mapped "{[/error],produces=[text/html]}" onto public org.springframework.web.servlet.ModelAndView org.springframework.boot.autoconfigure.web.servlet.error.BasicErrorController.errorHtml(javax.servlet.http.HttpServletRequest,javax.servlet.http.HttpServletResponse)
2018-12-02 12:40:32.786 [main] INFO  org.springframework.cloud.commons.util.InetUtils - Cannot determine local hostname
2018-12-02 12:40:34.334 [main] INFO  org.springframework.cloud.commons.util.InetUtils - Cannot determine local hostname
2018-12-02 12:40:34.899 [main] INFO  o.s.b.actuate.endpoint.web.EndpointLinksResolver - Exposing 18 endpoint(s) beneath base path '/actuator'
2018-12-02 12:40:34.926 [main] INFO  o.s.b.a.e.web.servlet.WebMvcEndpointHandlerMapping - Mapped "{[/actuator/archaius],methods=[GET],produces=[application/vnd.spring-boot.actuator.v2+json || application/json]}" onto public java.lang.Object org.springframework.boot.actuate.endpoint.web.servlet.AbstractWebMvcEndpointHandlerMapping$OperationHandler.handle(javax.servlet.http.HttpServletRequest,java.util.Map<java.lang.String, java.lang.String>)
2018-12-02 12:40:34.928 [main] INFO  o.s.b.a.e.web.servlet.WebMvcEndpointHandlerMapping - Mapped "{[/actuator/auditevents],methods=[GET],produces=[application/vnd.spring-boot.actuator.v2+json || application/json]}" onto public java.lang.Object org.springframework.boot.actuate.endpoint.web.servlet.AbstractWebMvcEndpointHandlerMapping$OperationHandler.handle(javax.servlet.http.HttpServletRequest,java.util.Map<java.lang.String, java.lang.String>)
2018-12-02 12:40:34.929 [main] INFO  o.s.b.a.e.web.servlet.WebMvcEndpointHandlerMapping - Mapped "{[/actuator/beans],methods=[GET],produces=[application/vnd.spring-boot.actuator.v2+json || application/json]}" onto public java.lang.Object org.springframework.boot.actuate.endpoint.web.servlet.AbstractWebMvcEndpointHandlerMapping$OperationHandler.handle(javax.servlet.http.HttpServletRequest,java.util.Map<java.lang.String, java.lang.String>)
2018-12-02 12:40:34.929 [main] INFO  o.s.b.a.e.web.servlet.WebMvcEndpointHandlerMapping - Mapped "{[/actuator/health],methods=[GET],produces=[application/vnd.spring-boot.actuator.v2+json || application/json]}" onto public java.lang.Object org.springframework.boot.actuate.endpoint.web.servlet.AbstractWebMvcEndpointHandlerMapping$OperationHandler.handle(javax.servlet.http.HttpServletRequest,java.util.Map<java.lang.String, java.lang.String>)
2018-12-02 12:40:34.931 [main] INFO  o.s.b.a.e.web.servlet.WebMvcEndpointHandlerMapping - Mapped "{[/actuator/conditions],methods=[GET],produces=[application/vnd.spring-boot.actuator.v2+json || application/json]}" onto public java.lang.Object org.springframework.boot.actuate.endpoint.web.servlet.AbstractWebMvcEndpointHandlerMapping$OperationHandler.handle(javax.servlet.http.HttpServletRequest,java.util.Map<java.lang.String, java.lang.String>)
2018-12-02 12:40:34.931 [main] INFO  o.s.b.a.e.web.servlet.WebMvcEndpointHandlerMapping - Mapped "{[/actuator/configprops],methods=[GET],produces=[application/vnd.spring-boot.actuator.v2+json || application/json]}" onto public java.lang.Object org.springframework.boot.actuate.endpoint.web.servlet.AbstractWebMvcEndpointHandlerMapping$OperationHandler.handle(javax.servlet.http.HttpServletRequest,java.util.Map<java.lang.String, java.lang.String>)
2018-12-02 12:40:34.931 [main] INFO  o.s.b.a.e.web.servlet.WebMvcEndpointHandlerMapping - Mapped "{[/actuator/env],methods=[GET],produces=[application/vnd.spring-boot.actuator.v2+json || application/json]}" onto public java.lang.Object org.springframework.boot.actuate.endpoint.web.servlet.AbstractWebMvcEndpointHandlerMapping$OperationHandler.handle(javax.servlet.http.HttpServletRequest,java.util.Map<java.lang.String, java.lang.String>)
2018-12-02 12:40:34.932 [main] INFO  o.s.b.a.e.web.servlet.WebMvcEndpointHandlerMapping - Mapped "{[/actuator/env/{toMatch}],methods=[GET],produces=[application/vnd.spring-boot.actuator.v2+json || application/json]}" onto public java.lang.Object org.springframework.boot.actuate.endpoint.web.servlet.AbstractWebMvcEndpointHandlerMapping$OperationHandler.handle(javax.servlet.http.HttpServletRequest,java.util.Map<java.lang.String, java.lang.String>)
2018-12-02 12:40:34.934 [main] INFO  o.s.b.a.e.web.servlet.WebMvcEndpointHandlerMapping - Mapped "{[/actuator/env],methods=[POST],consumes=[application/vnd.spring-boot.actuator.v2+json || application/json],produces=[application/vnd.spring-boot.actuator.v2+json || application/json]}" onto public java.lang.Object org.springframework.boot.actuate.endpoint.web.servlet.AbstractWebMvcEndpointHandlerMapping$OperationHandler.handle(javax.servlet.http.HttpServletRequest,java.util.Map<java.lang.String, java.lang.String>)
2018-12-02 12:40:34.935 [main] INFO  o.s.b.a.e.web.servlet.WebMvcEndpointHandlerMapping - Mapped "{[/actuator/env],methods=[DELETE],produces=[application/vnd.spring-boot.actuator.v2+json || application/json]}" onto public java.lang.Object org.springframework.boot.actuate.endpoint.web.servlet.AbstractWebMvcEndpointHandlerMapping$OperationHandler.handle(javax.servlet.http.HttpServletRequest,java.util.Map<java.lang.String, java.lang.String>)
2018-12-02 12:40:34.935 [main] INFO  o.s.b.a.e.web.servlet.WebMvcEndpointHandlerMapping - Mapped "{[/actuator/info],methods=[GET],produces=[application/vnd.spring-boot.actuator.v2+json || application/json]}" onto public java.lang.Object org.springframework.boot.actuate.endpoint.web.servlet.AbstractWebMvcEndpointHandlerMapping$OperationHandler.handle(javax.servlet.http.HttpServletRequest,java.util.Map<java.lang.String, java.lang.String>)
2018-12-02 12:40:34.936 [main] INFO  o.s.b.a.e.web.servlet.WebMvcEndpointHandlerMapping - Mapped "{[/actuator/loggers],methods=[GET],produces=[application/vnd.spring-boot.actuator.v2+json || application/json]}" onto public java.lang.Object org.springframework.boot.actuate.endpoint.web.servlet.AbstractWebMvcEndpointHandlerMapping$OperationHandler.handle(javax.servlet.http.HttpServletRequest,java.util.Map<java.lang.String, java.lang.String>)
2018-12-02 12:40:34.936 [main] INFO  o.s.b.a.e.web.servlet.WebMvcEndpointHandlerMapping - Mapped "{[/actuator/loggers/{name}],methods=[POST],consumes=[application/vnd.spring-boot.actuator.v2+json || application/json]}" onto public java.lang.Object org.springframework.boot.actuate.endpoint.web.servlet.AbstractWebMvcEndpointHandlerMapping$OperationHandler.handle(javax.servlet.http.HttpServletRequest,java.util.Map<java.lang.String, java.lang.String>)
2018-12-02 12:40:34.936 [main] INFO  o.s.b.a.e.web.servlet.WebMvcEndpointHandlerMapping - Mapped "{[/actuator/loggers/{name}],methods=[GET],produces=[application/vnd.spring-boot.actuator.v2+json || application/json]}" onto public java.lang.Object org.springframework.boot.actuate.endpoint.web.servlet.AbstractWebMvcEndpointHandlerMapping$OperationHandler.handle(javax.servlet.http.HttpServletRequest,java.util.Map<java.lang.String, java.lang.String>)
2018-12-02 12:40:34.936 [main] INFO  o.s.b.a.e.web.servlet.WebMvcEndpointHandlerMapping - Mapped "{[/actuator/heapdump],methods=[GET],produces=[application/octet-stream]}" onto public java.lang.Object org.springframework.boot.actuate.endpoint.web.servlet.AbstractWebMvcEndpointHandlerMapping$OperationHandler.handle(javax.servlet.http.HttpServletRequest,java.util.Map<java.lang.String, java.lang.String>)
2018-12-02 12:40:34.937 [main] INFO  o.s.b.a.e.web.servlet.WebMvcEndpointHandlerMapping - Mapped "{[/actuator/threaddump],methods=[GET],produces=[application/vnd.spring-boot.actuator.v2+json || application/json]}" onto public java.lang.Object org.springframework.boot.actuate.endpoint.web.servlet.AbstractWebMvcEndpointHandlerMapping$OperationHandler.handle(javax.servlet.http.HttpServletRequest,java.util.Map<java.lang.String, java.lang.String>)
2018-12-02 12:40:34.938 [main] INFO  o.s.b.a.e.web.servlet.WebMvcEndpointHandlerMapping - Mapped "{[/actuator/metrics/{requiredMetricName}],methods=[GET],produces=[application/vnd.spring-boot.actuator.v2+json || application/json]}" onto public java.lang.Object org.springframework.boot.actuate.endpoint.web.servlet.AbstractWebMvcEndpointHandlerMapping$OperationHandler.handle(javax.servlet.http.HttpServletRequest,java.util.Map<java.lang.String, java.lang.String>)
2018-12-02 12:40:34.938 [main] INFO  o.s.b.a.e.web.servlet.WebMvcEndpointHandlerMapping - Mapped "{[/actuator/metrics],methods=[GET],produces=[application/vnd.spring-boot.actuator.v2+json || application/json]}" onto public java.lang.Object org.springframework.boot.actuate.endpoint.web.servlet.AbstractWebMvcEndpointHandlerMapping$OperationHandler.handle(javax.servlet.http.HttpServletRequest,java.util.Map<java.lang.String, java.lang.String>)
2018-12-02 12:40:34.939 [main] INFO  o.s.b.a.e.web.servlet.WebMvcEndpointHandlerMapping - Mapped "{[/actuator/scheduledtasks],methods=[GET],produces=[application/vnd.spring-boot.actuator.v2+json || application/json]}" onto public java.lang.Object org.springframework.boot.actuate.endpoint.web.servlet.AbstractWebMvcEndpointHandlerMapping$OperationHandler.handle(javax.servlet.http.HttpServletRequest,java.util.Map<java.lang.String, java.lang.String>)
2018-12-02 12:40:34.939 [main] INFO  o.s.b.a.e.web.servlet.WebMvcEndpointHandlerMapping - Mapped "{[/actuator/httptrace],methods=[GET],produces=[application/vnd.spring-boot.actuator.v2+json || application/json]}" onto public java.lang.Object org.springframework.boot.actuate.endpoint.web.servlet.AbstractWebMvcEndpointHandlerMapping$OperationHandler.handle(javax.servlet.http.HttpServletRequest,java.util.Map<java.lang.String, java.lang.String>)
2018-12-02 12:40:34.939 [main] INFO  o.s.b.a.e.web.servlet.WebMvcEndpointHandlerMapping - Mapped "{[/actuator/mappings],methods=[GET],produces=[application/vnd.spring-boot.actuator.v2+json || application/json]}" onto public java.lang.Object org.springframework.boot.actuate.endpoint.web.servlet.AbstractWebMvcEndpointHandlerMapping$OperationHandler.handle(javax.servlet.http.HttpServletRequest,java.util.Map<java.lang.String, java.lang.String>)
2018-12-02 12:40:34.940 [main] INFO  o.s.b.a.e.web.servlet.WebMvcEndpointHandlerMapping - Mapped "{[/actuator/refresh],methods=[POST],produces=[application/vnd.spring-boot.actuator.v2+json || application/json]}" onto public java.lang.Object org.springframework.boot.actuate.endpoint.web.servlet.AbstractWebMvcEndpointHandlerMapping$OperationHandler.handle(javax.servlet.http.HttpServletRequest,java.util.Map<java.lang.String, java.lang.String>)
2018-12-02 12:40:34.940 [main] INFO  o.s.b.a.e.web.servlet.WebMvcEndpointHandlerMapping - Mapped "{[/actuator/features],methods=[GET],produces=[application/vnd.spring-boot.actuator.v2+json || application/json]}" onto public java.lang.Object org.springframework.boot.actuate.endpoint.web.servlet.AbstractWebMvcEndpointHandlerMapping$OperationHandler.handle(javax.servlet.http.HttpServletRequest,java.util.Map<java.lang.String, java.lang.String>)
2018-12-02 12:40:34.940 [main] INFO  o.s.b.a.e.web.servlet.WebMvcEndpointHandlerMapping - Mapped "{[/actuator/service-registry],methods=[GET],produces=[application/vnd.spring-boot.actuator.v2+json || application/json]}" onto public java.lang.Object org.springframework.boot.actuate.endpoint.web.servlet.AbstractWebMvcEndpointHandlerMapping$OperationHandler.handle(javax.servlet.http.HttpServletRequest,java.util.Map<java.lang.String, java.lang.String>)
2018-12-02 12:40:34.941 [main] INFO  o.s.b.a.e.web.servlet.WebMvcEndpointHandlerMapping - Mapped "{[/actuator/service-registry],methods=[POST],consumes=[application/vnd.spring-boot.actuator.v2+json || application/json],produces=[application/vnd.spring-boot.actuator.v2+json || application/json]}" onto public java.lang.Object org.springframework.boot.actuate.endpoint.web.servlet.AbstractWebMvcEndpointHandlerMapping$OperationHandler.handle(javax.servlet.http.HttpServletRequest,java.util.Map<java.lang.String, java.lang.String>)
2018-12-02 12:40:34.942 [main] INFO  o.s.b.a.e.web.servlet.WebMvcEndpointHandlerMapping - Mapped "{[/actuator],methods=[GET],produces=[application/vnd.spring-boot.actuator.v2+json || application/json]}" onto protected java.util.Map<java.lang.String, java.util.Map<java.lang.String, org.springframework.boot.actuate.endpoint.web.Link>> org.springframework.boot.actuate.endpoint.web.servlet.WebMvcEndpointHandlerMapping.links(javax.servlet.http.HttpServletRequest,javax.servlet.http.HttpServletResponse)
2018-12-02 12:40:35.312 [main] WARN  org.thymeleaf.templatemode.TemplateMode - [THYMELEAF][main] Template Mode 'HTML5' is deprecated. Using Template Mode 'HTML' instead.
2018-12-02 12:40:35.731 [main] WARN  com.netflix.config.sources.URLConfigurationSource - No URLs will be polled as dynamic configuration sources.
2018-12-02 12:40:35.731 [main] INFO  com.netflix.config.sources.URLConfigurationSource - To enable URLs as dynamic configuration sources, define System property archaius.configurationSource.additionalUrls or make config.properties available on classpath.
2018-12-02 12:40:35.908 [main] INFO  o.s.web.servlet.handler.SimpleUrlHandlerMapping - Mapped URL path [/**/favicon.ico] onto handler of type [class org.springframework.web.servlet.resource.ResourceHttpRequestHandler]
2018-12-02 12:40:36.245 [main] INFO  o.s.w.s.m.m.a.RequestMappingHandlerAdapter - Looking for @ControllerAdvice: org.springframework.web.context.support.GenericWebApplicationContext@2a551a63: startup date [Sun Dec 02 12:40:24 CST 2018]; parent: org.springframework.context.annotation.AnnotationConfigApplicationContext@71529963
2018-12-02 12:40:36.356 [main] INFO  o.s.web.servlet.handler.SimpleUrlHandlerMapping - Mapped URL path [/webjars/**] onto handler of type [class org.springframework.web.servlet.resource.ResourceHttpRequestHandler]
2018-12-02 12:40:36.357 [main] INFO  o.s.web.servlet.handler.SimpleUrlHandlerMapping - Mapped URL path [/**] onto handler of type [class org.springframework.web.servlet.resource.ResourceHttpRequestHandler]
2018-12-02 12:40:36.357 [main] INFO  o.s.web.servlet.handler.SimpleUrlHandlerMapping - Mapped URL path [/error/] onto handler of type [class org.springframework.web.servlet.resource.ResourceHttpRequestHandler]
2018-12-02 12:40:36.358 [main] INFO  o.s.web.servlet.handler.SimpleUrlHandlerMapping - Mapped URL path [/swagger-ui.html] onto handler of type [class org.springframework.web.servlet.resource.ResourceHttpRequestHandler]
2018-12-02 12:40:36.361 [main] INFO  o.s.web.servlet.handler.SimpleUrlHandlerMapping - Mapped URL path [/**] onto handler of type [class org.springframework.web.servlet.resource.DefaultServletHttpRequestHandler]
2018-12-02 12:40:36.422 [main] INFO  o.s.b.a.web.servlet.WelcomePageHandlerMapping - Adding welcome page template: index
2018-12-02 12:40:37.823 [main] INFO  o.s.context.support.DefaultLifecycleProcessor - Starting beans in phase 0
2018-12-02 12:40:37.849 [main] INFO  o.s.cloud.netflix.eureka.InstanceInfoFactory - Setting initial instance status as: STARTING
2018-12-02 12:40:37.935 [main] INFO  com.netflix.discovery.DiscoveryClient - Initializing Eureka in region us-east-1
2018-12-02 12:40:38.560 [main] INFO  c.n.discovery.provider.DiscoveryJerseyProvider - Using JSON encoding codec LegacyJacksonJson
2018-12-02 12:40:38.560 [main] INFO  c.n.discovery.provider.DiscoveryJerseyProvider - Using JSON decoding codec LegacyJacksonJson
2018-12-02 12:40:38.819 [main] INFO  c.n.discovery.provider.DiscoveryJerseyProvider - Using XML encoding codec XStreamXml
2018-12-02 12:40:38.819 [main] INFO  c.n.discovery.provider.DiscoveryJerseyProvider - Using XML decoding codec XStreamXml
2018-12-02 12:40:39.210 [main] INFO  c.n.d.shared.resolver.aws.ConfigClusterResolver - Resolving eureka endpoints via configuration
2018-12-02 12:40:39.551 [main] INFO  com.netflix.discovery.DiscoveryClient - Disable delta property : false
2018-12-02 12:40:39.552 [main] INFO  com.netflix.discovery.DiscoveryClient - Single vip registry refresh property : null
2018-12-02 12:40:39.552 [main] INFO  com.netflix.discovery.DiscoveryClient - Force full registry fetch : false
2018-12-02 12:40:39.553 [main] INFO  com.netflix.discovery.DiscoveryClient - Application is null : false
2018-12-02 12:40:39.553 [main] INFO  com.netflix.discovery.DiscoveryClient - Registered Applications size is zero : true
2018-12-02 12:40:39.553 [main] INFO  com.netflix.discovery.DiscoveryClient - Application version is -1: true
2018-12-02 12:40:39.553 [main] INFO  com.netflix.discovery.DiscoveryClient - Getting all instance registry info from the eureka server
2018-12-02 12:40:39.836 [main] INFO  com.netflix.discovery.DiscoveryClient - The response status is 200
2018-12-02 12:40:39.840 [main] INFO  com.netflix.discovery.DiscoveryClient - Starting heartbeat executor: renew interval is: 10
2018-12-02 12:40:39.844 [main] INFO  com.netflix.discovery.InstanceInfoReplicator - InstanceInfoReplicator onDemand update allowed rate per min is 4
2018-12-02 12:40:39.849 [main] INFO  com.netflix.discovery.DiscoveryClient - Discovery Client initialized at timestamp 1543725639848 with initial instances count: 4
2018-12-02 12:40:39.861 [main] INFO  o.s.c.n.e.serviceregistry.EurekaServiceRegistry - Registering application USER with eureka with status UP
2018-12-02 12:40:39.863 [main] INFO  com.netflix.discovery.DiscoveryClient - Saw local status change event StatusChangeEvent [timestamp=1543725639863, current=UP, previous=STARTING]
2018-12-02 12:40:39.865 [DiscoveryClient-InstanceInfoReplicator-0] INFO  com.netflix.discovery.DiscoveryClient - DiscoveryClient_USER/localhost:user:8081: registering service...
2018-12-02 12:40:39.871 [main] INFO  o.s.context.support.DefaultLifecycleProcessor - Starting beans in phase 2147483647
2018-12-02 12:40:39.873 [main] INFO  s.d.s.web.plugins.DocumentationPluginsBootstrapper - Context refreshed
2018-12-02 12:40:39.909 [main] INFO  s.d.s.web.plugins.DocumentationPluginsBootstrapper - Found 1 custom documentation plugin(s)
2018-12-02 12:40:39.915 [DiscoveryClient-InstanceInfoReplicator-0] INFO  com.netflix.discovery.DiscoveryClient - DiscoveryClient_USER/localhost:user:8081 - registration status: 204
2018-12-02 12:40:39.942 [main] INFO  s.d.spring.web.scanners.ApiListingReferenceScanner - Scanning for api listing references
2018-12-02 12:40:40.206 [main] INFO  s.d.s.w.r.operation.CachingOperationNameGenerator - Generating unique operation named: getAllUsingGET_1
2018-12-02 12:40:40.213 [main] INFO  s.d.s.w.r.operation.CachingOperationNameGenerator - Generating unique operation named: getByIdUsingGET_1
2018-12-02 12:40:40.235 [main] INFO  s.d.s.w.r.operation.CachingOperationNameGenerator - Generating unique operation named: getListUsingGET_1
2018-12-02 12:40:40.245 [main] INFO  s.d.s.w.r.operation.CachingOperationNameGenerator - Generating unique operation named: insertUsingPOST_1
2018-12-02 12:40:40.253 [main] INFO  s.d.s.w.r.operation.CachingOperationNameGenerator - Generating unique operation named: searchByNameUsingGET_1
2018-12-02 12:40:40.270 [main] INFO  s.d.s.w.r.operation.CachingOperationNameGenerator - Generating unique operation named: updateByIdUsingPUT_1
2018-12-02 12:40:40.277 [main] INFO  s.d.s.w.r.operation.CachingOperationNameGenerator - Generating unique operation named: deleteByIdUsingDELETE_1
2018-12-02 12:40:40.284 [main] INFO  s.d.s.w.r.operation.CachingOperationNameGenerator - Generating unique operation named: getAllUsingGET_2
2018-12-02 12:40:40.291 [main] INFO  s.d.s.w.r.operation.CachingOperationNameGenerator - Generating unique operation named: getByIdUsingGET_2
2018-12-02 12:40:40.300 [main] INFO  s.d.s.w.r.operation.CachingOperationNameGenerator - Generating unique operation named: insertUsingPOST_2
2018-12-02 12:40:40.307 [main] INFO  s.d.s.w.r.operation.CachingOperationNameGenerator - Generating unique operation named: searchByNameUsingGET_2
2018-12-02 12:40:40.314 [main] INFO  s.d.s.w.r.operation.CachingOperationNameGenerator - Generating unique operation named: updateByIdUsingPUT_2
2018-12-02 12:40:40.322 [main] INFO  s.d.s.w.r.operation.CachingOperationNameGenerator - Generating unique operation named: insertUsingPOST_3
2018-12-02 12:40:40.335 [main] INFO  s.d.s.w.r.operation.CachingOperationNameGenerator - Generating unique operation named: deleteByIdUsingDELETE_2
2018-12-02 12:40:40.342 [main] INFO  s.d.s.w.r.operation.CachingOperationNameGenerator - Generating unique operation named: getByIdUsingGET_3
2018-12-02 12:40:40.350 [main] INFO  s.d.s.w.r.operation.CachingOperationNameGenerator - Generating unique operation named: getListUsingGET_2
2018-12-02 12:40:40.365 [main] INFO  s.d.s.w.r.operation.CachingOperationNameGenerator - Generating unique operation named: insertUsingPOST_4
2018-12-02 12:40:40.372 [main] INFO  s.d.s.w.r.operation.CachingOperationNameGenerator - Generating unique operation named: searchByNameUsingGET_3
2018-12-02 12:40:40.379 [main] INFO  s.d.s.w.r.operation.CachingOperationNameGenerator - Generating unique operation named: updateByIdUsingPUT_3
2018-12-02 12:40:40.387 [main] INFO  s.d.s.w.r.operation.CachingOperationNameGenerator - Generating unique operation named: deleteByIdUsingDELETE_3
2018-12-02 12:40:40.393 [main] INFO  s.d.s.w.r.operation.CachingOperationNameGenerator - Generating unique operation named: getByIdUsingGET_4
2018-12-02 12:40:40.407 [main] INFO  s.d.s.w.r.operation.CachingOperationNameGenerator - Generating unique operation named: getListUsingGET_3
2018-12-02 12:40:40.420 [main] INFO  s.d.s.w.r.operation.CachingOperationNameGenerator - Generating unique operation named: insertUsingPOST_5
2018-12-02 12:40:40.465 [main] INFO  s.d.s.w.r.operation.CachingOperationNameGenerator - Generating unique operation named: updateByIdUsingPUT_4
2018-12-02 12:40:40.476 [main] INFO  s.d.s.w.r.operation.CachingOperationNameGenerator - Generating unique operation named: insertUsingPOST_6
2018-12-02 12:40:40.528 [main] INFO  com.beidou.user.DemoApplicationTests - Started DemoApplicationTests in 22.329 seconds (JVM running for 23.89)
2018-12-02 12:40:40.777 [Thread-8] INFO  o.s.w.context.support.GenericWebApplicationContext - Closing org.springframework.web.context.support.GenericWebApplicationContext@2a551a63: startup date [Sun Dec 02 12:40:24 CST 2018]; parent: org.springframework.context.annotation.AnnotationConfigApplicationContext@71529963
2018-12-02 12:40:40.781 [Thread-8] INFO  o.s.c.n.e.serviceregistry.EurekaServiceRegistry - Unregistering application USER with eureka with status DOWN
2018-12-02 12:40:40.782 [Thread-8] WARN  com.netflix.discovery.DiscoveryClient - Saw local status change event StatusChangeEvent [timestamp=1543725640782, current=DOWN, previous=UP]
2018-12-02 12:40:40.782 [DiscoveryClient-InstanceInfoReplicator-0] INFO  com.netflix.discovery.DiscoveryClient - DiscoveryClient_USER/localhost:user:8081: registering service...
2018-12-02 12:40:40.784 [Thread-8] INFO  o.s.context.support.DefaultLifecycleProcessor - Stopping beans in phase 2147483647
2018-12-02 12:40:40.789 [DiscoveryClient-InstanceInfoReplicator-0] INFO  com.netflix.discovery.DiscoveryClient - DiscoveryClient_USER/localhost:user:8081 - registration status: 204
2018-12-02 12:40:40.785 [Thread-8] INFO  o.s.context.support.DefaultLifecycleProcessor - Stopping beans in phase 0
2018-12-02 12:40:40.827 [Thread-8] INFO  com.alibaba.druid.pool.DruidDataSource - {dataSource-1} closed
2018-12-02 12:40:40.830 [Thread-8] INFO  com.netflix.discovery.DiscoveryClient - Shutting down DiscoveryClient ...
2018-12-02 12:40:40.836 [Thread-8] WARN  o.s.c.annotation.CommonAnnotationBeanPostProcessor - Invocation of destroy method failed on bean with name 'scopedTarget.eurekaClient': org.springframework.beans.factory.BeanCreationNotAllowedException: Error creating bean with name 'eurekaInstanceConfigBean': Singleton bean creation not allowed while singletons of this factory are in destruction (Do not request a bean from a BeanFactory in a destroy method implementation!)
2018-12-02 13:04:57.081 [main] INFO  o.s.c.a.AnnotationConfigApplicationContext - Refreshing org.springframework.context.annotation.AnnotationConfigApplicationContext@71529963: startup date [Sun Dec 02 13:04:57 CST 2018]; root of context hierarchy
2018-12-02 13:04:57.449 [main] INFO  o.s.b.f.a.AutowiredAnnotationBeanPostProcessor - JSR-330 'javax.inject.Inject' annotation found and supported for autowiring
2018-12-02 13:04:57.582 [main] INFO  o.s.c.s.PostProcessorRegistrationDelegate$BeanPostProcessorChecker - Bean 'org.springframework.retry.annotation.RetryConfiguration' of type [org.springframework.retry.annotation.RetryConfiguration$$EnhancerBySpringCGLIB$$d08c3183] is not eligible for getting processed by all BeanPostProcessors (for example: not eligible for auto-proxying)
2018-12-02 13:04:57.593 [main] INFO  o.s.c.s.PostProcessorRegistrationDelegate$BeanPostProcessorChecker - Bean 'configurationPropertiesRebinderAutoConfiguration' of type [org.springframework.cloud.autoconfigure.ConfigurationPropertiesRebinderAutoConfiguration$$EnhancerBySpringCGLIB$$f6e29c5b] is not eligible for getting processed by all BeanPostProcessors (for example: not eligible for auto-proxying)
2018-12-02 13:04:59.431 [main] INFO  o.s.c.c.client.ConfigServicePropertySourceLocator - Fetching config from server at : http://localhost:5000
2018-12-02 13:05:01.124 [main] INFO  o.s.c.c.client.ConfigServicePropertySourceLocator - Located environment: name=user, profiles=[default], label=null, version=null, state=null
2018-12-02 13:05:01.126 [main] INFO  o.s.c.b.c.PropertySourceBootstrapConfiguration - Located property source: CompositePropertySource {name='configService', propertySources=[MapPropertySource {name='classpath:/config/user.yml'}]}
2018-12-02 13:05:01.203 [main] INFO  com.beidou.user.DemoApplicationTests - No active profile set, falling back to default profiles: default
2018-12-02 13:05:01.209 [main] INFO  o.s.w.context.support.GenericWebApplicationContext - Refreshing org.springframework.web.context.support.GenericWebApplicationContext@2a551a63: startup date [Sun Dec 02 13:05:01 CST 2018]; parent: org.springframework.context.annotation.AnnotationConfigApplicationContext@71529963
2018-12-02 13:05:03.832 [main] INFO  o.springframework.cloud.context.scope.GenericScope - BeanFactory id=fe9a7ebd-a4ca-3d5f-99c4-88c12564b725
2018-12-02 13:05:03.944 [main] INFO  o.s.b.f.a.AutowiredAnnotationBeanPostProcessor - JSR-330 'javax.inject.Inject' annotation found and supported for autowiring
2018-12-02 13:05:04.025 [main] INFO  o.s.c.s.PostProcessorRegistrationDelegate$BeanPostProcessorChecker - Bean 'org.springframework.amqp.rabbit.annotation.RabbitBootstrapConfiguration' of type [org.springframework.amqp.rabbit.annotation.RabbitBootstrapConfiguration$$EnhancerBySpringCGLIB$$a134578c] is not eligible for getting processed by all BeanPostProcessors (for example: not eligible for auto-proxying)
2018-12-02 13:05:04.206 [main] INFO  o.s.c.s.PostProcessorRegistrationDelegate$BeanPostProcessorChecker - Bean 'org.springframework.transaction.annotation.ProxyTransactionManagementConfiguration' of type [org.springframework.transaction.annotation.ProxyTransactionManagementConfiguration$$EnhancerBySpringCGLIB$$dac8995e] is not eligible for getting processed by all BeanPostProcessors (for example: not eligible for auto-proxying)
2018-12-02 13:05:04.555 [main] INFO  o.s.c.s.PostProcessorRegistrationDelegate$BeanPostProcessorChecker - Bean 'org.springframework.cloud.autoconfigure.ConfigurationPropertiesRebinderAutoConfiguration' of type [org.springframework.cloud.autoconfigure.ConfigurationPropertiesRebinderAutoConfiguration$$EnhancerBySpringCGLIB$$f6e29c5b] is not eligible for getting processed by all BeanPostProcessors (for example: not eligible for auto-proxying)
2018-12-02 13:05:05.151 [main] INFO  com.alibaba.druid.pool.DruidDataSource - {dataSource-1} inited
2018-12-02 13:05:06.257 [main] WARN  com.netflix.config.sources.URLConfigurationSource - No URLs will be polled as dynamic configuration sources.
2018-12-02 13:05:06.258 [main] INFO  com.netflix.config.sources.URLConfigurationSource - To enable URLs as dynamic configuration sources, define System property archaius.configurationSource.additionalUrls or make config.properties available on classpath.
2018-12-02 13:05:06.292 [main] INFO  com.netflix.config.DynamicPropertyFactory - DynamicPropertyFactory is initialized with configuration sources: com.netflix.config.ConcurrentCompositeConfiguration@7d8b66d9
2018-12-02 13:05:07.449 [main] INFO  o.s.w.s.m.m.a.RequestMappingHandlerMapping - Mapped "{[/company],methods=[POST]}" onto public com.beidou.user.utils.ResponseMsg com.beidou.user.controller.CompanyController.insert(com.beidou.gateway.entity.Company)
2018-12-02 13:05:07.452 [main] INFO  o.s.w.s.m.m.a.RequestMappingHandlerMapping - Mapped "{[/company],methods=[GET]}" onto public com.beidou.user.utils.ResponseMsg com.beidou.user.controller.CompanyController.getAll()
2018-12-02 13:05:07.453 [main] INFO  o.s.w.s.m.m.a.RequestMappingHandlerMapping - Mapped "{[/company/{id}],methods=[GET]}" onto public com.beidou.user.utils.ResponseMsg com.beidou.user.controller.CompanyController.getById(java.lang.Integer)
2018-12-02 13:05:07.454 [main] INFO  o.s.w.s.m.m.a.RequestMappingHandlerMapping - Mapped "{[/companys],methods=[GET]}" onto public com.beidou.user.utils.ResponseMsg com.beidou.user.controller.CompanyController.getList(java.lang.Integer)
2018-12-02 13:05:07.454 [main] INFO  o.s.w.s.m.m.a.RequestMappingHandlerMapping - Mapped "{[/company/searchByName],methods=[GET]}" onto public com.beidou.user.utils.ResponseMsg com.beidou.user.controller.CompanyController.searchByName(java.lang.Integer,java.lang.String)
2018-12-02 13:05:07.455 [main] INFO  o.s.w.s.m.m.a.RequestMappingHandlerMapping - Mapped "{[/company/{id}],methods=[PUT]}" onto public com.beidou.user.utils.ResponseMsg com.beidou.user.controller.CompanyController.updateById(com.beidou.gateway.entity.Company)
2018-12-02 13:05:07.455 [main] INFO  o.s.w.s.m.m.a.RequestMappingHandlerMapping - Mapped "{[/company/{ids}],methods=[DELETE]}" onto public com.beidou.user.utils.ResponseMsg com.beidou.user.controller.CompanyController.deleteByIds(java.lang.String)
2018-12-02 13:05:07.458 [main] INFO  o.s.w.s.m.m.a.RequestMappingHandlerMapping - Mapped "{[/dept],methods=[POST]}" onto public com.beidou.user.utils.ResponseMsg com.beidou.user.controller.DeptController.insert(com.beidou.gateway.entity.Dept)
2018-12-02 13:05:07.458 [main] INFO  o.s.w.s.m.m.a.RequestMappingHandlerMapping - Mapped "{[/dept],methods=[GET]}" onto public com.beidou.user.utils.ResponseMsg com.beidou.user.controller.DeptController.getAll()
2018-12-02 13:05:07.459 [main] INFO  o.s.w.s.m.m.a.RequestMappingHandlerMapping - Mapped "{[/dept/{id}],methods=[GET]}" onto public com.beidou.user.utils.ResponseMsg com.beidou.user.controller.DeptController.getById(java.lang.Integer)
2018-12-02 13:05:07.459 [main] INFO  o.s.w.s.m.m.a.RequestMappingHandlerMapping - Mapped "{[/comDepts],methods=[GET]}" onto public com.beidou.user.utils.ResponseMsg com.beidou.user.controller.DeptController.getComDeptList(java.lang.Integer,java.lang.Integer)
2018-12-02 13:05:07.459 [main] INFO  o.s.w.s.m.m.a.RequestMappingHandlerMapping - Mapped "{[/depts],methods=[GET]}" onto public com.beidou.user.utils.ResponseMsg com.beidou.user.controller.DeptController.getList(java.lang.Integer)
2018-12-02 13:05:07.460 [main] INFO  o.s.w.s.m.m.a.RequestMappingHandlerMapping - Mapped "{[/dept/searchByName],methods=[GET]}" onto public com.beidou.user.utils.ResponseMsg com.beidou.user.controller.DeptController.searchByName(java.lang.Integer,java.lang.String)
2018-12-02 13:05:07.461 [main] INFO  o.s.w.s.m.m.a.RequestMappingHandlerMapping - Mapped "{[/comDept],methods=[GET]}" onto public com.beidou.user.utils.ResponseMsg com.beidou.user.controller.DeptController.getComDept(java.lang.Integer)
2018-12-02 13:05:07.461 [main] INFO  o.s.w.s.m.m.a.RequestMappingHandlerMapping - Mapped "{[/dept/{id}],methods=[PUT]}" onto public com.beidou.user.utils.ResponseMsg com.beidou.user.controller.DeptController.updateById(com.beidou.gateway.entity.Dept)
2018-12-02 13:05:07.462 [main] INFO  o.s.w.s.m.m.a.RequestMappingHandlerMapping - Mapped "{[/dept/{ids}],methods=[DELETE]}" onto public com.beidou.user.utils.ResponseMsg com.beidou.user.controller.DeptController.deleteById(java.lang.String)
2018-12-02 13:05:07.462 [main] INFO  o.s.w.s.m.m.a.RequestMappingHandlerMapping - Mapped "{[/dept/searchByNameAndComId],methods=[GET]}" onto public com.beidou.user.utils.ResponseMsg com.beidou.user.controller.DeptController.searchByNameAndComId(java.lang.Integer,java.lang.String,java.lang.Integer)
2018-12-02 13:05:07.463 [main] INFO  o.s.w.s.m.m.a.RequestMappingHandlerMapping - Mapped "{[/role],methods=[POST]}" onto public com.beidou.user.utils.ResponseMsg com.beidou.user.controller.RoleController.insert(com.beidou.gateway.entity.Role)
2018-12-02 13:05:07.463 [main] INFO  o.s.w.s.m.m.a.RequestMappingHandlerMapping - Mapped "{[/roles],methods=[GET]}" onto public com.beidou.user.utils.ResponseMsg com.beidou.user.controller.RoleController.getAll(java.lang.Integer)
2018-12-02 13:05:07.464 [main] INFO  o.s.w.s.m.m.a.RequestMappingHandlerMapping - Mapped "{[/role/{id}],methods=[GET]}" onto public com.beidou.user.utils.ResponseMsg com.beidou.user.controller.RoleController.getById(java.lang.Integer)
2018-12-02 13:05:07.464 [main] INFO  o.s.w.s.m.m.a.RequestMappingHandlerMapping - Mapped "{[/role/searchByName],methods=[GET]}" onto public com.beidou.user.utils.ResponseMsg com.beidou.user.controller.RoleController.searchByName(java.lang.Integer,java.lang.String)
2018-12-02 13:05:07.466 [main] INFO  o.s.w.s.m.m.a.RequestMappingHandlerMapping - Mapped "{[/role/{id}],methods=[PUT]}" onto public com.beidou.user.utils.ResponseMsg com.beidou.user.controller.RoleController.updateById(com.beidou.gateway.entity.Role)
2018-12-02 13:05:07.466 [main] INFO  o.s.w.s.m.m.a.RequestMappingHandlerMapping - Mapped "{[/role/{ids}],methods=[DELETE]}" onto public com.beidou.user.utils.ResponseMsg com.beidou.user.controller.RoleController.deleteById(java.lang.String)
2018-12-02 13:05:07.467 [main] INFO  o.s.w.s.m.m.a.RequestMappingHandlerMapping - Mapped "{[/roleRule],methods=[POST]}" onto public com.beidou.user.utils.ResponseMsg com.beidou.user.controller.RoleRuleController.insert(java.lang.Integer,java.lang.String)
2018-12-02 13:05:07.467 [main] INFO  o.s.w.s.m.m.a.RequestMappingHandlerMapping - Mapped "{[/roleRule],methods=[PUT]}" onto public com.beidou.user.utils.ResponseMsg com.beidou.user.controller.RoleRuleController.updateByRoleId(java.lang.Integer,java.lang.String)
2018-12-02 13:05:07.470 [main] INFO  o.s.w.s.m.m.a.RequestMappingHandlerMapping - Mapped "{[/rule],methods=[POST]}" onto public com.beidou.user.utils.ResponseMsg com.beidou.user.controller.RuleController.insert(com.beidou.gateway.entity.Rule)
2018-12-02 13:05:07.471 [main] INFO  o.s.w.s.m.m.a.RequestMappingHandlerMapping - Mapped "{[/rule/{id}],methods=[GET]}" onto public com.beidou.user.utils.ResponseMsg com.beidou.user.controller.RuleController.getById(java.lang.Integer)
2018-12-02 13:05:07.471 [main] INFO  o.s.w.s.m.m.a.RequestMappingHandlerMapping - Mapped "{[/rules],methods=[GET]}" onto public com.beidou.user.utils.ResponseMsg com.beidou.user.controller.RuleController.getList(java.lang.Integer)
2018-12-02 13:05:07.471 [main] INFO  o.s.w.s.m.m.a.RequestMappingHandlerMapping - Mapped "{[/rule/searchByName],methods=[GET]}" onto public com.beidou.user.utils.ResponseMsg com.beidou.user.controller.RuleController.searchByName(java.lang.Integer,java.lang.String)
2018-12-02 13:05:07.471 [main] INFO  o.s.w.s.m.m.a.RequestMappingHandlerMapping - Mapped "{[/rule/{id}],methods=[PUT]}" onto public com.beidou.user.utils.ResponseMsg com.beidou.user.controller.RuleController.updateById(com.beidou.gateway.entity.Rule)
2018-12-02 13:05:07.472 [main] INFO  o.s.w.s.m.m.a.RequestMappingHandlerMapping - Mapped "{[/rule/{ids}],methods=[DELETE]}" onto public com.beidou.user.utils.ResponseMsg com.beidou.user.controller.RuleController.deleteById(java.lang.String)
2018-12-02 13:05:07.472 [main] INFO  o.s.w.s.m.m.a.RequestMappingHandlerMapping - Mapped "{[/roleRule],methods=[GET]}" onto public com.beidou.user.utils.ResponseMsg com.beidou.user.controller.RuleController.getRoleRule(java.lang.Integer)
2018-12-02 13:05:07.474 [main] INFO  o.s.w.s.m.m.a.RequestMappingHandlerMapping - Mapped "{[/user],methods=[POST]}" onto public com.beidou.user.utils.ResponseMsg com.beidou.user.controller.UserController.insert(com.beidou.gateway.entity.User)
2018-12-02 13:05:07.474 [main] INFO  o.s.w.s.m.m.a.RequestMappingHandlerMapping - Mapped "{[/user/{id}],methods=[GET]}" onto public com.beidou.user.utils.ResponseMsg com.beidou.user.controller.UserController.getById(java.lang.Integer)
2018-12-02 13:05:07.474 [main] INFO  o.s.w.s.m.m.a.RequestMappingHandlerMapping - Mapped "{[/users],methods=[GET]}" onto public com.beidou.user.utils.ResponseMsg com.beidou.user.controller.UserController.getList(java.lang.Integer)
2018-12-02 13:05:07.474 [main] INFO  o.s.w.s.m.m.a.RequestMappingHandlerMapping - Mapped "{[/user/{id}],methods=[PUT]}" onto public com.beidou.user.utils.ResponseMsg com.beidou.user.controller.UserController.updateById(com.beidou.gateway.entity.User)
2018-12-02 13:05:07.475 [main] INFO  o.s.w.s.m.m.a.RequestMappingHandlerMapping - Mapped "{[/user/{ids}],methods=[DELETE]}" onto public com.beidou.user.utils.ResponseMsg com.beidou.user.controller.UserController.deleteById(java.lang.String)
2018-12-02 13:05:07.475 [main] INFO  o.s.w.s.m.m.a.RequestMappingHandlerMapping - Mapped "{[/user/judgeUserName],methods=[GET]}" onto public com.beidou.user.utils.ResponseMsg com.beidou.user.controller.UserController.judgeUserName(java.lang.String)
2018-12-02 13:05:07.475 [main] INFO  o.s.w.s.m.m.a.RequestMappingHandlerMapping - Mapped "{[/user/searchByUserName],methods=[GET]}" onto public com.beidou.user.utils.ResponseMsg com.beidou.user.controller.UserController.searchByUserName(java.lang.Integer,java.lang.String)
2018-12-02 13:05:07.476 [main] INFO  o.s.w.s.m.m.a.RequestMappingHandlerMapping - Mapped "{[/user/modifyPwd],methods=[GET]}" onto public com.beidou.user.utils.ResponseMsg com.beidou.user.controller.UserController.modifyPwd(java.lang.Integer,java.lang.String,java.lang.String)
2018-12-02 13:05:07.476 [main] INFO  o.s.w.s.m.m.a.RequestMappingHandlerMapping - Mapped "{[/user],methods=[GET]}" onto public com.beidou.user.utils.ResponseMsg com.beidou.user.controller.UserController.getComUserList(java.lang.Integer,java.lang.Integer)
2018-12-02 13:05:07.476 [main] INFO  o.s.w.s.m.m.a.RequestMappingHandlerMapping - Mapped "{[/user/searchByUserNameAndComId],methods=[GET]}" onto public com.beidou.user.utils.ResponseMsg com.beidou.user.controller.UserController.searchByUserNameAndComId(java.lang.Integer,java.lang.String,java.lang.Integer)
2018-12-02 13:05:07.477 [main] INFO  o.s.w.s.m.m.a.RequestMappingHandlerMapping - Mapped "{[/userRole],methods=[POST]}" onto public com.beidou.user.utils.ResponseMsg com.beidou.user.controller.UserRoleController.insert(java.lang.Integer,java.lang.String)
2018-12-02 13:05:07.477 [main] INFO  o.s.w.s.m.m.a.RequestMappingHandlerMapping - Mapped "{[/userRole],methods=[PUT]}" onto public com.beidou.user.utils.ResponseMsg com.beidou.user.controller.UserRoleController.updateByUserId(java.lang.Integer,java.lang.String)
2018-12-02 13:05:07.478 [main] INFO  o.s.w.s.m.m.a.RequestMappingHandlerMapping - Mapped "{[/v2/api-docs],methods=[GET],produces=[application/json || application/hal+json]}" onto public org.springframework.http.ResponseEntity<springfox.documentation.spring.web.json.Json> springfox.documentation.swagger2.web.Swagger2Controller.getDocumentation(java.lang.String,javax.servlet.http.HttpServletRequest)
2018-12-02 13:05:07.480 [main] INFO  o.s.w.s.m.m.a.RequestMappingHandlerMapping - Mapped "{[/swagger-resources/configuration/security]}" onto org.springframework.http.ResponseEntity<springfox.documentation.swagger.web.SecurityConfiguration> springfox.documentation.swagger.web.ApiResourceController.securityConfiguration()
2018-12-02 13:05:07.481 [main] INFO  o.s.w.s.m.m.a.RequestMappingHandlerMapping - Mapped "{[/swagger-resources]}" onto org.springframework.http.ResponseEntity<java.util.List<springfox.documentation.swagger.web.SwaggerResource>> springfox.documentation.swagger.web.ApiResourceController.swaggerResources()
2018-12-02 13:05:07.481 [main] INFO  o.s.w.s.m.m.a.RequestMappingHandlerMapping - Mapped "{[/swagger-resources/configuration/ui]}" onto org.springframework.http.ResponseEntity<springfox.documentation.swagger.web.UiConfiguration> springfox.documentation.swagger.web.ApiResourceController.uiConfiguration()
2018-12-02 13:05:07.483 [main] INFO  o.s.w.s.m.m.a.RequestMappingHandlerMapping - Mapped "{[/error]}" onto public org.springframework.http.ResponseEntity<java.util.Map<java.lang.String, java.lang.Object>> org.springframework.boot.autoconfigure.web.servlet.error.BasicErrorController.error(javax.servlet.http.HttpServletRequest)
2018-12-02 13:05:07.483 [main] INFO  o.s.w.s.m.m.a.RequestMappingHandlerMapping - Mapped "{[/error],produces=[text/html]}" onto public org.springframework.web.servlet.ModelAndView org.springframework.boot.autoconfigure.web.servlet.error.BasicErrorController.errorHtml(javax.servlet.http.HttpServletRequest,javax.servlet.http.HttpServletResponse)
2018-12-02 13:05:09.462 [main] INFO  org.springframework.cloud.commons.util.InetUtils - Cannot determine local hostname
2018-12-02 13:05:11.039 [main] INFO  org.springframework.cloud.commons.util.InetUtils - Cannot determine local hostname
2018-12-02 13:05:11.591 [main] INFO  o.s.b.actuate.endpoint.web.EndpointLinksResolver - Exposing 18 endpoint(s) beneath base path '/actuator'
2018-12-02 13:05:11.620 [main] INFO  o.s.b.a.e.web.servlet.WebMvcEndpointHandlerMapping - Mapped "{[/actuator/archaius],methods=[GET],produces=[application/vnd.spring-boot.actuator.v2+json || application/json]}" onto public java.lang.Object org.springframework.boot.actuate.endpoint.web.servlet.AbstractWebMvcEndpointHandlerMapping$OperationHandler.handle(javax.servlet.http.HttpServletRequest,java.util.Map<java.lang.String, java.lang.String>)
2018-12-02 13:05:11.621 [main] INFO  o.s.b.a.e.web.servlet.WebMvcEndpointHandlerMapping - Mapped "{[/actuator/auditevents],methods=[GET],produces=[application/vnd.spring-boot.actuator.v2+json || application/json]}" onto public java.lang.Object org.springframework.boot.actuate.endpoint.web.servlet.AbstractWebMvcEndpointHandlerMapping$OperationHandler.handle(javax.servlet.http.HttpServletRequest,java.util.Map<java.lang.String, java.lang.String>)
2018-12-02 13:05:11.623 [main] INFO  o.s.b.a.e.web.servlet.WebMvcEndpointHandlerMapping - Mapped "{[/actuator/beans],methods=[GET],produces=[application/vnd.spring-boot.actuator.v2+json || application/json]}" onto public java.lang.Object org.springframework.boot.actuate.endpoint.web.servlet.AbstractWebMvcEndpointHandlerMapping$OperationHandler.handle(javax.servlet.http.HttpServletRequest,java.util.Map<java.lang.String, java.lang.String>)
2018-12-02 13:05:11.623 [main] INFO  o.s.b.a.e.web.servlet.WebMvcEndpointHandlerMapping - Mapped "{[/actuator/health],methods=[GET],produces=[application/vnd.spring-boot.actuator.v2+json || application/json]}" onto public java.lang.Object org.springframework.boot.actuate.endpoint.web.servlet.AbstractWebMvcEndpointHandlerMapping$OperationHandler.handle(javax.servlet.http.HttpServletRequest,java.util.Map<java.lang.String, java.lang.String>)
2018-12-02 13:05:11.625 [main] INFO  o.s.b.a.e.web.servlet.WebMvcEndpointHandlerMapping - Mapped "{[/actuator/conditions],methods=[GET],produces=[application/vnd.spring-boot.actuator.v2+json || application/json]}" onto public java.lang.Object org.springframework.boot.actuate.endpoint.web.servlet.AbstractWebMvcEndpointHandlerMapping$OperationHandler.handle(javax.servlet.http.HttpServletRequest,java.util.Map<java.lang.String, java.lang.String>)
2018-12-02 13:05:11.625 [main] INFO  o.s.b.a.e.web.servlet.WebMvcEndpointHandlerMapping - Mapped "{[/actuator/configprops],methods=[GET],produces=[application/vnd.spring-boot.actuator.v2+json || application/json]}" onto public java.lang.Object org.springframework.boot.actuate.endpoint.web.servlet.AbstractWebMvcEndpointHandlerMapping$OperationHandler.handle(javax.servlet.http.HttpServletRequest,java.util.Map<java.lang.String, java.lang.String>)
2018-12-02 13:05:11.626 [main] INFO  o.s.b.a.e.web.servlet.WebMvcEndpointHandlerMapping - Mapped "{[/actuator/env],methods=[GET],produces=[application/vnd.spring-boot.actuator.v2+json || application/json]}" onto public java.lang.Object org.springframework.boot.actuate.endpoint.web.servlet.AbstractWebMvcEndpointHandlerMapping$OperationHandler.handle(javax.servlet.http.HttpServletRequest,java.util.Map<java.lang.String, java.lang.String>)
2018-12-02 13:05:11.626 [main] INFO  o.s.b.a.e.web.servlet.WebMvcEndpointHandlerMapping - Mapped "{[/actuator/env/{toMatch}],methods=[GET],produces=[application/vnd.spring-boot.actuator.v2+json || application/json]}" onto public java.lang.Object org.springframework.boot.actuate.endpoint.web.servlet.AbstractWebMvcEndpointHandlerMapping$OperationHandler.handle(javax.servlet.http.HttpServletRequest,java.util.Map<java.lang.String, java.lang.String>)
2018-12-02 13:05:11.629 [main] INFO  o.s.b.a.e.web.servlet.WebMvcEndpointHandlerMapping - Mapped "{[/actuator/env],methods=[POST],consumes=[application/vnd.spring-boot.actuator.v2+json || application/json],produces=[application/vnd.spring-boot.actuator.v2+json || application/json]}" onto public java.lang.Object org.springframework.boot.actuate.endpoint.web.servlet.AbstractWebMvcEndpointHandlerMapping$OperationHandler.handle(javax.servlet.http.HttpServletRequest,java.util.Map<java.lang.String, java.lang.String>)
2018-12-02 13:05:11.629 [main] INFO  o.s.b.a.e.web.servlet.WebMvcEndpointHandlerMapping - Mapped "{[/actuator/env],methods=[DELETE],produces=[application/vnd.spring-boot.actuator.v2+json || application/json]}" onto public java.lang.Object org.springframework.boot.actuate.endpoint.web.servlet.AbstractWebMvcEndpointHandlerMapping$OperationHandler.handle(javax.servlet.http.HttpServletRequest,java.util.Map<java.lang.String, java.lang.String>)
2018-12-02 13:05:11.629 [main] INFO  o.s.b.a.e.web.servlet.WebMvcEndpointHandlerMapping - Mapped "{[/actuator/info],methods=[GET],produces=[application/vnd.spring-boot.actuator.v2+json || application/json]}" onto public java.lang.Object org.springframework.boot.actuate.endpoint.web.servlet.AbstractWebMvcEndpointHandlerMapping$OperationHandler.handle(javax.servlet.http.HttpServletRequest,java.util.Map<java.lang.String, java.lang.String>)
2018-12-02 13:05:11.630 [main] INFO  o.s.b.a.e.web.servlet.WebMvcEndpointHandlerMapping - Mapped "{[/actuator/loggers],methods=[GET],produces=[application/vnd.spring-boot.actuator.v2+json || application/json]}" onto public java.lang.Object org.springframework.boot.actuate.endpoint.web.servlet.AbstractWebMvcEndpointHandlerMapping$OperationHandler.handle(javax.servlet.http.HttpServletRequest,java.util.Map<java.lang.String, java.lang.String>)
2018-12-02 13:05:11.630 [main] INFO  o.s.b.a.e.web.servlet.WebMvcEndpointHandlerMapping - Mapped "{[/actuator/loggers/{name}],methods=[GET],produces=[application/vnd.spring-boot.actuator.v2+json || application/json]}" onto public java.lang.Object org.springframework.boot.actuate.endpoint.web.servlet.AbstractWebMvcEndpointHandlerMapping$OperationHandler.handle(javax.servlet.http.HttpServletRequest,java.util.Map<java.lang.String, java.lang.String>)
2018-12-02 13:05:11.630 [main] INFO  o.s.b.a.e.web.servlet.WebMvcEndpointHandlerMapping - Mapped "{[/actuator/loggers/{name}],methods=[POST],consumes=[application/vnd.spring-boot.actuator.v2+json || application/json]}" onto public java.lang.Object org.springframework.boot.actuate.endpoint.web.servlet.AbstractWebMvcEndpointHandlerMapping$OperationHandler.handle(javax.servlet.http.HttpServletRequest,java.util.Map<java.lang.String, java.lang.String>)
2018-12-02 13:05:11.631 [main] INFO  o.s.b.a.e.web.servlet.WebMvcEndpointHandlerMapping - Mapped "{[/actuator/heapdump],methods=[GET],produces=[application/octet-stream]}" onto public java.lang.Object org.springframework.boot.actuate.endpoint.web.servlet.AbstractWebMvcEndpointHandlerMapping$OperationHandler.handle(javax.servlet.http.HttpServletRequest,java.util.Map<java.lang.String, java.lang.String>)
2018-12-02 13:05:11.631 [main] INFO  o.s.b.a.e.web.servlet.WebMvcEndpointHandlerMapping - Mapped "{[/actuator/threaddump],methods=[GET],produces=[application/vnd.spring-boot.actuator.v2+json || application/json]}" onto public java.lang.Object org.springframework.boot.actuate.endpoint.web.servlet.AbstractWebMvcEndpointHandlerMapping$OperationHandler.handle(javax.servlet.http.HttpServletRequest,java.util.Map<java.lang.String, java.lang.String>)
2018-12-02 13:05:11.632 [main] INFO  o.s.b.a.e.web.servlet.WebMvcEndpointHandlerMapping - Mapped "{[/actuator/metrics],methods=[GET],produces=[application/vnd.spring-boot.actuator.v2+json || application/json]}" onto public java.lang.Object org.springframework.boot.actuate.endpoint.web.servlet.AbstractWebMvcEndpointHandlerMapping$OperationHandler.handle(javax.servlet.http.HttpServletRequest,java.util.Map<java.lang.String, java.lang.String>)
2018-12-02 13:05:11.633 [main] INFO  o.s.b.a.e.web.servlet.WebMvcEndpointHandlerMapping - Mapped "{[/actuator/metrics/{requiredMetricName}],methods=[GET],produces=[application/vnd.spring-boot.actuator.v2+json || application/json]}" onto public java.lang.Object org.springframework.boot.actuate.endpoint.web.servlet.AbstractWebMvcEndpointHandlerMapping$OperationHandler.handle(javax.servlet.http.HttpServletRequest,java.util.Map<java.lang.String, java.lang.String>)
2018-12-02 13:05:11.633 [main] INFO  o.s.b.a.e.web.servlet.WebMvcEndpointHandlerMapping - Mapped "{[/actuator/scheduledtasks],methods=[GET],produces=[application/vnd.spring-boot.actuator.v2+json || application/json]}" onto public java.lang.Object org.springframework.boot.actuate.endpoint.web.servlet.AbstractWebMvcEndpointHandlerMapping$OperationHandler.handle(javax.servlet.http.HttpServletRequest,java.util.Map<java.lang.String, java.lang.String>)
2018-12-02 13:05:11.634 [main] INFO  o.s.b.a.e.web.servlet.WebMvcEndpointHandlerMapping - Mapped "{[/actuator/httptrace],methods=[GET],produces=[application/vnd.spring-boot.actuator.v2+json || application/json]}" onto public java.lang.Object org.springframework.boot.actuate.endpoint.web.servlet.AbstractWebMvcEndpointHandlerMapping$OperationHandler.handle(javax.servlet.http.HttpServletRequest,java.util.Map<java.lang.String, java.lang.String>)
2018-12-02 13:05:11.634 [main] INFO  o.s.b.a.e.web.servlet.WebMvcEndpointHandlerMapping - Mapped "{[/actuator/mappings],methods=[GET],produces=[application/vnd.spring-boot.actuator.v2+json || application/json]}" onto public java.lang.Object org.springframework.boot.actuate.endpoint.web.servlet.AbstractWebMvcEndpointHandlerMapping$OperationHandler.handle(javax.servlet.http.HttpServletRequest,java.util.Map<java.lang.String, java.lang.String>)
2018-12-02 13:05:11.634 [main] INFO  o.s.b.a.e.web.servlet.WebMvcEndpointHandlerMapping - Mapped "{[/actuator/refresh],methods=[POST],produces=[application/vnd.spring-boot.actuator.v2+json || application/json]}" onto public java.lang.Object org.springframework.boot.actuate.endpoint.web.servlet.AbstractWebMvcEndpointHandlerMapping$OperationHandler.handle(javax.servlet.http.HttpServletRequest,java.util.Map<java.lang.String, java.lang.String>)
2018-12-02 13:05:11.634 [main] INFO  o.s.b.a.e.web.servlet.WebMvcEndpointHandlerMapping - Mapped "{[/actuator/features],methods=[GET],produces=[application/vnd.spring-boot.actuator.v2+json || application/json]}" onto public java.lang.Object org.springframework.boot.actuate.endpoint.web.servlet.AbstractWebMvcEndpointHandlerMapping$OperationHandler.handle(javax.servlet.http.HttpServletRequest,java.util.Map<java.lang.String, java.lang.String>)
2018-12-02 13:05:11.635 [main] INFO  o.s.b.a.e.web.servlet.WebMvcEndpointHandlerMapping - Mapped "{[/actuator/service-registry],methods=[POST],consumes=[application/vnd.spring-boot.actuator.v2+json || application/json],produces=[application/vnd.spring-boot.actuator.v2+json || application/json]}" onto public java.lang.Object org.springframework.boot.actuate.endpoint.web.servlet.AbstractWebMvcEndpointHandlerMapping$OperationHandler.handle(javax.servlet.http.HttpServletRequest,java.util.Map<java.lang.String, java.lang.String>)
2018-12-02 13:05:11.635 [main] INFO  o.s.b.a.e.web.servlet.WebMvcEndpointHandlerMapping - Mapped "{[/actuator/service-registry],methods=[GET],produces=[application/vnd.spring-boot.actuator.v2+json || application/json]}" onto public java.lang.Object org.springframework.boot.actuate.endpoint.web.servlet.AbstractWebMvcEndpointHandlerMapping$OperationHandler.handle(javax.servlet.http.HttpServletRequest,java.util.Map<java.lang.String, java.lang.String>)
2018-12-02 13:05:11.636 [main] INFO  o.s.b.a.e.web.servlet.WebMvcEndpointHandlerMapping - Mapped "{[/actuator],methods=[GET],produces=[application/vnd.spring-boot.actuator.v2+json || application/json]}" onto protected java.util.Map<java.lang.String, java.util.Map<java.lang.String, org.springframework.boot.actuate.endpoint.web.Link>> org.springframework.boot.actuate.endpoint.web.servlet.WebMvcEndpointHandlerMapping.links(javax.servlet.http.HttpServletRequest,javax.servlet.http.HttpServletResponse)
2018-12-02 13:05:12.011 [main] WARN  org.thymeleaf.templatemode.TemplateMode - [THYMELEAF][main] Template Mode 'HTML5' is deprecated. Using Template Mode 'HTML' instead.
2018-12-02 13:05:12.415 [main] WARN  com.netflix.config.sources.URLConfigurationSource - No URLs will be polled as dynamic configuration sources.
2018-12-02 13:05:12.415 [main] INFO  com.netflix.config.sources.URLConfigurationSource - To enable URLs as dynamic configuration sources, define System property archaius.configurationSource.additionalUrls or make config.properties available on classpath.
2018-12-02 13:05:12.550 [main] INFO  o.s.web.servlet.handler.SimpleUrlHandlerMapping - Mapped URL path [/**/favicon.ico] onto handler of type [class org.springframework.web.servlet.resource.ResourceHttpRequestHandler]
2018-12-02 13:05:12.866 [main] INFO  o.s.w.s.m.m.a.RequestMappingHandlerAdapter - Looking for @ControllerAdvice: org.springframework.web.context.support.GenericWebApplicationContext@2a551a63: startup date [Sun Dec 02 13:05:01 CST 2018]; parent: org.springframework.context.annotation.AnnotationConfigApplicationContext@71529963
2018-12-02 13:05:12.981 [main] INFO  o.s.web.servlet.handler.SimpleUrlHandlerMapping - Mapped URL path [/webjars/**] onto handler of type [class org.springframework.web.servlet.resource.ResourceHttpRequestHandler]
2018-12-02 13:05:12.985 [main] INFO  o.s.web.servlet.handler.SimpleUrlHandlerMapping - Mapped URL path [/**] onto handler of type [class org.springframework.web.servlet.resource.ResourceHttpRequestHandler]
2018-12-02 13:05:12.985 [main] INFO  o.s.web.servlet.handler.SimpleUrlHandlerMapping - Mapped URL path [/error/] onto handler of type [class org.springframework.web.servlet.resource.ResourceHttpRequestHandler]
2018-12-02 13:05:12.986 [main] INFO  o.s.web.servlet.handler.SimpleUrlHandlerMapping - Mapped URL path [/swagger-ui.html] onto handler of type [class org.springframework.web.servlet.resource.ResourceHttpRequestHandler]
2018-12-02 13:05:12.990 [main] INFO  o.s.web.servlet.handler.SimpleUrlHandlerMapping - Mapped URL path [/**] onto handler of type [class org.springframework.web.servlet.resource.DefaultServletHttpRequestHandler]
2018-12-02 13:05:13.056 [main] INFO  o.s.b.a.web.servlet.WelcomePageHandlerMapping - Adding welcome page template: index
2018-12-02 13:05:14.529 [main] INFO  o.s.context.support.DefaultLifecycleProcessor - Starting beans in phase 0
2018-12-02 13:05:14.569 [main] INFO  o.s.cloud.netflix.eureka.InstanceInfoFactory - Setting initial instance status as: STARTING
2018-12-02 13:05:14.656 [main] INFO  com.netflix.discovery.DiscoveryClient - Initializing Eureka in region us-east-1
2018-12-02 13:05:15.281 [main] INFO  c.n.discovery.provider.DiscoveryJerseyProvider - Using JSON encoding codec LegacyJacksonJson
2018-12-02 13:05:15.281 [main] INFO  c.n.discovery.provider.DiscoveryJerseyProvider - Using JSON decoding codec LegacyJacksonJson
2018-12-02 13:05:15.631 [main] INFO  c.n.discovery.provider.DiscoveryJerseyProvider - Using XML encoding codec XStreamXml
2018-12-02 13:05:15.631 [main] INFO  c.n.discovery.provider.DiscoveryJerseyProvider - Using XML decoding codec XStreamXml
2018-12-02 13:05:16.070 [main] INFO  c.n.d.shared.resolver.aws.ConfigClusterResolver - Resolving eureka endpoints via configuration
2018-12-02 13:05:16.426 [main] INFO  com.netflix.discovery.DiscoveryClient - Disable delta property : false
2018-12-02 13:05:16.427 [main] INFO  com.netflix.discovery.DiscoveryClient - Single vip registry refresh property : null
2018-12-02 13:05:16.427 [main] INFO  com.netflix.discovery.DiscoveryClient - Force full registry fetch : false
2018-12-02 13:05:16.428 [main] INFO  com.netflix.discovery.DiscoveryClient - Application is null : false
2018-12-02 13:05:16.428 [main] INFO  com.netflix.discovery.DiscoveryClient - Registered Applications size is zero : true
2018-12-02 13:05:16.428 [main] INFO  com.netflix.discovery.DiscoveryClient - Application version is -1: true
2018-12-02 13:05:16.428 [main] INFO  com.netflix.discovery.DiscoveryClient - Getting all instance registry info from the eureka server
2018-12-02 13:05:16.699 [main] INFO  com.netflix.discovery.DiscoveryClient - The response status is 200
2018-12-02 13:05:16.703 [main] INFO  com.netflix.discovery.DiscoveryClient - Starting heartbeat executor: renew interval is: 10
2018-12-02 13:05:16.719 [main] INFO  com.netflix.discovery.InstanceInfoReplicator - InstanceInfoReplicator onDemand update allowed rate per min is 4
2018-12-02 13:05:16.731 [main] INFO  com.netflix.discovery.DiscoveryClient - Discovery Client initialized at timestamp 1543727116727 with initial instances count: 4
2018-12-02 13:05:16.746 [main] INFO  o.s.c.n.e.serviceregistry.EurekaServiceRegistry - Registering application USER with eureka with status UP
2018-12-02 13:05:16.748 [main] INFO  com.netflix.discovery.DiscoveryClient - Saw local status change event StatusChangeEvent [timestamp=1543727116748, current=UP, previous=STARTING]
2018-12-02 13:05:16.755 [DiscoveryClient-InstanceInfoReplicator-0] INFO  com.netflix.discovery.DiscoveryClient - DiscoveryClient_USER/localhost:user:8081: registering service...
2018-12-02 13:05:16.762 [main] INFO  o.s.context.support.DefaultLifecycleProcessor - Starting beans in phase 2147483647
2018-12-02 13:05:16.762 [main] INFO  s.d.s.web.plugins.DocumentationPluginsBootstrapper - Context refreshed
2018-12-02 13:05:16.806 [main] INFO  s.d.s.web.plugins.DocumentationPluginsBootstrapper - Found 1 custom documentation plugin(s)
2018-12-02 13:05:16.821 [DiscoveryClient-InstanceInfoReplicator-0] INFO  com.netflix.discovery.DiscoveryClient - DiscoveryClient_USER/localhost:user:8081 - registration status: 204
2018-12-02 13:05:16.850 [main] INFO  s.d.spring.web.scanners.ApiListingReferenceScanner - Scanning for api listing references
2018-12-02 13:05:17.357 [main] INFO  s.d.s.w.r.operation.CachingOperationNameGenerator - Generating unique operation named: getAllUsingGET_1
2018-12-02 13:05:17.371 [main] INFO  s.d.s.w.r.operation.CachingOperationNameGenerator - Generating unique operation named: getByIdUsingGET_1
2018-12-02 13:05:17.405 [main] INFO  s.d.s.w.r.operation.CachingOperationNameGenerator - Generating unique operation named: getListUsingGET_1
2018-12-02 13:05:17.417 [main] INFO  s.d.s.w.r.operation.CachingOperationNameGenerator - Generating unique operation named: insertUsingPOST_1
2018-12-02 13:05:17.438 [main] INFO  s.d.s.w.r.operation.CachingOperationNameGenerator - Generating unique operation named: searchByNameUsingGET_1
2018-12-02 13:05:17.455 [main] INFO  s.d.s.w.r.operation.CachingOperationNameGenerator - Generating unique operation named: updateByIdUsingPUT_1
2018-12-02 13:05:17.463 [main] INFO  s.d.s.w.r.operation.CachingOperationNameGenerator - Generating unique operation named: deleteByIdUsingDELETE_1
2018-12-02 13:05:17.472 [main] INFO  s.d.s.w.r.operation.CachingOperationNameGenerator - Generating unique operation named: getAllUsingGET_2
2018-12-02 13:05:17.483 [main] INFO  s.d.s.w.r.operation.CachingOperationNameGenerator - Generating unique operation named: getByIdUsingGET_2
2018-12-02 13:05:17.498 [main] INFO  s.d.s.w.r.operation.CachingOperationNameGenerator - Generating unique operation named: insertUsingPOST_2
2018-12-02 13:05:17.507 [main] INFO  s.d.s.w.r.operation.CachingOperationNameGenerator - Generating unique operation named: searchByNameUsingGET_2
2018-12-02 13:05:17.522 [main] INFO  s.d.s.w.r.operation.CachingOperationNameGenerator - Generating unique operation named: updateByIdUsingPUT_2
2018-12-02 13:05:17.536 [main] INFO  s.d.s.w.r.operation.CachingOperationNameGenerator - Generating unique operation named: insertUsingPOST_3
2018-12-02 13:05:17.622 [main] INFO  s.d.s.w.r.operation.CachingOperationNameGenerator - Generating unique operation named: deleteByIdUsingDELETE_2
2018-12-02 13:05:17.637 [main] INFO  s.d.s.w.r.operation.CachingOperationNameGenerator - Generating unique operation named: getByIdUsingGET_3
2018-12-02 13:05:17.654 [main] INFO  s.d.s.w.r.operation.CachingOperationNameGenerator - Generating unique operation named: getListUsingGET_2
2018-12-02 13:05:17.705 [main] INFO  s.d.s.w.r.operation.CachingOperationNameGenerator - Generating unique operation named: insertUsingPOST_4
2018-12-02 13:05:17.713 [main] INFO  s.d.s.w.r.operation.CachingOperationNameGenerator - Generating unique operation named: searchByNameUsingGET_3
2018-12-02 13:05:17.721 [main] INFO  s.d.s.w.r.operation.CachingOperationNameGenerator - Generating unique operation named: updateByIdUsingPUT_3
2018-12-02 13:05:17.731 [main] INFO  s.d.s.w.r.operation.CachingOperationNameGenerator - Generating unique operation named: deleteByIdUsingDELETE_3
2018-12-02 13:05:17.739 [main] INFO  s.d.s.w.r.operation.CachingOperationNameGenerator - Generating unique operation named: getByIdUsingGET_4
2018-12-02 13:05:17.753 [main] INFO  s.d.s.w.r.operation.CachingOperationNameGenerator - Generating unique operation named: getListUsingGET_3
2018-12-02 13:05:17.763 [main] INFO  s.d.s.w.r.operation.CachingOperationNameGenerator - Generating unique operation named: insertUsingPOST_5
2018-12-02 13:05:17.819 [main] INFO  s.d.s.w.r.operation.CachingOperationNameGenerator - Generating unique operation named: updateByIdUsingPUT_4
2018-12-02 13:05:17.832 [main] INFO  s.d.s.w.r.operation.CachingOperationNameGenerator - Generating unique operation named: insertUsingPOST_6
2018-12-02 13:05:17.890 [main] INFO  com.beidou.user.DemoApplicationTests - Started DemoApplicationTests in 23.125 seconds (JVM running for 24.575)
2018-12-02 13:05:18.199 [Thread-8] INFO  o.s.w.context.support.GenericWebApplicationContext - Closing org.springframework.web.context.support.GenericWebApplicationContext@2a551a63: startup date [Sun Dec 02 13:05:01 CST 2018]; parent: org.springframework.context.annotation.AnnotationConfigApplicationContext@71529963
2018-12-02 13:05:18.211 [Thread-8] INFO  o.s.c.n.e.serviceregistry.EurekaServiceRegistry - Unregistering application USER with eureka with status DOWN
2018-12-02 13:05:18.211 [Thread-8] WARN  com.netflix.discovery.DiscoveryClient - Saw local status change event StatusChangeEvent [timestamp=1543727118211, current=DOWN, previous=UP]
2018-12-02 13:05:18.216 [DiscoveryClient-InstanceInfoReplicator-0] INFO  com.netflix.discovery.DiscoveryClient - DiscoveryClient_USER/localhost:user:8081: registering service...
2018-12-02 13:05:18.221 [Thread-8] INFO  o.s.context.support.DefaultLifecycleProcessor - Stopping beans in phase 2147483647
2018-12-02 13:05:18.226 [DiscoveryClient-InstanceInfoReplicator-0] INFO  com.netflix.discovery.DiscoveryClient - DiscoveryClient_USER/localhost:user:8081 - registration status: 204
2018-12-02 13:05:18.222 [Thread-8] INFO  o.s.context.support.DefaultLifecycleProcessor - Stopping beans in phase 0
2018-12-02 13:05:18.257 [Thread-8] INFO  com.alibaba.druid.pool.DruidDataSource - {dataSource-1} closed
2018-12-02 13:05:18.259 [Thread-8] INFO  com.netflix.discovery.DiscoveryClient - Shutting down DiscoveryClient ...
2018-12-02 13:05:18.262 [Thread-8] WARN  o.s.c.annotation.CommonAnnotationBeanPostProcessor - Invocation of destroy method failed on bean with name 'scopedTarget.eurekaClient': org.springframework.beans.factory.BeanCreationNotAllowedException: Error creating bean with name 'eurekaInstanceConfigBean': Singleton bean creation not allowed while singletons of this factory are in destruction (Do not request a bean from a BeanFactory in a destroy method implementation!)
