2018-12-12 13:40:50.227 [main] INFO  o.s.c.a.AnnotationConfigApplicationContext - Refreshing org.springframework.context.annotation.AnnotationConfigApplicationContext@7e3181aa: startup date [Wed Dec 12 13:40:50 CST 2018]; root of context hierarchy
2018-12-12 13:40:51.476 [main] INFO  o.s.b.f.a.AutowiredAnnotationBeanPostProcessor - JSR-330 'javax.inject.Inject' annotation found and supported for autowiring
2018-12-12 13:40:51.806 [main] INFO  o.s.c.s.PostProcessorRegistrationDelegate$BeanPostProcessorChecker - Bean 'org.springframework.retry.annotation.RetryConfiguration' of type [org.springframework.retry.annotation.RetryConfiguration$$EnhancerBySpringCGLIB$$193f34c0] is not eligible for getting processed by all BeanPostProcessors (for example: not eligible for auto-proxying)
2018-12-12 13:40:51.834 [main] INFO  o.s.c.s.PostProcessorRegistrationDelegate$BeanPostProcessorChecker - Bean 'configurationPropertiesRebinderAutoConfiguration' of type [org.springframework.cloud.autoconfigure.ConfigurationPropertiesRebinderAutoConfiguration$$EnhancerBySpringCGLIB$$3f959f98] is not eligible for getting processed by all BeanPostProcessors (for example: not eligible for auto-proxying)
2018-12-12 13:40:53.055 [main] INFO  o.s.c.c.client.ConfigServicePropertySourceLocator - Fetching config from server at : http://localhost:5000
2018-12-12 13:40:53.865 [main] INFO  o.s.c.c.client.ConfigServicePropertySourceLocator - Located environment: name=user, profiles=[default], label=null, version=null, state=null
2018-12-12 13:40:53.868 [main] INFO  o.s.c.b.c.PropertySourceBootstrapConfiguration - Located property source: CompositePropertySource {name='configService', propertySources=[MapPropertySource {name='classpath:/config/user.yml'}]}
2018-12-12 13:40:53.996 [main] INFO  com.beidou.user.DemoApplicationTests - No active profile set, falling back to default profiles: default
2018-12-12 13:40:54.013 [main] INFO  o.s.w.context.support.GenericWebApplicationContext - Refreshing org.springframework.web.context.support.GenericWebApplicationContext@22680f52: startup date [Wed Dec 12 13:40:54 CST 2018]; parent: org.springframework.context.annotation.AnnotationConfigApplicationContext@7e3181aa
2018-12-12 13:41:01.614 [main] INFO  o.springframework.cloud.context.scope.GenericScope - BeanFactory id=fe9a7ebd-a4ca-3d5f-99c4-88c12564b725
2018-12-12 13:41:02.074 [main] INFO  o.s.b.f.a.AutowiredAnnotationBeanPostProcessor - JSR-330 'javax.inject.Inject' annotation found and supported for autowiring
2018-12-12 13:41:02.412 [main] INFO  o.s.c.s.PostProcessorRegistrationDelegate$BeanPostProcessorChecker - Bean 'org.springframework.amqp.rabbit.annotation.RabbitBootstrapConfiguration' of type [org.springframework.amqp.rabbit.annotation.RabbitBootstrapConfiguration$$EnhancerBySpringCGLIB$$e9e75ac9] is not eligible for getting processed by all BeanPostProcessors (for example: not eligible for auto-proxying)
2018-12-12 13:41:02.860 [main] INFO  o.s.c.s.PostProcessorRegistrationDelegate$BeanPostProcessorChecker - Bean 'org.springframework.transaction.annotation.ProxyTransactionManagementConfiguration' of type [org.springframework.transaction.annotation.ProxyTransactionManagementConfiguration$$EnhancerBySpringCGLIB$$237b9c9b] is not eligible for getting processed by all BeanPostProcessors (for example: not eligible for auto-proxying)
2018-12-12 13:41:03.579 [main] INFO  o.s.c.s.PostProcessorRegistrationDelegate$BeanPostProcessorChecker - Bean 'org.springframework.cloud.autoconfigure.ConfigurationPropertiesRebinderAutoConfiguration' of type [org.springframework.cloud.autoconfigure.ConfigurationPropertiesRebinderAutoConfiguration$$EnhancerBySpringCGLIB$$3f959f98] is not eligible for getting processed by all BeanPostProcessors (for example: not eligible for auto-proxying)
2018-12-12 13:41:05.195 [main] INFO  com.alibaba.druid.pool.DruidDataSource - {dataSource-1} inited
2018-12-12 13:41:08.656 [main] WARN  com.netflix.config.sources.URLConfigurationSource - No URLs will be polled as dynamic configuration sources.
2018-12-12 13:41:08.659 [main] INFO  com.netflix.config.sources.URLConfigurationSource - To enable URLs as dynamic configuration sources, define System property archaius.configurationSource.additionalUrls or make config.properties available on classpath.
2018-12-12 13:41:08.826 [main] INFO  com.netflix.config.DynamicPropertyFactory - DynamicPropertyFactory is initialized with configuration sources: com.netflix.config.ConcurrentCompositeConfiguration@7f642bf
2018-12-12 13:41:11.752 [main] INFO  o.s.w.s.m.m.a.RequestMappingHandlerMapping - Mapped "{[/company],methods=[POST]}" onto public com.beidou.user.utils.ResponseMsg com.beidou.user.controller.CompanyController.insert(com.beidou.user.entity.Company)
2018-12-12 13:41:11.756 [main] INFO  o.s.w.s.m.m.a.RequestMappingHandlerMapping - Mapped "{[/company],methods=[GET]}" onto public com.beidou.user.utils.ResponseMsg com.beidou.user.controller.CompanyController.getAll()
2018-12-12 13:41:11.756 [main] INFO  o.s.w.s.m.m.a.RequestMappingHandlerMapping - Mapped "{[/company/{id}],methods=[PUT]}" onto public com.beidou.user.utils.ResponseMsg com.beidou.user.controller.CompanyController.updateById(com.beidou.user.entity.Company)
2018-12-12 13:41:11.759 [main] INFO  o.s.w.s.m.m.a.RequestMappingHandlerMapping - Mapped "{[/companys],methods=[GET]}" onto public com.beidou.user.utils.ResponseMsg com.beidou.user.controller.CompanyController.getList(java.lang.Integer)
2018-12-12 13:41:11.764 [main] INFO  o.s.w.s.m.m.a.RequestMappingHandlerMapping - Mapped "{[/company/{ids}],methods=[DELETE]}" onto public com.beidou.user.utils.ResponseMsg com.beidou.user.controller.CompanyController.deleteByIds(java.lang.String)
2018-12-12 13:41:11.780 [main] INFO  o.s.w.s.m.m.a.RequestMappingHandlerMapping - Mapped "{[/company/searchByName],methods=[GET]}" onto public com.beidou.user.utils.ResponseMsg com.beidou.user.controller.CompanyController.searchByName(java.lang.Integer,java.lang.String)
2018-12-12 13:41:11.780 [main] INFO  o.s.w.s.m.m.a.RequestMappingHandlerMapping - Mapped "{[/company/{id}],methods=[GET]}" onto public com.beidou.user.utils.ResponseMsg com.beidou.user.controller.CompanyController.getById(java.lang.Integer)
2018-12-12 13:41:11.786 [main] INFO  o.s.w.s.m.m.a.RequestMappingHandlerMapping - Mapped "{[/dept],methods=[POST]}" onto public com.beidou.user.utils.ResponseMsg com.beidou.user.controller.DeptController.insert(com.beidou.user.entity.Dept)
2018-12-12 13:41:11.787 [main] INFO  o.s.w.s.m.m.a.RequestMappingHandlerMapping - Mapped "{[/dept],methods=[GET]}" onto public com.beidou.user.utils.ResponseMsg com.beidou.user.controller.DeptController.getAll()
2018-12-12 13:41:11.788 [main] INFO  o.s.w.s.m.m.a.RequestMappingHandlerMapping - Mapped "{[/dept/{id}],methods=[PUT]}" onto public com.beidou.user.utils.ResponseMsg com.beidou.user.controller.DeptController.updateById(com.beidou.user.entity.Dept)
2018-12-12 13:41:11.788 [main] INFO  o.s.w.s.m.m.a.RequestMappingHandlerMapping - Mapped "{[/comDepts],methods=[GET]}" onto public com.beidou.user.utils.ResponseMsg com.beidou.user.controller.DeptController.getComDeptList(java.lang.Integer,java.lang.Integer)
2018-12-12 13:41:11.789 [main] INFO  o.s.w.s.m.m.a.RequestMappingHandlerMapping - Mapped "{[/dept/{ids}],methods=[DELETE]}" onto public com.beidou.user.utils.ResponseMsg com.beidou.user.controller.DeptController.deleteById(java.lang.String)
2018-12-12 13:41:11.789 [main] INFO  o.s.w.s.m.m.a.RequestMappingHandlerMapping - Mapped "{[/depts],methods=[GET]}" onto public com.beidou.user.utils.ResponseMsg com.beidou.user.controller.DeptController.getList(java.lang.Integer)
2018-12-12 13:41:11.791 [main] INFO  o.s.w.s.m.m.a.RequestMappingHandlerMapping - Mapped "{[/comDept],methods=[GET]}" onto public com.beidou.user.utils.ResponseMsg com.beidou.user.controller.DeptController.getComDept(java.lang.Integer)
2018-12-12 13:41:11.792 [main] INFO  o.s.w.s.m.m.a.RequestMappingHandlerMapping - Mapped "{[/dept/searchByName],methods=[GET]}" onto public com.beidou.user.utils.ResponseMsg com.beidou.user.controller.DeptController.searchByName(java.lang.Integer,java.lang.String)
2018-12-12 13:41:11.794 [main] INFO  o.s.w.s.m.m.a.RequestMappingHandlerMapping - Mapped "{[/dept/{id}],methods=[GET]}" onto public com.beidou.user.utils.ResponseMsg com.beidou.user.controller.DeptController.getById(java.lang.Integer)
2018-12-12 13:41:11.795 [main] INFO  o.s.w.s.m.m.a.RequestMappingHandlerMapping - Mapped "{[/dept/searchByNameAndComId],methods=[GET]}" onto public com.beidou.user.utils.ResponseMsg com.beidou.user.controller.DeptController.searchByNameAndComId(java.lang.Integer,java.lang.String,java.lang.Integer)
2018-12-12 13:41:11.797 [main] INFO  o.s.w.s.m.m.a.RequestMappingHandlerMapping - Mapped "{[/role],methods=[POST]}" onto public com.beidou.user.utils.ResponseMsg com.beidou.user.controller.RoleController.insert(com.beidou.user.entity.Role)
2018-12-12 13:41:11.798 [main] INFO  o.s.w.s.m.m.a.RequestMappingHandlerMapping - Mapped "{[/roles],methods=[GET]}" onto public com.beidou.user.utils.ResponseMsg com.beidou.user.controller.RoleController.getAll(java.lang.Integer)
2018-12-12 13:41:11.799 [main] INFO  o.s.w.s.m.m.a.RequestMappingHandlerMapping - Mapped "{[/role/{id}],methods=[PUT]}" onto public com.beidou.user.utils.ResponseMsg com.beidou.user.controller.RoleController.updateById(com.beidou.user.entity.Role)
2018-12-12 13:41:11.799 [main] INFO  o.s.w.s.m.m.a.RequestMappingHandlerMapping - Mapped "{[/role/{ids}],methods=[DELETE]}" onto public com.beidou.user.utils.ResponseMsg com.beidou.user.controller.RoleController.deleteById(java.lang.String)
2018-12-12 13:41:11.804 [main] INFO  o.s.w.s.m.m.a.RequestMappingHandlerMapping - Mapped "{[/role/searchByName],methods=[GET]}" onto public com.beidou.user.utils.ResponseMsg com.beidou.user.controller.RoleController.searchByName(java.lang.Integer,java.lang.String)
2018-12-12 13:41:11.805 [main] INFO  o.s.w.s.m.m.a.RequestMappingHandlerMapping - Mapped "{[/role/{id}],methods=[GET]}" onto public com.beidou.user.utils.ResponseMsg com.beidou.user.controller.RoleController.getById(java.lang.Integer)
2018-12-12 13:41:11.807 [main] INFO  o.s.w.s.m.m.a.RequestMappingHandlerMapping - Mapped "{[/roleRule],methods=[POST]}" onto public com.beidou.user.utils.ResponseMsg com.beidou.user.controller.RoleRuleController.insert(java.lang.Integer,java.lang.String)
2018-12-12 13:41:11.808 [main] INFO  o.s.w.s.m.m.a.RequestMappingHandlerMapping - Mapped "{[/roleRule],methods=[PUT]}" onto public com.beidou.user.utils.ResponseMsg com.beidou.user.controller.RoleRuleController.updateByRoleId(java.lang.Integer,java.lang.String)
2018-12-12 13:41:11.816 [main] INFO  o.s.w.s.m.m.a.RequestMappingHandlerMapping - Mapped "{[/rule],methods=[POST]}" onto public com.beidou.user.utils.ResponseMsg com.beidou.user.controller.RuleController.insert(com.beidou.user.entity.Rule)
2018-12-12 13:41:11.816 [main] INFO  o.s.w.s.m.m.a.RequestMappingHandlerMapping - Mapped "{[/rule/{id}],methods=[PUT]}" onto public com.beidou.user.utils.ResponseMsg com.beidou.user.controller.RuleController.updateById(com.beidou.user.entity.Rule)
2018-12-12 13:41:11.817 [main] INFO  o.s.w.s.m.m.a.RequestMappingHandlerMapping - Mapped "{[/rule/{ids}],methods=[DELETE]}" onto public com.beidou.user.utils.ResponseMsg com.beidou.user.controller.RuleController.deleteById(java.lang.String)
2018-12-12 13:41:11.817 [main] INFO  o.s.w.s.m.m.a.RequestMappingHandlerMapping - Mapped "{[/rules],methods=[GET]}" onto public com.beidou.user.utils.ResponseMsg com.beidou.user.controller.RuleController.getList(java.lang.Integer)
2018-12-12 13:41:11.818 [main] INFO  o.s.w.s.m.m.a.RequestMappingHandlerMapping - Mapped "{[/rule/searchByName],methods=[GET]}" onto public com.beidou.user.utils.ResponseMsg com.beidou.user.controller.RuleController.searchByName(java.lang.Integer,java.lang.String)
2018-12-12 13:41:11.818 [main] INFO  o.s.w.s.m.m.a.RequestMappingHandlerMapping - Mapped "{[/rule/{id}],methods=[GET]}" onto public com.beidou.user.utils.ResponseMsg com.beidou.user.controller.RuleController.getById(java.lang.Integer)
2018-12-12 13:41:11.819 [main] INFO  o.s.w.s.m.m.a.RequestMappingHandlerMapping - Mapped "{[/roleRule],methods=[GET]}" onto public com.beidou.user.utils.ResponseMsg com.beidou.user.controller.RuleController.getRoleRule(java.lang.Integer)
2018-12-12 13:41:11.822 [main] INFO  o.s.w.s.m.m.a.RequestMappingHandlerMapping - Mapped "{[/user],methods=[POST]}" onto public com.beidou.user.utils.ResponseMsg com.beidou.user.controller.UserController.insert(com.beidou.user.entity.User)
2018-12-12 13:41:11.825 [main] INFO  o.s.w.s.m.m.a.RequestMappingHandlerMapping - Mapped "{[/user/{id}],methods=[PUT]}" onto public com.beidou.user.utils.ResponseMsg com.beidou.user.controller.UserController.updateById(com.beidou.user.entity.User)
2018-12-12 13:41:11.825 [main] INFO  o.s.w.s.m.m.a.RequestMappingHandlerMapping - Mapped "{[/user/{ids}],methods=[DELETE]}" onto public com.beidou.user.utils.ResponseMsg com.beidou.user.controller.UserController.deleteById(java.lang.String)
2018-12-12 13:41:11.825 [main] INFO  o.s.w.s.m.m.a.RequestMappingHandlerMapping - Mapped "{[/users],methods=[GET]}" onto public com.beidou.user.utils.ResponseMsg com.beidou.user.controller.UserController.getList(java.lang.Integer)
2018-12-12 13:41:11.827 [main] INFO  o.s.w.s.m.m.a.RequestMappingHandlerMapping - Mapped "{[/user/{id}],methods=[GET]}" onto public com.beidou.user.utils.ResponseMsg com.beidou.user.controller.UserController.getById(java.lang.Integer)
2018-12-12 13:41:11.828 [main] INFO  o.s.w.s.m.m.a.RequestMappingHandlerMapping - Mapped "{[/user/judgeUserName],methods=[GET]}" onto public com.beidou.user.utils.ResponseMsg com.beidou.user.controller.UserController.judgeUserName(java.lang.String)
2018-12-12 13:41:11.828 [main] INFO  o.s.w.s.m.m.a.RequestMappingHandlerMapping - Mapped "{[/user/searchByUserName],methods=[GET]}" onto public com.beidou.user.utils.ResponseMsg com.beidou.user.controller.UserController.searchByUserName(java.lang.Integer,java.lang.String)
2018-12-12 13:41:11.828 [main] INFO  o.s.w.s.m.m.a.RequestMappingHandlerMapping - Mapped "{[/user],methods=[GET]}" onto public com.beidou.user.utils.ResponseMsg com.beidou.user.controller.UserController.getComUserList(java.lang.Integer,java.lang.Integer)
2018-12-12 13:41:11.829 [main] INFO  o.s.w.s.m.m.a.RequestMappingHandlerMapping - Mapped "{[/user/modifyPwd],methods=[GET]}" onto public com.beidou.user.utils.ResponseMsg com.beidou.user.controller.UserController.modifyPwd(java.lang.Integer,java.lang.String,java.lang.String)
2018-12-12 13:41:11.830 [main] INFO  o.s.w.s.m.m.a.RequestMappingHandlerMapping - Mapped "{[/user/searchByUserNameAndComId],methods=[GET]}" onto public com.beidou.user.utils.ResponseMsg com.beidou.user.controller.UserController.searchByUserNameAndComId(java.lang.Integer,java.lang.String,java.lang.Integer)
2018-12-12 13:41:11.831 [main] INFO  o.s.w.s.m.m.a.RequestMappingHandlerMapping - Mapped "{[/userRole],methods=[POST]}" onto public com.beidou.user.utils.ResponseMsg com.beidou.user.controller.UserRoleController.insert(java.lang.Integer,java.lang.String)
2018-12-12 13:41:11.832 [main] INFO  o.s.w.s.m.m.a.RequestMappingHandlerMapping - Mapped "{[/userRole],methods=[PUT]}" onto public com.beidou.user.utils.ResponseMsg com.beidou.user.controller.UserRoleController.updateByUserId(java.lang.Integer,java.lang.String)
2018-12-12 13:41:11.835 [main] INFO  o.s.w.s.m.m.a.RequestMappingHandlerMapping - Mapped "{[/v2/api-docs],methods=[GET],produces=[application/json || application/hal+json]}" onto public org.springframework.http.ResponseEntity<springfox.documentation.spring.web.json.Json> springfox.documentation.swagger2.web.Swagger2Controller.getDocumentation(java.lang.String,javax.servlet.http.HttpServletRequest)
2018-12-12 13:41:11.838 [main] INFO  o.s.w.s.m.m.a.RequestMappingHandlerMapping - Mapped "{[/swagger-resources/configuration/ui]}" onto org.springframework.http.ResponseEntity<springfox.documentation.swagger.web.UiConfiguration> springfox.documentation.swagger.web.ApiResourceController.uiConfiguration()
2018-12-12 13:41:11.842 [main] INFO  o.s.w.s.m.m.a.RequestMappingHandlerMapping - Mapped "{[/swagger-resources]}" onto org.springframework.http.ResponseEntity<java.util.List<springfox.documentation.swagger.web.SwaggerResource>> springfox.documentation.swagger.web.ApiResourceController.swaggerResources()
2018-12-12 13:41:11.843 [main] INFO  o.s.w.s.m.m.a.RequestMappingHandlerMapping - Mapped "{[/swagger-resources/configuration/security]}" onto org.springframework.http.ResponseEntity<springfox.documentation.swagger.web.SecurityConfiguration> springfox.documentation.swagger.web.ApiResourceController.securityConfiguration()
2018-12-12 13:41:11.848 [main] INFO  o.s.w.s.m.m.a.RequestMappingHandlerMapping - Mapped "{[/error]}" onto public org.springframework.http.ResponseEntity<java.util.Map<java.lang.String, java.lang.Object>> org.springframework.boot.autoconfigure.web.servlet.error.BasicErrorController.error(javax.servlet.http.HttpServletRequest)
2018-12-12 13:41:11.848 [main] INFO  o.s.w.s.m.m.a.RequestMappingHandlerMapping - Mapped "{[/error],produces=[text/html]}" onto public org.springframework.web.servlet.ModelAndView org.springframework.boot.autoconfigure.web.servlet.error.BasicErrorController.errorHtml(javax.servlet.http.HttpServletRequest,javax.servlet.http.HttpServletResponse)
2018-12-12 13:41:15.830 [main] INFO  o.s.b.actuate.endpoint.web.EndpointLinksResolver - Exposing 18 endpoint(s) beneath base path '/actuator'
2018-12-12 13:41:15.919 [main] INFO  o.s.b.a.e.web.servlet.WebMvcEndpointHandlerMapping - Mapped "{[/actuator/archaius],methods=[GET],produces=[application/vnd.spring-boot.actuator.v2+json || application/json]}" onto public java.lang.Object org.springframework.boot.actuate.endpoint.web.servlet.AbstractWebMvcEndpointHandlerMapping$OperationHandler.handle(javax.servlet.http.HttpServletRequest,java.util.Map<java.lang.String, java.lang.String>)
2018-12-12 13:41:15.922 [main] INFO  o.s.b.a.e.web.servlet.WebMvcEndpointHandlerMapping - Mapped "{[/actuator/auditevents],methods=[GET],produces=[application/vnd.spring-boot.actuator.v2+json || application/json]}" onto public java.lang.Object org.springframework.boot.actuate.endpoint.web.servlet.AbstractWebMvcEndpointHandlerMapping$OperationHandler.handle(javax.servlet.http.HttpServletRequest,java.util.Map<java.lang.String, java.lang.String>)
2018-12-12 13:41:15.925 [main] INFO  o.s.b.a.e.web.servlet.WebMvcEndpointHandlerMapping - Mapped "{[/actuator/beans],methods=[GET],produces=[application/vnd.spring-boot.actuator.v2+json || application/json]}" onto public java.lang.Object org.springframework.boot.actuate.endpoint.web.servlet.AbstractWebMvcEndpointHandlerMapping$OperationHandler.handle(javax.servlet.http.HttpServletRequest,java.util.Map<java.lang.String, java.lang.String>)
2018-12-12 13:41:15.926 [main] INFO  o.s.b.a.e.web.servlet.WebMvcEndpointHandlerMapping - Mapped "{[/actuator/health],methods=[GET],produces=[application/vnd.spring-boot.actuator.v2+json || application/json]}" onto public java.lang.Object org.springframework.boot.actuate.endpoint.web.servlet.AbstractWebMvcEndpointHandlerMapping$OperationHandler.handle(javax.servlet.http.HttpServletRequest,java.util.Map<java.lang.String, java.lang.String>)
2018-12-12 13:41:15.928 [main] INFO  o.s.b.a.e.web.servlet.WebMvcEndpointHandlerMapping - Mapped "{[/actuator/conditions],methods=[GET],produces=[application/vnd.spring-boot.actuator.v2+json || application/json]}" onto public java.lang.Object org.springframework.boot.actuate.endpoint.web.servlet.AbstractWebMvcEndpointHandlerMapping$OperationHandler.handle(javax.servlet.http.HttpServletRequest,java.util.Map<java.lang.String, java.lang.String>)
2018-12-12 13:41:15.929 [main] INFO  o.s.b.a.e.web.servlet.WebMvcEndpointHandlerMapping - Mapped "{[/actuator/configprops],methods=[GET],produces=[application/vnd.spring-boot.actuator.v2+json || application/json]}" onto public java.lang.Object org.springframework.boot.actuate.endpoint.web.servlet.AbstractWebMvcEndpointHandlerMapping$OperationHandler.handle(javax.servlet.http.HttpServletRequest,java.util.Map<java.lang.String, java.lang.String>)
2018-12-12 13:41:15.930 [main] INFO  o.s.b.a.e.web.servlet.WebMvcEndpointHandlerMapping - Mapped "{[/actuator/env],methods=[GET],produces=[application/vnd.spring-boot.actuator.v2+json || application/json]}" onto public java.lang.Object org.springframework.boot.actuate.endpoint.web.servlet.AbstractWebMvcEndpointHandlerMapping$OperationHandler.handle(javax.servlet.http.HttpServletRequest,java.util.Map<java.lang.String, java.lang.String>)
2018-12-12 13:41:15.931 [main] INFO  o.s.b.a.e.web.servlet.WebMvcEndpointHandlerMapping - Mapped "{[/actuator/env/{toMatch}],methods=[GET],produces=[application/vnd.spring-boot.actuator.v2+json || application/json]}" onto public java.lang.Object org.springframework.boot.actuate.endpoint.web.servlet.AbstractWebMvcEndpointHandlerMapping$OperationHandler.handle(javax.servlet.http.HttpServletRequest,java.util.Map<java.lang.String, java.lang.String>)
2018-12-12 13:41:15.936 [main] INFO  o.s.b.a.e.web.servlet.WebMvcEndpointHandlerMapping - Mapped "{[/actuator/env],methods=[POST],consumes=[application/vnd.spring-boot.actuator.v2+json || application/json],produces=[application/vnd.spring-boot.actuator.v2+json || application/json]}" onto public java.lang.Object org.springframework.boot.actuate.endpoint.web.servlet.AbstractWebMvcEndpointHandlerMapping$OperationHandler.handle(javax.servlet.http.HttpServletRequest,java.util.Map<java.lang.String, java.lang.String>)
2018-12-12 13:41:15.938 [main] INFO  o.s.b.a.e.web.servlet.WebMvcEndpointHandlerMapping - Mapped "{[/actuator/env],methods=[DELETE],produces=[application/vnd.spring-boot.actuator.v2+json || application/json]}" onto public java.lang.Object org.springframework.boot.actuate.endpoint.web.servlet.AbstractWebMvcEndpointHandlerMapping$OperationHandler.handle(javax.servlet.http.HttpServletRequest,java.util.Map<java.lang.String, java.lang.String>)
2018-12-12 13:41:15.938 [main] INFO  o.s.b.a.e.web.servlet.WebMvcEndpointHandlerMapping - Mapped "{[/actuator/info],methods=[GET],produces=[application/vnd.spring-boot.actuator.v2+json || application/json]}" onto public java.lang.Object org.springframework.boot.actuate.endpoint.web.servlet.AbstractWebMvcEndpointHandlerMapping$OperationHandler.handle(javax.servlet.http.HttpServletRequest,java.util.Map<java.lang.String, java.lang.String>)
2018-12-12 13:41:15.939 [main] INFO  o.s.b.a.e.web.servlet.WebMvcEndpointHandlerMapping - Mapped "{[/actuator/loggers],methods=[GET],produces=[application/vnd.spring-boot.actuator.v2+json || application/json]}" onto public java.lang.Object org.springframework.boot.actuate.endpoint.web.servlet.AbstractWebMvcEndpointHandlerMapping$OperationHandler.handle(javax.servlet.http.HttpServletRequest,java.util.Map<java.lang.String, java.lang.String>)
2018-12-12 13:41:15.940 [main] INFO  o.s.b.a.e.web.servlet.WebMvcEndpointHandlerMapping - Mapped "{[/actuator/loggers/{name}],methods=[GET],produces=[application/vnd.spring-boot.actuator.v2+json || application/json]}" onto public java.lang.Object org.springframework.boot.actuate.endpoint.web.servlet.AbstractWebMvcEndpointHandlerMapping$OperationHandler.handle(javax.servlet.http.HttpServletRequest,java.util.Map<java.lang.String, java.lang.String>)
2018-12-12 13:41:15.940 [main] INFO  o.s.b.a.e.web.servlet.WebMvcEndpointHandlerMapping - Mapped "{[/actuator/loggers/{name}],methods=[POST],consumes=[application/vnd.spring-boot.actuator.v2+json || application/json]}" onto public java.lang.Object org.springframework.boot.actuate.endpoint.web.servlet.AbstractWebMvcEndpointHandlerMapping$OperationHandler.handle(javax.servlet.http.HttpServletRequest,java.util.Map<java.lang.String, java.lang.String>)
2018-12-12 13:41:15.941 [main] INFO  o.s.b.a.e.web.servlet.WebMvcEndpointHandlerMapping - Mapped "{[/actuator/heapdump],methods=[GET],produces=[application/octet-stream]}" onto public java.lang.Object org.springframework.boot.actuate.endpoint.web.servlet.AbstractWebMvcEndpointHandlerMapping$OperationHandler.handle(javax.servlet.http.HttpServletRequest,java.util.Map<java.lang.String, java.lang.String>)
2018-12-12 13:41:15.941 [main] INFO  o.s.b.a.e.web.servlet.WebMvcEndpointHandlerMapping - Mapped "{[/actuator/threaddump],methods=[GET],produces=[application/vnd.spring-boot.actuator.v2+json || application/json]}" onto public java.lang.Object org.springframework.boot.actuate.endpoint.web.servlet.AbstractWebMvcEndpointHandlerMapping$OperationHandler.handle(javax.servlet.http.HttpServletRequest,java.util.Map<java.lang.String, java.lang.String>)
2018-12-12 13:41:15.941 [main] INFO  o.s.b.a.e.web.servlet.WebMvcEndpointHandlerMapping - Mapped "{[/actuator/metrics],methods=[GET],produces=[application/vnd.spring-boot.actuator.v2+json || application/json]}" onto public java.lang.Object org.springframework.boot.actuate.endpoint.web.servlet.AbstractWebMvcEndpointHandlerMapping$OperationHandler.handle(javax.servlet.http.HttpServletRequest,java.util.Map<java.lang.String, java.lang.String>)
2018-12-12 13:41:15.942 [main] INFO  o.s.b.a.e.web.servlet.WebMvcEndpointHandlerMapping - Mapped "{[/actuator/metrics/{requiredMetricName}],methods=[GET],produces=[application/vnd.spring-boot.actuator.v2+json || application/json]}" onto public java.lang.Object org.springframework.boot.actuate.endpoint.web.servlet.AbstractWebMvcEndpointHandlerMapping$OperationHandler.handle(javax.servlet.http.HttpServletRequest,java.util.Map<java.lang.String, java.lang.String>)
2018-12-12 13:41:15.945 [main] INFO  o.s.b.a.e.web.servlet.WebMvcEndpointHandlerMapping - Mapped "{[/actuator/scheduledtasks],methods=[GET],produces=[application/vnd.spring-boot.actuator.v2+json || application/json]}" onto public java.lang.Object org.springframework.boot.actuate.endpoint.web.servlet.AbstractWebMvcEndpointHandlerMapping$OperationHandler.handle(javax.servlet.http.HttpServletRequest,java.util.Map<java.lang.String, java.lang.String>)
2018-12-12 13:41:15.946 [main] INFO  o.s.b.a.e.web.servlet.WebMvcEndpointHandlerMapping - Mapped "{[/actuator/httptrace],methods=[GET],produces=[application/vnd.spring-boot.actuator.v2+json || application/json]}" onto public java.lang.Object org.springframework.boot.actuate.endpoint.web.servlet.AbstractWebMvcEndpointHandlerMapping$OperationHandler.handle(javax.servlet.http.HttpServletRequest,java.util.Map<java.lang.String, java.lang.String>)
2018-12-12 13:41:15.947 [main] INFO  o.s.b.a.e.web.servlet.WebMvcEndpointHandlerMapping - Mapped "{[/actuator/mappings],methods=[GET],produces=[application/vnd.spring-boot.actuator.v2+json || application/json]}" onto public java.lang.Object org.springframework.boot.actuate.endpoint.web.servlet.AbstractWebMvcEndpointHandlerMapping$OperationHandler.handle(javax.servlet.http.HttpServletRequest,java.util.Map<java.lang.String, java.lang.String>)
2018-12-12 13:41:15.947 [main] INFO  o.s.b.a.e.web.servlet.WebMvcEndpointHandlerMapping - Mapped "{[/actuator/refresh],methods=[POST],produces=[application/vnd.spring-boot.actuator.v2+json || application/json]}" onto public java.lang.Object org.springframework.boot.actuate.endpoint.web.servlet.AbstractWebMvcEndpointHandlerMapping$OperationHandler.handle(javax.servlet.http.HttpServletRequest,java.util.Map<java.lang.String, java.lang.String>)
2018-12-12 13:41:15.948 [main] INFO  o.s.b.a.e.web.servlet.WebMvcEndpointHandlerMapping - Mapped "{[/actuator/features],methods=[GET],produces=[application/vnd.spring-boot.actuator.v2+json || application/json]}" onto public java.lang.Object org.springframework.boot.actuate.endpoint.web.servlet.AbstractWebMvcEndpointHandlerMapping$OperationHandler.handle(javax.servlet.http.HttpServletRequest,java.util.Map<java.lang.String, java.lang.String>)
2018-12-12 13:41:15.951 [main] INFO  o.s.b.a.e.web.servlet.WebMvcEndpointHandlerMapping - Mapped "{[/actuator/service-registry],methods=[POST],consumes=[application/vnd.spring-boot.actuator.v2+json || application/json],produces=[application/vnd.spring-boot.actuator.v2+json || application/json]}" onto public java.lang.Object org.springframework.boot.actuate.endpoint.web.servlet.AbstractWebMvcEndpointHandlerMapping$OperationHandler.handle(javax.servlet.http.HttpServletRequest,java.util.Map<java.lang.String, java.lang.String>)
2018-12-12 13:41:15.951 [main] INFO  o.s.b.a.e.web.servlet.WebMvcEndpointHandlerMapping - Mapped "{[/actuator/service-registry],methods=[GET],produces=[application/vnd.spring-boot.actuator.v2+json || application/json]}" onto public java.lang.Object org.springframework.boot.actuate.endpoint.web.servlet.AbstractWebMvcEndpointHandlerMapping$OperationHandler.handle(javax.servlet.http.HttpServletRequest,java.util.Map<java.lang.String, java.lang.String>)
2018-12-12 13:41:15.953 [main] INFO  o.s.b.a.e.web.servlet.WebMvcEndpointHandlerMapping - Mapped "{[/actuator],methods=[GET],produces=[application/vnd.spring-boot.actuator.v2+json || application/json]}" onto protected java.util.Map<java.lang.String, java.util.Map<java.lang.String, org.springframework.boot.actuate.endpoint.web.Link>> org.springframework.boot.actuate.endpoint.web.servlet.WebMvcEndpointHandlerMapping.links(javax.servlet.http.HttpServletRequest,javax.servlet.http.HttpServletResponse)
2018-12-12 13:41:17.206 [main] WARN  org.thymeleaf.templatemode.TemplateMode - [THYMELEAF][main] Template Mode 'HTML5' is deprecated. Using Template Mode 'HTML' instead.
2018-12-12 13:41:18.776 [main] WARN  com.netflix.config.sources.URLConfigurationSource - No URLs will be polled as dynamic configuration sources.
2018-12-12 13:41:18.780 [main] INFO  com.netflix.config.sources.URLConfigurationSource - To enable URLs as dynamic configuration sources, define System property archaius.configurationSource.additionalUrls or make config.properties available on classpath.
2018-12-12 13:41:19.245 [main] INFO  o.s.web.servlet.handler.SimpleUrlHandlerMapping - Mapped URL path [/**/favicon.ico] onto handler of type [class org.springframework.web.servlet.resource.ResourceHttpRequestHandler]
2018-12-12 13:41:20.491 [main] INFO  o.s.w.s.m.m.a.RequestMappingHandlerAdapter - Looking for @ControllerAdvice: org.springframework.web.context.support.GenericWebApplicationContext@22680f52: startup date [Wed Dec 12 13:40:54 CST 2018]; parent: org.springframework.context.annotation.AnnotationConfigApplicationContext@7e3181aa
2018-12-12 13:41:20.863 [main] INFO  o.s.web.servlet.handler.SimpleUrlHandlerMapping - Mapped URL path [/webjars/**] onto handler of type [class org.springframework.web.servlet.resource.ResourceHttpRequestHandler]
2018-12-12 13:41:20.865 [main] INFO  o.s.web.servlet.handler.SimpleUrlHandlerMapping - Mapped URL path [/**] onto handler of type [class org.springframework.web.servlet.resource.ResourceHttpRequestHandler]
2018-12-12 13:41:20.867 [main] INFO  o.s.web.servlet.handler.SimpleUrlHandlerMapping - Mapped URL path [/error/] onto handler of type [class org.springframework.web.servlet.resource.ResourceHttpRequestHandler]
2018-12-12 13:41:20.881 [main] INFO  o.s.web.servlet.handler.SimpleUrlHandlerMapping - Mapped URL path [/swagger-ui.html] onto handler of type [class org.springframework.web.servlet.resource.ResourceHttpRequestHandler]
2018-12-12 13:41:20.901 [main] INFO  o.s.web.servlet.handler.SimpleUrlHandlerMapping - Mapped URL path [/**] onto handler of type [class org.springframework.web.servlet.resource.DefaultServletHttpRequestHandler]
2018-12-12 13:41:21.159 [main] INFO  o.s.b.a.web.servlet.WelcomePageHandlerMapping - Adding welcome page template: index
2018-12-12 13:41:26.459 [main] INFO  o.s.context.support.DefaultLifecycleProcessor - Starting beans in phase 0
2018-12-12 13:41:26.573 [main] INFO  o.s.cloud.netflix.eureka.InstanceInfoFactory - Setting initial instance status as: STARTING
2018-12-12 13:41:26.931 [main] INFO  com.netflix.discovery.DiscoveryClient - Initializing Eureka in region us-east-1
2018-12-12 13:41:28.145 [main] INFO  c.n.discovery.provider.DiscoveryJerseyProvider - Using JSON encoding codec LegacyJacksonJson
2018-12-12 13:41:28.148 [main] INFO  c.n.discovery.provider.DiscoveryJerseyProvider - Using JSON decoding codec LegacyJacksonJson
2018-12-12 13:41:29.021 [main] INFO  c.n.discovery.provider.DiscoveryJerseyProvider - Using XML encoding codec XStreamXml
2018-12-12 13:41:29.023 [main] INFO  c.n.discovery.provider.DiscoveryJerseyProvider - Using XML decoding codec XStreamXml
2018-12-12 13:41:30.221 [main] INFO  c.n.d.shared.resolver.aws.ConfigClusterResolver - Resolving eureka endpoints via configuration
2018-12-12 13:41:30.561 [main] INFO  com.netflix.discovery.DiscoveryClient - Disable delta property : false
2018-12-12 13:41:30.564 [main] INFO  com.netflix.discovery.DiscoveryClient - Single vip registry refresh property : null
2018-12-12 13:41:30.565 [main] INFO  com.netflix.discovery.DiscoveryClient - Force full registry fetch : false
2018-12-12 13:41:30.566 [main] INFO  com.netflix.discovery.DiscoveryClient - Application is null : false
2018-12-12 13:41:30.567 [main] INFO  com.netflix.discovery.DiscoveryClient - Registered Applications size is zero : true
2018-12-12 13:41:30.569 [main] INFO  com.netflix.discovery.DiscoveryClient - Application version is -1: true
2018-12-12 13:41:30.569 [main] INFO  com.netflix.discovery.DiscoveryClient - Getting all instance registry info from the eureka server
2018-12-12 13:41:31.343 [main] INFO  com.netflix.discovery.DiscoveryClient - The response status is 200
2018-12-12 13:41:31.353 [main] INFO  com.netflix.discovery.DiscoveryClient - Starting heartbeat executor: renew interval is: 10
2018-12-12 13:41:31.365 [main] INFO  com.netflix.discovery.InstanceInfoReplicator - InstanceInfoReplicator onDemand update allowed rate per min is 4
2018-12-12 13:41:31.378 [main] INFO  com.netflix.discovery.DiscoveryClient - Discovery Client initialized at timestamp 1544593291376 with initial instances count: 3
2018-12-12 13:41:31.417 [main] INFO  o.s.c.n.e.serviceregistry.EurekaServiceRegistry - Registering application USER with eureka with status UP
2018-12-12 13:41:31.417 [main] INFO  com.netflix.discovery.DiscoveryClient - Saw local status change event StatusChangeEvent [timestamp=1544593291417, current=UP, previous=STARTING]
2018-12-12 13:41:31.425 [DiscoveryClient-InstanceInfoReplicator-0] INFO  com.netflix.discovery.DiscoveryClient - DiscoveryClient_USER/DESKTOP-E4673UL:user:8081: registering service...
2018-12-12 13:41:31.433 [main] INFO  o.s.context.support.DefaultLifecycleProcessor - Starting beans in phase 2147483647
2018-12-12 13:41:31.441 [main] INFO  s.d.s.web.plugins.DocumentationPluginsBootstrapper - Context refreshed
2018-12-12 13:41:31.591 [main] INFO  s.d.s.web.plugins.DocumentationPluginsBootstrapper - Found 1 custom documentation plugin(s)
2018-12-12 13:41:31.647 [DiscoveryClient-InstanceInfoReplicator-0] INFO  com.netflix.discovery.DiscoveryClient - DiscoveryClient_USER/DESKTOP-E4673UL:user:8081 - registration status: 204
2018-12-12 13:41:31.762 [main] INFO  s.d.spring.web.scanners.ApiListingReferenceScanner - Scanning for api listing references
2018-12-12 13:41:32.631 [main] INFO  s.d.s.w.r.operation.CachingOperationNameGenerator - Generating unique operation named: getAllUsingGET_1
2018-12-12 13:41:32.701 [main] INFO  s.d.s.w.r.operation.CachingOperationNameGenerator - Generating unique operation named: getByIdUsingGET_1
2018-12-12 13:41:32.818 [main] INFO  s.d.s.w.r.operation.CachingOperationNameGenerator - Generating unique operation named: getListUsingGET_1
2018-12-12 13:41:32.893 [main] INFO  s.d.s.w.r.operation.CachingOperationNameGenerator - Generating unique operation named: insertUsingPOST_1
2018-12-12 13:41:32.970 [main] INFO  s.d.s.w.r.operation.CachingOperationNameGenerator - Generating unique operation named: searchByNameUsingGET_1
2018-12-12 13:41:33.030 [main] INFO  s.d.s.w.r.operation.CachingOperationNameGenerator - Generating unique operation named: updateByIdUsingPUT_1
2018-12-12 13:41:33.057 [main] INFO  s.d.s.w.r.operation.CachingOperationNameGenerator - Generating unique operation named: deleteByIdUsingDELETE_1
2018-12-12 13:41:33.075 [main] INFO  s.d.s.w.r.operation.CachingOperationNameGenerator - Generating unique operation named: getAllUsingGET_2
2018-12-12 13:41:33.098 [main] INFO  s.d.s.w.r.operation.CachingOperationNameGenerator - Generating unique operation named: getByIdUsingGET_2
2018-12-12 13:41:33.216 [main] INFO  s.d.s.w.r.operation.CachingOperationNameGenerator - Generating unique operation named: insertUsingPOST_2
2018-12-12 13:41:33.253 [main] INFO  s.d.s.w.r.operation.CachingOperationNameGenerator - Generating unique operation named: searchByNameUsingGET_2
2018-12-12 13:41:33.306 [main] INFO  s.d.s.w.r.operation.CachingOperationNameGenerator - Generating unique operation named: updateByIdUsingPUT_2
2018-12-12 13:41:33.361 [main] INFO  s.d.s.w.r.operation.CachingOperationNameGenerator - Generating unique operation named: insertUsingPOST_3
2018-12-12 13:41:33.445 [main] INFO  s.d.s.w.r.operation.CachingOperationNameGenerator - Generating unique operation named: deleteByIdUsingDELETE_2
2018-12-12 13:41:33.468 [main] INFO  s.d.s.w.r.operation.CachingOperationNameGenerator - Generating unique operation named: getByIdUsingGET_3
2018-12-12 13:41:33.502 [main] INFO  s.d.s.w.r.operation.CachingOperationNameGenerator - Generating unique operation named: getListUsingGET_2
2018-12-12 13:41:33.566 [main] INFO  s.d.s.w.r.operation.CachingOperationNameGenerator - Generating unique operation named: insertUsingPOST_4
2018-12-12 13:41:33.585 [main] INFO  s.d.s.w.r.operation.CachingOperationNameGenerator - Generating unique operation named: searchByNameUsingGET_3
2018-12-12 13:41:33.616 [main] INFO  s.d.s.w.r.operation.CachingOperationNameGenerator - Generating unique operation named: updateByIdUsingPUT_3
2018-12-12 13:41:33.653 [main] INFO  s.d.s.w.r.operation.CachingOperationNameGenerator - Generating unique operation named: deleteByIdUsingDELETE_3
2018-12-12 13:41:33.675 [main] INFO  s.d.s.w.r.operation.CachingOperationNameGenerator - Generating unique operation named: getByIdUsingGET_4
2018-12-12 13:41:33.733 [main] INFO  s.d.s.w.r.operation.CachingOperationNameGenerator - Generating unique operation named: getListUsingGET_3
2018-12-12 13:41:33.886 [main] INFO  s.d.s.w.r.operation.CachingOperationNameGenerator - Generating unique operation named: insertUsingPOST_5
2018-12-12 13:41:34.006 [main] INFO  s.d.s.w.r.operation.CachingOperationNameGenerator - Generating unique operation named: updateByIdUsingPUT_4
2018-12-12 13:41:34.026 [main] INFO  s.d.s.w.r.operation.CachingOperationNameGenerator - Generating unique operation named: insertUsingPOST_6
2018-12-12 13:41:34.192 [main] INFO  com.beidou.user.DemoApplicationTests - Started DemoApplicationTests in 46.89 seconds (JVM running for 53.808)
2018-12-12 13:41:35.034 [Thread-8] INFO  o.s.w.context.support.GenericWebApplicationContext - Closing org.springframework.web.context.support.GenericWebApplicationContext@22680f52: startup date [Wed Dec 12 13:40:54 CST 2018]; parent: org.springframework.context.annotation.AnnotationConfigApplicationContext@7e3181aa
2018-12-12 13:41:35.043 [Thread-8] INFO  o.s.c.n.e.serviceregistry.EurekaServiceRegistry - Unregistering application USER with eureka with status DOWN
2018-12-12 13:41:35.069 [Thread-8] WARN  com.netflix.discovery.DiscoveryClient - Saw local status change event StatusChangeEvent [timestamp=1544593295069, current=DOWN, previous=UP]
2018-12-12 13:41:35.069 [DiscoveryClient-InstanceInfoReplicator-0] INFO  com.netflix.discovery.DiscoveryClient - DiscoveryClient_USER/DESKTOP-E4673UL:user:8081: registering service...
2018-12-12 13:41:35.073 [Thread-8] INFO  o.s.context.support.DefaultLifecycleProcessor - Stopping beans in phase 2147483647
2018-12-12 13:41:35.082 [Thread-8] INFO  o.s.context.support.DefaultLifecycleProcessor - Stopping beans in phase 0
2018-12-12 13:41:35.089 [DiscoveryClient-InstanceInfoReplicator-0] INFO  com.netflix.discovery.DiscoveryClient - DiscoveryClient_USER/DESKTOP-E4673UL:user:8081 - registration status: 204
2018-12-12 13:41:35.179 [Thread-8] INFO  com.alibaba.druid.pool.DruidDataSource - {dataSource-1} closed
2018-12-12 13:41:35.182 [Thread-8] INFO  com.netflix.discovery.DiscoveryClient - Shutting down DiscoveryClient ...
2018-12-12 13:41:35.190 [Thread-8] WARN  o.s.c.annotation.CommonAnnotationBeanPostProcessor - Invocation of destroy method failed on bean with name 'scopedTarget.eurekaClient': org.springframework.beans.factory.BeanCreationNotAllowedException: Error creating bean with name 'eurekaInstanceConfigBean': Singleton bean creation not allowed while singletons of this factory are in destruction (Do not request a bean from a BeanFactory in a destroy method implementation!)
