2018-11-08 22:38:36.397 [main] ERROR o.s.b.diagnostics.LoggingFailureAnalysisReporter - 

***************************
APPLICATION FAILED TO START
***************************

Description:

Web server failed to start. Port 8080 was already in use.

Action:

Identify and stop the process that's listening on port 8080 or configure this application to listen on another port.

2018-11-08 22:39:06.105 [DiscoveryClient-CacheRefreshExecutor-0] ERROR com.netflix.discovery.DiscoveryClient - Cannot fetch registry from server
java.lang.IllegalStateException: org.springframework.boot.web.reactive.context.AnnotationConfigReactiveWebServerApplicationContext@d62fe5b has been closed already
	at org.springframework.context.support.AbstractApplicationContext.assertBeanFactoryActive(AbstractApplicationContext.java:1071)
	at org.springframework.context.support.AbstractApplicationContext.getBean(AbstractApplicationContext.java:1086)
	at org.springframework.context.event.ApplicationListenerMethodAdapter.getTargetBean(ApplicationListenerMethodAdapter.java:288)
	at org.springframework.context.event.ApplicationListenerMethodAdapter.doInvoke(ApplicationListenerMethodAdapter.java:258)
	at org.springframework.context.event.ApplicationListenerMethodAdapter.processEvent(ApplicationListenerMethodAdapter.java:180)
	at org.springframework.context.event.ApplicationListenerMethodAdapter.onApplicationEvent(ApplicationListenerMethodAdapter.java:142)
	at org.springframework.context.event.SimpleApplicationEventMulticaster.doInvokeListener(SimpleApplicationEventMulticaster.java:172)
	at org.springframework.context.event.SimpleApplicationEventMulticaster.invokeListener(SimpleApplicationEventMulticaster.java:165)
	at org.springframework.context.event.SimpleApplicationEventMulticaster.multicastEvent(SimpleApplicationEventMulticaster.java:139)
	at org.springframework.context.support.AbstractApplicationContext.publishEvent(AbstractApplicationContext.java:400)
	at org.springframework.context.support.AbstractApplicationContext.publishEvent(AbstractApplicationContext.java:354)
	at org.springframework.cloud.netflix.eureka.CloudEurekaClient.onCacheRefreshed(CloudEurekaClient.java:112)
	at com.netflix.discovery.DiscoveryClient.fetchRegistry(DiscoveryClient.java:981)
	at com.netflix.discovery.DiscoveryClient.refreshRegistry(DiscoveryClient.java:1473)
	at com.netflix.discovery.DiscoveryClient$CacheRefreshThread.run(DiscoveryClient.java:1440)
	at java.util.concurrent.Executors$RunnableAdapter.call(Executors.java:511)
	at java.util.concurrent.FutureTask.run(FutureTask.java:266)
	at java.util.concurrent.ThreadPoolExecutor.runWorker(ThreadPoolExecutor.java:1149)
	at java.util.concurrent.ThreadPoolExecutor$Worker.run(ThreadPoolExecutor.java:624)
	at java.lang.Thread.run(Thread.java:748)
2018-11-08 22:39:36.136 [DiscoveryClient-CacheRefreshExecutor-0] ERROR com.netflix.discovery.DiscoveryClient - Cannot fetch registry from server
java.lang.IllegalStateException: org.springframework.boot.web.reactive.context.AnnotationConfigReactiveWebServerApplicationContext@d62fe5b has been closed already
	at org.springframework.context.support.AbstractApplicationContext.assertBeanFactoryActive(AbstractApplicationContext.java:1071)
	at org.springframework.context.support.AbstractApplicationContext.getBean(AbstractApplicationContext.java:1086)
	at org.springframework.context.event.ApplicationListenerMethodAdapter.getTargetBean(ApplicationListenerMethodAdapter.java:288)
	at org.springframework.context.event.ApplicationListenerMethodAdapter.doInvoke(ApplicationListenerMethodAdapter.java:258)
	at org.springframework.context.event.ApplicationListenerMethodAdapter.processEvent(ApplicationListenerMethodAdapter.java:180)
	at org.springframework.context.event.ApplicationListenerMethodAdapter.onApplicationEvent(ApplicationListenerMethodAdapter.java:142)
	at org.springframework.context.event.SimpleApplicationEventMulticaster.doInvokeListener(SimpleApplicationEventMulticaster.java:172)
	at org.springframework.context.event.SimpleApplicationEventMulticaster.invokeListener(SimpleApplicationEventMulticaster.java:165)
	at org.springframework.context.event.SimpleApplicationEventMulticaster.multicastEvent(SimpleApplicationEventMulticaster.java:139)
	at org.springframework.context.support.AbstractApplicationContext.publishEvent(AbstractApplicationContext.java:400)
	at org.springframework.context.support.AbstractApplicationContext.publishEvent(AbstractApplicationContext.java:354)
	at org.springframework.cloud.netflix.eureka.CloudEurekaClient.onCacheRefreshed(CloudEurekaClient.java:112)
	at com.netflix.discovery.DiscoveryClient.fetchRegistry(DiscoveryClient.java:981)
	at com.netflix.discovery.DiscoveryClient.refreshRegistry(DiscoveryClient.java:1473)
	at com.netflix.discovery.DiscoveryClient$CacheRefreshThread.run(DiscoveryClient.java:1440)
	at java.util.concurrent.Executors$RunnableAdapter.call(Executors.java:511)
	at java.util.concurrent.FutureTask.run(FutureTask.java:266)
	at java.util.concurrent.ThreadPoolExecutor.runWorker(ThreadPoolExecutor.java:1149)
	at java.util.concurrent.ThreadPoolExecutor$Worker.run(ThreadPoolExecutor.java:624)
	at java.lang.Thread.run(Thread.java:748)
2018-11-08 22:40:15.307 [main] ERROR o.s.b.diagnostics.LoggingFailureAnalysisReporter - 

***************************
APPLICATION FAILED TO START
***************************

Description:

Web server failed to start. Port 8080 was already in use.

Action:

Identify and stop the process that's listening on port 8080 or configure this application to listen on another port.

2018-11-08 22:40:45.031 [DiscoveryClient-CacheRefreshExecutor-0] ERROR com.netflix.discovery.DiscoveryClient - Cannot fetch registry from server
java.lang.IllegalStateException: org.springframework.boot.web.reactive.context.AnnotationConfigReactiveWebServerApplicationContext@db57326 has been closed already
	at org.springframework.context.support.AbstractApplicationContext.assertBeanFactoryActive(AbstractApplicationContext.java:1071)
	at org.springframework.context.support.AbstractApplicationContext.getBean(AbstractApplicationContext.java:1086)
	at org.springframework.context.event.ApplicationListenerMethodAdapter.getTargetBean(ApplicationListenerMethodAdapter.java:288)
	at org.springframework.context.event.ApplicationListenerMethodAdapter.doInvoke(ApplicationListenerMethodAdapter.java:258)
	at org.springframework.context.event.ApplicationListenerMethodAdapter.processEvent(ApplicationListenerMethodAdapter.java:180)
	at org.springframework.context.event.ApplicationListenerMethodAdapter.onApplicationEvent(ApplicationListenerMethodAdapter.java:142)
	at org.springframework.context.event.SimpleApplicationEventMulticaster.doInvokeListener(SimpleApplicationEventMulticaster.java:172)
	at org.springframework.context.event.SimpleApplicationEventMulticaster.invokeListener(SimpleApplicationEventMulticaster.java:165)
	at org.springframework.context.event.SimpleApplicationEventMulticaster.multicastEvent(SimpleApplicationEventMulticaster.java:139)
	at org.springframework.context.support.AbstractApplicationContext.publishEvent(AbstractApplicationContext.java:400)
	at org.springframework.context.support.AbstractApplicationContext.publishEvent(AbstractApplicationContext.java:354)
	at org.springframework.cloud.netflix.eureka.CloudEurekaClient.onCacheRefreshed(CloudEurekaClient.java:112)
	at com.netflix.discovery.DiscoveryClient.fetchRegistry(DiscoveryClient.java:981)
	at com.netflix.discovery.DiscoveryClient.refreshRegistry(DiscoveryClient.java:1473)
	at com.netflix.discovery.DiscoveryClient$CacheRefreshThread.run(DiscoveryClient.java:1440)
	at java.util.concurrent.Executors$RunnableAdapter.call(Executors.java:511)
	at java.util.concurrent.FutureTask.run(FutureTask.java:266)
	at java.util.concurrent.ThreadPoolExecutor.runWorker(ThreadPoolExecutor.java:1149)
	at java.util.concurrent.ThreadPoolExecutor$Worker.run(ThreadPoolExecutor.java:624)
	at java.lang.Thread.run(Thread.java:748)
2018-11-08 22:41:15.066 [DiscoveryClient-CacheRefreshExecutor-0] ERROR com.netflix.discovery.DiscoveryClient - Cannot fetch registry from server
java.lang.IllegalStateException: org.springframework.boot.web.reactive.context.AnnotationConfigReactiveWebServerApplicationContext@db57326 has been closed already
	at org.springframework.context.support.AbstractApplicationContext.assertBeanFactoryActive(AbstractApplicationContext.java:1071)
	at org.springframework.context.support.AbstractApplicationContext.getBean(AbstractApplicationContext.java:1086)
	at org.springframework.context.event.ApplicationListenerMethodAdapter.getTargetBean(ApplicationListenerMethodAdapter.java:288)
	at org.springframework.context.event.ApplicationListenerMethodAdapter.doInvoke(ApplicationListenerMethodAdapter.java:258)
	at org.springframework.context.event.ApplicationListenerMethodAdapter.processEvent(ApplicationListenerMethodAdapter.java:180)
	at org.springframework.context.event.ApplicationListenerMethodAdapter.onApplicationEvent(ApplicationListenerMethodAdapter.java:142)
	at org.springframework.context.event.SimpleApplicationEventMulticaster.doInvokeListener(SimpleApplicationEventMulticaster.java:172)
	at org.springframework.context.event.SimpleApplicationEventMulticaster.invokeListener(SimpleApplicationEventMulticaster.java:165)
	at org.springframework.context.event.SimpleApplicationEventMulticaster.multicastEvent(SimpleApplicationEventMulticaster.java:139)
	at org.springframework.context.support.AbstractApplicationContext.publishEvent(AbstractApplicationContext.java:400)
	at org.springframework.context.support.AbstractApplicationContext.publishEvent(AbstractApplicationContext.java:354)
	at org.springframework.cloud.netflix.eureka.CloudEurekaClient.onCacheRefreshed(CloudEurekaClient.java:112)
	at com.netflix.discovery.DiscoveryClient.fetchRegistry(DiscoveryClient.java:981)
	at com.netflix.discovery.DiscoveryClient.refreshRegistry(DiscoveryClient.java:1473)
	at com.netflix.discovery.DiscoveryClient$CacheRefreshThread.run(DiscoveryClient.java:1440)
	at java.util.concurrent.Executors$RunnableAdapter.call(Executors.java:511)
	at java.util.concurrent.FutureTask.run(FutureTask.java:266)
	at java.util.concurrent.ThreadPoolExecutor.runWorker(ThreadPoolExecutor.java:1149)
	at java.util.concurrent.ThreadPoolExecutor$Worker.run(ThreadPoolExecutor.java:624)
	at java.lang.Thread.run(Thread.java:748)
2018-11-08 22:47:41.933 [reactor-http-nio-2] ERROR o.s.web.server.adapter.HttpWebHandlerAdapter - Unhandled failure: 你的主机中的软件中止了一个已建立的连接。, response already set (status=null)
2018-11-08 22:48:29.761 [reactor-http-nio-1] ERROR o.s.web.server.adapter.HttpWebHandlerAdapter - Unhandled failure: 你的主机中的软件中止了一个已建立的连接。, response already set (status=null)
2018-11-08 22:55:17.257 [reactor-http-nio-1] ERROR o.s.web.server.adapter.HttpWebHandlerAdapter - Unhandled failure: 你的主机中的软件中止了一个已建立的连接。, response already set (status=null)
2018-11-08 22:55:37.543 [reactor-http-nio-2] ERROR o.s.web.server.adapter.HttpWebHandlerAdapter - Unhandled failure: 你的主机中的软件中止了一个已建立的连接。, response already set (status=null)
2018-11-08 22:55:47.757 [reactor-http-nio-4] ERROR o.s.web.server.adapter.HttpWebHandlerAdapter - Unhandled failure: 你的主机中的软件中止了一个已建立的连接。, response already set (status=null)
2018-11-08 22:55:49.067 [reactor-http-nio-1] ERROR o.s.web.server.adapter.HttpWebHandlerAdapter - Unhandled failure: 你的主机中的软件中止了一个已建立的连接。, response already set (status=null)
2018-11-08 22:55:50.209 [reactor-http-nio-2] ERROR o.s.web.server.adapter.HttpWebHandlerAdapter - Unhandled failure: 你的主机中的软件中止了一个已建立的连接。, response already set (status=null)
2018-11-08 22:55:51.303 [reactor-http-nio-3] ERROR o.s.web.server.adapter.HttpWebHandlerAdapter - Unhandled failure: 你的主机中的软件中止了一个已建立的连接。, response already set (status=null)
2018-11-08 22:55:52.540 [reactor-http-nio-4] ERROR o.s.web.server.adapter.HttpWebHandlerAdapter - Unhandled failure: 你的主机中的软件中止了一个已建立的连接。, response already set (status=null)
2018-11-08 22:55:54.137 [reactor-http-nio-1] ERROR o.s.web.server.adapter.HttpWebHandlerAdapter - Unhandled failure: 你的主机中的软件中止了一个已建立的连接。, response already set (status=null)
2018-11-08 22:56:05.438 [reactor-http-nio-2] ERROR o.s.web.server.adapter.HttpWebHandlerAdapter - Unhandled failure: 你的主机中的软件中止了一个已建立的连接。, response already set (status=null)
2018-11-08 22:56:07.463 [reactor-http-nio-4] ERROR o.s.web.server.adapter.HttpWebHandlerAdapter - Unhandled failure: 你的主机中的软件中止了一个已建立的连接。, response already set (status=null)
2018-11-08 22:56:12.971 [reactor-http-nio-1] ERROR o.s.web.server.adapter.HttpWebHandlerAdapter - Unhandled failure: 你的主机中的软件中止了一个已建立的连接。, response already set (status=null)
2018-11-08 22:56:26.568 [reactor-http-nio-3] ERROR o.s.web.server.adapter.HttpWebHandlerAdapter - Unhandled failure: 你的主机中的软件中止了一个已建立的连接。, response already set (status=null)
2018-11-08 22:56:38.813 [reactor-http-nio-2] ERROR o.s.web.server.adapter.HttpWebHandlerAdapter - Unhandled failure: 你的主机中的软件中止了一个已建立的连接。, response already set (status=null)
2018-11-08 22:56:40.213 [reactor-http-nio-4] ERROR o.s.web.server.adapter.HttpWebHandlerAdapter - Unhandled failure: 你的主机中的软件中止了一个已建立的连接。, response already set (status=null)
