2018-11-06 11:26:38.989 [main] INFO  o.s.c.a.AnnotationConfigApplicationContext - Refreshing org.springframework.context.annotation.AnnotationConfigApplicationContext@7fee8714: startup date [Tue Nov 06 11:26:38 CST 2018]; root of context hierarchy
2018-11-06 11:26:39.797 [main] INFO  o.s.b.f.a.AutowiredAnnotationBeanPostProcessor - JSR-330 'javax.inject.Inject' annotation found and supported for autowiring
2018-11-06 11:26:39.919 [main] INFO  o.s.c.s.PostProcessorRegistrationDelegate$BeanPostProcessorChecker - Bean 'configurationPropertiesRebinderAutoConfiguration' of type [org.springframework.cloud.autoconfigure.ConfigurationPropertiesRebinderAutoConfiguration$$EnhancerBySpringCGLIB$$65be9963] is not eligible for getting processed by all BeanPostProcessors (for example: not eligible for auto-proxying)
2018-11-06 11:26:41.257 [main] INFO  com.beidou.monitor.MonitorApplication - No active profile set, falling back to default profiles: default
2018-11-06 11:26:41.308 [main] INFO  o.s.b.w.r.c.AnnotationConfigReactiveWebServerApplicationContext - Refreshing org.springframework.boot.web.reactive.context.AnnotationConfigReactiveWebServerApplicationContext@386f0da3: startup date [Tue Nov 06 11:26:41 CST 2018]; parent: org.springframework.context.annotation.AnnotationConfigApplicationContext@7fee8714
2018-11-06 11:26:44.952 [main] INFO  o.springframework.cloud.context.scope.GenericScope - BeanFactory id=4bf61f61-2e6f-3edb-b379-d20618f955ac
2018-11-06 11:26:45.004 [main] INFO  o.s.b.f.a.AutowiredAnnotationBeanPostProcessor - JSR-330 'javax.inject.Inject' annotation found and supported for autowiring
2018-11-06 11:26:45.432 [main] INFO  o.s.c.s.PostProcessorRegistrationDelegate$BeanPostProcessorChecker - Bean 'org.springframework.cloud.autoconfigure.ConfigurationPropertiesRebinderAutoConfiguration' of type [org.springframework.cloud.autoconfigure.ConfigurationPropertiesRebinderAutoConfiguration$$EnhancerBySpringCGLIB$$65be9963] is not eligible for getting processed by all BeanPostProcessors (for example: not eligible for auto-proxying)
2018-11-06 11:26:46.131 [main] WARN  reactor.ipc.netty.tcp.TcpResources - [http] resources will use the default LoopResources: DefaultLoopResources {prefix=reactor-http, daemon=true, selectCount=4, workerCount=4}
2018-11-06 11:26:46.133 [main] WARN  reactor.ipc.netty.tcp.TcpResources - [http] resources will use the default PoolResources: DefaultPoolResources {name=http, provider=reactor.ipc.netty.resources.PoolResources$$Lambda$236/1715657818@43da41e}
2018-11-06 11:26:46.415 [main] WARN  com.netflix.config.sources.URLConfigurationSource - No URLs will be polled as dynamic configuration sources.
2018-11-06 11:26:46.418 [main] INFO  com.netflix.config.sources.URLConfigurationSource - To enable URLs as dynamic configuration sources, define System property archaius.configurationSource.additionalUrls or make config.properties available on classpath.
2018-11-06 11:26:46.442 [main] WARN  com.netflix.config.sources.URLConfigurationSource - No URLs will be polled as dynamic configuration sources.
2018-11-06 11:26:46.449 [main] INFO  com.netflix.config.sources.URLConfigurationSource - To enable URLs as dynamic configuration sources, define System property archaius.configurationSource.additionalUrls or make config.properties available on classpath.
2018-11-06 11:26:47.430 [main] WARN  o.s.b.a.t.ThymeleafAutoConfiguration$DefaultTemplateResolverConfiguration - Cannot find template location: classpath:/templates/ (please add some templates or check your Thymeleaf configuration)
2018-11-06 11:26:48.160 [main] INFO  o.s.web.reactive.handler.SimpleUrlHandlerMapping - Mapped URL path [/webjars/**] onto handler of type [class org.springframework.web.reactive.resource.ResourceWebHandler]
2018-11-06 11:26:48.161 [main] INFO  o.s.web.reactive.handler.SimpleUrlHandlerMapping - Mapped URL path [/**] onto handler of type [class org.springframework.web.reactive.resource.ResourceWebHandler]
2018-11-06 11:26:48.316 [main] INFO  d.c.b.a.s.w.reactive.AdminControllerHandlerMapping - Mapped "{[/instances/{instanceId}/actuator/**],methods=[GET || HEAD || POST || PUT || PATCH || DELETE || OPTIONS]}" onto public reactor.core.publisher.Mono<java.lang.Void> de.codecentric.boot.admin.server.web.reactive.InstancesProxyController.endpointProxy(java.lang.String,org.springframework.http.server.reactive.ServerHttpRequest,org.springframework.http.server.reactive.ServerHttpResponse)
2018-11-06 11:26:48.377 [main] INFO  d.c.b.a.s.w.reactive.AdminControllerHandlerMapping - Mapped "{[/instances],methods=[POST],consumes=[application/json]}" onto public reactor.core.publisher.Mono<org.springframework.http.ResponseEntity<java.util.Map<java.lang.String, de.codecentric.boot.admin.server.domain.values.InstanceId>>> de.codecentric.boot.admin.server.web.InstancesController.register(de.codecentric.boot.admin.server.domain.values.Registration,org.springframework.web.util.UriComponentsBuilder)
2018-11-06 11:26:48.380 [main] INFO  d.c.b.a.s.w.reactive.AdminControllerHandlerMapping - Mapped "{[/instances/{id}],methods=[GET],produces=[application/json]}" onto public reactor.core.publisher.Mono<org.springframework.http.ResponseEntity<de.codecentric.boot.admin.server.domain.entities.Instance>> de.codecentric.boot.admin.server.web.InstancesController.instance(java.lang.String)
2018-11-06 11:26:48.381 [main] INFO  d.c.b.a.s.w.reactive.AdminControllerHandlerMapping - Mapped "{[/instances/{id}],methods=[DELETE]}" onto public reactor.core.publisher.Mono<org.springframework.http.ResponseEntity<java.lang.Void>> de.codecentric.boot.admin.server.web.InstancesController.unregister(java.lang.String)
2018-11-06 11:26:48.384 [main] INFO  d.c.b.a.s.w.reactive.AdminControllerHandlerMapping - Mapped "{[/instances],methods=[GET],produces=[application/json]}" onto public reactor.core.publisher.Flux<de.codecentric.boot.admin.server.domain.entities.Instance> de.codecentric.boot.admin.server.web.InstancesController.instances(java.lang.String)
2018-11-06 11:26:48.385 [main] INFO  d.c.b.a.s.w.reactive.AdminControllerHandlerMapping - Mapped "{[/instances/events],methods=[GET],produces=[application/json]}" onto public reactor.core.publisher.Flux<de.codecentric.boot.admin.server.domain.events.InstanceEvent> de.codecentric.boot.admin.server.web.InstancesController.events()
2018-11-06 11:26:48.388 [main] INFO  d.c.b.a.s.w.reactive.AdminControllerHandlerMapping - Mapped "{[/instances/events],methods=[GET],produces=[text/event-stream]}" onto public reactor.core.publisher.Flux<org.springframework.http.codec.ServerSentEvent<de.codecentric.boot.admin.server.domain.events.InstanceEvent>> de.codecentric.boot.admin.server.web.InstancesController.eventStream()
2018-11-06 11:26:48.389 [main] INFO  d.c.b.a.s.w.reactive.AdminControllerHandlerMapping - Mapped "{[/instances/{id}],methods=[GET],produces=[text/event-stream]}" onto public reactor.core.publisher.Flux<org.springframework.http.codec.ServerSentEvent<de.codecentric.boot.admin.server.domain.entities.Instance>> de.codecentric.boot.admin.server.web.InstancesController.instanceStream(java.lang.String)
2018-11-06 11:26:48.404 [main] INFO  d.c.b.a.s.w.reactive.AdminControllerHandlerMapping - Mapped "{[/applications/{name}],methods=[DELETE]}" onto public reactor.core.publisher.Mono<org.springframework.http.ResponseEntity<java.lang.Void>> de.codecentric.boot.admin.server.web.ApplicationsController.unregister(java.lang.String)
2018-11-06 11:26:48.405 [main] INFO  d.c.b.a.s.w.reactive.AdminControllerHandlerMapping - Mapped "{[/applications],methods=[GET],produces=[text/event-stream]}" onto public reactor.core.publisher.Flux<org.springframework.http.codec.ServerSentEvent<de.codecentric.boot.admin.server.web.ApplicationsController$Application>> de.codecentric.boot.admin.server.web.ApplicationsController.applicationsStream()
2018-11-06 11:26:48.409 [main] INFO  d.c.b.a.s.w.reactive.AdminControllerHandlerMapping - Mapped "{[/applications],methods=[GET],produces=[application/json]}" onto public reactor.core.publisher.Flux<de.codecentric.boot.admin.server.web.ApplicationsController$Application> de.codecentric.boot.admin.server.web.ApplicationsController.applications()
2018-11-06 11:26:48.415 [main] INFO  d.c.b.a.s.w.reactive.AdminControllerHandlerMapping - Mapped "{[/],methods=[GET],produces=[text/html]}" onto public java.lang.String de.codecentric.boot.admin.server.ui.web.UiController.index()
2018-11-06 11:26:48.418 [main] INFO  d.c.b.a.s.w.reactive.AdminControllerHandlerMapping - Mapped "{[/login],methods=[GET],produces=[text/html]}" onto public java.lang.String de.codecentric.boot.admin.server.ui.web.UiController.login()
2018-11-06 11:26:55.034 [main] INFO  o.s.b.actuate.endpoint.web.EndpointLinksResolver - Exposing 2 endpoint(s) beneath base path '/actuator'
2018-11-06 11:26:55.342 [main] INFO  o.s.b.a.e.w.reactive.WebFluxEndpointHandlerMapping - Mapped "{[/actuator/health],methods=[GET],produces=[application/vnd.spring-boot.actuator.v2+json || application/json]}" onto public org.reactivestreams.Publisher<org.springframework.http.ResponseEntity<java.lang.Object>> org.springframework.boot.actuate.endpoint.web.reactive.AbstractWebFluxEndpointHandlerMapping$ReadOperationHandler.handle(org.springframework.web.server.ServerWebExchange)
2018-11-06 11:26:55.346 [main] INFO  o.s.b.a.e.w.reactive.WebFluxEndpointHandlerMapping - Mapped "{[/actuator/info],methods=[GET],produces=[application/vnd.spring-boot.actuator.v2+json || application/json]}" onto public org.reactivestreams.Publisher<org.springframework.http.ResponseEntity<java.lang.Object>> org.springframework.boot.actuate.endpoint.web.reactive.AbstractWebFluxEndpointHandlerMapping$ReadOperationHandler.handle(org.springframework.web.server.ServerWebExchange)
2018-11-06 11:26:55.348 [main] INFO  o.s.b.a.e.w.reactive.WebFluxEndpointHandlerMapping - Mapped "{[/actuator],methods=[GET],produces=[application/vnd.spring-boot.actuator.v2+json || application/json]}" onto protected java.util.Map<java.lang.String, java.util.Map<java.lang.String, org.springframework.boot.actuate.endpoint.web.Link>> org.springframework.boot.actuate.endpoint.web.reactive.WebFluxEndpointHandlerMapping.links(org.springframework.web.server.ServerWebExchange)
2018-11-06 11:26:55.552 [main] INFO  o.s.w.r.r.m.annotation.ControllerMethodResolver - Looking for @ControllerAdvice: org.springframework.boot.web.reactive.context.AnnotationConfigReactiveWebServerApplicationContext@386f0da3: startup date [Tue Nov 06 11:26:41 CST 2018]; parent: org.springframework.context.annotation.AnnotationConfigApplicationContext@7fee8714
2018-11-06 11:26:59.405 [main] INFO  o.s.jmx.export.annotation.AnnotationMBeanExporter - Registering beans for JMX exposure on startup
2018-11-06 11:26:59.426 [main] INFO  o.s.jmx.export.annotation.AnnotationMBeanExporter - Bean with name 'refreshScope' has been autodetected for JMX exposure
2018-11-06 11:26:59.431 [main] INFO  o.s.jmx.export.annotation.AnnotationMBeanExporter - Bean with name 'environmentManager' has been autodetected for JMX exposure
2018-11-06 11:26:59.434 [main] INFO  o.s.jmx.export.annotation.AnnotationMBeanExporter - Bean with name 'configurationPropertiesRebinder' has been autodetected for JMX exposure
2018-11-06 11:26:59.442 [main] INFO  o.s.jmx.export.annotation.AnnotationMBeanExporter - Located managed bean 'environmentManager': registering with JMX server as MBean [org.springframework.cloud.context.environment:name=environmentManager,type=EnvironmentManager]
2018-11-06 11:26:59.464 [main] INFO  o.s.jmx.export.annotation.AnnotationMBeanExporter - Located managed bean 'refreshScope': registering with JMX server as MBean [org.springframework.cloud.context.scope.refresh:name=refreshScope,type=RefreshScope]
2018-11-06 11:26:59.509 [main] INFO  o.s.jmx.export.annotation.AnnotationMBeanExporter - Located managed bean 'configurationPropertiesRebinder': registering with JMX server as MBean [org.springframework.cloud.context.properties:name=configurationPropertiesRebinder,context=386f0da3,type=ConfigurationPropertiesRebinder]
2018-11-06 11:26:59.531 [main] INFO  o.s.context.support.DefaultLifecycleProcessor - Starting beans in phase 0
2018-11-06 11:26:59.564 [main] INFO  o.s.cloud.netflix.eureka.InstanceInfoFactory - Setting initial instance status as: STARTING
2018-11-06 11:27:00.306 [main] INFO  com.netflix.discovery.DiscoveryClient - Initializing Eureka in region us-east-1
2018-11-06 11:27:01.044 [main] INFO  c.n.discovery.provider.DiscoveryJerseyProvider - Using JSON encoding codec LegacyJacksonJson
2018-11-06 11:27:01.051 [main] INFO  c.n.discovery.provider.DiscoveryJerseyProvider - Using JSON decoding codec LegacyJacksonJson
2018-11-06 11:27:01.537 [main] INFO  c.n.discovery.provider.DiscoveryJerseyProvider - Using XML encoding codec XStreamXml
2018-11-06 11:27:01.538 [main] INFO  c.n.discovery.provider.DiscoveryJerseyProvider - Using XML decoding codec XStreamXml
2018-11-06 11:27:03.174 [main] INFO  c.n.d.shared.resolver.aws.ConfigClusterResolver - Resolving eureka endpoints via configuration
2018-11-06 11:27:04.058 [main] INFO  com.netflix.discovery.DiscoveryClient - Disable delta property : false
2018-11-06 11:27:04.063 [main] INFO  com.netflix.discovery.DiscoveryClient - Single vip registry refresh property : null
2018-11-06 11:27:04.067 [main] INFO  com.netflix.discovery.DiscoveryClient - Force full registry fetch : false
2018-11-06 11:27:04.069 [main] INFO  com.netflix.discovery.DiscoveryClient - Application is null : false
2018-11-06 11:27:04.069 [main] INFO  com.netflix.discovery.DiscoveryClient - Registered Applications size is zero : true
2018-11-06 11:27:04.072 [main] INFO  com.netflix.discovery.DiscoveryClient - Application version is -1: true
2018-11-06 11:27:04.073 [main] INFO  com.netflix.discovery.DiscoveryClient - Getting all instance registry info from the eureka server
2018-11-06 11:27:05.116 [main] INFO  com.netflix.discovery.DiscoveryClient - The response status is 200
2018-11-06 11:27:05.126 [main] INFO  com.netflix.discovery.DiscoveryClient - Starting heartbeat executor: renew interval is: 30
2018-11-06 11:27:05.135 [main] INFO  com.netflix.discovery.InstanceInfoReplicator - InstanceInfoReplicator onDemand update allowed rate per min is 4
2018-11-06 11:27:05.144 [main] INFO  com.netflix.discovery.DiscoveryClient - Discovery Client initialized at timestamp 1541474825142 with initial instances count: 2
2018-11-06 11:27:05.162 [main] INFO  o.s.c.n.e.serviceregistry.EurekaServiceRegistry - Registering application MONITOR with eureka with status UP
2018-11-06 11:27:05.167 [main] INFO  com.netflix.discovery.DiscoveryClient - Saw local status change event StatusChangeEvent [timestamp=1541474825166, current=UP, previous=STARTING]
2018-11-06 11:27:05.183 [DiscoveryClient-InstanceInfoReplicator-0] INFO  com.netflix.discovery.DiscoveryClient - DiscoveryClient_MONITOR/DESKTOP-E4673UL:monitor: registering service...
2018-11-06 11:27:05.304 [DiscoveryClient-InstanceInfoReplicator-0] INFO  com.netflix.discovery.DiscoveryClient - DiscoveryClient_MONITOR/DESKTOP-E4673UL:monitor - registration status: 204
2018-11-06 11:27:06.721 [reactor-http-nio-1] INFO  reactor.ipc.netty.tcp.BlockingNettyContext - Started HttpServer on /0:0:0:0:0:0:0:0:8080
2018-11-06 11:27:06.724 [main] INFO  o.s.boot.web.embedded.netty.NettyWebServer - Netty started on port(s): 8080
2018-11-06 11:27:06.729 [main] INFO  o.s.c.n.e.s.EurekaAutoServiceRegistration - Updating port to 8080
2018-11-06 11:27:06.735 [main] INFO  com.beidou.monitor.MonitorApplication - Started MonitorApplication in 30.43 seconds (JVM running for 36.426)
2018-11-06 11:32:04.080 [AsyncResolver-bootstrap-executor-0] INFO  c.n.d.shared.resolver.aws.ConfigClusterResolver - Resolving eureka endpoints via configuration
2018-11-06 11:32:11.831 [reactor-http-nio-3] WARN  o.s.b.a.w.r.error.DefaultErrorWebExceptionHandler - Failed to handle request [GET http://desktop-e4673ul:8080/favicon.ico]: Response status 404
2018-11-06 11:33:49.516 [reactor-http-nio-3] INFO  d.c.boot.admin.server.services.StatusUpdater - Couldn't retrieve status for Instance(id=21e71f07d1f6, version=1, registration=Registration(name=USER, managementUrl=http://DESKTOP-E4673UL:4000/actuator, healthUrl=http://DESKTOP-E4673UL:4000/actuator/health, serviceUrl=http://DESKTOP-E4673UL:4000/, source=discovery), registered=true, statusInfo=StatusInfo(status=DOWN, details={path=/actuator/health, error=Unauthorized, message=Unauthorized, status=401, timestamp=2018-11-06T03:30:35.623+0000}), statusTimestamp=2018-11-06T03:30:35.653Z, info=Info(values={}), endpoints=Endpoints(endpoints={health=Endpoint(id=health, url=http://DESKTOP-E4673UL:4000/actuator/health)}), buildVersion=null)
io.netty.channel.AbstractChannel$AnnotatedConnectException: Connection refused: no further information: DESKTOP-E4673UL/172.31.60.72:4000
	at sun.nio.ch.SocketChannelImpl.checkConnect(Native Method)
	at sun.nio.ch.SocketChannelImpl.finishConnect(SocketChannelImpl.java:717)
	at io.netty.channel.socket.nio.NioSocketChannel.doFinishConnect(NioSocketChannel.java:327)
	at io.netty.channel.nio.AbstractNioChannel$AbstractNioUnsafe.finishConnect(AbstractNioChannel.java:340)
	at io.netty.channel.nio.NioEventLoop.processSelectedKey(NioEventLoop.java:616)
	at io.netty.channel.nio.NioEventLoop.processSelectedKeysOptimized(NioEventLoop.java:563)
	at io.netty.channel.nio.NioEventLoop.processSelectedKeys(NioEventLoop.java:480)
	at io.netty.channel.nio.NioEventLoop.run(NioEventLoop.java:442)
	at io.netty.util.concurrent.SingleThreadEventExecutor$5.run(SingleThreadEventExecutor.java:884)
	at java.lang.Thread.run(Thread.java:748)
Caused by: java.net.ConnectException: Connection refused: no further information
	... 10 common frames omitted
2018-11-06 11:37:04.086 [AsyncResolver-bootstrap-executor-0] INFO  c.n.d.shared.resolver.aws.ConfigClusterResolver - Resolving eureka endpoints via configuration
2018-11-06 11:37:05.516 [DiscoveryClient-CacheRefreshExecutor-0] INFO  d.c.b.a.s.c.discovery.InstanceDiscoveryListener - Instance (21e71f07d1f6) missing in DiscoveryClient services 
2018-11-06 11:37:35.545 [DiscoveryClient-CacheRefreshExecutor-0] INFO  d.c.b.a.s.c.discovery.InstanceDiscoveryListener - Instance (21e71f07d1f6) missing in DiscoveryClient services 
2018-11-06 11:38:05.567 [DiscoveryClient-CacheRefreshExecutor-0] INFO  d.c.b.a.s.c.discovery.InstanceDiscoveryListener - Instance (21e71f07d1f6) missing in DiscoveryClient services 
2018-11-06 11:38:35.582 [DiscoveryClient-CacheRefreshExecutor-0] INFO  d.c.b.a.s.c.discovery.InstanceDiscoveryListener - Instance (21e71f07d1f6) missing in DiscoveryClient services 
2018-11-06 11:39:05.602 [DiscoveryClient-CacheRefreshExecutor-0] INFO  d.c.b.a.s.c.discovery.InstanceDiscoveryListener - Instance (21e71f07d1f6) missing in DiscoveryClient services 
2018-11-06 11:39:35.618 [DiscoveryClient-CacheRefreshExecutor-0] INFO  d.c.b.a.s.c.discovery.InstanceDiscoveryListener - Instance (21e71f07d1f6) missing in DiscoveryClient services 
2018-11-06 11:40:05.630 [DiscoveryClient-CacheRefreshExecutor-0] INFO  d.c.b.a.s.c.discovery.InstanceDiscoveryListener - Instance (21e71f07d1f6) missing in DiscoveryClient services 
2018-11-06 11:40:35.648 [DiscoveryClient-CacheRefreshExecutor-0] INFO  d.c.b.a.s.c.discovery.InstanceDiscoveryListener - Instance (21e71f07d1f6) missing in DiscoveryClient services 
2018-11-06 11:41:05.663 [DiscoveryClient-CacheRefreshExecutor-0] INFO  d.c.b.a.s.c.discovery.InstanceDiscoveryListener - Instance (21e71f07d1f6) missing in DiscoveryClient services 
2018-11-06 11:41:35.683 [DiscoveryClient-CacheRefreshExecutor-0] INFO  d.c.b.a.s.c.discovery.InstanceDiscoveryListener - Instance (21e71f07d1f6) missing in DiscoveryClient services 
2018-11-06 11:42:04.089 [AsyncResolver-bootstrap-executor-0] INFO  c.n.d.shared.resolver.aws.ConfigClusterResolver - Resolving eureka endpoints via configuration
2018-11-06 11:42:05.703 [DiscoveryClient-CacheRefreshExecutor-0] INFO  d.c.b.a.s.c.discovery.InstanceDiscoveryListener - Instance (21e71f07d1f6) missing in DiscoveryClient services 
2018-11-06 11:42:35.719 [DiscoveryClient-CacheRefreshExecutor-0] INFO  d.c.b.a.s.c.discovery.InstanceDiscoveryListener - Instance (21e71f07d1f6) missing in DiscoveryClient services 
2018-11-06 11:43:05.739 [DiscoveryClient-CacheRefreshExecutor-0] INFO  d.c.b.a.s.c.discovery.InstanceDiscoveryListener - Instance (21e71f07d1f6) missing in DiscoveryClient services 
2018-11-06 11:43:35.753 [DiscoveryClient-CacheRefreshExecutor-0] INFO  d.c.b.a.s.c.discovery.InstanceDiscoveryListener - Instance (21e71f07d1f6) missing in DiscoveryClient services 
2018-11-06 11:44:05.767 [DiscoveryClient-CacheRefreshExecutor-0] INFO  d.c.b.a.s.c.discovery.InstanceDiscoveryListener - Instance (21e71f07d1f6) missing in DiscoveryClient services 
2018-11-06 11:44:35.790 [DiscoveryClient-CacheRefreshExecutor-0] INFO  d.c.b.a.s.c.discovery.InstanceDiscoveryListener - Instance (21e71f07d1f6) missing in DiscoveryClient services 
2018-11-06 11:45:05.813 [DiscoveryClient-CacheRefreshExecutor-0] INFO  d.c.b.a.s.c.discovery.InstanceDiscoveryListener - Instance (21e71f07d1f6) missing in DiscoveryClient services 
2018-11-06 11:45:35.832 [DiscoveryClient-CacheRefreshExecutor-0] INFO  d.c.b.a.s.c.discovery.InstanceDiscoveryListener - Instance (21e71f07d1f6) missing in DiscoveryClient services 
2018-11-06 11:46:05.847 [DiscoveryClient-CacheRefreshExecutor-0] INFO  d.c.b.a.s.c.discovery.InstanceDiscoveryListener - Instance (21e71f07d1f6) missing in DiscoveryClient services 
2018-11-06 11:46:35.865 [DiscoveryClient-CacheRefreshExecutor-0] INFO  d.c.b.a.s.c.discovery.InstanceDiscoveryListener - Instance (21e71f07d1f6) missing in DiscoveryClient services 
2018-11-06 11:47:04.097 [AsyncResolver-bootstrap-executor-0] INFO  c.n.d.shared.resolver.aws.ConfigClusterResolver - Resolving eureka endpoints via configuration
2018-11-06 11:47:14.610 [reactor-http-nio-2] WARN  o.s.b.a.w.r.error.DefaultErrorWebExceptionHandler - Failed to handle request [GET http://desktop-e4673ul:8080/favicon.ico]: Response status 404
2018-11-06 11:47:20.204 [reactor-http-nio-2] WARN  o.s.b.a.w.r.error.DefaultErrorWebExceptionHandler - Failed to handle request [OPTIONS http://desktop-e4673ul:8080/notifications/filters]: Response status 404
2018-11-06 11:47:20.217 [reactor-http-nio-2] WARN  o.s.b.a.w.r.error.DefaultErrorWebExceptionHandler - Failed to handle request [OPTIONS http://desktop-e4673ul:8080/notifications/filters]: Response status 404
2018-11-06 11:47:20.479 [reactor-http-nio-1] ERROR o.s.web.server.adapter.HttpWebHandlerAdapter - Unhandled failure: 你的主机中的软件中止了一个已建立的连接。, response already set (status=null)
2018-11-06 11:47:20.481 [reactor-http-nio-1] WARN  o.s.http.server.reactive.ReactorHttpHandlerAdapter - Handling completed with error: 你的主机中的软件中止了一个已建立的连接。
2018-11-06 11:47:50.220 [reactor-http-nio-4] ERROR o.s.web.server.adapter.HttpWebHandlerAdapter - Unhandled failure: 你的主机中的软件中止了一个已建立的连接。, response already set (status=null)
2018-11-06 11:47:50.227 [reactor-http-nio-4] WARN  o.s.http.server.reactive.ReactorHttpHandlerAdapter - Handling completed with error: 你的主机中的软件中止了一个已建立的连接。
2018-11-06 11:49:39.463 [reactor-http-nio-4] INFO  d.c.boot.admin.server.services.StatusUpdater - Couldn't retrieve status for Instance(id=21e71f07d1f6, version=5, registration=Registration(name=USER, managementUrl=http://DESKTOP-E4673UL:4000/actuator, healthUrl=http://DESKTOP-E4673UL:4000/actuator/health, serviceUrl=http://DESKTOP-E4673UL:4000/, source=discovery), registered=true, statusInfo=StatusInfo(status=DOWN, details={path=/actuator/health, error=Unauthorized, message=Unauthorized, status=401, timestamp=2018-11-06T03:47:05.932+0000}), statusTimestamp=2018-11-06T03:47:05.960Z, info=Info(values={}), endpoints=Endpoints(endpoints={health=Endpoint(id=health, url=http://DESKTOP-E4673UL:4000/actuator/health)}), buildVersion=null)
io.netty.channel.AbstractChannel$AnnotatedConnectException: Connection refused: no further information: DESKTOP-E4673UL/172.31.60.72:4000
	at sun.nio.ch.SocketChannelImpl.checkConnect(Native Method)
	at sun.nio.ch.SocketChannelImpl.finishConnect(SocketChannelImpl.java:717)
	at io.netty.channel.socket.nio.NioSocketChannel.doFinishConnect(NioSocketChannel.java:327)
	at io.netty.channel.nio.AbstractNioChannel$AbstractNioUnsafe.finishConnect(AbstractNioChannel.java:340)
	at io.netty.channel.nio.NioEventLoop.processSelectedKey(NioEventLoop.java:616)
	at io.netty.channel.nio.NioEventLoop.processSelectedKeysOptimized(NioEventLoop.java:563)
	at io.netty.channel.nio.NioEventLoop.processSelectedKeys(NioEventLoop.java:480)
	at io.netty.channel.nio.NioEventLoop.run(NioEventLoop.java:442)
	at io.netty.util.concurrent.SingleThreadEventExecutor$5.run(SingleThreadEventExecutor.java:884)
	at java.lang.Thread.run(Thread.java:748)
Caused by: java.net.ConnectException: Connection refused: no further information
	... 10 common frames omitted
2018-11-06 11:52:04.101 [AsyncResolver-bootstrap-executor-0] INFO  c.n.d.shared.resolver.aws.ConfigClusterResolver - Resolving eureka endpoints via configuration
2018-11-06 11:57:04.106 [AsyncResolver-bootstrap-executor-0] INFO  c.n.d.shared.resolver.aws.ConfigClusterResolver - Resolving eureka endpoints via configuration
2018-11-06 12:02:04.110 [AsyncResolver-bootstrap-executor-0] INFO  c.n.d.shared.resolver.aws.ConfigClusterResolver - Resolving eureka endpoints via configuration
2018-11-06 12:05:29.309 [reactor-http-nio-1] INFO  d.c.boot.admin.server.services.StatusUpdater - Couldn't retrieve status for Instance(id=21e71f07d1f6, version=8, registration=Registration(name=USER, managementUrl=http://DESKTOP-E4673UL:4000/actuator, healthUrl=http://DESKTOP-E4673UL:4000/actuator/health, serviceUrl=http://DESKTOP-E4673UL:4000/, source=discovery), registered=true, statusInfo=StatusInfo(status=DOWN, details={path=/actuator/health, error=Unauthorized, message=Unauthorized, status=401, timestamp=2018-11-06T03:50:18.680+0000}), statusTimestamp=2018-11-06T03:50:18.716Z, info=Info(values={}), endpoints=Endpoints(endpoints={health=Endpoint(id=health, url=http://DESKTOP-E4673UL:4000/actuator/health)}), buildVersion=null)
io.netty.channel.AbstractChannel$AnnotatedConnectException: Connection refused: no further information: DESKTOP-E4673UL/172.31.60.72:4000
	at sun.nio.ch.SocketChannelImpl.checkConnect(Native Method)
	at sun.nio.ch.SocketChannelImpl.finishConnect(SocketChannelImpl.java:717)
	at io.netty.channel.socket.nio.NioSocketChannel.doFinishConnect(NioSocketChannel.java:327)
	at io.netty.channel.nio.AbstractNioChannel$AbstractNioUnsafe.finishConnect(AbstractNioChannel.java:340)
	at io.netty.channel.nio.NioEventLoop.processSelectedKey(NioEventLoop.java:616)
	at io.netty.channel.nio.NioEventLoop.processSelectedKeysOptimized(NioEventLoop.java:563)
	at io.netty.channel.nio.NioEventLoop.processSelectedKeys(NioEventLoop.java:480)
	at io.netty.channel.nio.NioEventLoop.run(NioEventLoop.java:442)
	at io.netty.util.concurrent.SingleThreadEventExecutor$5.run(SingleThreadEventExecutor.java:884)
	at java.lang.Thread.run(Thread.java:748)
Caused by: java.net.ConnectException: Connection refused: no further information
	... 10 common frames omitted
2018-11-06 12:07:04.114 [AsyncResolver-bootstrap-executor-0] INFO  c.n.d.shared.resolver.aws.ConfigClusterResolver - Resolving eureka endpoints via configuration
2018-11-06 12:12:04.118 [AsyncResolver-bootstrap-executor-0] INFO  c.n.d.shared.resolver.aws.ConfigClusterResolver - Resolving eureka endpoints via configuration
2018-11-06 12:17:04.124 [AsyncResolver-bootstrap-executor-0] INFO  c.n.d.shared.resolver.aws.ConfigClusterResolver - Resolving eureka endpoints via configuration
2018-11-06 12:22:04.125 [AsyncResolver-bootstrap-executor-0] INFO  c.n.d.shared.resolver.aws.ConfigClusterResolver - Resolving eureka endpoints via configuration
2018-11-06 12:27:04.130 [AsyncResolver-bootstrap-executor-0] INFO  c.n.d.shared.resolver.aws.ConfigClusterResolver - Resolving eureka endpoints via configuration
2018-11-06 12:32:04.136 [AsyncResolver-bootstrap-executor-0] INFO  c.n.d.shared.resolver.aws.ConfigClusterResolver - Resolving eureka endpoints via configuration
2018-11-06 12:37:04.141 [AsyncResolver-bootstrap-executor-0] INFO  c.n.d.shared.resolver.aws.ConfigClusterResolver - Resolving eureka endpoints via configuration
2018-11-06 12:42:04.146 [AsyncResolver-bootstrap-executor-0] INFO  c.n.d.shared.resolver.aws.ConfigClusterResolver - Resolving eureka endpoints via configuration
2018-11-06 12:47:04.152 [AsyncResolver-bootstrap-executor-0] INFO  c.n.d.shared.resolver.aws.ConfigClusterResolver - Resolving eureka endpoints via configuration
2018-11-06 12:50:29.310 [reactor-http-nio-3] INFO  d.c.boot.admin.server.services.StatusUpdater - Couldn't retrieve status for Instance(id=d53438d0620c, version=3, registration=Registration(name=GATEWAY, managementUrl=http://172.31.60.72:7000/actuator, healthUrl=http://172.31.60.72:7000/actuator/health, serviceUrl=http://172.31.60.72:7000/, source=discovery), registered=true, statusInfo=StatusInfo(status=UP, details={hystrix={status=UP}, diskSpace={status=UP, details={total=107375226880, free=53072023552, threshold=10485760}}, configServer={status=UP, details={propertySources=[classpath:/config/gateway.yml]}}, refreshScope={status=UP}, discoveryComposite={status=UP, details={discoveryClient={status=UP, details={services=[config-server]}}, eureka={description=Eureka discovery client has not yet successfully connected to a Eureka server, status=UP, details={applications={CONFIG-SERVER=1}}}}}}), statusTimestamp=2018-11-06T03:27:07.675Z, info=Info(values={app={name=@project.name@, description=@project.description@, version=@project.version@, author=许b}}), endpoints=Endpoints(endpoints={hystrix.stream=Endpoint(id=hystrix.stream, url=http://172.31.60.72:7000/actuator/hystrix.stream), httptrace=Endpoint(id=httptrace, url=http://172.31.60.72:7000/actuator/httptrace), loggers=Endpoint(id=loggers, url=http://172.31.60.72:7000/actuator/loggers), refresh=Endpoint(id=refresh, url=http://172.31.60.72:7000/actuator/refresh), health=Endpoint(id=health, url=http://172.31.60.72:7000/actuator/health), filters=Endpoint(id=filters, url=http://172.31.60.72:7000/actuator/filters), env=Endpoint(id=env, url=http://172.31.60.72:7000/actuator/env), heapdump=Endpoint(id=heapdump, url=http://172.31.60.72:7000/actuator/heapdump), routes=Endpoint(id=routes, url=http://172.31.60.72:7000/actuator/routes), features=Endpoint(id=features, url=http://172.31.60.72:7000/actuator/features), mappings=Endpoint(id=mappings, url=http://172.31.60.72:7000/actuator/mappings), scheduledtasks=Endpoint(id=scheduledtasks, url=http://172.31.60.72:7000/actuator/scheduledtasks), archaius=Endpoint(id=archaius, url=http://172.31.60.72:7000/actuator/archaius), configprops=Endpoint(id=configprops, url=http://172.31.60.72:7000/actuator/configprops), beans=Endpoint(id=beans, url=http://172.31.60.72:7000/actuator/beans), threaddump=Endpoint(id=threaddump, url=http://172.31.60.72:7000/actuator/threaddump), metrics=Endpoint(id=metrics, url=http://172.31.60.72:7000/actuator/metrics), conditions=Endpoint(id=conditions, url=http://172.31.60.72:7000/actuator/conditions), auditevents=Endpoint(id=auditevents, url=http://172.31.60.72:7000/actuator/auditevents), service-registry=Endpoint(id=service-registry, url=http://172.31.60.72:7000/actuator/service-registry), info=Endpoint(id=info, url=http://172.31.60.72:7000/actuator/info)}), buildVersion=null)
io.netty.channel.AbstractChannel$AnnotatedConnectException: Connection refused: no further information: /172.31.60.72:7000
	at sun.nio.ch.SocketChannelImpl.checkConnect(Native Method)
	at sun.nio.ch.SocketChannelImpl.finishConnect(SocketChannelImpl.java:717)
	at io.netty.channel.socket.nio.NioSocketChannel.doFinishConnect(NioSocketChannel.java:327)
	at io.netty.channel.nio.AbstractNioChannel$AbstractNioUnsafe.finishConnect(AbstractNioChannel.java:340)
	at io.netty.channel.nio.NioEventLoop.processSelectedKey(NioEventLoop.java:616)
	at io.netty.channel.nio.NioEventLoop.processSelectedKeysOptimized(NioEventLoop.java:563)
	at io.netty.channel.nio.NioEventLoop.processSelectedKeys(NioEventLoop.java:480)
	at io.netty.channel.nio.NioEventLoop.run(NioEventLoop.java:442)
	at io.netty.util.concurrent.SingleThreadEventExecutor$5.run(SingleThreadEventExecutor.java:884)
	at java.lang.Thread.run(Thread.java:748)
Caused by: java.net.ConnectException: Connection refused: no further information
	... 10 common frames omitted
2018-11-06 12:52:04.158 [AsyncResolver-bootstrap-executor-0] INFO  c.n.d.shared.resolver.aws.ConfigClusterResolver - Resolving eureka endpoints via configuration
2018-11-06 12:55:05.801 [main] INFO  o.s.c.a.AnnotationConfigApplicationContext - Refreshing org.springframework.context.annotation.AnnotationConfigApplicationContext@4bb33f74: startup date [Tue Nov 06 12:55:05 CST 2018]; root of context hierarchy
2018-11-06 12:55:06.619 [main] INFO  o.s.b.f.a.AutowiredAnnotationBeanPostProcessor - JSR-330 'javax.inject.Inject' annotation found and supported for autowiring
2018-11-06 12:55:06.770 [main] INFO  o.s.c.s.PostProcessorRegistrationDelegate$BeanPostProcessorChecker - Bean 'configurationPropertiesRebinderAutoConfiguration' of type [org.springframework.cloud.autoconfigure.ConfigurationPropertiesRebinderAutoConfiguration$$EnhancerBySpringCGLIB$$a8f91743] is not eligible for getting processed by all BeanPostProcessors (for example: not eligible for auto-proxying)
2018-11-06 12:55:07.904 [main] INFO  com.beidou.monitor.MonitorApplication - No active profile set, falling back to default profiles: default
2018-11-06 12:55:07.950 [main] INFO  o.s.b.w.r.c.AnnotationConfigReactiveWebServerApplicationContext - Refreshing org.springframework.boot.web.reactive.context.AnnotationConfigReactiveWebServerApplicationContext@21fd5faa: startup date [Tue Nov 06 12:55:07 CST 2018]; parent: org.springframework.context.annotation.AnnotationConfigApplicationContext@4bb33f74
2018-11-06 12:55:11.025 [main] INFO  o.springframework.cloud.context.scope.GenericScope - BeanFactory id=4bf61f61-2e6f-3edb-b379-d20618f955ac
2018-11-06 12:55:11.090 [main] INFO  o.s.b.f.a.AutowiredAnnotationBeanPostProcessor - JSR-330 'javax.inject.Inject' annotation found and supported for autowiring
2018-11-06 12:55:11.700 [main] INFO  o.s.c.s.PostProcessorRegistrationDelegate$BeanPostProcessorChecker - Bean 'org.springframework.cloud.autoconfigure.ConfigurationPropertiesRebinderAutoConfiguration' of type [org.springframework.cloud.autoconfigure.ConfigurationPropertiesRebinderAutoConfiguration$$EnhancerBySpringCGLIB$$a8f91743] is not eligible for getting processed by all BeanPostProcessors (for example: not eligible for auto-proxying)
2018-11-06 12:55:12.228 [main] WARN  reactor.ipc.netty.tcp.TcpResources - [http] resources will use the default LoopResources: DefaultLoopResources {prefix=reactor-http, daemon=true, selectCount=4, workerCount=4}
2018-11-06 12:55:12.232 [main] WARN  reactor.ipc.netty.tcp.TcpResources - [http] resources will use the default PoolResources: DefaultPoolResources {name=http, provider=reactor.ipc.netty.resources.PoolResources$$Lambda$236/2102724832@554cd74a}
2018-11-06 12:55:12.428 [main] WARN  com.netflix.config.sources.URLConfigurationSource - No URLs will be polled as dynamic configuration sources.
2018-11-06 12:55:12.442 [main] INFO  com.netflix.config.sources.URLConfigurationSource - To enable URLs as dynamic configuration sources, define System property archaius.configurationSource.additionalUrls or make config.properties available on classpath.
2018-11-06 12:55:12.474 [main] WARN  com.netflix.config.sources.URLConfigurationSource - No URLs will be polled as dynamic configuration sources.
2018-11-06 12:55:12.476 [main] INFO  com.netflix.config.sources.URLConfigurationSource - To enable URLs as dynamic configuration sources, define System property archaius.configurationSource.additionalUrls or make config.properties available on classpath.
2018-11-06 12:55:13.300 [main] WARN  o.s.b.a.t.ThymeleafAutoConfiguration$DefaultTemplateResolverConfiguration - Cannot find template location: classpath:/templates/ (please add some templates or check your Thymeleaf configuration)
2018-11-06 12:55:14.492 [main] INFO  o.s.web.reactive.handler.SimpleUrlHandlerMapping - Mapped URL path [/webjars/**] onto handler of type [class org.springframework.web.reactive.resource.ResourceWebHandler]
2018-11-06 12:55:14.492 [main] INFO  o.s.web.reactive.handler.SimpleUrlHandlerMapping - Mapped URL path [/**] onto handler of type [class org.springframework.web.reactive.resource.ResourceWebHandler]
2018-11-06 12:55:14.585 [main] INFO  d.c.b.a.s.w.reactive.AdminControllerHandlerMapping - Mapped "{[/instances/{instanceId}/actuator/**],methods=[GET || HEAD || POST || PUT || PATCH || DELETE || OPTIONS]}" onto public reactor.core.publisher.Mono<java.lang.Void> de.codecentric.boot.admin.server.web.reactive.InstancesProxyController.endpointProxy(java.lang.String,org.springframework.http.server.reactive.ServerHttpRequest,org.springframework.http.server.reactive.ServerHttpResponse)
2018-11-06 12:55:14.632 [main] INFO  d.c.b.a.s.w.reactive.AdminControllerHandlerMapping - Mapped "{[/instances],methods=[POST],consumes=[application/json]}" onto public reactor.core.publisher.Mono<org.springframework.http.ResponseEntity<java.util.Map<java.lang.String, de.codecentric.boot.admin.server.domain.values.InstanceId>>> de.codecentric.boot.admin.server.web.InstancesController.register(de.codecentric.boot.admin.server.domain.values.Registration,org.springframework.web.util.UriComponentsBuilder)
2018-11-06 12:55:14.635 [main] INFO  d.c.b.a.s.w.reactive.AdminControllerHandlerMapping - Mapped "{[/instances/{id}],methods=[GET],produces=[application/json]}" onto public reactor.core.publisher.Mono<org.springframework.http.ResponseEntity<de.codecentric.boot.admin.server.domain.entities.Instance>> de.codecentric.boot.admin.server.web.InstancesController.instance(java.lang.String)
2018-11-06 12:55:14.636 [main] INFO  d.c.b.a.s.w.reactive.AdminControllerHandlerMapping - Mapped "{[/instances/{id}],methods=[DELETE]}" onto public reactor.core.publisher.Mono<org.springframework.http.ResponseEntity<java.lang.Void>> de.codecentric.boot.admin.server.web.InstancesController.unregister(java.lang.String)
2018-11-06 12:55:14.638 [main] INFO  d.c.b.a.s.w.reactive.AdminControllerHandlerMapping - Mapped "{[/instances],methods=[GET],produces=[application/json]}" onto public reactor.core.publisher.Flux<de.codecentric.boot.admin.server.domain.entities.Instance> de.codecentric.boot.admin.server.web.InstancesController.instances(java.lang.String)
2018-11-06 12:55:14.670 [main] INFO  d.c.b.a.s.w.reactive.AdminControllerHandlerMapping - Mapped "{[/instances/events],methods=[GET],produces=[application/json]}" onto public reactor.core.publisher.Flux<de.codecentric.boot.admin.server.domain.events.InstanceEvent> de.codecentric.boot.admin.server.web.InstancesController.events()
2018-11-06 12:55:14.672 [main] INFO  d.c.b.a.s.w.reactive.AdminControllerHandlerMapping - Mapped "{[/instances/events],methods=[GET],produces=[text/event-stream]}" onto public reactor.core.publisher.Flux<org.springframework.http.codec.ServerSentEvent<de.codecentric.boot.admin.server.domain.events.InstanceEvent>> de.codecentric.boot.admin.server.web.InstancesController.eventStream()
2018-11-06 12:55:14.674 [main] INFO  d.c.b.a.s.w.reactive.AdminControllerHandlerMapping - Mapped "{[/instances/{id}],methods=[GET],produces=[text/event-stream]}" onto public reactor.core.publisher.Flux<org.springframework.http.codec.ServerSentEvent<de.codecentric.boot.admin.server.domain.entities.Instance>> de.codecentric.boot.admin.server.web.InstancesController.instanceStream(java.lang.String)
2018-11-06 12:55:14.690 [main] INFO  d.c.b.a.s.w.reactive.AdminControllerHandlerMapping - Mapped "{[/applications/{name}],methods=[DELETE]}" onto public reactor.core.publisher.Mono<org.springframework.http.ResponseEntity<java.lang.Void>> de.codecentric.boot.admin.server.web.ApplicationsController.unregister(java.lang.String)
2018-11-06 12:55:14.692 [main] INFO  d.c.b.a.s.w.reactive.AdminControllerHandlerMapping - Mapped "{[/applications],methods=[GET],produces=[text/event-stream]}" onto public reactor.core.publisher.Flux<org.springframework.http.codec.ServerSentEvent<de.codecentric.boot.admin.server.web.ApplicationsController$Application>> de.codecentric.boot.admin.server.web.ApplicationsController.applicationsStream()
2018-11-06 12:55:14.696 [main] INFO  d.c.b.a.s.w.reactive.AdminControllerHandlerMapping - Mapped "{[/applications],methods=[GET],produces=[application/json]}" onto public reactor.core.publisher.Flux<de.codecentric.boot.admin.server.web.ApplicationsController$Application> de.codecentric.boot.admin.server.web.ApplicationsController.applications()
2018-11-06 12:55:14.702 [main] INFO  d.c.b.a.s.w.reactive.AdminControllerHandlerMapping - Mapped "{[/],methods=[GET],produces=[text/html]}" onto public java.lang.String de.codecentric.boot.admin.server.ui.web.UiController.index()
2018-11-06 12:55:14.703 [main] INFO  d.c.b.a.s.w.reactive.AdminControllerHandlerMapping - Mapped "{[/login],methods=[GET],produces=[text/html]}" onto public java.lang.String de.codecentric.boot.admin.server.ui.web.UiController.login()
2018-11-06 12:55:17.698 [main] INFO  o.s.b.actuate.endpoint.web.EndpointLinksResolver - Exposing 2 endpoint(s) beneath base path '/actuator'
2018-11-06 12:55:17.737 [main] INFO  o.s.b.a.e.w.reactive.WebFluxEndpointHandlerMapping - Mapped "{[/actuator/health],methods=[GET],produces=[application/vnd.spring-boot.actuator.v2+json || application/json]}" onto public org.reactivestreams.Publisher<org.springframework.http.ResponseEntity<java.lang.Object>> org.springframework.boot.actuate.endpoint.web.reactive.AbstractWebFluxEndpointHandlerMapping$ReadOperationHandler.handle(org.springframework.web.server.ServerWebExchange)
2018-11-06 12:55:17.741 [main] INFO  o.s.b.a.e.w.reactive.WebFluxEndpointHandlerMapping - Mapped "{[/actuator/info],methods=[GET],produces=[application/vnd.spring-boot.actuator.v2+json || application/json]}" onto public org.reactivestreams.Publisher<org.springframework.http.ResponseEntity<java.lang.Object>> org.springframework.boot.actuate.endpoint.web.reactive.AbstractWebFluxEndpointHandlerMapping$ReadOperationHandler.handle(org.springframework.web.server.ServerWebExchange)
2018-11-06 12:55:17.743 [main] INFO  o.s.b.a.e.w.reactive.WebFluxEndpointHandlerMapping - Mapped "{[/actuator],methods=[GET],produces=[application/vnd.spring-boot.actuator.v2+json || application/json]}" onto protected java.util.Map<java.lang.String, java.util.Map<java.lang.String, org.springframework.boot.actuate.endpoint.web.Link>> org.springframework.boot.actuate.endpoint.web.reactive.WebFluxEndpointHandlerMapping.links(org.springframework.web.server.ServerWebExchange)
2018-11-06 12:55:18.051 [main] INFO  o.s.w.r.r.m.annotation.ControllerMethodResolver - Looking for @ControllerAdvice: org.springframework.boot.web.reactive.context.AnnotationConfigReactiveWebServerApplicationContext@21fd5faa: startup date [Tue Nov 06 12:55:07 CST 2018]; parent: org.springframework.context.annotation.AnnotationConfigApplicationContext@4bb33f74
2018-11-06 12:55:21.210 [main] INFO  o.s.jmx.export.annotation.AnnotationMBeanExporter - Registering beans for JMX exposure on startup
2018-11-06 12:55:21.249 [main] INFO  o.s.jmx.export.annotation.AnnotationMBeanExporter - Bean with name 'refreshScope' has been autodetected for JMX exposure
2018-11-06 12:55:21.254 [main] INFO  o.s.jmx.export.annotation.AnnotationMBeanExporter - Bean with name 'environmentManager' has been autodetected for JMX exposure
2018-11-06 12:55:21.261 [main] INFO  o.s.jmx.export.annotation.AnnotationMBeanExporter - Bean with name 'configurationPropertiesRebinder' has been autodetected for JMX exposure
2018-11-06 12:55:21.282 [main] INFO  o.s.jmx.export.annotation.AnnotationMBeanExporter - Located managed bean 'environmentManager': registering with JMX server as MBean [org.springframework.cloud.context.environment:name=environmentManager,type=EnvironmentManager]
2018-11-06 12:55:21.338 [main] INFO  o.s.jmx.export.annotation.AnnotationMBeanExporter - Located managed bean 'refreshScope': registering with JMX server as MBean [org.springframework.cloud.context.scope.refresh:name=refreshScope,type=RefreshScope]
2018-11-06 12:55:21.469 [main] INFO  o.s.jmx.export.annotation.AnnotationMBeanExporter - Located managed bean 'configurationPropertiesRebinder': registering with JMX server as MBean [org.springframework.cloud.context.properties:name=configurationPropertiesRebinder,context=21fd5faa,type=ConfigurationPropertiesRebinder]
2018-11-06 12:55:21.498 [main] INFO  o.s.context.support.DefaultLifecycleProcessor - Starting beans in phase 0
2018-11-06 12:55:21.552 [main] INFO  o.s.cloud.netflix.eureka.InstanceInfoFactory - Setting initial instance status as: STARTING
2018-11-06 12:55:21.674 [main] INFO  com.netflix.discovery.DiscoveryClient - Initializing Eureka in region us-east-1
2018-11-06 12:55:21.882 [main] INFO  c.n.discovery.provider.DiscoveryJerseyProvider - Using JSON encoding codec LegacyJacksonJson
2018-11-06 12:55:21.885 [main] INFO  c.n.discovery.provider.DiscoveryJerseyProvider - Using JSON decoding codec LegacyJacksonJson
2018-11-06 12:55:22.278 [main] INFO  c.n.discovery.provider.DiscoveryJerseyProvider - Using XML encoding codec XStreamXml
2018-11-06 12:55:22.279 [main] INFO  c.n.discovery.provider.DiscoveryJerseyProvider - Using XML decoding codec XStreamXml
2018-11-06 12:55:23.019 [main] INFO  c.n.d.shared.resolver.aws.ConfigClusterResolver - Resolving eureka endpoints via configuration
2018-11-06 12:55:23.705 [main] INFO  com.netflix.discovery.DiscoveryClient - Disable delta property : false
2018-11-06 12:55:23.707 [main] INFO  com.netflix.discovery.DiscoveryClient - Single vip registry refresh property : null
2018-11-06 12:55:23.710 [main] INFO  com.netflix.discovery.DiscoveryClient - Force full registry fetch : false
2018-11-06 12:55:23.713 [main] INFO  com.netflix.discovery.DiscoveryClient - Application is null : false
2018-11-06 12:55:23.713 [main] INFO  com.netflix.discovery.DiscoveryClient - Registered Applications size is zero : true
2018-11-06 12:55:23.715 [main] INFO  com.netflix.discovery.DiscoveryClient - Application version is -1: true
2018-11-06 12:55:23.715 [main] INFO  com.netflix.discovery.DiscoveryClient - Getting all instance registry info from the eureka server
2018-11-06 12:55:24.506 [main] INFO  com.netflix.discovery.DiscoveryClient - The response status is 200
2018-11-06 12:55:24.514 [main] INFO  com.netflix.discovery.DiscoveryClient - Starting heartbeat executor: renew interval is: 30
2018-11-06 12:55:24.521 [main] INFO  com.netflix.discovery.InstanceInfoReplicator - InstanceInfoReplicator onDemand update allowed rate per min is 4
2018-11-06 12:55:24.531 [main] INFO  com.netflix.discovery.DiscoveryClient - Discovery Client initialized at timestamp 1541480124529 with initial instances count: 1
2018-11-06 12:55:24.543 [main] INFO  o.s.c.n.e.serviceregistry.EurekaServiceRegistry - Registering application MONITOR with eureka with status UP
2018-11-06 12:55:24.545 [main] INFO  com.netflix.discovery.DiscoveryClient - Saw local status change event StatusChangeEvent [timestamp=1541480124545, current=UP, previous=STARTING]
2018-11-06 12:55:24.549 [DiscoveryClient-InstanceInfoReplicator-0] INFO  com.netflix.discovery.DiscoveryClient - DiscoveryClient_MONITOR/DESKTOP-E4673UL:monitor: registering service...
2018-11-06 12:55:24.660 [DiscoveryClient-InstanceInfoReplicator-0] INFO  com.netflix.discovery.DiscoveryClient - DiscoveryClient_MONITOR/DESKTOP-E4673UL:monitor - registration status: 204
2018-11-06 12:55:26.084 [reactor-http-nio-1] INFO  reactor.ipc.netty.tcp.BlockingNettyContext - Started HttpServer on /0:0:0:0:0:0:0:0:8080
2018-11-06 12:55:26.086 [main] INFO  o.s.boot.web.embedded.netty.NettyWebServer - Netty started on port(s): 8080
2018-11-06 12:55:26.110 [main] INFO  o.s.c.n.e.s.EurekaAutoServiceRegistration - Updating port to 8080
2018-11-06 12:55:26.117 [main] INFO  com.beidou.monitor.MonitorApplication - Started MonitorApplication in 22.927 seconds (JVM running for 27.833)
2018-11-06 12:57:35.589 [reactor-http-nio-3] WARN  o.s.b.a.w.r.error.DefaultErrorWebExceptionHandler - Failed to handle request [GET http://desktop-e4673ul:8080/favicon.ico]: Response status 404
2018-11-06 12:57:41.221 [reactor-http-nio-3] WARN  o.s.b.a.w.r.error.DefaultErrorWebExceptionHandler - Failed to handle request [OPTIONS http://desktop-e4673ul:8080/notifications/filters]: Response status 404
2018-11-06 13:00:23.720 [AsyncResolver-bootstrap-executor-0] INFO  c.n.d.shared.resolver.aws.ConfigClusterResolver - Resolving eureka endpoints via configuration
2018-11-06 13:13:39.835 [main] INFO  o.s.c.a.AnnotationConfigApplicationContext - Refreshing org.springframework.context.annotation.AnnotationConfigApplicationContext@32ee6fee: startup date [Tue Nov 06 13:13:39 CST 2018]; root of context hierarchy
2018-11-06 13:13:40.414 [main] INFO  o.s.b.f.a.AutowiredAnnotationBeanPostProcessor - JSR-330 'javax.inject.Inject' annotation found and supported for autowiring
2018-11-06 13:13:40.517 [main] INFO  o.s.c.s.PostProcessorRegistrationDelegate$BeanPostProcessorChecker - Bean 'configurationPropertiesRebinderAutoConfiguration' of type [org.springframework.cloud.autoconfigure.ConfigurationPropertiesRebinderAutoConfiguration$$EnhancerBySpringCGLIB$$1ffc1d72] is not eligible for getting processed by all BeanPostProcessors (for example: not eligible for auto-proxying)
2018-11-06 13:13:41.216 [main] INFO  com.beidou.monitor.MonitorApplication - No active profile set, falling back to default profiles: default
2018-11-06 13:13:41.247 [main] INFO  o.s.b.w.r.c.AnnotationConfigReactiveWebServerApplicationContext - Refreshing org.springframework.boot.web.reactive.context.AnnotationConfigReactiveWebServerApplicationContext@33308786: startup date [Tue Nov 06 13:13:41 CST 2018]; parent: org.springframework.context.annotation.AnnotationConfigApplicationContext@32ee6fee
2018-11-06 13:13:43.252 [main] INFO  o.springframework.cloud.context.scope.GenericScope - BeanFactory id=4bf61f61-2e6f-3edb-b379-d20618f955ac
2018-11-06 13:13:43.291 [main] INFO  o.s.b.f.a.AutowiredAnnotationBeanPostProcessor - JSR-330 'javax.inject.Inject' annotation found and supported for autowiring
2018-11-06 13:13:43.498 [main] INFO  o.s.c.s.PostProcessorRegistrationDelegate$BeanPostProcessorChecker - Bean 'org.springframework.cloud.autoconfigure.ConfigurationPropertiesRebinderAutoConfiguration' of type [org.springframework.cloud.autoconfigure.ConfigurationPropertiesRebinderAutoConfiguration$$EnhancerBySpringCGLIB$$1ffc1d72] is not eligible for getting processed by all BeanPostProcessors (for example: not eligible for auto-proxying)
2018-11-06 13:13:43.775 [main] WARN  reactor.ipc.netty.tcp.TcpResources - [http] resources will use the default LoopResources: DefaultLoopResources {prefix=reactor-http, daemon=true, selectCount=4, workerCount=4}
2018-11-06 13:13:43.776 [main] WARN  reactor.ipc.netty.tcp.TcpResources - [http] resources will use the default PoolResources: DefaultPoolResources {name=http, provider=reactor.ipc.netty.resources.PoolResources$$Lambda$236/1022830989@1ff55ff}
2018-11-06 13:13:43.883 [main] WARN  com.netflix.config.sources.URLConfigurationSource - No URLs will be polled as dynamic configuration sources.
2018-11-06 13:13:43.885 [main] INFO  com.netflix.config.sources.URLConfigurationSource - To enable URLs as dynamic configuration sources, define System property archaius.configurationSource.additionalUrls or make config.properties available on classpath.
2018-11-06 13:13:43.894 [main] WARN  com.netflix.config.sources.URLConfigurationSource - No URLs will be polled as dynamic configuration sources.
2018-11-06 13:13:43.895 [main] INFO  com.netflix.config.sources.URLConfigurationSource - To enable URLs as dynamic configuration sources, define System property archaius.configurationSource.additionalUrls or make config.properties available on classpath.
2018-11-06 13:13:44.347 [main] WARN  o.s.b.a.t.ThymeleafAutoConfiguration$DefaultTemplateResolverConfiguration - Cannot find template location: classpath:/templates/ (please add some templates or check your Thymeleaf configuration)
2018-11-06 13:13:44.794 [main] INFO  o.s.web.reactive.handler.SimpleUrlHandlerMapping - Mapped URL path [/webjars/**] onto handler of type [class org.springframework.web.reactive.resource.ResourceWebHandler]
2018-11-06 13:13:44.795 [main] INFO  o.s.web.reactive.handler.SimpleUrlHandlerMapping - Mapped URL path [/**] onto handler of type [class org.springframework.web.reactive.resource.ResourceWebHandler]
2018-11-06 13:13:44.847 [main] INFO  d.c.b.a.s.w.reactive.AdminControllerHandlerMapping - Mapped "{[/instances/{instanceId}/actuator/**],methods=[GET || HEAD || POST || PUT || PATCH || DELETE || OPTIONS]}" onto public reactor.core.publisher.Mono<java.lang.Void> de.codecentric.boot.admin.server.web.reactive.InstancesProxyController.endpointProxy(java.lang.String,org.springframework.http.server.reactive.ServerHttpRequest,org.springframework.http.server.reactive.ServerHttpResponse)
2018-11-06 13:13:44.864 [main] INFO  d.c.b.a.s.w.reactive.AdminControllerHandlerMapping - Mapped "{[/instances],methods=[POST],consumes=[application/json]}" onto public reactor.core.publisher.Mono<org.springframework.http.ResponseEntity<java.util.Map<java.lang.String, de.codecentric.boot.admin.server.domain.values.InstanceId>>> de.codecentric.boot.admin.server.web.InstancesController.register(de.codecentric.boot.admin.server.domain.values.Registration,org.springframework.web.util.UriComponentsBuilder)
2018-11-06 13:13:44.866 [main] INFO  d.c.b.a.s.w.reactive.AdminControllerHandlerMapping - Mapped "{[/instances/{id}],methods=[GET],produces=[application/json]}" onto public reactor.core.publisher.Mono<org.springframework.http.ResponseEntity<de.codecentric.boot.admin.server.domain.entities.Instance>> de.codecentric.boot.admin.server.web.InstancesController.instance(java.lang.String)
2018-11-06 13:13:44.866 [main] INFO  d.c.b.a.s.w.reactive.AdminControllerHandlerMapping - Mapped "{[/instances/{id}],methods=[DELETE]}" onto public reactor.core.publisher.Mono<org.springframework.http.ResponseEntity<java.lang.Void>> de.codecentric.boot.admin.server.web.InstancesController.unregister(java.lang.String)
2018-11-06 13:13:44.867 [main] INFO  d.c.b.a.s.w.reactive.AdminControllerHandlerMapping - Mapped "{[/instances],methods=[GET],produces=[application/json]}" onto public reactor.core.publisher.Flux<de.codecentric.boot.admin.server.domain.entities.Instance> de.codecentric.boot.admin.server.web.InstancesController.instances(java.lang.String)
2018-11-06 13:13:44.867 [main] INFO  d.c.b.a.s.w.reactive.AdminControllerHandlerMapping - Mapped "{[/instances/events],methods=[GET],produces=[text/event-stream]}" onto public reactor.core.publisher.Flux<org.springframework.http.codec.ServerSentEvent<de.codecentric.boot.admin.server.domain.events.InstanceEvent>> de.codecentric.boot.admin.server.web.InstancesController.eventStream()
2018-11-06 13:13:44.867 [main] INFO  d.c.b.a.s.w.reactive.AdminControllerHandlerMapping - Mapped "{[/instances/{id}],methods=[GET],produces=[text/event-stream]}" onto public reactor.core.publisher.Flux<org.springframework.http.codec.ServerSentEvent<de.codecentric.boot.admin.server.domain.entities.Instance>> de.codecentric.boot.admin.server.web.InstancesController.instanceStream(java.lang.String)
2018-11-06 13:13:44.868 [main] INFO  d.c.b.a.s.w.reactive.AdminControllerHandlerMapping - Mapped "{[/instances/events],methods=[GET],produces=[application/json]}" onto public reactor.core.publisher.Flux<de.codecentric.boot.admin.server.domain.events.InstanceEvent> de.codecentric.boot.admin.server.web.InstancesController.events()
2018-11-06 13:13:44.872 [main] INFO  d.c.b.a.s.w.reactive.AdminControllerHandlerMapping - Mapped "{[/applications/{name}],methods=[DELETE]}" onto public reactor.core.publisher.Mono<org.springframework.http.ResponseEntity<java.lang.Void>> de.codecentric.boot.admin.server.web.ApplicationsController.unregister(java.lang.String)
2018-11-06 13:13:44.873 [main] INFO  d.c.b.a.s.w.reactive.AdminControllerHandlerMapping - Mapped "{[/applications],methods=[GET],produces=[application/json]}" onto public reactor.core.publisher.Flux<de.codecentric.boot.admin.server.web.ApplicationsController$Application> de.codecentric.boot.admin.server.web.ApplicationsController.applications()
2018-11-06 13:13:44.875 [main] INFO  d.c.b.a.s.w.reactive.AdminControllerHandlerMapping - Mapped "{[/applications],methods=[GET],produces=[text/event-stream]}" onto public reactor.core.publisher.Flux<org.springframework.http.codec.ServerSentEvent<de.codecentric.boot.admin.server.web.ApplicationsController$Application>> de.codecentric.boot.admin.server.web.ApplicationsController.applicationsStream()
2018-11-06 13:13:44.878 [main] INFO  d.c.b.a.s.w.reactive.AdminControllerHandlerMapping - Mapped "{[/],methods=[GET],produces=[text/html]}" onto public java.lang.String de.codecentric.boot.admin.server.ui.web.UiController.index()
2018-11-06 13:13:44.879 [main] INFO  d.c.b.a.s.w.reactive.AdminControllerHandlerMapping - Mapped "{[/login],methods=[GET],produces=[text/html]}" onto public java.lang.String de.codecentric.boot.admin.server.ui.web.UiController.login()
2018-11-06 13:13:46.625 [main] INFO  o.s.b.actuate.endpoint.web.EndpointLinksResolver - Exposing 2 endpoint(s) beneath base path '/actuator'
2018-11-06 13:13:46.661 [main] INFO  o.s.b.a.e.w.reactive.WebFluxEndpointHandlerMapping - Mapped "{[/actuator/health],methods=[GET],produces=[application/vnd.spring-boot.actuator.v2+json || application/json]}" onto public org.reactivestreams.Publisher<org.springframework.http.ResponseEntity<java.lang.Object>> org.springframework.boot.actuate.endpoint.web.reactive.AbstractWebFluxEndpointHandlerMapping$ReadOperationHandler.handle(org.springframework.web.server.ServerWebExchange)
2018-11-06 13:13:46.665 [main] INFO  o.s.b.a.e.w.reactive.WebFluxEndpointHandlerMapping - Mapped "{[/actuator/info],methods=[GET],produces=[application/vnd.spring-boot.actuator.v2+json || application/json]}" onto public org.reactivestreams.Publisher<org.springframework.http.ResponseEntity<java.lang.Object>> org.springframework.boot.actuate.endpoint.web.reactive.AbstractWebFluxEndpointHandlerMapping$ReadOperationHandler.handle(org.springframework.web.server.ServerWebExchange)
2018-11-06 13:13:46.667 [main] INFO  o.s.b.a.e.w.reactive.WebFluxEndpointHandlerMapping - Mapped "{[/actuator],methods=[GET],produces=[application/vnd.spring-boot.actuator.v2+json || application/json]}" onto protected java.util.Map<java.lang.String, java.util.Map<java.lang.String, org.springframework.boot.actuate.endpoint.web.Link>> org.springframework.boot.actuate.endpoint.web.reactive.WebFluxEndpointHandlerMapping.links(org.springframework.web.server.ServerWebExchange)
2018-11-06 13:13:46.745 [main] INFO  o.s.w.r.r.m.annotation.ControllerMethodResolver - Looking for @ControllerAdvice: org.springframework.boot.web.reactive.context.AnnotationConfigReactiveWebServerApplicationContext@33308786: startup date [Tue Nov 06 13:13:41 CST 2018]; parent: org.springframework.context.annotation.AnnotationConfigApplicationContext@32ee6fee
2018-11-06 13:13:48.577 [main] INFO  o.s.jmx.export.annotation.AnnotationMBeanExporter - Registering beans for JMX exposure on startup
2018-11-06 13:13:48.592 [main] INFO  o.s.jmx.export.annotation.AnnotationMBeanExporter - Bean with name 'refreshScope' has been autodetected for JMX exposure
2018-11-06 13:13:48.596 [main] INFO  o.s.jmx.export.annotation.AnnotationMBeanExporter - Bean with name 'environmentManager' has been autodetected for JMX exposure
2018-11-06 13:13:48.597 [main] INFO  o.s.jmx.export.annotation.AnnotationMBeanExporter - Bean with name 'configurationPropertiesRebinder' has been autodetected for JMX exposure
2018-11-06 13:13:48.602 [main] INFO  o.s.jmx.export.annotation.AnnotationMBeanExporter - Located managed bean 'environmentManager': registering with JMX server as MBean [org.springframework.cloud.context.environment:name=environmentManager,type=EnvironmentManager]
2018-11-06 13:13:48.615 [main] INFO  o.s.jmx.export.annotation.AnnotationMBeanExporter - Located managed bean 'refreshScope': registering with JMX server as MBean [org.springframework.cloud.context.scope.refresh:name=refreshScope,type=RefreshScope]
2018-11-06 13:13:48.639 [main] INFO  o.s.jmx.export.annotation.AnnotationMBeanExporter - Located managed bean 'configurationPropertiesRebinder': registering with JMX server as MBean [org.springframework.cloud.context.properties:name=configurationPropertiesRebinder,context=33308786,type=ConfigurationPropertiesRebinder]
2018-11-06 13:13:48.655 [main] INFO  o.s.context.support.DefaultLifecycleProcessor - Starting beans in phase 0
2018-11-06 13:13:48.684 [main] INFO  o.s.cloud.netflix.eureka.InstanceInfoFactory - Setting initial instance status as: STARTING
2018-11-06 13:13:48.924 [main] INFO  com.netflix.discovery.DiscoveryClient - Initializing Eureka in region us-east-1
2018-11-06 13:13:49.062 [main] INFO  c.n.discovery.provider.DiscoveryJerseyProvider - Using JSON encoding codec LegacyJacksonJson
2018-11-06 13:13:49.062 [main] INFO  c.n.discovery.provider.DiscoveryJerseyProvider - Using JSON decoding codec LegacyJacksonJson
2018-11-06 13:13:49.303 [main] INFO  c.n.discovery.provider.DiscoveryJerseyProvider - Using XML encoding codec XStreamXml
2018-11-06 13:13:49.304 [main] INFO  c.n.discovery.provider.DiscoveryJerseyProvider - Using XML decoding codec XStreamXml
2018-11-06 13:13:49.592 [main] INFO  c.n.d.shared.resolver.aws.ConfigClusterResolver - Resolving eureka endpoints via configuration
2018-11-06 13:13:49.803 [main] INFO  com.netflix.discovery.DiscoveryClient - Disable delta property : false
2018-11-06 13:13:49.805 [main] INFO  com.netflix.discovery.DiscoveryClient - Single vip registry refresh property : null
2018-11-06 13:13:49.805 [main] INFO  com.netflix.discovery.DiscoveryClient - Force full registry fetch : false
2018-11-06 13:13:49.807 [main] INFO  com.netflix.discovery.DiscoveryClient - Application is null : false
2018-11-06 13:13:49.807 [main] INFO  com.netflix.discovery.DiscoveryClient - Registered Applications size is zero : true
2018-11-06 13:13:49.809 [main] INFO  com.netflix.discovery.DiscoveryClient - Application version is -1: true
2018-11-06 13:13:49.810 [main] INFO  com.netflix.discovery.DiscoveryClient - Getting all instance registry info from the eureka server
2018-11-06 13:13:50.122 [main] INFO  com.netflix.discovery.DiscoveryClient - The response status is 200
2018-11-06 13:13:50.128 [main] INFO  com.netflix.discovery.DiscoveryClient - Starting heartbeat executor: renew interval is: 30
2018-11-06 13:13:50.133 [main] INFO  com.netflix.discovery.InstanceInfoReplicator - InstanceInfoReplicator onDemand update allowed rate per min is 4
2018-11-06 13:13:50.139 [main] INFO  com.netflix.discovery.DiscoveryClient - Discovery Client initialized at timestamp 1541481230138 with initial instances count: 4
2018-11-06 13:13:50.146 [main] INFO  o.s.c.n.e.serviceregistry.EurekaServiceRegistry - Registering application MONITOR with eureka with status UP
2018-11-06 13:13:50.147 [main] INFO  com.netflix.discovery.DiscoveryClient - Saw local status change event StatusChangeEvent [timestamp=1541481230147, current=UP, previous=STARTING]
2018-11-06 13:13:50.150 [DiscoveryClient-InstanceInfoReplicator-0] INFO  com.netflix.discovery.DiscoveryClient - DiscoveryClient_MONITOR/DESKTOP-E4673UL:monitor: registering service...
2018-11-06 13:13:50.219 [DiscoveryClient-InstanceInfoReplicator-0] INFO  com.netflix.discovery.DiscoveryClient - DiscoveryClient_MONITOR/DESKTOP-E4673UL:monitor - registration status: 204
2018-11-06 13:13:50.788 [reactor-http-nio-1] INFO  reactor.ipc.netty.tcp.BlockingNettyContext - Started HttpServer on /0:0:0:0:0:0:0:0:8080
2018-11-06 13:13:50.788 [main] INFO  o.s.boot.web.embedded.netty.NettyWebServer - Netty started on port(s): 8080
2018-11-06 13:13:50.793 [main] INFO  o.s.c.n.e.s.EurekaAutoServiceRegistration - Updating port to 8080
2018-11-06 13:13:50.798 [main] INFO  com.beidou.monitor.MonitorApplication - Started MonitorApplication in 13.206 seconds (JVM running for 17.281)
