2018-11-05 10:49:24.976 [main] INFO  o.s.c.a.AnnotationConfigApplicationContext - Refreshing org.springframework.context.annotation.AnnotationConfigApplicationContext@6ab778a: startup date [Mon Nov 05 10:49:24 CST 2018]; root of context hierarchy
2018-11-05 10:49:25.329 [main] INFO  o.s.b.f.a.AutowiredAnnotationBeanPostProcessor - JSR-330 'javax.inject.Inject' annotation found and supported for autowiring
2018-11-05 10:49:25.395 [main] INFO  o.s.c.s.PostProcessorRegistrationDelegate$BeanPostProcessorChecker - Bean 'configurationPropertiesRebinderAutoConfiguration' of type [org.springframework.cloud.autoconfigure.ConfigurationPropertiesRebinderAutoConfiguration$$EnhancerBySpringCGLIB$$100c81af] is not eligible for getting processed by all BeanPostProcessors (for example: not eligible for auto-proxying)
2018-11-05 10:49:26.181 [main] INFO  com.beidou.monitor.MonitorApplication - No active profile set, falling back to default profiles: default
2018-11-05 10:49:26.210 [main] INFO  o.s.b.w.r.c.AnnotationConfigReactiveWebServerApplicationContext - Refreshing org.springframework.boot.web.reactive.context.AnnotationConfigReactiveWebServerApplicationContext@5dcb4f5f: startup date [Mon Nov 05 10:49:26 CST 2018]; parent: org.springframework.context.annotation.AnnotationConfigApplicationContext@6ab778a
2018-11-05 10:49:27.835 [main] INFO  o.springframework.cloud.context.scope.GenericScope - BeanFactory id=058b64f1-49a8-3856-86c8-eff4e59ae504
2018-11-05 10:49:27.865 [main] INFO  o.s.b.f.a.AutowiredAnnotationBeanPostProcessor - JSR-330 'javax.inject.Inject' annotation found and supported for autowiring
2018-11-05 10:49:28.034 [main] INFO  o.s.c.s.PostProcessorRegistrationDelegate$BeanPostProcessorChecker - Bean 'org.springframework.cloud.autoconfigure.ConfigurationPropertiesRebinderAutoConfiguration' of type [org.springframework.cloud.autoconfigure.ConfigurationPropertiesRebinderAutoConfiguration$$EnhancerBySpringCGLIB$$100c81af] is not eligible for getting processed by all BeanPostProcessors (for example: not eligible for auto-proxying)
2018-11-05 10:49:28.277 [main] WARN  reactor.ipc.netty.tcp.TcpResources - [http] resources will use the default LoopResources: DefaultLoopResources {prefix=reactor-http, daemon=true, selectCount=4, workerCount=4}
2018-11-05 10:49:28.278 [main] WARN  reactor.ipc.netty.tcp.TcpResources - [http] resources will use the default PoolResources: DefaultPoolResources {name=http, provider=reactor.ipc.netty.resources.PoolResources$$Lambda$236/1389055824@25a5c7db}
2018-11-05 10:49:28.390 [main] WARN  com.netflix.config.sources.URLConfigurationSource - No URLs will be polled as dynamic configuration sources.
2018-11-05 10:49:28.392 [main] INFO  com.netflix.config.sources.URLConfigurationSource - To enable URLs as dynamic configuration sources, define System property archaius.configurationSource.additionalUrls or make config.properties available on classpath.
2018-11-05 10:49:28.401 [main] WARN  com.netflix.config.sources.URLConfigurationSource - No URLs will be polled as dynamic configuration sources.
2018-11-05 10:49:28.401 [main] INFO  com.netflix.config.sources.URLConfigurationSource - To enable URLs as dynamic configuration sources, define System property archaius.configurationSource.additionalUrls or make config.properties available on classpath.
2018-11-05 10:49:28.793 [main] WARN  o.s.b.a.t.ThymeleafAutoConfiguration$DefaultTemplateResolverConfiguration - Cannot find template location: classpath:/templates/ (please add some templates or check your Thymeleaf configuration)
2018-11-05 10:49:29.156 [main] INFO  o.s.web.reactive.handler.SimpleUrlHandlerMapping - Mapped URL path [/webjars/**] onto handler of type [class org.springframework.web.reactive.resource.ResourceWebHandler]
2018-11-05 10:49:29.156 [main] INFO  o.s.web.reactive.handler.SimpleUrlHandlerMapping - Mapped URL path [/**] onto handler of type [class org.springframework.web.reactive.resource.ResourceWebHandler]
2018-11-05 10:49:29.207 [main] INFO  d.c.b.a.s.w.reactive.AdminControllerHandlerMapping - Mapped "{[/instances/{instanceId}/actuator/**],methods=[GET || HEAD || POST || PUT || PATCH || DELETE || OPTIONS]}" onto public reactor.core.publisher.Mono<java.lang.Void> de.codecentric.boot.admin.server.web.reactive.InstancesProxyController.endpointProxy(java.lang.String,org.springframework.http.server.reactive.ServerHttpRequest,org.springframework.http.server.reactive.ServerHttpResponse)
2018-11-05 10:49:29.225 [main] INFO  d.c.b.a.s.w.reactive.AdminControllerHandlerMapping - Mapped "{[/instances],methods=[POST],consumes=[application/json]}" onto public reactor.core.publisher.Mono<org.springframework.http.ResponseEntity<java.util.Map<java.lang.String, de.codecentric.boot.admin.server.domain.values.InstanceId>>> de.codecentric.boot.admin.server.web.InstancesController.register(de.codecentric.boot.admin.server.domain.values.Registration,org.springframework.web.util.UriComponentsBuilder)
2018-11-05 10:49:29.228 [main] INFO  d.c.b.a.s.w.reactive.AdminControllerHandlerMapping - Mapped "{[/instances/{id}],methods=[GET],produces=[application/json]}" onto public reactor.core.publisher.Mono<org.springframework.http.ResponseEntity<de.codecentric.boot.admin.server.domain.entities.Instance>> de.codecentric.boot.admin.server.web.InstancesController.instance(java.lang.String)
2018-11-05 10:49:29.228 [main] INFO  d.c.b.a.s.w.reactive.AdminControllerHandlerMapping - Mapped "{[/instances],methods=[GET],produces=[application/json]}" onto public reactor.core.publisher.Flux<de.codecentric.boot.admin.server.domain.entities.Instance> de.codecentric.boot.admin.server.web.InstancesController.instances(java.lang.String)
2018-11-05 10:49:29.229 [main] INFO  d.c.b.a.s.w.reactive.AdminControllerHandlerMapping - Mapped "{[/instances/{id}],methods=[DELETE]}" onto public reactor.core.publisher.Mono<org.springframework.http.ResponseEntity<java.lang.Void>> de.codecentric.boot.admin.server.web.InstancesController.unregister(java.lang.String)
2018-11-05 10:49:29.229 [main] INFO  d.c.b.a.s.w.reactive.AdminControllerHandlerMapping - Mapped "{[/instances/events],methods=[GET],produces=[application/json]}" onto public reactor.core.publisher.Flux<de.codecentric.boot.admin.server.domain.events.InstanceEvent> de.codecentric.boot.admin.server.web.InstancesController.events()
2018-11-05 10:49:29.231 [main] INFO  d.c.b.a.s.w.reactive.AdminControllerHandlerMapping - Mapped "{[/instances/events],methods=[GET],produces=[text/event-stream]}" onto public reactor.core.publisher.Flux<org.springframework.http.codec.ServerSentEvent<de.codecentric.boot.admin.server.domain.events.InstanceEvent>> de.codecentric.boot.admin.server.web.InstancesController.eventStream()
2018-11-05 10:49:29.232 [main] INFO  d.c.b.a.s.w.reactive.AdminControllerHandlerMapping - Mapped "{[/instances/{id}],methods=[GET],produces=[text/event-stream]}" onto public reactor.core.publisher.Flux<org.springframework.http.codec.ServerSentEvent<de.codecentric.boot.admin.server.domain.entities.Instance>> de.codecentric.boot.admin.server.web.InstancesController.instanceStream(java.lang.String)
2018-11-05 10:49:29.236 [main] INFO  d.c.b.a.s.w.reactive.AdminControllerHandlerMapping - Mapped "{[/applications/{name}],methods=[DELETE]}" onto public reactor.core.publisher.Mono<org.springframework.http.ResponseEntity<java.lang.Void>> de.codecentric.boot.admin.server.web.ApplicationsController.unregister(java.lang.String)
2018-11-05 10:49:29.237 [main] INFO  d.c.b.a.s.w.reactive.AdminControllerHandlerMapping - Mapped "{[/applications],methods=[GET],produces=[text/event-stream]}" onto public reactor.core.publisher.Flux<org.springframework.http.codec.ServerSentEvent<de.codecentric.boot.admin.server.web.ApplicationsController$Application>> de.codecentric.boot.admin.server.web.ApplicationsController.applicationsStream()
2018-11-05 10:49:29.239 [main] INFO  d.c.b.a.s.w.reactive.AdminControllerHandlerMapping - Mapped "{[/applications],methods=[GET],produces=[application/json]}" onto public reactor.core.publisher.Flux<de.codecentric.boot.admin.server.web.ApplicationsController$Application> de.codecentric.boot.admin.server.web.ApplicationsController.applications()
2018-11-05 10:49:29.242 [main] INFO  d.c.b.a.s.w.reactive.AdminControllerHandlerMapping - Mapped "{[/],methods=[GET],produces=[text/html]}" onto public java.lang.String de.codecentric.boot.admin.server.ui.web.UiController.index()
2018-11-05 10:49:29.242 [main] INFO  d.c.b.a.s.w.reactive.AdminControllerHandlerMapping - Mapped "{[/login],methods=[GET],produces=[text/html]}" onto public java.lang.String de.codecentric.boot.admin.server.ui.web.UiController.login()
2018-11-05 10:49:31.016 [main] INFO  o.s.b.actuate.endpoint.web.EndpointLinksResolver - Exposing 19 endpoint(s) beneath base path '/actuator'
2018-11-05 10:49:31.042 [main] INFO  o.s.b.a.e.w.reactive.WebFluxEndpointHandlerMapping - Mapped "{[/actuator/archaius],methods=[GET],produces=[application/vnd.spring-boot.actuator.v2+json || application/json]}" onto public org.reactivestreams.Publisher<org.springframework.http.ResponseEntity<java.lang.Object>> org.springframework.boot.actuate.endpoint.web.reactive.AbstractWebFluxEndpointHandlerMapping$ReadOperationHandler.handle(org.springframework.web.server.ServerWebExchange)
2018-11-05 10:49:31.044 [main] INFO  o.s.b.a.e.w.reactive.WebFluxEndpointHandlerMapping - Mapped "{[/actuator/auditevents],methods=[GET],produces=[application/vnd.spring-boot.actuator.v2+json || application/json]}" onto public org.reactivestreams.Publisher<org.springframework.http.ResponseEntity<java.lang.Object>> org.springframework.boot.actuate.endpoint.web.reactive.AbstractWebFluxEndpointHandlerMapping$ReadOperationHandler.handle(org.springframework.web.server.ServerWebExchange)
2018-11-05 10:49:31.046 [main] INFO  o.s.b.a.e.w.reactive.WebFluxEndpointHandlerMapping - Mapped "{[/actuator/beans],methods=[GET],produces=[application/vnd.spring-boot.actuator.v2+json || application/json]}" onto public org.reactivestreams.Publisher<org.springframework.http.ResponseEntity<java.lang.Object>> org.springframework.boot.actuate.endpoint.web.reactive.AbstractWebFluxEndpointHandlerMapping$ReadOperationHandler.handle(org.springframework.web.server.ServerWebExchange)
2018-11-05 10:49:31.048 [main] INFO  o.s.b.a.e.w.reactive.WebFluxEndpointHandlerMapping - Mapped "{[/actuator/health],methods=[GET],produces=[application/vnd.spring-boot.actuator.v2+json || application/json]}" onto public org.reactivestreams.Publisher<org.springframework.http.ResponseEntity<java.lang.Object>> org.springframework.boot.actuate.endpoint.web.reactive.AbstractWebFluxEndpointHandlerMapping$ReadOperationHandler.handle(org.springframework.web.server.ServerWebExchange)
2018-11-05 10:49:31.051 [main] INFO  o.s.b.a.e.w.reactive.WebFluxEndpointHandlerMapping - Mapped "{[/actuator/conditions],methods=[GET],produces=[application/vnd.spring-boot.actuator.v2+json || application/json]}" onto public org.reactivestreams.Publisher<org.springframework.http.ResponseEntity<java.lang.Object>> org.springframework.boot.actuate.endpoint.web.reactive.AbstractWebFluxEndpointHandlerMapping$ReadOperationHandler.handle(org.springframework.web.server.ServerWebExchange)
2018-11-05 10:49:31.053 [main] INFO  o.s.b.a.e.w.reactive.WebFluxEndpointHandlerMapping - Mapped "{[/actuator/configprops],methods=[GET],produces=[application/vnd.spring-boot.actuator.v2+json || application/json]}" onto public org.reactivestreams.Publisher<org.springframework.http.ResponseEntity<java.lang.Object>> org.springframework.boot.actuate.endpoint.web.reactive.AbstractWebFluxEndpointHandlerMapping$ReadOperationHandler.handle(org.springframework.web.server.ServerWebExchange)
2018-11-05 10:49:31.055 [main] INFO  o.s.b.a.e.w.reactive.WebFluxEndpointHandlerMapping - Mapped "{[/actuator/env],methods=[GET],produces=[application/vnd.spring-boot.actuator.v2+json || application/json]}" onto public org.reactivestreams.Publisher<org.springframework.http.ResponseEntity<java.lang.Object>> org.springframework.boot.actuate.endpoint.web.reactive.AbstractWebFluxEndpointHandlerMapping$ReadOperationHandler.handle(org.springframework.web.server.ServerWebExchange)
2018-11-05 10:49:31.057 [main] INFO  o.s.b.a.e.w.reactive.WebFluxEndpointHandlerMapping - Mapped "{[/actuator/env/{toMatch}],methods=[GET],produces=[application/vnd.spring-boot.actuator.v2+json || application/json]}" onto public org.reactivestreams.Publisher<org.springframework.http.ResponseEntity<java.lang.Object>> org.springframework.boot.actuate.endpoint.web.reactive.AbstractWebFluxEndpointHandlerMapping$ReadOperationHandler.handle(org.springframework.web.server.ServerWebExchange)
2018-11-05 10:49:31.059 [main] INFO  o.s.b.a.e.w.reactive.WebFluxEndpointHandlerMapping - Mapped "{[/actuator/env],methods=[POST],consumes=[application/vnd.spring-boot.actuator.v2+json || application/json],produces=[application/vnd.spring-boot.actuator.v2+json || application/json]}" onto public org.reactivestreams.Publisher<org.springframework.http.ResponseEntity<java.lang.Object>> org.springframework.boot.actuate.endpoint.web.reactive.AbstractWebFluxEndpointHandlerMapping$WriteOperationHandler.handle(org.springframework.web.server.ServerWebExchange,java.util.Map<java.lang.String, java.lang.String>)
2018-11-05 10:49:31.061 [main] INFO  o.s.b.a.e.w.reactive.WebFluxEndpointHandlerMapping - Mapped "{[/actuator/env],methods=[DELETE],produces=[application/vnd.spring-boot.actuator.v2+json || application/json]}" onto public org.reactivestreams.Publisher<org.springframework.http.ResponseEntity<java.lang.Object>> org.springframework.boot.actuate.endpoint.web.reactive.AbstractWebFluxEndpointHandlerMapping$ReadOperationHandler.handle(org.springframework.web.server.ServerWebExchange)
2018-11-05 10:49:31.063 [main] INFO  o.s.b.a.e.w.reactive.WebFluxEndpointHandlerMapping - Mapped "{[/actuator/info],methods=[GET],produces=[application/vnd.spring-boot.actuator.v2+json || application/json]}" onto public org.reactivestreams.Publisher<org.springframework.http.ResponseEntity<java.lang.Object>> org.springframework.boot.actuate.endpoint.web.reactive.AbstractWebFluxEndpointHandlerMapping$ReadOperationHandler.handle(org.springframework.web.server.ServerWebExchange)
2018-11-05 10:49:31.065 [main] INFO  o.s.b.a.e.w.reactive.WebFluxEndpointHandlerMapping - Mapped "{[/actuator/logfile],methods=[GET],produces=[application/octet-stream]}" onto public org.reactivestreams.Publisher<org.springframework.http.ResponseEntity<java.lang.Object>> org.springframework.boot.actuate.endpoint.web.reactive.AbstractWebFluxEndpointHandlerMapping$ReadOperationHandler.handle(org.springframework.web.server.ServerWebExchange)
2018-11-05 10:49:31.068 [main] INFO  o.s.b.a.e.w.reactive.WebFluxEndpointHandlerMapping - Mapped "{[/actuator/loggers],methods=[GET],produces=[application/vnd.spring-boot.actuator.v2+json || application/json]}" onto public org.reactivestreams.Publisher<org.springframework.http.ResponseEntity<java.lang.Object>> org.springframework.boot.actuate.endpoint.web.reactive.AbstractWebFluxEndpointHandlerMapping$ReadOperationHandler.handle(org.springframework.web.server.ServerWebExchange)
2018-11-05 10:49:31.070 [main] INFO  o.s.b.a.e.w.reactive.WebFluxEndpointHandlerMapping - Mapped "{[/actuator/loggers/{name}],methods=[POST],consumes=[application/vnd.spring-boot.actuator.v2+json || application/json]}" onto public org.reactivestreams.Publisher<org.springframework.http.ResponseEntity<java.lang.Object>> org.springframework.boot.actuate.endpoint.web.reactive.AbstractWebFluxEndpointHandlerMapping$WriteOperationHandler.handle(org.springframework.web.server.ServerWebExchange,java.util.Map<java.lang.String, java.lang.String>)
2018-11-05 10:49:31.072 [main] INFO  o.s.b.a.e.w.reactive.WebFluxEndpointHandlerMapping - Mapped "{[/actuator/loggers/{name}],methods=[GET],produces=[application/vnd.spring-boot.actuator.v2+json || application/json]}" onto public org.reactivestreams.Publisher<org.springframework.http.ResponseEntity<java.lang.Object>> org.springframework.boot.actuate.endpoint.web.reactive.AbstractWebFluxEndpointHandlerMapping$ReadOperationHandler.handle(org.springframework.web.server.ServerWebExchange)
2018-11-05 10:49:31.073 [main] INFO  o.s.b.a.e.w.reactive.WebFluxEndpointHandlerMapping - Mapped "{[/actuator/heapdump],methods=[GET],produces=[application/octet-stream]}" onto public org.reactivestreams.Publisher<org.springframework.http.ResponseEntity<java.lang.Object>> org.springframework.boot.actuate.endpoint.web.reactive.AbstractWebFluxEndpointHandlerMapping$ReadOperationHandler.handle(org.springframework.web.server.ServerWebExchange)
2018-11-05 10:49:31.075 [main] INFO  o.s.b.a.e.w.reactive.WebFluxEndpointHandlerMapping - Mapped "{[/actuator/threaddump],methods=[GET],produces=[application/vnd.spring-boot.actuator.v2+json || application/json]}" onto public org.reactivestreams.Publisher<org.springframework.http.ResponseEntity<java.lang.Object>> org.springframework.boot.actuate.endpoint.web.reactive.AbstractWebFluxEndpointHandlerMapping$ReadOperationHandler.handle(org.springframework.web.server.ServerWebExchange)
2018-11-05 10:49:31.077 [main] INFO  o.s.b.a.e.w.reactive.WebFluxEndpointHandlerMapping - Mapped "{[/actuator/metrics],methods=[GET],produces=[application/vnd.spring-boot.actuator.v2+json || application/json]}" onto public org.reactivestreams.Publisher<org.springframework.http.ResponseEntity<java.lang.Object>> org.springframework.boot.actuate.endpoint.web.reactive.AbstractWebFluxEndpointHandlerMapping$ReadOperationHandler.handle(org.springframework.web.server.ServerWebExchange)
2018-11-05 10:49:31.079 [main] INFO  o.s.b.a.e.w.reactive.WebFluxEndpointHandlerMapping - Mapped "{[/actuator/metrics/{requiredMetricName}],methods=[GET],produces=[application/vnd.spring-boot.actuator.v2+json || application/json]}" onto public org.reactivestreams.Publisher<org.springframework.http.ResponseEntity<java.lang.Object>> org.springframework.boot.actuate.endpoint.web.reactive.AbstractWebFluxEndpointHandlerMapping$ReadOperationHandler.handle(org.springframework.web.server.ServerWebExchange)
2018-11-05 10:49:31.081 [main] INFO  o.s.b.a.e.w.reactive.WebFluxEndpointHandlerMapping - Mapped "{[/actuator/scheduledtasks],methods=[GET],produces=[application/vnd.spring-boot.actuator.v2+json || application/json]}" onto public org.reactivestreams.Publisher<org.springframework.http.ResponseEntity<java.lang.Object>> org.springframework.boot.actuate.endpoint.web.reactive.AbstractWebFluxEndpointHandlerMapping$ReadOperationHandler.handle(org.springframework.web.server.ServerWebExchange)
2018-11-05 10:49:31.084 [main] INFO  o.s.b.a.e.w.reactive.WebFluxEndpointHandlerMapping - Mapped "{[/actuator/httptrace],methods=[GET],produces=[application/vnd.spring-boot.actuator.v2+json || application/json]}" onto public org.reactivestreams.Publisher<org.springframework.http.ResponseEntity<java.lang.Object>> org.springframework.boot.actuate.endpoint.web.reactive.AbstractWebFluxEndpointHandlerMapping$ReadOperationHandler.handle(org.springframework.web.server.ServerWebExchange)
2018-11-05 10:49:31.085 [main] INFO  o.s.b.a.e.w.reactive.WebFluxEndpointHandlerMapping - Mapped "{[/actuator/mappings],methods=[GET],produces=[application/vnd.spring-boot.actuator.v2+json || application/json]}" onto public org.reactivestreams.Publisher<org.springframework.http.ResponseEntity<java.lang.Object>> org.springframework.boot.actuate.endpoint.web.reactive.AbstractWebFluxEndpointHandlerMapping$ReadOperationHandler.handle(org.springframework.web.server.ServerWebExchange)
2018-11-05 10:49:31.087 [main] INFO  o.s.b.a.e.w.reactive.WebFluxEndpointHandlerMapping - Mapped "{[/actuator/refresh],methods=[POST],produces=[application/vnd.spring-boot.actuator.v2+json || application/json]}" onto public org.reactivestreams.Publisher<org.springframework.http.ResponseEntity<java.lang.Object>> org.springframework.boot.actuate.endpoint.web.reactive.AbstractWebFluxEndpointHandlerMapping$WriteOperationHandler.handle(org.springframework.web.server.ServerWebExchange,java.util.Map<java.lang.String, java.lang.String>)
2018-11-05 10:49:31.089 [main] INFO  o.s.b.a.e.w.reactive.WebFluxEndpointHandlerMapping - Mapped "{[/actuator/features],methods=[GET],produces=[application/vnd.spring-boot.actuator.v2+json || application/json]}" onto public org.reactivestreams.Publisher<org.springframework.http.ResponseEntity<java.lang.Object>> org.springframework.boot.actuate.endpoint.web.reactive.AbstractWebFluxEndpointHandlerMapping$ReadOperationHandler.handle(org.springframework.web.server.ServerWebExchange)
2018-11-05 10:49:31.091 [main] INFO  o.s.b.a.e.w.reactive.WebFluxEndpointHandlerMapping - Mapped "{[/actuator/service-registry],methods=[GET],produces=[application/vnd.spring-boot.actuator.v2+json || application/json]}" onto public org.reactivestreams.Publisher<org.springframework.http.ResponseEntity<java.lang.Object>> org.springframework.boot.actuate.endpoint.web.reactive.AbstractWebFluxEndpointHandlerMapping$ReadOperationHandler.handle(org.springframework.web.server.ServerWebExchange)
2018-11-05 10:49:31.094 [main] INFO  o.s.b.a.e.w.reactive.WebFluxEndpointHandlerMapping - Mapped "{[/actuator/service-registry],methods=[POST],consumes=[application/vnd.spring-boot.actuator.v2+json || application/json],produces=[application/vnd.spring-boot.actuator.v2+json || application/json]}" onto public org.reactivestreams.Publisher<org.springframework.http.ResponseEntity<java.lang.Object>> org.springframework.boot.actuate.endpoint.web.reactive.AbstractWebFluxEndpointHandlerMapping$WriteOperationHandler.handle(org.springframework.web.server.ServerWebExchange,java.util.Map<java.lang.String, java.lang.String>)
2018-11-05 10:49:31.095 [main] INFO  o.s.b.a.e.w.reactive.WebFluxEndpointHandlerMapping - Mapped "{[/actuator],methods=[GET],produces=[application/vnd.spring-boot.actuator.v2+json || application/json]}" onto protected java.util.Map<java.lang.String, java.util.Map<java.lang.String, org.springframework.boot.actuate.endpoint.web.Link>> org.springframework.boot.actuate.endpoint.web.reactive.WebFluxEndpointHandlerMapping.links(org.springframework.web.server.ServerWebExchange)
2018-11-05 10:49:31.168 [main] INFO  o.s.w.r.r.m.annotation.ControllerMethodResolver - Looking for @ControllerAdvice: org.springframework.boot.web.reactive.context.AnnotationConfigReactiveWebServerApplicationContext@5dcb4f5f: startup date [Mon Nov 05 10:49:26 CST 2018]; parent: org.springframework.context.annotation.AnnotationConfigApplicationContext@6ab778a
2018-11-05 10:49:32.874 [main] INFO  o.s.jmx.export.annotation.AnnotationMBeanExporter - Registering beans for JMX exposure on startup
2018-11-05 10:49:32.890 [main] INFO  o.s.jmx.export.annotation.AnnotationMBeanExporter - Bean with name 'refreshScope' has been autodetected for JMX exposure
2018-11-05 10:49:32.891 [main] INFO  o.s.jmx.export.annotation.AnnotationMBeanExporter - Bean with name 'environmentManager' has been autodetected for JMX exposure
2018-11-05 10:49:32.893 [main] INFO  o.s.jmx.export.annotation.AnnotationMBeanExporter - Bean with name 'configurationPropertiesRebinder' has been autodetected for JMX exposure
2018-11-05 10:49:32.897 [main] INFO  o.s.jmx.export.annotation.AnnotationMBeanExporter - Located managed bean 'environmentManager': registering with JMX server as MBean [org.springframework.cloud.context.environment:name=environmentManager,type=EnvironmentManager]
2018-11-05 10:49:32.910 [main] INFO  o.s.jmx.export.annotation.AnnotationMBeanExporter - Located managed bean 'refreshScope': registering with JMX server as MBean [org.springframework.cloud.context.scope.refresh:name=refreshScope,type=RefreshScope]
2018-11-05 10:49:32.931 [main] INFO  o.s.jmx.export.annotation.AnnotationMBeanExporter - Located managed bean 'configurationPropertiesRebinder': registering with JMX server as MBean [org.springframework.cloud.context.properties:name=configurationPropertiesRebinder,context=5dcb4f5f,type=ConfigurationPropertiesRebinder]
2018-11-05 10:49:32.945 [main] INFO  o.s.context.support.DefaultLifecycleProcessor - Starting beans in phase 0
2018-11-05 10:49:32.973 [main] INFO  o.s.cloud.netflix.eureka.InstanceInfoFactory - Setting initial instance status as: STARTING
2018-11-05 10:49:33.045 [main] INFO  com.netflix.discovery.DiscoveryClient - Initializing Eureka in region us-east-1
2018-11-05 10:49:33.213 [main] INFO  c.n.discovery.provider.DiscoveryJerseyProvider - Using JSON encoding codec LegacyJacksonJson
2018-11-05 10:49:33.214 [main] INFO  c.n.discovery.provider.DiscoveryJerseyProvider - Using JSON decoding codec LegacyJacksonJson
2018-11-05 10:49:33.460 [main] INFO  c.n.discovery.provider.DiscoveryJerseyProvider - Using XML encoding codec XStreamXml
2018-11-05 10:49:33.461 [main] INFO  c.n.discovery.provider.DiscoveryJerseyProvider - Using XML decoding codec XStreamXml
2018-11-05 10:49:33.734 [main] INFO  c.n.d.shared.resolver.aws.ConfigClusterResolver - Resolving eureka endpoints via configuration
2018-11-05 10:49:33.924 [main] INFO  com.netflix.discovery.DiscoveryClient - Disable delta property : false
2018-11-05 10:49:33.925 [main] INFO  com.netflix.discovery.DiscoveryClient - Single vip registry refresh property : null
2018-11-05 10:49:33.926 [main] INFO  com.netflix.discovery.DiscoveryClient - Force full registry fetch : false
2018-11-05 10:49:33.926 [main] INFO  com.netflix.discovery.DiscoveryClient - Application is null : false
2018-11-05 10:49:33.926 [main] INFO  com.netflix.discovery.DiscoveryClient - Registered Applications size is zero : true
2018-11-05 10:49:33.927 [main] INFO  com.netflix.discovery.DiscoveryClient - Application version is -1: true
2018-11-05 10:49:33.927 [main] INFO  com.netflix.discovery.DiscoveryClient - Getting all instance registry info from the eureka server
2018-11-05 10:49:34.272 [main] INFO  com.netflix.discovery.DiscoveryClient - The response status is 200
2018-11-05 10:49:34.277 [main] INFO  com.netflix.discovery.DiscoveryClient - Starting heartbeat executor: renew interval is: 10
2018-11-05 10:49:34.283 [main] INFO  com.netflix.discovery.InstanceInfoReplicator - InstanceInfoReplicator onDemand update allowed rate per min is 4
2018-11-05 10:49:34.289 [main] INFO  com.netflix.discovery.DiscoveryClient - Discovery Client initialized at timestamp 1541386174287 with initial instances count: 2
2018-11-05 10:49:34.295 [main] INFO  o.s.c.n.e.serviceregistry.EurekaServiceRegistry - Registering application MONITOR-SERVER with eureka with status UP
2018-11-05 10:49:34.296 [main] INFO  com.netflix.discovery.DiscoveryClient - Saw local status change event StatusChangeEvent [timestamp=1541386174296, current=UP, previous=STARTING]
2018-11-05 10:49:34.300 [DiscoveryClient-InstanceInfoReplicator-0] INFO  com.netflix.discovery.DiscoveryClient - DiscoveryClient_MONITOR-SERVER/DESKTOP-E4673UL:monitor-server:8001: registering service...
2018-11-05 10:49:34.365 [DiscoveryClient-InstanceInfoReplicator-0] INFO  com.netflix.discovery.DiscoveryClient - DiscoveryClient_MONITOR-SERVER/DESKTOP-E4673UL:monitor-server:8001 - registration status: 204
2018-11-05 10:49:34.910 [main] INFO  o.s.b.a.l.ConditionEvaluationReportLoggingListener - 

Error starting ApplicationContext. To display the conditions report re-run your application with 'debug' enabled.
2018-11-05 10:49:34.924 [main] ERROR o.s.b.diagnostics.LoggingFailureAnalysisReporter - 

***************************
APPLICATION FAILED TO START
***************************

Description:

Web server failed to start. Port 8001 was already in use.

Action:

Identify and stop the process that's listening on port 8001 or configure this application to listen on another port.

2018-11-05 10:49:34.929 [main] INFO  o.s.b.w.r.c.AnnotationConfigReactiveWebServerApplicationContext - Closing org.springframework.boot.web.reactive.context.AnnotationConfigReactiveWebServerApplicationContext@5dcb4f5f: startup date [Mon Nov 05 10:49:26 CST 2018]; parent: org.springframework.context.annotation.AnnotationConfigApplicationContext@6ab778a
2018-11-05 10:49:34.930 [main] INFO  o.s.c.n.e.serviceregistry.EurekaServiceRegistry - Unregistering application MONITOR-SERVER with eureka with status DOWN
2018-11-05 10:49:34.930 [main] WARN  com.netflix.discovery.DiscoveryClient - Saw local status change event StatusChangeEvent [timestamp=1541386174930, current=DOWN, previous=UP]
2018-11-05 10:49:34.931 [DiscoveryClient-InstanceInfoReplicator-0] INFO  com.netflix.discovery.DiscoveryClient - DiscoveryClient_MONITOR-SERVER/DESKTOP-E4673UL:monitor-server:8001: registering service...
2018-11-05 10:49:34.933 [main] INFO  o.s.context.support.DefaultLifecycleProcessor - Stopping beans in phase 0
2018-11-05 10:49:34.937 [DiscoveryClient-InstanceInfoReplicator-0] INFO  com.netflix.discovery.DiscoveryClient - DiscoveryClient_MONITOR-SERVER/DESKTOP-E4673UL:monitor-server:8001 - registration status: 204
2018-11-05 10:49:34.938 [main] INFO  o.s.jmx.export.annotation.AnnotationMBeanExporter - Unregistering JMX-exposed beans on shutdown
2018-11-05 10:49:34.939 [main] INFO  o.s.jmx.export.annotation.AnnotationMBeanExporter - Unregistering JMX-exposed beans
2018-11-05 10:49:34.949 [main] INFO  com.netflix.discovery.DiscoveryClient - Shutting down DiscoveryClient ...
2018-11-05 10:49:34.951 [main] WARN  o.s.c.annotation.CommonAnnotationBeanPostProcessor - Invocation of destroy method failed on bean with name 'scopedTarget.eurekaClient': org.springframework.beans.factory.BeanCreationNotAllowedException: Error creating bean with name 'eurekaInstanceConfigBean': Singleton bean creation not allowed while singletons of this factory are in destruction (Do not request a bean from a BeanFactory in a destroy method implementation!)
2018-11-05 10:50:04.309 [DiscoveryClient-CacheRefreshExecutor-0] ERROR com.netflix.discovery.DiscoveryClient - Cannot fetch registry from server
java.lang.IllegalStateException: org.springframework.boot.web.reactive.context.AnnotationConfigReactiveWebServerApplicationContext@5dcb4f5f has been closed already
	at org.springframework.context.support.AbstractApplicationContext.assertBeanFactoryActive(AbstractApplicationContext.java:1071)
	at org.springframework.context.support.AbstractApplicationContext.getBean(AbstractApplicationContext.java:1086)
	at org.springframework.context.event.ApplicationListenerMethodAdapter.getTargetBean(ApplicationListenerMethodAdapter.java:288)
	at org.springframework.context.event.ApplicationListenerMethodAdapter.doInvoke(ApplicationListenerMethodAdapter.java:258)
	at org.springframework.context.event.ApplicationListenerMethodAdapter.processEvent(ApplicationListenerMethodAdapter.java:180)
	at org.springframework.context.event.ApplicationListenerMethodAdapter.onApplicationEvent(ApplicationListenerMethodAdapter.java:142)
	at org.springframework.context.event.SimpleApplicationEventMulticaster.doInvokeListener(SimpleApplicationEventMulticaster.java:172)
	at org.springframework.context.event.SimpleApplicationEventMulticaster.invokeListener(SimpleApplicationEventMulticaster.java:165)
	at org.springframework.context.event.SimpleApplicationEventMulticaster.multicastEvent(SimpleApplicationEventMulticaster.java:139)
	at org.springframework.context.support.AbstractApplicationContext.publishEvent(AbstractApplicationContext.java:400)
	at org.springframework.context.support.AbstractApplicationContext.publishEvent(AbstractApplicationContext.java:354)
	at org.springframework.cloud.netflix.eureka.CloudEurekaClient.onCacheRefreshed(CloudEurekaClient.java:112)
	at com.netflix.discovery.DiscoveryClient.fetchRegistry(DiscoveryClient.java:981)
	at com.netflix.discovery.DiscoveryClient.refreshRegistry(DiscoveryClient.java:1473)
	at com.netflix.discovery.DiscoveryClient$CacheRefreshThread.run(DiscoveryClient.java:1440)
	at java.util.concurrent.Executors$RunnableAdapter.call(Executors.java:511)
	at java.util.concurrent.FutureTask.run(FutureTask.java:266)
	at java.util.concurrent.ThreadPoolExecutor.runWorker(ThreadPoolExecutor.java:1149)
	at java.util.concurrent.ThreadPoolExecutor$Worker.run(ThreadPoolExecutor.java:624)
	at java.lang.Thread.run(Thread.java:748)
2018-11-05 10:50:05.243 [DiscoveryClient-InstanceInfoReplicator-0] INFO  o.s.cloud.netflix.eureka.InstanceInfoFactory - Setting initial instance status as: STARTING
2018-11-05 10:50:34.334 [DiscoveryClient-CacheRefreshExecutor-0] ERROR com.netflix.discovery.DiscoveryClient - Cannot fetch registry from server
java.lang.IllegalStateException: org.springframework.boot.web.reactive.context.AnnotationConfigReactiveWebServerApplicationContext@5dcb4f5f has been closed already
	at org.springframework.context.support.AbstractApplicationContext.assertBeanFactoryActive(AbstractApplicationContext.java:1071)
	at org.springframework.context.support.AbstractApplicationContext.getBean(AbstractApplicationContext.java:1086)
	at org.springframework.context.event.ApplicationListenerMethodAdapter.getTargetBean(ApplicationListenerMethodAdapter.java:288)
	at org.springframework.context.event.ApplicationListenerMethodAdapter.doInvoke(ApplicationListenerMethodAdapter.java:258)
	at org.springframework.context.event.ApplicationListenerMethodAdapter.processEvent(ApplicationListenerMethodAdapter.java:180)
	at org.springframework.context.event.ApplicationListenerMethodAdapter.onApplicationEvent(ApplicationListenerMethodAdapter.java:142)
	at org.springframework.context.event.SimpleApplicationEventMulticaster.doInvokeListener(SimpleApplicationEventMulticaster.java:172)
	at org.springframework.context.event.SimpleApplicationEventMulticaster.invokeListener(SimpleApplicationEventMulticaster.java:165)
	at org.springframework.context.event.SimpleApplicationEventMulticaster.multicastEvent(SimpleApplicationEventMulticaster.java:139)
	at org.springframework.context.support.AbstractApplicationContext.publishEvent(AbstractApplicationContext.java:400)
	at org.springframework.context.support.AbstractApplicationContext.publishEvent(AbstractApplicationContext.java:354)
	at org.springframework.cloud.netflix.eureka.CloudEurekaClient.onCacheRefreshed(CloudEurekaClient.java:112)
	at com.netflix.discovery.DiscoveryClient.fetchRegistry(DiscoveryClient.java:981)
	at com.netflix.discovery.DiscoveryClient.refreshRegistry(DiscoveryClient.java:1473)
	at com.netflix.discovery.DiscoveryClient$CacheRefreshThread.run(DiscoveryClient.java:1440)
	at java.util.concurrent.Executors$RunnableAdapter.call(Executors.java:511)
	at java.util.concurrent.FutureTask.run(FutureTask.java:266)
	at java.util.concurrent.ThreadPoolExecutor.runWorker(ThreadPoolExecutor.java:1149)
	at java.util.concurrent.ThreadPoolExecutor$Worker.run(ThreadPoolExecutor.java:624)
	at java.lang.Thread.run(Thread.java:748)
2018-11-05 10:51:06.947 [main] INFO  o.s.c.a.AnnotationConfigApplicationContext - Refreshing org.springframework.context.annotation.AnnotationConfigApplicationContext@6ff29830: startup date [Mon Nov 05 10:51:06 CST 2018]; root of context hierarchy
2018-11-05 10:51:07.385 [main] INFO  o.s.b.f.a.AutowiredAnnotationBeanPostProcessor - JSR-330 'javax.inject.Inject' annotation found and supported for autowiring
2018-11-05 10:51:07.481 [main] INFO  o.s.c.s.PostProcessorRegistrationDelegate$BeanPostProcessorChecker - Bean 'configurationPropertiesRebinderAutoConfiguration' of type [org.springframework.cloud.autoconfigure.ConfigurationPropertiesRebinderAutoConfiguration$$EnhancerBySpringCGLIB$$105a6ef0] is not eligible for getting processed by all BeanPostProcessors (for example: not eligible for auto-proxying)
2018-11-05 10:51:08.177 [main] INFO  com.beidou.monitor.MonitorApplication - No active profile set, falling back to default profiles: default
2018-11-05 10:51:08.199 [main] INFO  o.s.b.w.r.c.AnnotationConfigReactiveWebServerApplicationContext - Refreshing org.springframework.boot.web.reactive.context.AnnotationConfigReactiveWebServerApplicationContext@6a55299e: startup date [Mon Nov 05 10:51:08 CST 2018]; parent: org.springframework.context.annotation.AnnotationConfigApplicationContext@6ff29830
2018-11-05 10:51:09.633 [main] INFO  o.springframework.cloud.context.scope.GenericScope - BeanFactory id=058b64f1-49a8-3856-86c8-eff4e59ae504
2018-11-05 10:51:09.661 [main] INFO  o.s.b.f.a.AutowiredAnnotationBeanPostProcessor - JSR-330 'javax.inject.Inject' annotation found and supported for autowiring
2018-11-05 10:51:09.828 [main] INFO  o.s.c.s.PostProcessorRegistrationDelegate$BeanPostProcessorChecker - Bean 'org.springframework.cloud.autoconfigure.ConfigurationPropertiesRebinderAutoConfiguration' of type [org.springframework.cloud.autoconfigure.ConfigurationPropertiesRebinderAutoConfiguration$$EnhancerBySpringCGLIB$$105a6ef0] is not eligible for getting processed by all BeanPostProcessors (for example: not eligible for auto-proxying)
2018-11-05 10:51:10.087 [main] WARN  reactor.ipc.netty.tcp.TcpResources - [http] resources will use the default LoopResources: DefaultLoopResources {prefix=reactor-http, daemon=true, selectCount=4, workerCount=4}
2018-11-05 10:51:10.088 [main] WARN  reactor.ipc.netty.tcp.TcpResources - [http] resources will use the default PoolResources: DefaultPoolResources {name=http, provider=reactor.ipc.netty.resources.PoolResources$$Lambda$236/476868388@2eb917d0}
2018-11-05 10:51:10.176 [main] WARN  com.netflix.config.sources.URLConfigurationSource - No URLs will be polled as dynamic configuration sources.
2018-11-05 10:51:10.178 [main] INFO  com.netflix.config.sources.URLConfigurationSource - To enable URLs as dynamic configuration sources, define System property archaius.configurationSource.additionalUrls or make config.properties available on classpath.
2018-11-05 10:51:10.186 [main] WARN  com.netflix.config.sources.URLConfigurationSource - No URLs will be polled as dynamic configuration sources.
2018-11-05 10:51:10.186 [main] INFO  com.netflix.config.sources.URLConfigurationSource - To enable URLs as dynamic configuration sources, define System property archaius.configurationSource.additionalUrls or make config.properties available on classpath.
2018-11-05 10:51:10.602 [main] WARN  o.s.b.a.t.ThymeleafAutoConfiguration$DefaultTemplateResolverConfiguration - Cannot find template location: classpath:/templates/ (please add some templates or check your Thymeleaf configuration)
2018-11-05 10:51:10.919 [main] INFO  o.s.web.reactive.handler.SimpleUrlHandlerMapping - Mapped URL path [/webjars/**] onto handler of type [class org.springframework.web.reactive.resource.ResourceWebHandler]
2018-11-05 10:51:10.920 [main] INFO  o.s.web.reactive.handler.SimpleUrlHandlerMapping - Mapped URL path [/**] onto handler of type [class org.springframework.web.reactive.resource.ResourceWebHandler]
2018-11-05 10:51:10.973 [main] INFO  d.c.b.a.s.w.reactive.AdminControllerHandlerMapping - Mapped "{[/instances/{instanceId}/actuator/**],methods=[GET || HEAD || POST || PUT || PATCH || DELETE || OPTIONS]}" onto public reactor.core.publisher.Mono<java.lang.Void> de.codecentric.boot.admin.server.web.reactive.InstancesProxyController.endpointProxy(java.lang.String,org.springframework.http.server.reactive.ServerHttpRequest,org.springframework.http.server.reactive.ServerHttpResponse)
2018-11-05 10:51:10.990 [main] INFO  d.c.b.a.s.w.reactive.AdminControllerHandlerMapping - Mapped "{[/instances],methods=[POST],consumes=[application/json]}" onto public reactor.core.publisher.Mono<org.springframework.http.ResponseEntity<java.util.Map<java.lang.String, de.codecentric.boot.admin.server.domain.values.InstanceId>>> de.codecentric.boot.admin.server.web.InstancesController.register(de.codecentric.boot.admin.server.domain.values.Registration,org.springframework.web.util.UriComponentsBuilder)
2018-11-05 10:51:10.992 [main] INFO  d.c.b.a.s.w.reactive.AdminControllerHandlerMapping - Mapped "{[/instances/{id}],methods=[GET],produces=[application/json]}" onto public reactor.core.publisher.Mono<org.springframework.http.ResponseEntity<de.codecentric.boot.admin.server.domain.entities.Instance>> de.codecentric.boot.admin.server.web.InstancesController.instance(java.lang.String)
2018-11-05 10:51:10.992 [main] INFO  d.c.b.a.s.w.reactive.AdminControllerHandlerMapping - Mapped "{[/instances/{id}],methods=[DELETE]}" onto public reactor.core.publisher.Mono<org.springframework.http.ResponseEntity<java.lang.Void>> de.codecentric.boot.admin.server.web.InstancesController.unregister(java.lang.String)
2018-11-05 10:51:10.993 [main] INFO  d.c.b.a.s.w.reactive.AdminControllerHandlerMapping - Mapped "{[/instances],methods=[GET],produces=[application/json]}" onto public reactor.core.publisher.Flux<de.codecentric.boot.admin.server.domain.entities.Instance> de.codecentric.boot.admin.server.web.InstancesController.instances(java.lang.String)
2018-11-05 10:51:10.993 [main] INFO  d.c.b.a.s.w.reactive.AdminControllerHandlerMapping - Mapped "{[/instances/events],methods=[GET],produces=[application/json]}" onto public reactor.core.publisher.Flux<de.codecentric.boot.admin.server.domain.events.InstanceEvent> de.codecentric.boot.admin.server.web.InstancesController.events()
2018-11-05 10:51:10.994 [main] INFO  d.c.b.a.s.w.reactive.AdminControllerHandlerMapping - Mapped "{[/instances/events],methods=[GET],produces=[text/event-stream]}" onto public reactor.core.publisher.Flux<org.springframework.http.codec.ServerSentEvent<de.codecentric.boot.admin.server.domain.events.InstanceEvent>> de.codecentric.boot.admin.server.web.InstancesController.eventStream()
2018-11-05 10:51:10.995 [main] INFO  d.c.b.a.s.w.reactive.AdminControllerHandlerMapping - Mapped "{[/instances/{id}],methods=[GET],produces=[text/event-stream]}" onto public reactor.core.publisher.Flux<org.springframework.http.codec.ServerSentEvent<de.codecentric.boot.admin.server.domain.entities.Instance>> de.codecentric.boot.admin.server.web.InstancesController.instanceStream(java.lang.String)
2018-11-05 10:51:10.999 [main] INFO  d.c.b.a.s.w.reactive.AdminControllerHandlerMapping - Mapped "{[/applications/{name}],methods=[DELETE]}" onto public reactor.core.publisher.Mono<org.springframework.http.ResponseEntity<java.lang.Void>> de.codecentric.boot.admin.server.web.ApplicationsController.unregister(java.lang.String)
2018-11-05 10:51:11.000 [main] INFO  d.c.b.a.s.w.reactive.AdminControllerHandlerMapping - Mapped "{[/applications],methods=[GET],produces=[text/event-stream]}" onto public reactor.core.publisher.Flux<org.springframework.http.codec.ServerSentEvent<de.codecentric.boot.admin.server.web.ApplicationsController$Application>> de.codecentric.boot.admin.server.web.ApplicationsController.applicationsStream()
2018-11-05 10:51:11.001 [main] INFO  d.c.b.a.s.w.reactive.AdminControllerHandlerMapping - Mapped "{[/applications],methods=[GET],produces=[application/json]}" onto public reactor.core.publisher.Flux<de.codecentric.boot.admin.server.web.ApplicationsController$Application> de.codecentric.boot.admin.server.web.ApplicationsController.applications()
2018-11-05 10:51:11.005 [main] INFO  d.c.b.a.s.w.reactive.AdminControllerHandlerMapping - Mapped "{[/],methods=[GET],produces=[text/html]}" onto public java.lang.String de.codecentric.boot.admin.server.ui.web.UiController.index()
2018-11-05 10:51:11.005 [main] INFO  d.c.b.a.s.w.reactive.AdminControllerHandlerMapping - Mapped "{[/login],methods=[GET],produces=[text/html]}" onto public java.lang.String de.codecentric.boot.admin.server.ui.web.UiController.login()
2018-11-05 10:51:12.778 [main] INFO  o.s.b.actuate.endpoint.web.EndpointLinksResolver - Exposing 19 endpoint(s) beneath base path '/actuator'
2018-11-05 10:51:12.802 [main] INFO  o.s.b.a.e.w.reactive.WebFluxEndpointHandlerMapping - Mapped "{[/actuator/archaius],methods=[GET],produces=[application/vnd.spring-boot.actuator.v2+json || application/json]}" onto public org.reactivestreams.Publisher<org.springframework.http.ResponseEntity<java.lang.Object>> org.springframework.boot.actuate.endpoint.web.reactive.AbstractWebFluxEndpointHandlerMapping$ReadOperationHandler.handle(org.springframework.web.server.ServerWebExchange)
2018-11-05 10:51:12.804 [main] INFO  o.s.b.a.e.w.reactive.WebFluxEndpointHandlerMapping - Mapped "{[/actuator/auditevents],methods=[GET],produces=[application/vnd.spring-boot.actuator.v2+json || application/json]}" onto public org.reactivestreams.Publisher<org.springframework.http.ResponseEntity<java.lang.Object>> org.springframework.boot.actuate.endpoint.web.reactive.AbstractWebFluxEndpointHandlerMapping$ReadOperationHandler.handle(org.springframework.web.server.ServerWebExchange)
2018-11-05 10:51:12.806 [main] INFO  o.s.b.a.e.w.reactive.WebFluxEndpointHandlerMapping - Mapped "{[/actuator/beans],methods=[GET],produces=[application/vnd.spring-boot.actuator.v2+json || application/json]}" onto public org.reactivestreams.Publisher<org.springframework.http.ResponseEntity<java.lang.Object>> org.springframework.boot.actuate.endpoint.web.reactive.AbstractWebFluxEndpointHandlerMapping$ReadOperationHandler.handle(org.springframework.web.server.ServerWebExchange)
2018-11-05 10:51:12.808 [main] INFO  o.s.b.a.e.w.reactive.WebFluxEndpointHandlerMapping - Mapped "{[/actuator/health],methods=[GET],produces=[application/vnd.spring-boot.actuator.v2+json || application/json]}" onto public org.reactivestreams.Publisher<org.springframework.http.ResponseEntity<java.lang.Object>> org.springframework.boot.actuate.endpoint.web.reactive.AbstractWebFluxEndpointHandlerMapping$ReadOperationHandler.handle(org.springframework.web.server.ServerWebExchange)
2018-11-05 10:51:12.811 [main] INFO  o.s.b.a.e.w.reactive.WebFluxEndpointHandlerMapping - Mapped "{[/actuator/conditions],methods=[GET],produces=[application/vnd.spring-boot.actuator.v2+json || application/json]}" onto public org.reactivestreams.Publisher<org.springframework.http.ResponseEntity<java.lang.Object>> org.springframework.boot.actuate.endpoint.web.reactive.AbstractWebFluxEndpointHandlerMapping$ReadOperationHandler.handle(org.springframework.web.server.ServerWebExchange)
2018-11-05 10:51:12.813 [main] INFO  o.s.b.a.e.w.reactive.WebFluxEndpointHandlerMapping - Mapped "{[/actuator/configprops],methods=[GET],produces=[application/vnd.spring-boot.actuator.v2+json || application/json]}" onto public org.reactivestreams.Publisher<org.springframework.http.ResponseEntity<java.lang.Object>> org.springframework.boot.actuate.endpoint.web.reactive.AbstractWebFluxEndpointHandlerMapping$ReadOperationHandler.handle(org.springframework.web.server.ServerWebExchange)
2018-11-05 10:51:12.815 [main] INFO  o.s.b.a.e.w.reactive.WebFluxEndpointHandlerMapping - Mapped "{[/actuator/env],methods=[GET],produces=[application/vnd.spring-boot.actuator.v2+json || application/json]}" onto public org.reactivestreams.Publisher<org.springframework.http.ResponseEntity<java.lang.Object>> org.springframework.boot.actuate.endpoint.web.reactive.AbstractWebFluxEndpointHandlerMapping$ReadOperationHandler.handle(org.springframework.web.server.ServerWebExchange)
2018-11-05 10:51:12.817 [main] INFO  o.s.b.a.e.w.reactive.WebFluxEndpointHandlerMapping - Mapped "{[/actuator/env/{toMatch}],methods=[GET],produces=[application/vnd.spring-boot.actuator.v2+json || application/json]}" onto public org.reactivestreams.Publisher<org.springframework.http.ResponseEntity<java.lang.Object>> org.springframework.boot.actuate.endpoint.web.reactive.AbstractWebFluxEndpointHandlerMapping$ReadOperationHandler.handle(org.springframework.web.server.ServerWebExchange)
2018-11-05 10:51:12.819 [main] INFO  o.s.b.a.e.w.reactive.WebFluxEndpointHandlerMapping - Mapped "{[/actuator/env],methods=[POST],consumes=[application/vnd.spring-boot.actuator.v2+json || application/json],produces=[application/vnd.spring-boot.actuator.v2+json || application/json]}" onto public org.reactivestreams.Publisher<org.springframework.http.ResponseEntity<java.lang.Object>> org.springframework.boot.actuate.endpoint.web.reactive.AbstractWebFluxEndpointHandlerMapping$WriteOperationHandler.handle(org.springframework.web.server.ServerWebExchange,java.util.Map<java.lang.String, java.lang.String>)
2018-11-05 10:51:12.820 [main] INFO  o.s.b.a.e.w.reactive.WebFluxEndpointHandlerMapping - Mapped "{[/actuator/env],methods=[DELETE],produces=[application/vnd.spring-boot.actuator.v2+json || application/json]}" onto public org.reactivestreams.Publisher<org.springframework.http.ResponseEntity<java.lang.Object>> org.springframework.boot.actuate.endpoint.web.reactive.AbstractWebFluxEndpointHandlerMapping$ReadOperationHandler.handle(org.springframework.web.server.ServerWebExchange)
2018-11-05 10:51:12.822 [main] INFO  o.s.b.a.e.w.reactive.WebFluxEndpointHandlerMapping - Mapped "{[/actuator/info],methods=[GET],produces=[application/vnd.spring-boot.actuator.v2+json || application/json]}" onto public org.reactivestreams.Publisher<org.springframework.http.ResponseEntity<java.lang.Object>> org.springframework.boot.actuate.endpoint.web.reactive.AbstractWebFluxEndpointHandlerMapping$ReadOperationHandler.handle(org.springframework.web.server.ServerWebExchange)
2018-11-05 10:51:12.824 [main] INFO  o.s.b.a.e.w.reactive.WebFluxEndpointHandlerMapping - Mapped "{[/actuator/logfile],methods=[GET],produces=[application/octet-stream]}" onto public org.reactivestreams.Publisher<org.springframework.http.ResponseEntity<java.lang.Object>> org.springframework.boot.actuate.endpoint.web.reactive.AbstractWebFluxEndpointHandlerMapping$ReadOperationHandler.handle(org.springframework.web.server.ServerWebExchange)
2018-11-05 10:51:12.827 [main] INFO  o.s.b.a.e.w.reactive.WebFluxEndpointHandlerMapping - Mapped "{[/actuator/loggers],methods=[GET],produces=[application/vnd.spring-boot.actuator.v2+json || application/json]}" onto public org.reactivestreams.Publisher<org.springframework.http.ResponseEntity<java.lang.Object>> org.springframework.boot.actuate.endpoint.web.reactive.AbstractWebFluxEndpointHandlerMapping$ReadOperationHandler.handle(org.springframework.web.server.ServerWebExchange)
2018-11-05 10:51:12.828 [main] INFO  o.s.b.a.e.w.reactive.WebFluxEndpointHandlerMapping - Mapped "{[/actuator/loggers/{name}],methods=[POST],consumes=[application/vnd.spring-boot.actuator.v2+json || application/json]}" onto public org.reactivestreams.Publisher<org.springframework.http.ResponseEntity<java.lang.Object>> org.springframework.boot.actuate.endpoint.web.reactive.AbstractWebFluxEndpointHandlerMapping$WriteOperationHandler.handle(org.springframework.web.server.ServerWebExchange,java.util.Map<java.lang.String, java.lang.String>)
2018-11-05 10:51:12.830 [main] INFO  o.s.b.a.e.w.reactive.WebFluxEndpointHandlerMapping - Mapped "{[/actuator/loggers/{name}],methods=[GET],produces=[application/vnd.spring-boot.actuator.v2+json || application/json]}" onto public org.reactivestreams.Publisher<org.springframework.http.ResponseEntity<java.lang.Object>> org.springframework.boot.actuate.endpoint.web.reactive.AbstractWebFluxEndpointHandlerMapping$ReadOperationHandler.handle(org.springframework.web.server.ServerWebExchange)
2018-11-05 10:51:12.832 [main] INFO  o.s.b.a.e.w.reactive.WebFluxEndpointHandlerMapping - Mapped "{[/actuator/heapdump],methods=[GET],produces=[application/octet-stream]}" onto public org.reactivestreams.Publisher<org.springframework.http.ResponseEntity<java.lang.Object>> org.springframework.boot.actuate.endpoint.web.reactive.AbstractWebFluxEndpointHandlerMapping$ReadOperationHandler.handle(org.springframework.web.server.ServerWebExchange)
2018-11-05 10:51:12.833 [main] INFO  o.s.b.a.e.w.reactive.WebFluxEndpointHandlerMapping - Mapped "{[/actuator/threaddump],methods=[GET],produces=[application/vnd.spring-boot.actuator.v2+json || application/json]}" onto public org.reactivestreams.Publisher<org.springframework.http.ResponseEntity<java.lang.Object>> org.springframework.boot.actuate.endpoint.web.reactive.AbstractWebFluxEndpointHandlerMapping$ReadOperationHandler.handle(org.springframework.web.server.ServerWebExchange)
2018-11-05 10:51:12.835 [main] INFO  o.s.b.a.e.w.reactive.WebFluxEndpointHandlerMapping - Mapped "{[/actuator/metrics],methods=[GET],produces=[application/vnd.spring-boot.actuator.v2+json || application/json]}" onto public org.reactivestreams.Publisher<org.springframework.http.ResponseEntity<java.lang.Object>> org.springframework.boot.actuate.endpoint.web.reactive.AbstractWebFluxEndpointHandlerMapping$ReadOperationHandler.handle(org.springframework.web.server.ServerWebExchange)
2018-11-05 10:51:12.837 [main] INFO  o.s.b.a.e.w.reactive.WebFluxEndpointHandlerMapping - Mapped "{[/actuator/metrics/{requiredMetricName}],methods=[GET],produces=[application/vnd.spring-boot.actuator.v2+json || application/json]}" onto public org.reactivestreams.Publisher<org.springframework.http.ResponseEntity<java.lang.Object>> org.springframework.boot.actuate.endpoint.web.reactive.AbstractWebFluxEndpointHandlerMapping$ReadOperationHandler.handle(org.springframework.web.server.ServerWebExchange)
2018-11-05 10:51:12.838 [main] INFO  o.s.b.a.e.w.reactive.WebFluxEndpointHandlerMapping - Mapped "{[/actuator/scheduledtasks],methods=[GET],produces=[application/vnd.spring-boot.actuator.v2+json || application/json]}" onto public org.reactivestreams.Publisher<org.springframework.http.ResponseEntity<java.lang.Object>> org.springframework.boot.actuate.endpoint.web.reactive.AbstractWebFluxEndpointHandlerMapping$ReadOperationHandler.handle(org.springframework.web.server.ServerWebExchange)
2018-11-05 10:51:12.840 [main] INFO  o.s.b.a.e.w.reactive.WebFluxEndpointHandlerMapping - Mapped "{[/actuator/httptrace],methods=[GET],produces=[application/vnd.spring-boot.actuator.v2+json || application/json]}" onto public org.reactivestreams.Publisher<org.springframework.http.ResponseEntity<java.lang.Object>> org.springframework.boot.actuate.endpoint.web.reactive.AbstractWebFluxEndpointHandlerMapping$ReadOperationHandler.handle(org.springframework.web.server.ServerWebExchange)
2018-11-05 10:51:12.843 [main] INFO  o.s.b.a.e.w.reactive.WebFluxEndpointHandlerMapping - Mapped "{[/actuator/mappings],methods=[GET],produces=[application/vnd.spring-boot.actuator.v2+json || application/json]}" onto public org.reactivestreams.Publisher<org.springframework.http.ResponseEntity<java.lang.Object>> org.springframework.boot.actuate.endpoint.web.reactive.AbstractWebFluxEndpointHandlerMapping$ReadOperationHandler.handle(org.springframework.web.server.ServerWebExchange)
2018-11-05 10:51:12.844 [main] INFO  o.s.b.a.e.w.reactive.WebFluxEndpointHandlerMapping - Mapped "{[/actuator/refresh],methods=[POST],produces=[application/vnd.spring-boot.actuator.v2+json || application/json]}" onto public org.reactivestreams.Publisher<org.springframework.http.ResponseEntity<java.lang.Object>> org.springframework.boot.actuate.endpoint.web.reactive.AbstractWebFluxEndpointHandlerMapping$WriteOperationHandler.handle(org.springframework.web.server.ServerWebExchange,java.util.Map<java.lang.String, java.lang.String>)
2018-11-05 10:51:12.846 [main] INFO  o.s.b.a.e.w.reactive.WebFluxEndpointHandlerMapping - Mapped "{[/actuator/features],methods=[GET],produces=[application/vnd.spring-boot.actuator.v2+json || application/json]}" onto public org.reactivestreams.Publisher<org.springframework.http.ResponseEntity<java.lang.Object>> org.springframework.boot.actuate.endpoint.web.reactive.AbstractWebFluxEndpointHandlerMapping$ReadOperationHandler.handle(org.springframework.web.server.ServerWebExchange)
2018-11-05 10:51:12.848 [main] INFO  o.s.b.a.e.w.reactive.WebFluxEndpointHandlerMapping - Mapped "{[/actuator/service-registry],methods=[GET],produces=[application/vnd.spring-boot.actuator.v2+json || application/json]}" onto public org.reactivestreams.Publisher<org.springframework.http.ResponseEntity<java.lang.Object>> org.springframework.boot.actuate.endpoint.web.reactive.AbstractWebFluxEndpointHandlerMapping$ReadOperationHandler.handle(org.springframework.web.server.ServerWebExchange)
2018-11-05 10:51:12.849 [main] INFO  o.s.b.a.e.w.reactive.WebFluxEndpointHandlerMapping - Mapped "{[/actuator/service-registry],methods=[POST],consumes=[application/vnd.spring-boot.actuator.v2+json || application/json],produces=[application/vnd.spring-boot.actuator.v2+json || application/json]}" onto public org.reactivestreams.Publisher<org.springframework.http.ResponseEntity<java.lang.Object>> org.springframework.boot.actuate.endpoint.web.reactive.AbstractWebFluxEndpointHandlerMapping$WriteOperationHandler.handle(org.springframework.web.server.ServerWebExchange,java.util.Map<java.lang.String, java.lang.String>)
2018-11-05 10:51:12.851 [main] INFO  o.s.b.a.e.w.reactive.WebFluxEndpointHandlerMapping - Mapped "{[/actuator],methods=[GET],produces=[application/vnd.spring-boot.actuator.v2+json || application/json]}" onto protected java.util.Map<java.lang.String, java.util.Map<java.lang.String, org.springframework.boot.actuate.endpoint.web.Link>> org.springframework.boot.actuate.endpoint.web.reactive.WebFluxEndpointHandlerMapping.links(org.springframework.web.server.ServerWebExchange)
2018-11-05 10:51:12.918 [main] INFO  o.s.w.r.r.m.annotation.ControllerMethodResolver - Looking for @ControllerAdvice: org.springframework.boot.web.reactive.context.AnnotationConfigReactiveWebServerApplicationContext@6a55299e: startup date [Mon Nov 05 10:51:08 CST 2018]; parent: org.springframework.context.annotation.AnnotationConfigApplicationContext@6ff29830
2018-11-05 10:51:14.598 [main] INFO  o.s.jmx.export.annotation.AnnotationMBeanExporter - Registering beans for JMX exposure on startup
2018-11-05 10:51:14.614 [main] INFO  o.s.jmx.export.annotation.AnnotationMBeanExporter - Bean with name 'refreshScope' has been autodetected for JMX exposure
2018-11-05 10:51:14.615 [main] INFO  o.s.jmx.export.annotation.AnnotationMBeanExporter - Bean with name 'environmentManager' has been autodetected for JMX exposure
2018-11-05 10:51:14.618 [main] INFO  o.s.jmx.export.annotation.AnnotationMBeanExporter - Bean with name 'configurationPropertiesRebinder' has been autodetected for JMX exposure
2018-11-05 10:51:14.621 [main] INFO  o.s.jmx.export.annotation.AnnotationMBeanExporter - Located managed bean 'environmentManager': registering with JMX server as MBean [org.springframework.cloud.context.environment:name=environmentManager,type=EnvironmentManager]
2018-11-05 10:51:14.634 [main] INFO  o.s.jmx.export.annotation.AnnotationMBeanExporter - Located managed bean 'refreshScope': registering with JMX server as MBean [org.springframework.cloud.context.scope.refresh:name=refreshScope,type=RefreshScope]
2018-11-05 10:51:14.656 [main] INFO  o.s.jmx.export.annotation.AnnotationMBeanExporter - Located managed bean 'configurationPropertiesRebinder': registering with JMX server as MBean [org.springframework.cloud.context.properties:name=configurationPropertiesRebinder,context=6a55299e,type=ConfigurationPropertiesRebinder]
2018-11-05 10:51:14.669 [main] INFO  o.s.context.support.DefaultLifecycleProcessor - Starting beans in phase 0
2018-11-05 10:51:14.694 [main] INFO  o.s.cloud.netflix.eureka.InstanceInfoFactory - Setting initial instance status as: STARTING
2018-11-05 10:51:14.765 [main] INFO  com.netflix.discovery.DiscoveryClient - Initializing Eureka in region us-east-1
2018-11-05 10:51:14.911 [main] INFO  c.n.discovery.provider.DiscoveryJerseyProvider - Using JSON encoding codec LegacyJacksonJson
2018-11-05 10:51:14.911 [main] INFO  c.n.discovery.provider.DiscoveryJerseyProvider - Using JSON decoding codec LegacyJacksonJson
2018-11-05 10:51:15.270 [main] INFO  c.n.discovery.provider.DiscoveryJerseyProvider - Using XML encoding codec XStreamXml
2018-11-05 10:51:15.270 [main] INFO  c.n.discovery.provider.DiscoveryJerseyProvider - Using XML decoding codec XStreamXml
2018-11-05 10:51:15.773 [main] INFO  c.n.d.shared.resolver.aws.ConfigClusterResolver - Resolving eureka endpoints via configuration
2018-11-05 10:51:15.963 [main] INFO  com.netflix.discovery.DiscoveryClient - Disable delta property : false
2018-11-05 10:51:15.964 [main] INFO  com.netflix.discovery.DiscoveryClient - Single vip registry refresh property : null
2018-11-05 10:51:15.965 [main] INFO  com.netflix.discovery.DiscoveryClient - Force full registry fetch : false
2018-11-05 10:51:15.965 [main] INFO  com.netflix.discovery.DiscoveryClient - Application is null : false
2018-11-05 10:51:15.965 [main] INFO  com.netflix.discovery.DiscoveryClient - Registered Applications size is zero : true
2018-11-05 10:51:15.966 [main] INFO  com.netflix.discovery.DiscoveryClient - Application version is -1: true
2018-11-05 10:51:15.966 [main] INFO  com.netflix.discovery.DiscoveryClient - Getting all instance registry info from the eureka server
2018-11-05 10:51:16.288 [main] INFO  com.netflix.discovery.DiscoveryClient - The response status is 200
2018-11-05 10:51:16.293 [main] INFO  com.netflix.discovery.DiscoveryClient - Starting heartbeat executor: renew interval is: 10
2018-11-05 10:51:16.298 [main] INFO  com.netflix.discovery.InstanceInfoReplicator - InstanceInfoReplicator onDemand update allowed rate per min is 4
2018-11-05 10:51:16.304 [main] INFO  com.netflix.discovery.DiscoveryClient - Discovery Client initialized at timestamp 1541386276303 with initial instances count: 3
2018-11-05 10:51:16.311 [main] INFO  o.s.c.n.e.serviceregistry.EurekaServiceRegistry - Registering application MONITOR-SERVER with eureka with status UP
2018-11-05 10:51:16.311 [main] INFO  com.netflix.discovery.DiscoveryClient - Saw local status change event StatusChangeEvent [timestamp=1541386276311, current=UP, previous=STARTING]
2018-11-05 10:51:16.316 [DiscoveryClient-InstanceInfoReplicator-0] INFO  com.netflix.discovery.DiscoveryClient - DiscoveryClient_MONITOR-SERVER/DESKTOP-E4673UL:monitor-server:8001: registering service...
2018-11-05 10:51:16.393 [DiscoveryClient-InstanceInfoReplicator-0] INFO  com.netflix.discovery.DiscoveryClient - DiscoveryClient_MONITOR-SERVER/DESKTOP-E4673UL:monitor-server:8001 - registration status: 204
2018-11-05 10:51:17.078 [reactor-http-nio-1] INFO  reactor.ipc.netty.tcp.BlockingNettyContext - Started HttpServer on /0:0:0:0:0:0:0:0:8001
2018-11-05 10:51:17.079 [main] INFO  o.s.boot.web.embedded.netty.NettyWebServer - Netty started on port(s): 8001
2018-11-05 10:51:17.086 [main] INFO  o.s.c.n.e.s.EurekaAutoServiceRegistration - Updating port to 8001
2018-11-05 10:51:17.093 [main] INFO  com.beidou.monitor.MonitorApplication - Started MonitorApplication in 11.831 seconds (JVM running for 15.61)
2018-11-05 10:51:35.784 [reactor-http-nio-3] ERROR o.s.web.server.adapter.HttpWebHandlerAdapter - Unhandled failure: , response already set (status=null)
2018-11-05 10:51:35.788 [reactor-http-nio-3] WARN  o.s.http.server.reactive.ReactorHttpHandlerAdapter - Handling completed with error: 
2018-11-05 10:51:41.389 [reactor-http-nio-4] WARN  o.s.b.a.w.r.error.DefaultErrorWebExceptionHandler - Failed to handle request [OPTIONS http://localhost:8001/notifications/filters]: Response status 404
2018-11-05 10:51:43.942 [reactor-http-nio-4] WARN  o.s.b.a.w.r.error.DefaultErrorWebExceptionHandler - Failed to handle request [OPTIONS http://localhost:8001/notifications/filters]: Response status 404
2018-11-05 10:51:45.345 [reactor-http-nio-1] WARN  o.s.b.a.w.r.error.DefaultErrorWebExceptionHandler - Failed to handle request [OPTIONS http://localhost:8001/notifications/filters]: Response status 404
2018-11-05 10:51:46.335 [reactor-http-nio-2] ERROR o.s.web.server.adapter.HttpWebHandlerAdapter - Unhandled failure: , response already set (status=null)
2018-11-05 10:51:46.339 [reactor-http-nio-2] WARN  o.s.http.server.reactive.ReactorHttpHandlerAdapter - Handling completed with error: 
2018-11-05 10:51:46.400 [reactor-http-nio-1] WARN  o.s.b.a.w.r.error.DefaultErrorWebExceptionHandler - Failed to handle request [OPTIONS http://localhost:8001/notifications/filters]: Response status 404
2018-11-05 10:51:46.401 [reactor-http-nio-2] ERROR o.s.web.server.adapter.HttpWebHandlerAdapter - Unhandled failure: , response already set (status=null)
2018-11-05 10:51:46.404 [reactor-http-nio-2] WARN  o.s.http.server.reactive.ReactorHttpHandlerAdapter - Handling completed with error: 
2018-11-05 10:51:49.836 [reactor-http-nio-4] WARN  o.s.b.a.w.r.error.DefaultErrorWebExceptionHandler - Failed to handle request [OPTIONS http://desktop-e4673ul:8001/notifications/filters]: Response status 404
2018-11-05 10:52:05.346 [reactor-http-nio-4] ERROR o.s.web.server.adapter.HttpWebHandlerAdapter - Unhandled failure: , response already set (status=null)
2018-11-05 10:52:05.352 [reactor-http-nio-4] WARN  o.s.http.server.reactive.ReactorHttpHandlerAdapter - Handling completed with error: 
2018-11-05 15:51:52.584 [main] INFO  o.s.c.a.AnnotationConfigApplicationContext - Refreshing org.springframework.context.annotation.AnnotationConfigApplicationContext@76c3e77a: startup date [Mon Nov 05 15:51:52 CST 2018]; root of context hierarchy
2018-11-05 15:51:52.992 [main] INFO  o.s.b.f.a.AutowiredAnnotationBeanPostProcessor - JSR-330 'javax.inject.Inject' annotation found and supported for autowiring
2018-11-05 15:51:53.080 [main] INFO  o.s.c.s.PostProcessorRegistrationDelegate$BeanPostProcessorChecker - Bean 'configurationPropertiesRebinderAutoConfiguration' of type [org.springframework.cloud.autoconfigure.ConfigurationPropertiesRebinderAutoConfiguration$$EnhancerBySpringCGLIB$$dc2e9dc0] is not eligible for getting processed by all BeanPostProcessors (for example: not eligible for auto-proxying)
2018-11-05 15:51:53.630 [main] INFO  com.beidou.monitor.MonitorApplication - No active profile set, falling back to default profiles: default
2018-11-05 15:51:53.653 [main] INFO  o.s.b.w.r.c.AnnotationConfigReactiveWebServerApplicationContext - Refreshing org.springframework.boot.web.reactive.context.AnnotationConfigReactiveWebServerApplicationContext@3a4621bd: startup date [Mon Nov 05 15:51:53 CST 2018]; parent: org.springframework.context.annotation.AnnotationConfigApplicationContext@76c3e77a
2018-11-05 15:51:55.310 [main] INFO  o.springframework.cloud.context.scope.GenericScope - BeanFactory id=4bf61f61-2e6f-3edb-b379-d20618f955ac
2018-11-05 15:51:55.338 [main] INFO  o.s.b.f.a.AutowiredAnnotationBeanPostProcessor - JSR-330 'javax.inject.Inject' annotation found and supported for autowiring
2018-11-05 15:51:55.508 [main] INFO  o.s.c.s.PostProcessorRegistrationDelegate$BeanPostProcessorChecker - Bean 'org.springframework.cloud.autoconfigure.ConfigurationPropertiesRebinderAutoConfiguration' of type [org.springframework.cloud.autoconfigure.ConfigurationPropertiesRebinderAutoConfiguration$$EnhancerBySpringCGLIB$$dc2e9dc0] is not eligible for getting processed by all BeanPostProcessors (for example: not eligible for auto-proxying)
2018-11-05 15:51:56.004 [main] WARN  reactor.ipc.netty.tcp.TcpResources - [http] resources will use the default LoopResources: DefaultLoopResources {prefix=reactor-http, daemon=true, selectCount=4, workerCount=4}
2018-11-05 15:51:56.005 [main] WARN  reactor.ipc.netty.tcp.TcpResources - [http] resources will use the default PoolResources: DefaultPoolResources {name=http, provider=reactor.ipc.netty.resources.PoolResources$$Lambda$236/1193710204@7eb6b6b6}
2018-11-05 15:51:56.093 [main] WARN  com.netflix.config.sources.URLConfigurationSource - No URLs will be polled as dynamic configuration sources.
2018-11-05 15:51:56.095 [main] INFO  com.netflix.config.sources.URLConfigurationSource - To enable URLs as dynamic configuration sources, define System property archaius.configurationSource.additionalUrls or make config.properties available on classpath.
2018-11-05 15:51:56.103 [main] WARN  com.netflix.config.sources.URLConfigurationSource - No URLs will be polled as dynamic configuration sources.
2018-11-05 15:51:56.103 [main] INFO  com.netflix.config.sources.URLConfigurationSource - To enable URLs as dynamic configuration sources, define System property archaius.configurationSource.additionalUrls or make config.properties available on classpath.
2018-11-05 15:51:56.528 [main] WARN  o.s.b.a.t.ThymeleafAutoConfiguration$DefaultTemplateResolverConfiguration - Cannot find template location: classpath:/templates/ (please add some templates or check your Thymeleaf configuration)
2018-11-05 15:51:57.000 [main] INFO  o.s.web.reactive.handler.SimpleUrlHandlerMapping - Mapped URL path [/webjars/**] onto handler of type [class org.springframework.web.reactive.resource.ResourceWebHandler]
2018-11-05 15:51:57.001 [main] INFO  o.s.web.reactive.handler.SimpleUrlHandlerMapping - Mapped URL path [/**] onto handler of type [class org.springframework.web.reactive.resource.ResourceWebHandler]
2018-11-05 15:51:57.066 [main] INFO  d.c.b.a.s.w.reactive.AdminControllerHandlerMapping - Mapped "{[/instances/{instanceId}/actuator/**],methods=[GET || HEAD || POST || PUT || PATCH || DELETE || OPTIONS]}" onto public reactor.core.publisher.Mono<java.lang.Void> de.codecentric.boot.admin.server.web.reactive.InstancesProxyController.endpointProxy(java.lang.String,org.springframework.http.server.reactive.ServerHttpRequest,org.springframework.http.server.reactive.ServerHttpResponse)
2018-11-05 15:51:57.085 [main] INFO  d.c.b.a.s.w.reactive.AdminControllerHandlerMapping - Mapped "{[/instances],methods=[POST],consumes=[application/json]}" onto public reactor.core.publisher.Mono<org.springframework.http.ResponseEntity<java.util.Map<java.lang.String, de.codecentric.boot.admin.server.domain.values.InstanceId>>> de.codecentric.boot.admin.server.web.InstancesController.register(de.codecentric.boot.admin.server.domain.values.Registration,org.springframework.web.util.UriComponentsBuilder)
2018-11-05 15:51:57.087 [main] INFO  d.c.b.a.s.w.reactive.AdminControllerHandlerMapping - Mapped "{[/instances/{id}],methods=[GET],produces=[application/json]}" onto public reactor.core.publisher.Mono<org.springframework.http.ResponseEntity<de.codecentric.boot.admin.server.domain.entities.Instance>> de.codecentric.boot.admin.server.web.InstancesController.instance(java.lang.String)
2018-11-05 15:51:57.087 [main] INFO  d.c.b.a.s.w.reactive.AdminControllerHandlerMapping - Mapped "{[/instances/{id}],methods=[DELETE]}" onto public reactor.core.publisher.Mono<org.springframework.http.ResponseEntity<java.lang.Void>> de.codecentric.boot.admin.server.web.InstancesController.unregister(java.lang.String)
2018-11-05 15:51:57.088 [main] INFO  d.c.b.a.s.w.reactive.AdminControllerHandlerMapping - Mapped "{[/instances],methods=[GET],produces=[application/json]}" onto public reactor.core.publisher.Flux<de.codecentric.boot.admin.server.domain.entities.Instance> de.codecentric.boot.admin.server.web.InstancesController.instances(java.lang.String)
2018-11-05 15:51:57.089 [main] INFO  d.c.b.a.s.w.reactive.AdminControllerHandlerMapping - Mapped "{[/instances/events],methods=[GET],produces=[application/json]}" onto public reactor.core.publisher.Flux<de.codecentric.boot.admin.server.domain.events.InstanceEvent> de.codecentric.boot.admin.server.web.InstancesController.events()
2018-11-05 15:51:57.090 [main] INFO  d.c.b.a.s.w.reactive.AdminControllerHandlerMapping - Mapped "{[/instances/events],methods=[GET],produces=[text/event-stream]}" onto public reactor.core.publisher.Flux<org.springframework.http.codec.ServerSentEvent<de.codecentric.boot.admin.server.domain.events.InstanceEvent>> de.codecentric.boot.admin.server.web.InstancesController.eventStream()
2018-11-05 15:51:57.091 [main] INFO  d.c.b.a.s.w.reactive.AdminControllerHandlerMapping - Mapped "{[/instances/{id}],methods=[GET],produces=[text/event-stream]}" onto public reactor.core.publisher.Flux<org.springframework.http.codec.ServerSentEvent<de.codecentric.boot.admin.server.domain.entities.Instance>> de.codecentric.boot.admin.server.web.InstancesController.instanceStream(java.lang.String)
2018-11-05 15:51:57.097 [main] INFO  d.c.b.a.s.w.reactive.AdminControllerHandlerMapping - Mapped "{[/applications/{name}],methods=[DELETE]}" onto public reactor.core.publisher.Mono<org.springframework.http.ResponseEntity<java.lang.Void>> de.codecentric.boot.admin.server.web.ApplicationsController.unregister(java.lang.String)
2018-11-05 15:51:57.097 [main] INFO  d.c.b.a.s.w.reactive.AdminControllerHandlerMapping - Mapped "{[/applications],methods=[GET],produces=[application/json]}" onto public reactor.core.publisher.Flux<de.codecentric.boot.admin.server.web.ApplicationsController$Application> de.codecentric.boot.admin.server.web.ApplicationsController.applications()
2018-11-05 15:51:57.099 [main] INFO  d.c.b.a.s.w.reactive.AdminControllerHandlerMapping - Mapped "{[/applications],methods=[GET],produces=[text/event-stream]}" onto public reactor.core.publisher.Flux<org.springframework.http.codec.ServerSentEvent<de.codecentric.boot.admin.server.web.ApplicationsController$Application>> de.codecentric.boot.admin.server.web.ApplicationsController.applicationsStream()
2018-11-05 15:51:57.102 [main] INFO  d.c.b.a.s.w.reactive.AdminControllerHandlerMapping - Mapped "{[/],methods=[GET],produces=[text/html]}" onto public java.lang.String de.codecentric.boot.admin.server.ui.web.UiController.index()
2018-11-05 15:51:57.103 [main] INFO  d.c.b.a.s.w.reactive.AdminControllerHandlerMapping - Mapped "{[/login],methods=[GET],produces=[text/html]}" onto public java.lang.String de.codecentric.boot.admin.server.ui.web.UiController.login()
2018-11-05 15:51:58.928 [main] INFO  o.s.b.actuate.endpoint.web.EndpointLinksResolver - Exposing 2 endpoint(s) beneath base path '/actuator'
2018-11-05 15:51:58.966 [main] INFO  o.s.b.a.e.w.reactive.WebFluxEndpointHandlerMapping - Mapped "{[/actuator/health],methods=[GET],produces=[application/vnd.spring-boot.actuator.v2+json || application/json]}" onto public org.reactivestreams.Publisher<org.springframework.http.ResponseEntity<java.lang.Object>> org.springframework.boot.actuate.endpoint.web.reactive.AbstractWebFluxEndpointHandlerMapping$ReadOperationHandler.handle(org.springframework.web.server.ServerWebExchange)
2018-11-05 15:51:58.969 [main] INFO  o.s.b.a.e.w.reactive.WebFluxEndpointHandlerMapping - Mapped "{[/actuator/info],methods=[GET],produces=[application/vnd.spring-boot.actuator.v2+json || application/json]}" onto public org.reactivestreams.Publisher<org.springframework.http.ResponseEntity<java.lang.Object>> org.springframework.boot.actuate.endpoint.web.reactive.AbstractWebFluxEndpointHandlerMapping$ReadOperationHandler.handle(org.springframework.web.server.ServerWebExchange)
2018-11-05 15:51:58.971 [main] INFO  o.s.b.a.e.w.reactive.WebFluxEndpointHandlerMapping - Mapped "{[/actuator],methods=[GET],produces=[application/vnd.spring-boot.actuator.v2+json || application/json]}" onto protected java.util.Map<java.lang.String, java.util.Map<java.lang.String, org.springframework.boot.actuate.endpoint.web.Link>> org.springframework.boot.actuate.endpoint.web.reactive.WebFluxEndpointHandlerMapping.links(org.springframework.web.server.ServerWebExchange)
2018-11-05 15:51:59.062 [main] INFO  o.s.w.r.r.m.annotation.ControllerMethodResolver - Looking for @ControllerAdvice: org.springframework.boot.web.reactive.context.AnnotationConfigReactiveWebServerApplicationContext@3a4621bd: startup date [Mon Nov 05 15:51:53 CST 2018]; parent: org.springframework.context.annotation.AnnotationConfigApplicationContext@76c3e77a
2018-11-05 15:52:00.957 [main] INFO  o.s.jmx.export.annotation.AnnotationMBeanExporter - Registering beans for JMX exposure on startup
2018-11-05 15:52:00.972 [main] INFO  o.s.jmx.export.annotation.AnnotationMBeanExporter - Bean with name 'refreshScope' has been autodetected for JMX exposure
2018-11-05 15:52:00.974 [main] INFO  o.s.jmx.export.annotation.AnnotationMBeanExporter - Bean with name 'environmentManager' has been autodetected for JMX exposure
2018-11-05 15:52:00.976 [main] INFO  o.s.jmx.export.annotation.AnnotationMBeanExporter - Bean with name 'configurationPropertiesRebinder' has been autodetected for JMX exposure
2018-11-05 15:52:00.981 [main] INFO  o.s.jmx.export.annotation.AnnotationMBeanExporter - Located managed bean 'environmentManager': registering with JMX server as MBean [org.springframework.cloud.context.environment:name=environmentManager,type=EnvironmentManager]
2018-11-05 15:52:00.993 [main] INFO  o.s.jmx.export.annotation.AnnotationMBeanExporter - Located managed bean 'refreshScope': registering with JMX server as MBean [org.springframework.cloud.context.scope.refresh:name=refreshScope,type=RefreshScope]
2018-11-05 15:52:01.014 [main] INFO  o.s.jmx.export.annotation.AnnotationMBeanExporter - Located managed bean 'configurationPropertiesRebinder': registering with JMX server as MBean [org.springframework.cloud.context.properties:name=configurationPropertiesRebinder,context=3a4621bd,type=ConfigurationPropertiesRebinder]
2018-11-05 15:52:01.029 [main] INFO  o.s.context.support.DefaultLifecycleProcessor - Starting beans in phase 0
2018-11-05 15:52:01.057 [main] INFO  o.s.cloud.netflix.eureka.InstanceInfoFactory - Setting initial instance status as: STARTING
2018-11-05 15:52:01.123 [main] INFO  com.netflix.discovery.DiscoveryClient - Initializing Eureka in region us-east-1
2018-11-05 15:52:01.264 [main] INFO  c.n.discovery.provider.DiscoveryJerseyProvider - Using JSON encoding codec LegacyJacksonJson
2018-11-05 15:52:01.264 [main] INFO  c.n.discovery.provider.DiscoveryJerseyProvider - Using JSON decoding codec LegacyJacksonJson
2018-11-05 15:52:01.497 [main] INFO  c.n.discovery.provider.DiscoveryJerseyProvider - Using XML encoding codec XStreamXml
2018-11-05 15:52:01.498 [main] INFO  c.n.discovery.provider.DiscoveryJerseyProvider - Using XML decoding codec XStreamXml
2018-11-05 15:52:01.771 [main] INFO  c.n.d.shared.resolver.aws.ConfigClusterResolver - Resolving eureka endpoints via configuration
2018-11-05 15:52:01.964 [main] INFO  com.netflix.discovery.DiscoveryClient - Disable delta property : false
2018-11-05 15:52:01.966 [main] INFO  com.netflix.discovery.DiscoveryClient - Single vip registry refresh property : null
2018-11-05 15:52:01.966 [main] INFO  com.netflix.discovery.DiscoveryClient - Force full registry fetch : false
2018-11-05 15:52:01.967 [main] INFO  com.netflix.discovery.DiscoveryClient - Application is null : false
2018-11-05 15:52:01.968 [main] INFO  com.netflix.discovery.DiscoveryClient - Registered Applications size is zero : true
2018-11-05 15:52:01.968 [main] INFO  com.netflix.discovery.DiscoveryClient - Application version is -1: true
2018-11-05 15:52:01.968 [main] INFO  com.netflix.discovery.DiscoveryClient - Getting all instance registry info from the eureka server
2018-11-05 15:52:02.312 [main] INFO  com.netflix.discovery.DiscoveryClient - The response status is 200
2018-11-05 15:52:02.316 [main] INFO  com.netflix.discovery.DiscoveryClient - Starting heartbeat executor: renew interval is: 30
2018-11-05 15:52:02.322 [main] INFO  com.netflix.discovery.InstanceInfoReplicator - InstanceInfoReplicator onDemand update allowed rate per min is 4
2018-11-05 15:52:02.329 [main] INFO  com.netflix.discovery.DiscoveryClient - Discovery Client initialized at timestamp 1541404322328 with initial instances count: 3
2018-11-05 15:52:02.336 [main] INFO  o.s.c.n.e.serviceregistry.EurekaServiceRegistry - Registering application MONITOR with eureka with status UP
2018-11-05 15:52:02.337 [main] INFO  com.netflix.discovery.DiscoveryClient - Saw local status change event StatusChangeEvent [timestamp=1541404322337, current=UP, previous=STARTING]
2018-11-05 15:52:02.340 [DiscoveryClient-InstanceInfoReplicator-0] INFO  com.netflix.discovery.DiscoveryClient - DiscoveryClient_MONITOR/DESKTOP-E4673UL:monitor: registering service...
2018-11-05 15:52:02.405 [DiscoveryClient-InstanceInfoReplicator-0] INFO  com.netflix.discovery.DiscoveryClient - DiscoveryClient_MONITOR/DESKTOP-E4673UL:monitor - registration status: 204
2018-11-05 15:52:03.089 [reactor-http-nio-1] INFO  reactor.ipc.netty.tcp.BlockingNettyContext - Started HttpServer on /0:0:0:0:0:0:0:0:8080
2018-11-05 15:52:03.090 [main] INFO  o.s.boot.web.embedded.netty.NettyWebServer - Netty started on port(s): 8080
2018-11-05 15:52:03.098 [main] INFO  o.s.c.n.e.s.EurekaAutoServiceRegistration - Updating port to 8080
2018-11-05 15:52:03.104 [main] INFO  com.beidou.monitor.MonitorApplication - Started MonitorApplication in 12.225 seconds (JVM running for 16.073)
2018-11-05 15:52:04.104 [reactor-http-nio-3] INFO  d.c.boot.admin.server.services.StatusUpdater - Couldn't retrieve status for Instance(id=d53438d0620c, version=0, registration=Registration(name=GATEWAY, managementUrl=http://172.31.60.72:7000/actuator, healthUrl=http://172.31.60.72:7000/actuator/health, serviceUrl=http://172.31.60.72:7000/, source=discovery), registered=true, statusInfo=StatusInfo(status=UNKNOWN, details={}), statusTimestamp=2018-11-05T07:52:02.415Z, info=Info(values={}), endpoints=Endpoints(endpoints={health=Endpoint(id=health, url=http://172.31.60.72:7000/actuator/health)}), buildVersion=null)
io.netty.channel.AbstractChannel$AnnotatedConnectException: Connection refused: no further information: /172.31.60.72:7000
	at sun.nio.ch.SocketChannelImpl.checkConnect(Native Method)
	at sun.nio.ch.SocketChannelImpl.finishConnect(SocketChannelImpl.java:717)
	at io.netty.channel.socket.nio.NioSocketChannel.doFinishConnect(NioSocketChannel.java:327)
	at io.netty.channel.nio.AbstractNioChannel$AbstractNioUnsafe.finishConnect(AbstractNioChannel.java:340)
	at io.netty.channel.nio.NioEventLoop.processSelectedKey(NioEventLoop.java:616)
	at io.netty.channel.nio.NioEventLoop.processSelectedKeysOptimized(NioEventLoop.java:563)
	at io.netty.channel.nio.NioEventLoop.processSelectedKeys(NioEventLoop.java:480)
	at io.netty.channel.nio.NioEventLoop.run(NioEventLoop.java:442)
	at io.netty.util.concurrent.SingleThreadEventExecutor$5.run(SingleThreadEventExecutor.java:884)
	at java.lang.Thread.run(Thread.java:748)
Caused by: java.net.ConnectException: Connection refused: no further information
	... 10 common frames omitted
2018-11-05 15:52:04.120 [reactor-http-nio-3] INFO  d.c.boot.admin.server.services.StatusUpdater - Couldn't retrieve status for Instance(id=21e71f07d1f6, version=0, registration=Registration(name=USER, managementUrl=http://DESKTOP-E4673UL:4000/actuator, healthUrl=http://DESKTOP-E4673UL:4000/actuator/health, serviceUrl=http://DESKTOP-E4673UL:4000/, source=discovery), registered=true, statusInfo=StatusInfo(status=UNKNOWN, details={}), statusTimestamp=2018-11-05T07:52:02.985Z, info=Info(values={}), endpoints=Endpoints(endpoints={health=Endpoint(id=health, url=http://DESKTOP-E4673UL:4000/actuator/health)}), buildVersion=null)
io.netty.channel.AbstractChannel$AnnotatedConnectException: Connection refused: no further information: DESKTOP-E4673UL/172.31.60.72:4000
	at sun.nio.ch.SocketChannelImpl.checkConnect(Native Method)
	at sun.nio.ch.SocketChannelImpl.finishConnect(SocketChannelImpl.java:717)
	at io.netty.channel.socket.nio.NioSocketChannel.doFinishConnect(NioSocketChannel.java:327)
	at io.netty.channel.nio.AbstractNioChannel$AbstractNioUnsafe.finishConnect(AbstractNioChannel.java:340)
	at io.netty.channel.nio.NioEventLoop.processSelectedKey(NioEventLoop.java:616)
	at io.netty.channel.nio.NioEventLoop.processSelectedKeysOptimized(NioEventLoop.java:563)
	at io.netty.channel.nio.NioEventLoop.processSelectedKeys(NioEventLoop.java:480)
	at io.netty.channel.nio.NioEventLoop.run(NioEventLoop.java:442)
	at io.netty.util.concurrent.SingleThreadEventExecutor$5.run(SingleThreadEventExecutor.java:884)
	at java.lang.Thread.run(Thread.java:748)
Caused by: java.net.ConnectException: Connection refused: no further information
	... 10 common frames omitted
2018-11-05 15:54:32.475 [DiscoveryClient-CacheRefreshExecutor-0] INFO  d.c.b.a.s.c.discovery.InstanceDiscoveryListener - Instance (d53438d0620c) missing in DiscoveryClient services 
2018-11-05 15:55:02.506 [DiscoveryClient-CacheRefreshExecutor-0] INFO  d.c.b.a.s.c.discovery.InstanceDiscoveryListener - Instance (21e71f07d1f6) missing in DiscoveryClient services 
2018-11-05 15:55:02.510 [DiscoveryClient-CacheRefreshExecutor-0] INFO  d.c.b.a.s.c.discovery.InstanceDiscoveryListener - Instance (d53438d0620c) missing in DiscoveryClient services 
2018-11-05 15:55:32.540 [DiscoveryClient-CacheRefreshExecutor-0] INFO  d.c.b.a.s.c.discovery.InstanceDiscoveryListener - Instance (21e71f07d1f6) missing in DiscoveryClient services 
2018-11-05 15:55:32.547 [DiscoveryClient-CacheRefreshExecutor-0] INFO  d.c.b.a.s.c.discovery.InstanceDiscoveryListener - Instance (d53438d0620c) missing in DiscoveryClient services 
2018-11-05 15:56:02.572 [DiscoveryClient-CacheRefreshExecutor-0] INFO  d.c.b.a.s.c.discovery.InstanceDiscoveryListener - Instance (21e71f07d1f6) missing in DiscoveryClient services 
2018-11-05 15:56:02.575 [DiscoveryClient-CacheRefreshExecutor-0] INFO  d.c.b.a.s.c.discovery.InstanceDiscoveryListener - Instance (d53438d0620c) missing in DiscoveryClient services 
2018-11-05 15:56:32.592 [DiscoveryClient-CacheRefreshExecutor-0] INFO  d.c.b.a.s.c.discovery.InstanceDiscoveryListener - Instance (21e71f07d1f6) missing in DiscoveryClient services 
2018-11-05 15:56:32.595 [DiscoveryClient-CacheRefreshExecutor-0] INFO  d.c.b.a.s.c.discovery.InstanceDiscoveryListener - Instance (d53438d0620c) missing in DiscoveryClient services 
2018-11-05 15:56:35.789 [reactor-http-nio-4] WARN  o.s.b.a.w.r.error.DefaultErrorWebExceptionHandler - Failed to handle request [OPTIONS http://desktop-e4673ul:8080/notifications/filters]: Response status 404
2018-11-05 15:57:01.974 [AsyncResolver-bootstrap-executor-0] INFO  c.n.d.shared.resolver.aws.ConfigClusterResolver - Resolving eureka endpoints via configuration
2018-11-05 15:57:02.606 [DiscoveryClient-CacheRefreshExecutor-0] INFO  d.c.b.a.s.c.discovery.InstanceDiscoveryListener - Instance (21e71f07d1f6) missing in DiscoveryClient services 
2018-11-05 15:57:02.608 [DiscoveryClient-CacheRefreshExecutor-0] INFO  d.c.b.a.s.c.discovery.InstanceDiscoveryListener - Instance (d53438d0620c) missing in DiscoveryClient services 
2018-11-05 15:57:32.621 [DiscoveryClient-CacheRefreshExecutor-0] INFO  d.c.b.a.s.c.discovery.InstanceDiscoveryListener - Instance (21e71f07d1f6) missing in DiscoveryClient services 
2018-11-05 15:57:32.623 [DiscoveryClient-CacheRefreshExecutor-0] INFO  d.c.b.a.s.c.discovery.InstanceDiscoveryListener - Instance (d53438d0620c) missing in DiscoveryClient services 
