2018-12-14 12:05:04.793 [restartedMain] INFO  o.s.c.a.AnnotationConfigApplicationContext - Refreshing org.springframework.context.annotation.AnnotationConfigApplicationContext@2c9c031e: startup date [Fri Dec 14 12:05:04 CST 2018]; root of context hierarchy
2018-12-14 12:05:05.225 [restartedMain] INFO  o.s.b.f.a.AutowiredAnnotationBeanPostProcessor - JSR-330 'javax.inject.Inject' annotation found and supported for autowiring
2018-12-14 12:05:05.327 [restartedMain] INFO  o.s.c.s.PostProcessorRegistrationDelegate$BeanPostProcessorChecker - Bean 'configurationPropertiesRebinderAutoConfiguration' of type [org.springframework.cloud.autoconfigure.ConfigurationPropertiesRebinderAutoConfiguration$$EnhancerBySpringCGLIB$$2dfa4828] is not eligible for getting processed by all BeanPostProcessors (for example: not eligible for auto-proxying)
2018-12-14 12:05:06.109 [restartedMain] INFO  o.s.c.c.client.ConfigServicePropertySourceLocator - Fetching config from server at : http://localhost:5000
2018-12-14 12:05:07.428 [restartedMain] INFO  o.s.c.c.client.ConfigServicePropertySourceLocator - Connect Timeout Exception on Url - http://localhost:5000. Will be trying the next url if available
2018-12-14 12:05:07.431 [restartedMain] WARN  o.s.c.c.client.ConfigServicePropertySourceLocator - Could not locate PropertySource: I/O error on GET request for "http://localhost:5000/monitor/default": Connection refused: connect; nested exception is java.net.ConnectException: Connection refused: connect
2018-12-14 12:05:07.435 [restartedMain] INFO  com.beidou.monitor.MonitorApplication - No active profile set, falling back to default profiles: default
2018-12-14 12:05:07.468 [restartedMain] INFO  o.s.b.w.r.c.AnnotationConfigReactiveWebServerApplicationContext - Refreshing org.springframework.boot.web.reactive.context.AnnotationConfigReactiveWebServerApplicationContext@19ef5918: startup date [Fri Dec 14 12:05:07 CST 2018]; parent: org.springframework.context.annotation.AnnotationConfigApplicationContext@2c9c031e
2018-12-14 23:41:59.187 [restartedMain] INFO  o.s.c.a.AnnotationConfigApplicationContext - Refreshing org.springframework.context.annotation.AnnotationConfigApplicationContext@44bd62ff: startup date [Fri Dec 14 23:41:59 CST 2018]; root of context hierarchy
2018-12-14 23:41:59.390 [restartedMain] INFO  o.s.b.f.a.AutowiredAnnotationBeanPostProcessor - JSR-330 'javax.inject.Inject' annotation found and supported for autowiring
2018-12-14 23:41:59.421 [restartedMain] INFO  o.s.c.s.PostProcessorRegistrationDelegate$BeanPostProcessorChecker - Bean 'configurationPropertiesRebinderAutoConfiguration' of type [org.springframework.cloud.autoconfigure.ConfigurationPropertiesRebinderAutoConfiguration$$EnhancerBySpringCGLIB$$9b7eb192] is not eligible for getting processed by all BeanPostProcessors (for example: not eligible for auto-proxying)
2018-12-14 23:41:59.671 [restartedMain] INFO  o.s.c.c.client.ConfigServicePropertySourceLocator - Fetching config from server at : http://localhost:5000
2018-12-14 23:41:59.890 [restartedMain] INFO  o.s.c.c.client.ConfigServicePropertySourceLocator - Located environment: name=monitor, profiles=[default], label=null, version=null, state=null
2018-12-14 23:41:59.890 [restartedMain] INFO  o.s.c.b.c.PropertySourceBootstrapConfiguration - Located property source: CompositePropertySource {name='configService', propertySources=[MapPropertySource {name='classpath:/config/monitor.yml'}]}
2018-12-14 23:41:59.921 [restartedMain] INFO  com.beidou.monitor.MonitorApplication - No active profile set, falling back to default profiles: default
2018-12-14 23:41:59.937 [restartedMain] INFO  o.s.b.w.r.c.AnnotationConfigReactiveWebServerApplicationContext - Refreshing org.springframework.boot.web.reactive.context.AnnotationConfigReactiveWebServerApplicationContext@5d362afc: startup date [Fri Dec 14 23:41:59 CST 2018]; parent: org.springframework.context.annotation.AnnotationConfigApplicationContext@44bd62ff
2018-12-14 23:42:00.953 [restartedMain] INFO  o.springframework.cloud.context.scope.GenericScope - BeanFactory id=661ba5bd-06a9-3073-b9f5-2238c0b993f2
2018-12-14 23:42:00.968 [restartedMain] INFO  o.s.b.f.a.AutowiredAnnotationBeanPostProcessor - JSR-330 'javax.inject.Inject' annotation found and supported for autowiring
2018-12-14 23:42:01.031 [restartedMain] INFO  o.s.c.s.PostProcessorRegistrationDelegate$BeanPostProcessorChecker - Bean 'org.springframework.cloud.autoconfigure.ConfigurationPropertiesRebinderAutoConfiguration' of type [org.springframework.cloud.autoconfigure.ConfigurationPropertiesRebinderAutoConfiguration$$EnhancerBySpringCGLIB$$9b7eb192] is not eligible for getting processed by all BeanPostProcessors (for example: not eligible for auto-proxying)
2018-12-14 23:42:01.187 [restartedMain] WARN  reactor.ipc.netty.tcp.TcpResources - [http] resources will use the default LoopResources: DefaultLoopResources {prefix=reactor-http, daemon=true, selectCount=4, workerCount=4}
2018-12-14 23:42:01.187 [restartedMain] WARN  reactor.ipc.netty.tcp.TcpResources - [http] resources will use the default PoolResources: DefaultPoolResources {name=http, provider=reactor.ipc.netty.resources.PoolResources$$Lambda$272/1946045885@1cc6d5cb}
2018-12-14 23:42:01.218 [restartedMain] WARN  com.netflix.config.sources.URLConfigurationSource - No URLs will be polled as dynamic configuration sources.
2018-12-14 23:42:01.218 [restartedMain] INFO  com.netflix.config.sources.URLConfigurationSource - To enable URLs as dynamic configuration sources, define System property archaius.configurationSource.additionalUrls or make config.properties available on classpath.
2018-12-14 23:42:01.218 [restartedMain] WARN  com.netflix.config.sources.URLConfigurationSource - No URLs will be polled as dynamic configuration sources.
2018-12-14 23:42:01.218 [restartedMain] INFO  com.netflix.config.sources.URLConfigurationSource - To enable URLs as dynamic configuration sources, define System property archaius.configurationSource.additionalUrls or make config.properties available on classpath.
2018-12-14 23:42:01.421 [restartedMain] WARN  o.s.b.a.t.ThymeleafAutoConfiguration$DefaultTemplateResolverConfiguration - Cannot find template location: classpath:/templates/ (please add some templates or check your Thymeleaf configuration)
2018-12-14 23:42:01.625 [restartedMain] INFO  o.s.web.reactive.handler.SimpleUrlHandlerMapping - Mapped URL path [/webjars/**] onto handler of type [class org.springframework.web.reactive.resource.ResourceWebHandler]
2018-12-14 23:42:01.625 [restartedMain] INFO  o.s.web.reactive.handler.SimpleUrlHandlerMapping - Mapped URL path [/**] onto handler of type [class org.springframework.web.reactive.resource.ResourceWebHandler]
2018-12-14 23:42:01.718 [restartedMain] INFO  d.c.b.a.s.w.reactive.AdminControllerHandlerMapping - Mapped "{[/instances/{instanceId}/actuator/**],methods=[GET || HEAD || POST || PUT || PATCH || DELETE || OPTIONS]}" onto public reactor.core.publisher.Mono<java.lang.Void> de.codecentric.boot.admin.server.web.reactive.InstancesProxyController.endpointProxy(java.lang.String,org.springframework.http.server.reactive.ServerHttpRequest,org.springframework.http.server.reactive.ServerHttpResponse)
2018-12-14 23:42:01.734 [restartedMain] INFO  d.c.b.a.s.w.reactive.AdminControllerHandlerMapping - Mapped "{[/instances],methods=[POST],consumes=[application/json]}" onto public reactor.core.publisher.Mono<org.springframework.http.ResponseEntity<java.util.Map<java.lang.String, de.codecentric.boot.admin.server.domain.values.InstanceId>>> de.codecentric.boot.admin.server.web.InstancesController.register(de.codecentric.boot.admin.server.domain.values.Registration,org.springframework.web.util.UriComponentsBuilder)
2018-12-14 23:42:01.734 [restartedMain] INFO  d.c.b.a.s.w.reactive.AdminControllerHandlerMapping - Mapped "{[/instances/{id}],methods=[GET],produces=[application/json]}" onto public reactor.core.publisher.Mono<org.springframework.http.ResponseEntity<de.codecentric.boot.admin.server.domain.entities.Instance>> de.codecentric.boot.admin.server.web.InstancesController.instance(java.lang.String)
2018-12-14 23:42:01.734 [restartedMain] INFO  d.c.b.a.s.w.reactive.AdminControllerHandlerMapping - Mapped "{[/instances/{id}],methods=[DELETE]}" onto public reactor.core.publisher.Mono<org.springframework.http.ResponseEntity<java.lang.Void>> de.codecentric.boot.admin.server.web.InstancesController.unregister(java.lang.String)
2018-12-14 23:42:01.734 [restartedMain] INFO  d.c.b.a.s.w.reactive.AdminControllerHandlerMapping - Mapped "{[/instances],methods=[GET],produces=[application/json]}" onto public reactor.core.publisher.Flux<de.codecentric.boot.admin.server.domain.entities.Instance> de.codecentric.boot.admin.server.web.InstancesController.instances(java.lang.String)
2018-12-14 23:42:01.734 [restartedMain] INFO  d.c.b.a.s.w.reactive.AdminControllerHandlerMapping - Mapped "{[/instances/events],methods=[GET],produces=[application/json]}" onto public reactor.core.publisher.Flux<de.codecentric.boot.admin.server.domain.events.InstanceEvent> de.codecentric.boot.admin.server.web.InstancesController.events()
2018-12-14 23:42:01.750 [restartedMain] INFO  d.c.b.a.s.w.reactive.AdminControllerHandlerMapping - Mapped "{[/instances/{id}],methods=[GET],produces=[text/event-stream]}" onto public reactor.core.publisher.Flux<org.springframework.http.codec.ServerSentEvent<de.codecentric.boot.admin.server.domain.entities.Instance>> de.codecentric.boot.admin.server.web.InstancesController.instanceStream(java.lang.String)
2018-12-14 23:42:01.750 [restartedMain] INFO  d.c.b.a.s.w.reactive.AdminControllerHandlerMapping - Mapped "{[/instances/events],methods=[GET],produces=[text/event-stream]}" onto public reactor.core.publisher.Flux<org.springframework.http.codec.ServerSentEvent<de.codecentric.boot.admin.server.domain.events.InstanceEvent>> de.codecentric.boot.admin.server.web.InstancesController.eventStream()
2018-12-14 23:42:01.750 [restartedMain] INFO  d.c.b.a.s.w.reactive.AdminControllerHandlerMapping - Mapped "{[/applications/{name}],methods=[DELETE]}" onto public reactor.core.publisher.Mono<org.springframework.http.ResponseEntity<java.lang.Void>> de.codecentric.boot.admin.server.web.ApplicationsController.unregister(java.lang.String)
2018-12-14 23:42:01.750 [restartedMain] INFO  d.c.b.a.s.w.reactive.AdminControllerHandlerMapping - Mapped "{[/applications],methods=[GET],produces=[application/json]}" onto public reactor.core.publisher.Flux<de.codecentric.boot.admin.server.web.ApplicationsController$Application> de.codecentric.boot.admin.server.web.ApplicationsController.applications()
2018-12-14 23:42:01.750 [restartedMain] INFO  d.c.b.a.s.w.reactive.AdminControllerHandlerMapping - Mapped "{[/applications],methods=[GET],produces=[text/event-stream]}" onto public reactor.core.publisher.Flux<org.springframework.http.codec.ServerSentEvent<de.codecentric.boot.admin.server.web.ApplicationsController$Application>> de.codecentric.boot.admin.server.web.ApplicationsController.applicationsStream()
2018-12-14 23:42:01.765 [restartedMain] INFO  d.c.b.a.s.w.reactive.AdminControllerHandlerMapping - Mapped "{[/],methods=[GET],produces=[text/html]}" onto public java.lang.String de.codecentric.boot.admin.server.ui.web.UiController.index()
2018-12-14 23:42:01.765 [restartedMain] INFO  d.c.b.a.s.w.reactive.AdminControllerHandlerMapping - Mapped "{[/login],methods=[GET],produces=[text/html]}" onto public java.lang.String de.codecentric.boot.admin.server.ui.web.UiController.login()
2018-12-14 23:42:02.453 [restartedMain] INFO  o.s.b.actuate.endpoint.web.EndpointLinksResolver - Exposing 18 endpoint(s) beneath base path '/actuator'
2018-12-14 23:42:02.468 [restartedMain] INFO  o.s.b.a.e.w.reactive.WebFluxEndpointHandlerMapping - Mapped "{[/actuator/archaius],methods=[GET],produces=[application/vnd.spring-boot.actuator.v2+json || application/json]}" onto public org.reactivestreams.Publisher<org.springframework.http.ResponseEntity<java.lang.Object>> org.springframework.boot.actuate.endpoint.web.reactive.AbstractWebFluxEndpointHandlerMapping$ReadOperationHandler.handle(org.springframework.web.server.ServerWebExchange)
2018-12-14 23:42:02.468 [restartedMain] INFO  o.s.b.a.e.w.reactive.WebFluxEndpointHandlerMapping - Mapped "{[/actuator/auditevents],methods=[GET],produces=[application/vnd.spring-boot.actuator.v2+json || application/json]}" onto public org.reactivestreams.Publisher<org.springframework.http.ResponseEntity<java.lang.Object>> org.springframework.boot.actuate.endpoint.web.reactive.AbstractWebFluxEndpointHandlerMapping$ReadOperationHandler.handle(org.springframework.web.server.ServerWebExchange)
2018-12-14 23:42:02.468 [restartedMain] INFO  o.s.b.a.e.w.reactive.WebFluxEndpointHandlerMapping - Mapped "{[/actuator/beans],methods=[GET],produces=[application/vnd.spring-boot.actuator.v2+json || application/json]}" onto public org.reactivestreams.Publisher<org.springframework.http.ResponseEntity<java.lang.Object>> org.springframework.boot.actuate.endpoint.web.reactive.AbstractWebFluxEndpointHandlerMapping$ReadOperationHandler.handle(org.springframework.web.server.ServerWebExchange)
2018-12-14 23:42:02.468 [restartedMain] INFO  o.s.b.a.e.w.reactive.WebFluxEndpointHandlerMapping - Mapped "{[/actuator/health],methods=[GET],produces=[application/vnd.spring-boot.actuator.v2+json || application/json]}" onto public org.reactivestreams.Publisher<org.springframework.http.ResponseEntity<java.lang.Object>> org.springframework.boot.actuate.endpoint.web.reactive.AbstractWebFluxEndpointHandlerMapping$ReadOperationHandler.handle(org.springframework.web.server.ServerWebExchange)
2018-12-14 23:42:02.484 [restartedMain] INFO  o.s.b.a.e.w.reactive.WebFluxEndpointHandlerMapping - Mapped "{[/actuator/conditions],methods=[GET],produces=[application/vnd.spring-boot.actuator.v2+json || application/json]}" onto public org.reactivestreams.Publisher<org.springframework.http.ResponseEntity<java.lang.Object>> org.springframework.boot.actuate.endpoint.web.reactive.AbstractWebFluxEndpointHandlerMapping$ReadOperationHandler.handle(org.springframework.web.server.ServerWebExchange)
2018-12-14 23:42:02.484 [restartedMain] INFO  o.s.b.a.e.w.reactive.WebFluxEndpointHandlerMapping - Mapped "{[/actuator/configprops],methods=[GET],produces=[application/vnd.spring-boot.actuator.v2+json || application/json]}" onto public org.reactivestreams.Publisher<org.springframework.http.ResponseEntity<java.lang.Object>> org.springframework.boot.actuate.endpoint.web.reactive.AbstractWebFluxEndpointHandlerMapping$ReadOperationHandler.handle(org.springframework.web.server.ServerWebExchange)
2018-12-14 23:42:02.484 [restartedMain] INFO  o.s.b.a.e.w.reactive.WebFluxEndpointHandlerMapping - Mapped "{[/actuator/env],methods=[GET],produces=[application/vnd.spring-boot.actuator.v2+json || application/json]}" onto public org.reactivestreams.Publisher<org.springframework.http.ResponseEntity<java.lang.Object>> org.springframework.boot.actuate.endpoint.web.reactive.AbstractWebFluxEndpointHandlerMapping$ReadOperationHandler.handle(org.springframework.web.server.ServerWebExchange)
2018-12-14 23:42:02.484 [restartedMain] INFO  o.s.b.a.e.w.reactive.WebFluxEndpointHandlerMapping - Mapped "{[/actuator/env/{toMatch}],methods=[GET],produces=[application/vnd.spring-boot.actuator.v2+json || application/json]}" onto public org.reactivestreams.Publisher<org.springframework.http.ResponseEntity<java.lang.Object>> org.springframework.boot.actuate.endpoint.web.reactive.AbstractWebFluxEndpointHandlerMapping$ReadOperationHandler.handle(org.springframework.web.server.ServerWebExchange)
2018-12-14 23:42:02.500 [restartedMain] INFO  o.s.b.a.e.w.reactive.WebFluxEndpointHandlerMapping - Mapped "{[/actuator/env],methods=[POST],consumes=[application/vnd.spring-boot.actuator.v2+json || application/json],produces=[application/vnd.spring-boot.actuator.v2+json || application/json]}" onto public org.reactivestreams.Publisher<org.springframework.http.ResponseEntity<java.lang.Object>> org.springframework.boot.actuate.endpoint.web.reactive.AbstractWebFluxEndpointHandlerMapping$WriteOperationHandler.handle(org.springframework.web.server.ServerWebExchange,java.util.Map<java.lang.String, java.lang.String>)
2018-12-14 23:42:02.500 [restartedMain] INFO  o.s.b.a.e.w.reactive.WebFluxEndpointHandlerMapping - Mapped "{[/actuator/env],methods=[DELETE],produces=[application/vnd.spring-boot.actuator.v2+json || application/json]}" onto public org.reactivestreams.Publisher<org.springframework.http.ResponseEntity<java.lang.Object>> org.springframework.boot.actuate.endpoint.web.reactive.AbstractWebFluxEndpointHandlerMapping$ReadOperationHandler.handle(org.springframework.web.server.ServerWebExchange)
2018-12-14 23:42:02.500 [restartedMain] INFO  o.s.b.a.e.w.reactive.WebFluxEndpointHandlerMapping - Mapped "{[/actuator/info],methods=[GET],produces=[application/vnd.spring-boot.actuator.v2+json || application/json]}" onto public org.reactivestreams.Publisher<org.springframework.http.ResponseEntity<java.lang.Object>> org.springframework.boot.actuate.endpoint.web.reactive.AbstractWebFluxEndpointHandlerMapping$ReadOperationHandler.handle(org.springframework.web.server.ServerWebExchange)
2018-12-14 23:42:02.500 [restartedMain] INFO  o.s.b.a.e.w.reactive.WebFluxEndpointHandlerMapping - Mapped "{[/actuator/loggers],methods=[GET],produces=[application/vnd.spring-boot.actuator.v2+json || application/json]}" onto public org.reactivestreams.Publisher<org.springframework.http.ResponseEntity<java.lang.Object>> org.springframework.boot.actuate.endpoint.web.reactive.AbstractWebFluxEndpointHandlerMapping$ReadOperationHandler.handle(org.springframework.web.server.ServerWebExchange)
2018-12-14 23:42:02.515 [restartedMain] INFO  o.s.b.a.e.w.reactive.WebFluxEndpointHandlerMapping - Mapped "{[/actuator/loggers/{name}],methods=[GET],produces=[application/vnd.spring-boot.actuator.v2+json || application/json]}" onto public org.reactivestreams.Publisher<org.springframework.http.ResponseEntity<java.lang.Object>> org.springframework.boot.actuate.endpoint.web.reactive.AbstractWebFluxEndpointHandlerMapping$ReadOperationHandler.handle(org.springframework.web.server.ServerWebExchange)
2018-12-14 23:42:02.515 [restartedMain] INFO  o.s.b.a.e.w.reactive.WebFluxEndpointHandlerMapping - Mapped "{[/actuator/loggers/{name}],methods=[POST],consumes=[application/vnd.spring-boot.actuator.v2+json || application/json]}" onto public org.reactivestreams.Publisher<org.springframework.http.ResponseEntity<java.lang.Object>> org.springframework.boot.actuate.endpoint.web.reactive.AbstractWebFluxEndpointHandlerMapping$WriteOperationHandler.handle(org.springframework.web.server.ServerWebExchange,java.util.Map<java.lang.String, java.lang.String>)
2018-12-14 23:42:02.515 [restartedMain] INFO  o.s.b.a.e.w.reactive.WebFluxEndpointHandlerMapping - Mapped "{[/actuator/heapdump],methods=[GET],produces=[application/octet-stream]}" onto public org.reactivestreams.Publisher<org.springframework.http.ResponseEntity<java.lang.Object>> org.springframework.boot.actuate.endpoint.web.reactive.AbstractWebFluxEndpointHandlerMapping$ReadOperationHandler.handle(org.springframework.web.server.ServerWebExchange)
2018-12-14 23:42:02.515 [restartedMain] INFO  o.s.b.a.e.w.reactive.WebFluxEndpointHandlerMapping - Mapped "{[/actuator/threaddump],methods=[GET],produces=[application/vnd.spring-boot.actuator.v2+json || application/json]}" onto public org.reactivestreams.Publisher<org.springframework.http.ResponseEntity<java.lang.Object>> org.springframework.boot.actuate.endpoint.web.reactive.AbstractWebFluxEndpointHandlerMapping$ReadOperationHandler.handle(org.springframework.web.server.ServerWebExchange)
2018-12-14 23:42:02.531 [restartedMain] INFO  o.s.b.a.e.w.reactive.WebFluxEndpointHandlerMapping - Mapped "{[/actuator/metrics/{requiredMetricName}],methods=[GET],produces=[application/vnd.spring-boot.actuator.v2+json || application/json]}" onto public org.reactivestreams.Publisher<org.springframework.http.ResponseEntity<java.lang.Object>> org.springframework.boot.actuate.endpoint.web.reactive.AbstractWebFluxEndpointHandlerMapping$ReadOperationHandler.handle(org.springframework.web.server.ServerWebExchange)
2018-12-14 23:42:02.531 [restartedMain] INFO  o.s.b.a.e.w.reactive.WebFluxEndpointHandlerMapping - Mapped "{[/actuator/metrics],methods=[GET],produces=[application/vnd.spring-boot.actuator.v2+json || application/json]}" onto public org.reactivestreams.Publisher<org.springframework.http.ResponseEntity<java.lang.Object>> org.springframework.boot.actuate.endpoint.web.reactive.AbstractWebFluxEndpointHandlerMapping$ReadOperationHandler.handle(org.springframework.web.server.ServerWebExchange)
2018-12-14 23:42:02.531 [restartedMain] INFO  o.s.b.a.e.w.reactive.WebFluxEndpointHandlerMapping - Mapped "{[/actuator/scheduledtasks],methods=[GET],produces=[application/vnd.spring-boot.actuator.v2+json || application/json]}" onto public org.reactivestreams.Publisher<org.springframework.http.ResponseEntity<java.lang.Object>> org.springframework.boot.actuate.endpoint.web.reactive.AbstractWebFluxEndpointHandlerMapping$ReadOperationHandler.handle(org.springframework.web.server.ServerWebExchange)
2018-12-14 23:42:02.531 [restartedMain] INFO  o.s.b.a.e.w.reactive.WebFluxEndpointHandlerMapping - Mapped "{[/actuator/httptrace],methods=[GET],produces=[application/vnd.spring-boot.actuator.v2+json || application/json]}" onto public org.reactivestreams.Publisher<org.springframework.http.ResponseEntity<java.lang.Object>> org.springframework.boot.actuate.endpoint.web.reactive.AbstractWebFluxEndpointHandlerMapping$ReadOperationHandler.handle(org.springframework.web.server.ServerWebExchange)
2018-12-14 23:42:02.547 [restartedMain] INFO  o.s.b.a.e.w.reactive.WebFluxEndpointHandlerMapping - Mapped "{[/actuator/mappings],methods=[GET],produces=[application/vnd.spring-boot.actuator.v2+json || application/json]}" onto public org.reactivestreams.Publisher<org.springframework.http.ResponseEntity<java.lang.Object>> org.springframework.boot.actuate.endpoint.web.reactive.AbstractWebFluxEndpointHandlerMapping$ReadOperationHandler.handle(org.springframework.web.server.ServerWebExchange)
2018-12-14 23:42:02.547 [restartedMain] INFO  o.s.b.a.e.w.reactive.WebFluxEndpointHandlerMapping - Mapped "{[/actuator/refresh],methods=[POST],produces=[application/vnd.spring-boot.actuator.v2+json || application/json]}" onto public org.reactivestreams.Publisher<org.springframework.http.ResponseEntity<java.lang.Object>> org.springframework.boot.actuate.endpoint.web.reactive.AbstractWebFluxEndpointHandlerMapping$WriteOperationHandler.handle(org.springframework.web.server.ServerWebExchange,java.util.Map<java.lang.String, java.lang.String>)
2018-12-14 23:42:02.547 [restartedMain] INFO  o.s.b.a.e.w.reactive.WebFluxEndpointHandlerMapping - Mapped "{[/actuator/features],methods=[GET],produces=[application/vnd.spring-boot.actuator.v2+json || application/json]}" onto public org.reactivestreams.Publisher<org.springframework.http.ResponseEntity<java.lang.Object>> org.springframework.boot.actuate.endpoint.web.reactive.AbstractWebFluxEndpointHandlerMapping$ReadOperationHandler.handle(org.springframework.web.server.ServerWebExchange)
2018-12-14 23:42:02.547 [restartedMain] INFO  o.s.b.a.e.w.reactive.WebFluxEndpointHandlerMapping - Mapped "{[/actuator/service-registry],methods=[GET],produces=[application/vnd.spring-boot.actuator.v2+json || application/json]}" onto public org.reactivestreams.Publisher<org.springframework.http.ResponseEntity<java.lang.Object>> org.springframework.boot.actuate.endpoint.web.reactive.AbstractWebFluxEndpointHandlerMapping$ReadOperationHandler.handle(org.springframework.web.server.ServerWebExchange)
2018-12-14 23:42:02.562 [restartedMain] INFO  o.s.b.a.e.w.reactive.WebFluxEndpointHandlerMapping - Mapped "{[/actuator/service-registry],methods=[POST],consumes=[application/vnd.spring-boot.actuator.v2+json || application/json],produces=[application/vnd.spring-boot.actuator.v2+json || application/json]}" onto public org.reactivestreams.Publisher<org.springframework.http.ResponseEntity<java.lang.Object>> org.springframework.boot.actuate.endpoint.web.reactive.AbstractWebFluxEndpointHandlerMapping$WriteOperationHandler.handle(org.springframework.web.server.ServerWebExchange,java.util.Map<java.lang.String, java.lang.String>)
2018-12-14 23:42:02.562 [restartedMain] INFO  o.s.b.a.e.w.reactive.WebFluxEndpointHandlerMapping - Mapped "{[/actuator],methods=[GET],produces=[application/vnd.spring-boot.actuator.v2+json || application/json]}" onto protected java.util.Map<java.lang.String, java.util.Map<java.lang.String, org.springframework.boot.actuate.endpoint.web.Link>> org.springframework.boot.actuate.endpoint.web.reactive.WebFluxEndpointHandlerMapping.links(org.springframework.web.server.ServerWebExchange)
2018-12-14 23:42:02.593 [restartedMain] INFO  o.s.w.r.r.m.annotation.ControllerMethodResolver - Looking for @ControllerAdvice: org.springframework.boot.web.reactive.context.AnnotationConfigReactiveWebServerApplicationContext@5d362afc: startup date [Fri Dec 14 23:41:59 CST 2018]; parent: org.springframework.context.annotation.AnnotationConfigApplicationContext@44bd62ff
2018-12-14 23:42:03.297 [restartedMain] WARN  o.s.b.d.autoconfigure.OptionalLiveReloadServer - Unable to start LiveReload server
2018-12-14 23:42:03.406 [restartedMain] INFO  o.s.jmx.export.annotation.AnnotationMBeanExporter - Registering beans for JMX exposure on startup
2018-12-14 23:42:03.406 [restartedMain] INFO  o.s.jmx.export.annotation.AnnotationMBeanExporter - Bean with name 'refreshScope' has been autodetected for JMX exposure
2018-12-14 23:42:03.422 [restartedMain] INFO  o.s.jmx.export.annotation.AnnotationMBeanExporter - Bean with name 'environmentManager' has been autodetected for JMX exposure
2018-12-14 23:42:03.422 [restartedMain] INFO  o.s.jmx.export.annotation.AnnotationMBeanExporter - Bean with name 'configurationPropertiesRebinder' has been autodetected for JMX exposure
2018-12-14 23:42:03.422 [restartedMain] INFO  o.s.jmx.export.annotation.AnnotationMBeanExporter - Located managed bean 'environmentManager': registering with JMX server as MBean [org.springframework.cloud.context.environment:name=environmentManager,type=EnvironmentManager]
2018-12-14 23:42:03.422 [restartedMain] INFO  o.s.jmx.export.annotation.AnnotationMBeanExporter - Located managed bean 'refreshScope': registering with JMX server as MBean [org.springframework.cloud.context.scope.refresh:name=refreshScope,type=RefreshScope]
2018-12-14 23:42:03.437 [restartedMain] INFO  o.s.jmx.export.annotation.AnnotationMBeanExporter - Located managed bean 'configurationPropertiesRebinder': registering with JMX server as MBean [org.springframework.cloud.context.properties:name=configurationPropertiesRebinder,context=5d362afc,type=ConfigurationPropertiesRebinder]
2018-12-14 23:42:03.437 [restartedMain] INFO  o.s.context.support.DefaultLifecycleProcessor - Starting beans in phase 0
2018-12-14 23:42:03.453 [restartedMain] INFO  o.s.cloud.netflix.eureka.InstanceInfoFactory - Setting initial instance status as: STARTING
2018-12-14 23:42:03.484 [restartedMain] INFO  com.netflix.discovery.DiscoveryClient - Initializing Eureka in region us-east-1
2018-12-14 23:42:03.562 [restartedMain] INFO  c.n.discovery.provider.DiscoveryJerseyProvider - Using JSON encoding codec LegacyJacksonJson
2018-12-14 23:42:03.562 [restartedMain] INFO  c.n.discovery.provider.DiscoveryJerseyProvider - Using JSON decoding codec LegacyJacksonJson
2018-12-14 23:42:03.656 [restartedMain] INFO  c.n.discovery.provider.DiscoveryJerseyProvider - Using XML encoding codec XStreamXml
2018-12-14 23:42:03.656 [restartedMain] INFO  c.n.discovery.provider.DiscoveryJerseyProvider - Using XML decoding codec XStreamXml
2018-12-14 23:42:03.812 [restartedMain] INFO  c.n.d.shared.resolver.aws.ConfigClusterResolver - Resolving eureka endpoints via configuration
2018-12-14 23:42:03.875 [restartedMain] INFO  com.netflix.discovery.DiscoveryClient - Disable delta property : false
2018-12-14 23:42:03.875 [restartedMain] INFO  com.netflix.discovery.DiscoveryClient - Single vip registry refresh property : null
2018-12-14 23:42:03.875 [restartedMain] INFO  com.netflix.discovery.DiscoveryClient - Force full registry fetch : false
2018-12-14 23:42:03.875 [restartedMain] INFO  com.netflix.discovery.DiscoveryClient - Application is null : false
2018-12-14 23:42:03.875 [restartedMain] INFO  com.netflix.discovery.DiscoveryClient - Registered Applications size is zero : true
2018-12-14 23:42:03.875 [restartedMain] INFO  com.netflix.discovery.DiscoveryClient - Application version is -1: true
2018-12-14 23:42:03.875 [restartedMain] INFO  com.netflix.discovery.DiscoveryClient - Getting all instance registry info from the eureka server
2018-12-14 23:42:03.969 [restartedMain] INFO  com.netflix.discovery.DiscoveryClient - The response status is 200
2018-12-14 23:42:03.969 [restartedMain] INFO  com.netflix.discovery.DiscoveryClient - Starting heartbeat executor: renew interval is: 10
2018-12-14 23:42:03.969 [restartedMain] INFO  com.netflix.discovery.InstanceInfoReplicator - InstanceInfoReplicator onDemand update allowed rate per min is 4
2018-12-14 23:42:03.969 [restartedMain] INFO  com.netflix.discovery.DiscoveryClient - Discovery Client initialized at timestamp 1544802123969 with initial instances count: 2
2018-12-14 23:42:03.969 [restartedMain] INFO  o.s.c.n.e.serviceregistry.EurekaServiceRegistry - Registering application MONITOR with eureka with status UP
2018-12-14 23:42:03.969 [restartedMain] INFO  com.netflix.discovery.DiscoveryClient - Saw local status change event StatusChangeEvent [timestamp=1544802123969, current=UP, previous=STARTING]
2018-12-14 23:42:03.969 [DiscoveryClient-InstanceInfoReplicator-0] INFO  com.netflix.discovery.DiscoveryClient - DiscoveryClient_MONITOR/DESKTOP-4TAAV6L:monitor:8001: registering service...
2018-12-14 23:42:04.015 [DiscoveryClient-InstanceInfoReplicator-0] INFO  com.netflix.discovery.DiscoveryClient - DiscoveryClient_MONITOR/DESKTOP-4TAAV6L:monitor:8001 - registration status: 204
2018-12-14 23:42:04.234 [restartedMain] INFO  reactor.ipc.netty.tcp.BlockingNettyContext - Started HttpServer on /0:0:0:0:0:0:0:0:8001
2018-12-14 23:42:04.234 [restartedMain] INFO  o.s.boot.web.embedded.netty.NettyWebServer - Netty started on port(s): 8001
2018-12-14 23:42:04.234 [restartedMain] INFO  o.s.c.n.e.s.EurekaAutoServiceRegistration - Updating port to 8001
2018-12-14 23:42:04.281 [restartedMain] INFO  com.beidou.monitor.MonitorApplication - Started MonitorApplication in 5.813 seconds (JVM running for 7.987)
2018-12-14 23:42:05.016 [RMI TCP Connection(4)-127.0.0.1] INFO  o.s.c.c.client.ConfigServicePropertySourceLocator - Fetching config from server at : http://localhost:5000
2018-12-14 23:42:05.281 [RMI TCP Connection(4)-127.0.0.1] INFO  o.s.c.c.client.ConfigServicePropertySourceLocator - Located environment: name=monitor, profiles=[default], label=null, version=null, state=null
2018-12-14 23:46:04.092 [DiscoveryClient-CacheRefreshExecutor-0] INFO  d.c.b.a.s.c.discovery.InstanceDiscoveryListener - Instance (272b2e8851d0) missing in DiscoveryClient services 
2018-12-14 23:46:34.103 [DiscoveryClient-CacheRefreshExecutor-0] INFO  d.c.b.a.s.c.discovery.InstanceDiscoveryListener - Instance (272b2e8851d0) missing in DiscoveryClient services 
2018-12-14 23:47:03.887 [AsyncResolver-bootstrap-executor-0] INFO  c.n.d.shared.resolver.aws.ConfigClusterResolver - Resolving eureka endpoints via configuration
2018-12-14 23:47:04.113 [DiscoveryClient-CacheRefreshExecutor-0] INFO  d.c.b.a.s.c.discovery.InstanceDiscoveryListener - Instance (272b2e8851d0) missing in DiscoveryClient services 
2018-12-14 23:47:13.031 [elastic-3] INFO  o.s.c.c.client.ConfigServicePropertySourceLocator - Fetching config from server at : http://localhost:5000
2018-12-14 23:47:13.140 [elastic-3] INFO  o.s.c.c.client.ConfigServicePropertySourceLocator - Located environment: name=monitor, profiles=[default], label=null, version=null, state=null
2018-12-14 23:47:34.124 [DiscoveryClient-CacheRefreshExecutor-0] INFO  d.c.b.a.s.c.discovery.InstanceDiscoveryListener - Instance (272b2e8851d0) missing in DiscoveryClient services 
2018-12-14 23:48:04.132 [DiscoveryClient-CacheRefreshExecutor-0] INFO  d.c.b.a.s.c.discovery.InstanceDiscoveryListener - Instance (272b2e8851d0) missing in DiscoveryClient services 
2018-12-14 23:48:34.140 [DiscoveryClient-CacheRefreshExecutor-0] INFO  d.c.b.a.s.c.discovery.InstanceDiscoveryListener - Instance (272b2e8851d0) missing in DiscoveryClient services 
2018-12-14 23:49:04.148 [DiscoveryClient-CacheRefreshExecutor-0] INFO  d.c.b.a.s.c.discovery.InstanceDiscoveryListener - Instance (272b2e8851d0) missing in DiscoveryClient services 
2018-12-14 23:49:34.156 [DiscoveryClient-CacheRefreshExecutor-0] INFO  d.c.b.a.s.c.discovery.InstanceDiscoveryListener - Instance (272b2e8851d0) missing in DiscoveryClient services 
2018-12-14 23:50:04.163 [DiscoveryClient-CacheRefreshExecutor-0] INFO  d.c.b.a.s.c.discovery.InstanceDiscoveryListener - Instance (272b2e8851d0) missing in DiscoveryClient services 
2018-12-14 23:50:34.172 [DiscoveryClient-CacheRefreshExecutor-0] INFO  d.c.b.a.s.c.discovery.InstanceDiscoveryListener - Instance (272b2e8851d0) missing in DiscoveryClient services 
2018-12-14 23:51:04.180 [DiscoveryClient-CacheRefreshExecutor-0] INFO  d.c.b.a.s.c.discovery.InstanceDiscoveryListener - Instance (272b2e8851d0) missing in DiscoveryClient services 
2018-12-14 23:51:34.186 [DiscoveryClient-CacheRefreshExecutor-0] INFO  d.c.b.a.s.c.discovery.InstanceDiscoveryListener - Instance (272b2e8851d0) missing in DiscoveryClient services 
2018-12-14 23:51:54.041 [reactor-http-nio-1] INFO  d.c.boot.admin.server.services.StatusUpdater - Couldn't retrieve status for Instance(id=1451196af363, version=1, registration=Registration(name=GATEWAY, managementUrl=http://10.76.22.14:7000/actuator, healthUrl=http://10.76.22.14:7000/actuator/health, serviceUrl=http://10.76.22.14:7000/, source=discovery), registered=true, statusInfo=StatusInfo(status=DOWN, details={path=/actuator/health, error=Internal Server Error, message=Could not get a resource from the pool, status=500, timestamp=2018-12-14T15:43:05.187+0000}), statusTimestamp=2018-12-14T15:43:05.203Z, info=Info(values={}), endpoints=Endpoints(endpoints={health=Endpoint(id=health, url=http://10.76.22.14:7000/actuator/health)}), buildVersion=null)
io.netty.channel.AbstractChannel$AnnotatedConnectException: Connection refused: no further information: /10.76.22.14:7000
	at sun.nio.ch.SocketChannelImpl.checkConnect(Native Method)
	at sun.nio.ch.SocketChannelImpl.finishConnect(SocketChannelImpl.java:717)
	at io.netty.channel.socket.nio.NioSocketChannel.doFinishConnect(NioSocketChannel.java:327)
	at io.netty.channel.nio.AbstractNioChannel$AbstractNioUnsafe.finishConnect(AbstractNioChannel.java:340)
	at io.netty.channel.nio.NioEventLoop.processSelectedKey(NioEventLoop.java:616)
	at io.netty.channel.nio.NioEventLoop.processSelectedKeysOptimized(NioEventLoop.java:563)
	at io.netty.channel.nio.NioEventLoop.processSelectedKeys(NioEventLoop.java:480)
	at io.netty.channel.nio.NioEventLoop.run(NioEventLoop.java:442)
	at io.netty.util.concurrent.SingleThreadEventExecutor$5.run(SingleThreadEventExecutor.java:884)
	at java.lang.Thread.run(Thread.java:748)
	Suppressed: reactor.core.publisher.FluxOnAssembly$OnAssemblyException: 
Assembly trace from producer [reactor.core.publisher.MonoCreate] :
	reactor.core.publisher.Mono.create(Mono.java:172)
	reactor.ipc.netty.tcp.TcpClient.newHandler(TcpClient.java:174)
	reactor.ipc.netty.http.client.HttpClient$TcpBridgeClient.newHandler(HttpClient.java:385)
	reactor.ipc.netty.http.client.MonoHttpClientResponse.lambda$subscribe$0(MonoHttpClientResponse.java:75)
	reactor.core.publisher.MonoDefer.subscribe(MonoDefer.java:45)
	reactor.core.publisher.Mono.subscribe(Mono.java:3088)
	reactor.core.publisher.FluxRetryPredicate$RetryPredicateSubscriber.resubscribe(FluxRetryPredicate.java:123)
	reactor.core.publisher.MonoRetryPredicate.subscribe(MonoRetryPredicate.java:51)
	reactor.core.publisher.MonoMapFuseable.subscribe(MonoMapFuseable.java:59)
	reactor.ipc.netty.http.client.MonoHttpClientResponse.subscribe(MonoHttpClientResponse.java:81)
	reactor.core.publisher.MonoMap.subscribe(MonoMap.java:55)
	reactor.core.publisher.MonoPeekFuseable.subscribe(MonoPeekFuseable.java:74)
	reactor.core.publisher.MonoPeekFuseable.subscribe(MonoPeekFuseable.java:74)
	reactor.core.publisher.MonoPeekFuseable.subscribe(MonoPeekFuseable.java:74)
	reactor.core.publisher.MonoMapFuseable.subscribe(MonoMapFuseable.java:59)
	reactor.core.publisher.MonoFlatMap.subscribe(MonoFlatMap.java:60)
	reactor.core.publisher.MonoFlatMap$FlatMapMain.onNext(MonoFlatMap.java:150)
	reactor.core.publisher.FluxSwitchIfEmpty$SwitchIfEmptySubscriber.onNext(FluxSwitchIfEmpty.java:67)
	reactor.core.publisher.FluxMap$MapSubscriber.onNext(FluxMap.java:108)
	reactor.core.publisher.Operators$ScalarSubscription.request(Operators.java:1640)
	reactor.core.publisher.FluxMap$MapSubscriber.request(FluxMap.java:149)
	reactor.core.publisher.Operators$MultiSubscriptionSubscriber.set(Operators.java:1454)
	reactor.core.publisher.Operators$MultiSubscriptionSubscriber.onSubscribe(Operators.java:1328)
	reactor.core.publisher.FluxMap$MapSubscriber.onSubscribe(FluxMap.java:86)
	reactor.core.publisher.MonoJust.subscribe(MonoJust.java:54)
	reactor.core.publisher.MonoMap.subscribe(MonoMap.java:55)
	reactor.core.publisher.MonoSwitchIfEmpty.subscribe(MonoSwitchIfEmpty.java:44)
	reactor.core.publisher.MonoFlatMap.subscribe(MonoFlatMap.java:60)
	reactor.core.publisher.MonoSwitchIfEmpty.subscribe(MonoSwitchIfEmpty.java:44)
	reactor.core.publisher.MonoLogFuseable.subscribe(MonoLogFuseable.java:53)
	reactor.core.publisher.MonoFlatMap.subscribe(MonoFlatMap.java:60)
	reactor.core.publisher.MonoPeekFuseable.subscribe(MonoPeekFuseable.java:74)
	reactor.core.publisher.MonoOnErrorResume.subscribe(MonoOnErrorResume.java:44)
	reactor.core.publisher.MonoMapFuseable.subscribe(MonoMapFuseable.java:59)
	reactor.core.publisher.MonoFlatMap$FlatMapMain.onNext(MonoFlatMap.java:150)
	reactor.core.publisher.Operators$ScalarSubscription.request(Operators.java:1640)
	reactor.core.publisher.MonoFlatMap$FlatMapMain.onSubscribe(MonoFlatMap.java:103)
	reactor.core.publisher.MonoJust.subscribe(MonoJust.java:54)
	reactor.core.publisher.MonoDefer.subscribe(MonoDefer.java:53)
	reactor.core.publisher.MonoFlatMap.subscribe(MonoFlatMap.java:60)
	reactor.core.publisher.MonoFlatMap.subscribe(MonoFlatMap.java:60)
	reactor.core.publisher.Mono.subscribe(Mono.java:3088)
	reactor.core.publisher.FluxRetryWhen.subscribe(FluxRetryWhen.java:82)
	reactor.core.publisher.MonoRetryWhen.subscribe(MonoRetryWhen.java:50)
	reactor.core.publisher.Mono.subscribe(Mono.java:3088)
	reactor.core.publisher.MonoIgnorePublisher.subscribe(MonoIgnorePublisher.java:41)
	reactor.core.publisher.MonoDoFinallyFuseable.subscribe(MonoDoFinallyFuseable.java:48)
	reactor.core.publisher.Mono.subscribe(Mono.java:3088)
	reactor.core.publisher.FluxFlatMap$FlatMapMain.onNext(FluxFlatMap.java:372)
	reactor.core.publisher.FluxMapFuseable$MapFuseableSubscriber.onNext(FluxMapFuseable.java:115)
	reactor.core.publisher.FluxFilterFuseable$FilterFuseableSubscriber.tryOnNext(FluxFilterFuseable.java:129)
	reactor.core.publisher.FluxIterable$IterableSubscriptionConditional.slowPath(FluxIterable.java:516)
	reactor.core.publisher.FluxIterable$IterableSubscriptionConditional.request(FluxIterable.java:474)
	reactor.core.publisher.FluxFilterFuseable$FilterFuseableSubscriber.request(FluxFilterFuseable.java:170)
	reactor.core.publisher.FluxMapFuseable$MapFuseableSubscriber.request(FluxMapFuseable.java:156)
	reactor.core.publisher.FluxFlatMap$FlatMapMain.onSubscribe(FluxFlatMap.java:332)
	reactor.core.publisher.FluxMapFuseable$MapFuseableSubscriber.onSubscribe(FluxMapFuseable.java:90)
	reactor.core.publisher.FluxFilterFuseable$FilterFuseableSubscriber.onSubscribe(FluxFilterFuseable.java:79)
	reactor.core.publisher.FluxIterable.subscribe(FluxIterable.java:136)
	reactor.core.publisher.FluxIterable.subscribe(FluxIterable.java:64)
	reactor.core.publisher.FluxFilterFuseable.subscribe(FluxFilterFuseable.java:51)
	reactor.core.publisher.FluxMapFuseable.subscribe(FluxMapFuseable.java:63)
	reactor.core.publisher.FluxFlatMap.subscribe(FluxFlatMap.java:97)
	reactor.core.publisher.MonoIgnoreElements.subscribe(MonoIgnoreElements.java:37)
	reactor.core.publisher.Mono.subscribe(Mono.java:3088)
	reactor.core.publisher.FluxFlatMap$FlatMapMain.onNext(FluxFlatMap.java:372)
	reactor.core.publisher.FluxSubscribeOn$SubscribeOnSubscriber.onNext(FluxSubscribeOn.java:151)
	reactor.core.publisher.FluxPeek$PeekSubscriber.onNext(FluxPeek.java:185)
	reactor.core.publisher.FluxPeek$PeekSubscriber.onNext(FluxPeek.java:185)
	reactor.core.publisher.FluxInterval$IntervalRunnable.run(FluxInterval.java:123)
	reactor.core.scheduler.PeriodicWorkerTask.call(PeriodicWorkerTask.java:59)
	reactor.core.scheduler.PeriodicWorkerTask.run(PeriodicWorkerTask.java:73)
	java.util.concurrent.Executors$RunnableAdapter.call(Executors.java:511)
	java.util.concurrent.FutureTask.runAndReset(FutureTask.java:308)
Error has been observed by the following operator(s):
	|_	Mono.create(TcpClient.java:174)
	|_	Mono.defer(MonoHttpClientResponse.java:75)
	|_	Mono.retry(MonoHttpClientResponse.java:79)
	|_	Mono.cast(MonoHttpClientResponse.java:80)
	|_	Mono.map(ReactorClientHttpConnector.java:75)
	|_	Mono.doOnSubscribe(ExchangeFunctions.java:81)
	|_	Mono.doOnRequest(ExchangeFunctions.java:82)
	|_	Mono.doOnCancel(ExchangeFunctions.java:83)
	|_	Mono.map(ExchangeFunctions.java:84)
	|_	Mono.flatMap(InstanceExchangeFilterFunctions.java:131)
	|_	Mono.flatMap(InstanceExchangeFilterFunctions.java:63)
	|_	Mono.switchIfEmpty(DefaultWebClient.java:316)
	|_	Mono.log(StatusUpdater.java:74)
	|_	Mono.flatMap(StatusUpdater.java:75)

Caused by: java.net.ConnectException: Connection refused: no further information
	... 10 common frames omitted
2018-12-14 23:52:03.890 [AsyncResolver-bootstrap-executor-0] INFO  c.n.d.shared.resolver.aws.ConfigClusterResolver - Resolving eureka endpoints via configuration
2018-12-14 23:52:04.197 [DiscoveryClient-CacheRefreshExecutor-0] INFO  d.c.b.a.s.c.discovery.InstanceDiscoveryListener - Instance (272b2e8851d0) missing in DiscoveryClient services 
2018-12-14 23:52:33.026 [elastic-3] INFO  o.s.c.c.client.ConfigServicePropertySourceLocator - Fetching config from server at : http://localhost:5000
2018-12-14 23:52:33.174 [elastic-3] INFO  o.s.c.c.client.ConfigServicePropertySourceLocator - Located environment: name=monitor, profiles=[default], label=null, version=null, state=null
2018-12-14 23:52:34.204 [DiscoveryClient-CacheRefreshExecutor-0] INFO  d.c.b.a.s.c.discovery.InstanceDiscoveryListener - Instance (272b2e8851d0) missing in DiscoveryClient services 
2018-12-14 23:53:04.212 [DiscoveryClient-CacheRefreshExecutor-0] INFO  d.c.b.a.s.c.discovery.InstanceDiscoveryListener - Instance (272b2e8851d0) missing in DiscoveryClient services 
2018-12-14 23:53:34.220 [DiscoveryClient-CacheRefreshExecutor-0] INFO  d.c.b.a.s.c.discovery.InstanceDiscoveryListener - Instance (272b2e8851d0) missing in DiscoveryClient services 
2018-12-14 23:54:04.226 [DiscoveryClient-CacheRefreshExecutor-0] INFO  d.c.b.a.s.c.discovery.InstanceDiscoveryListener - Instance (272b2e8851d0) missing in DiscoveryClient services 
2018-12-14 23:54:34.233 [DiscoveryClient-CacheRefreshExecutor-0] INFO  d.c.b.a.s.c.discovery.InstanceDiscoveryListener - Instance (272b2e8851d0) missing in DiscoveryClient services 
2018-12-14 23:55:04.242 [DiscoveryClient-CacheRefreshExecutor-0] INFO  d.c.b.a.s.c.discovery.InstanceDiscoveryListener - Instance (272b2e8851d0) missing in DiscoveryClient services 
2018-12-14 23:55:34.249 [DiscoveryClient-CacheRefreshExecutor-0] INFO  d.c.b.a.s.c.discovery.InstanceDiscoveryListener - Instance (272b2e8851d0) missing in DiscoveryClient services 
2018-12-14 23:56:04.255 [DiscoveryClient-CacheRefreshExecutor-0] INFO  d.c.b.a.s.c.discovery.InstanceDiscoveryListener - Instance (272b2e8851d0) missing in DiscoveryClient services 
2018-12-14 23:56:14.035 [reactor-http-nio-3] INFO  d.c.boot.admin.server.services.StatusUpdater - Couldn't retrieve status for Instance(id=1451196af363, version=4, registration=Registration(name=GATEWAY, managementUrl=http://10.76.22.14:7000/actuator, healthUrl=http://10.76.22.14:7000/actuator/health, serviceUrl=http://10.76.22.14:7000/, source=discovery), registered=true, statusInfo=StatusInfo(status=DOWN, details={error=Found, status=302}), statusTimestamp=2018-12-14T15:52:04.326Z, info=Info(values={}), endpoints=Endpoints(endpoints={health=Endpoint(id=health, url=http://10.76.22.14:7000/actuator/health)}), buildVersion=null)
io.netty.channel.AbstractChannel$AnnotatedConnectException: Connection refused: no further information: /10.76.22.14:7000
	at sun.nio.ch.SocketChannelImpl.checkConnect(Native Method)
	at sun.nio.ch.SocketChannelImpl.finishConnect(SocketChannelImpl.java:717)
	at io.netty.channel.socket.nio.NioSocketChannel.doFinishConnect(NioSocketChannel.java:327)
	at io.netty.channel.nio.AbstractNioChannel$AbstractNioUnsafe.finishConnect(AbstractNioChannel.java:340)
	at io.netty.channel.nio.NioEventLoop.processSelectedKey(NioEventLoop.java:616)
	at io.netty.channel.nio.NioEventLoop.processSelectedKeysOptimized(NioEventLoop.java:563)
	at io.netty.channel.nio.NioEventLoop.processSelectedKeys(NioEventLoop.java:480)
	at io.netty.channel.nio.NioEventLoop.run(NioEventLoop.java:442)
	at io.netty.util.concurrent.SingleThreadEventExecutor$5.run(SingleThreadEventExecutor.java:884)
	at java.lang.Thread.run(Thread.java:748)
	Suppressed: reactor.core.publisher.FluxOnAssembly$OnAssemblyException: 
Assembly trace from producer [reactor.core.publisher.MonoCreate] :
	reactor.core.publisher.Mono.create(Mono.java:172)
	reactor.ipc.netty.tcp.TcpClient.newHandler(TcpClient.java:174)
	reactor.ipc.netty.http.client.HttpClient$TcpBridgeClient.newHandler(HttpClient.java:385)
	reactor.ipc.netty.http.client.MonoHttpClientResponse.lambda$subscribe$0(MonoHttpClientResponse.java:75)
	reactor.core.publisher.MonoDefer.subscribe(MonoDefer.java:45)
	reactor.core.publisher.Mono.subscribe(Mono.java:3088)
	reactor.core.publisher.FluxRetryPredicate$RetryPredicateSubscriber.resubscribe(FluxRetryPredicate.java:123)
	reactor.core.publisher.MonoRetryPredicate.subscribe(MonoRetryPredicate.java:51)
	reactor.core.publisher.MonoMapFuseable.subscribe(MonoMapFuseable.java:59)
	reactor.ipc.netty.http.client.MonoHttpClientResponse.subscribe(MonoHttpClientResponse.java:81)
	reactor.core.publisher.MonoMap.subscribe(MonoMap.java:55)
	reactor.core.publisher.MonoPeekFuseable.subscribe(MonoPeekFuseable.java:74)
	reactor.core.publisher.MonoPeekFuseable.subscribe(MonoPeekFuseable.java:74)
	reactor.core.publisher.MonoPeekFuseable.subscribe(MonoPeekFuseable.java:74)
	reactor.core.publisher.MonoMapFuseable.subscribe(MonoMapFuseable.java:59)
	reactor.core.publisher.MonoFlatMap.subscribe(MonoFlatMap.java:60)
	reactor.core.publisher.MonoFlatMap$FlatMapMain.onNext(MonoFlatMap.java:150)
	reactor.core.publisher.FluxSwitchIfEmpty$SwitchIfEmptySubscriber.onNext(FluxSwitchIfEmpty.java:67)
	reactor.core.publisher.FluxMap$MapSubscriber.onNext(FluxMap.java:108)
	reactor.core.publisher.Operators$ScalarSubscription.request(Operators.java:1640)
	reactor.core.publisher.FluxMap$MapSubscriber.request(FluxMap.java:149)
	reactor.core.publisher.Operators$MultiSubscriptionSubscriber.set(Operators.java:1454)
	reactor.core.publisher.Operators$MultiSubscriptionSubscriber.onSubscribe(Operators.java:1328)
	reactor.core.publisher.FluxMap$MapSubscriber.onSubscribe(FluxMap.java:86)
	reactor.core.publisher.MonoJust.subscribe(MonoJust.java:54)
	reactor.core.publisher.MonoMap.subscribe(MonoMap.java:55)
	reactor.core.publisher.MonoSwitchIfEmpty.subscribe(MonoSwitchIfEmpty.java:44)
	reactor.core.publisher.MonoFlatMap.subscribe(MonoFlatMap.java:60)
	reactor.core.publisher.MonoSwitchIfEmpty.subscribe(MonoSwitchIfEmpty.java:44)
	reactor.core.publisher.MonoLogFuseable.subscribe(MonoLogFuseable.java:53)
	reactor.core.publisher.MonoFlatMap.subscribe(MonoFlatMap.java:60)
	reactor.core.publisher.MonoPeekFuseable.subscribe(MonoPeekFuseable.java:74)
	reactor.core.publisher.MonoOnErrorResume.subscribe(MonoOnErrorResume.java:44)
	reactor.core.publisher.MonoMapFuseable.subscribe(MonoMapFuseable.java:59)
	reactor.core.publisher.MonoFlatMap$FlatMapMain.onNext(MonoFlatMap.java:150)
	reactor.core.publisher.Operators$ScalarSubscription.request(Operators.java:1640)
	reactor.core.publisher.MonoFlatMap$FlatMapMain.onSubscribe(MonoFlatMap.java:103)
	reactor.core.publisher.MonoJust.subscribe(MonoJust.java:54)
	reactor.core.publisher.MonoDefer.subscribe(MonoDefer.java:53)
	reactor.core.publisher.MonoFlatMap.subscribe(MonoFlatMap.java:60)
	reactor.core.publisher.MonoFlatMap.subscribe(MonoFlatMap.java:60)
	reactor.core.publisher.Mono.subscribe(Mono.java:3088)
	reactor.core.publisher.FluxRetryWhen.subscribe(FluxRetryWhen.java:82)
	reactor.core.publisher.MonoRetryWhen.subscribe(MonoRetryWhen.java:50)
	reactor.core.publisher.Mono.subscribe(Mono.java:3088)
	reactor.core.publisher.MonoIgnorePublisher.subscribe(MonoIgnorePublisher.java:41)
	reactor.core.publisher.MonoDoFinallyFuseable.subscribe(MonoDoFinallyFuseable.java:48)
	reactor.core.publisher.Mono.subscribe(Mono.java:3088)
	reactor.core.publisher.FluxFlatMap$FlatMapMain.onNext(FluxFlatMap.java:372)
	reactor.core.publisher.FluxMapFuseable$MapFuseableSubscriber.onNext(FluxMapFuseable.java:115)
	reactor.core.publisher.FluxFilterFuseable$FilterFuseableSubscriber.tryOnNext(FluxFilterFuseable.java:129)
	reactor.core.publisher.FluxIterable$IterableSubscriptionConditional.slowPath(FluxIterable.java:516)
	reactor.core.publisher.FluxIterable$IterableSubscriptionConditional.request(FluxIterable.java:474)
	reactor.core.publisher.FluxFilterFuseable$FilterFuseableSubscriber.request(FluxFilterFuseable.java:170)
	reactor.core.publisher.FluxMapFuseable$MapFuseableSubscriber.request(FluxMapFuseable.java:156)
	reactor.core.publisher.FluxFlatMap$FlatMapMain.onSubscribe(FluxFlatMap.java:332)
	reactor.core.publisher.FluxMapFuseable$MapFuseableSubscriber.onSubscribe(FluxMapFuseable.java:90)
	reactor.core.publisher.FluxFilterFuseable$FilterFuseableSubscriber.onSubscribe(FluxFilterFuseable.java:79)
	reactor.core.publisher.FluxIterable.subscribe(FluxIterable.java:136)
	reactor.core.publisher.FluxIterable.subscribe(FluxIterable.java:64)
	reactor.core.publisher.FluxFilterFuseable.subscribe(FluxFilterFuseable.java:51)
	reactor.core.publisher.FluxMapFuseable.subscribe(FluxMapFuseable.java:63)
	reactor.core.publisher.FluxFlatMap.subscribe(FluxFlatMap.java:97)
	reactor.core.publisher.MonoIgnoreElements.subscribe(MonoIgnoreElements.java:37)
	reactor.core.publisher.Mono.subscribe(Mono.java:3088)
	reactor.core.publisher.FluxFlatMap$FlatMapMain.onNext(FluxFlatMap.java:372)
	reactor.core.publisher.FluxSubscribeOn$SubscribeOnSubscriber.onNext(FluxSubscribeOn.java:151)
	reactor.core.publisher.FluxPeek$PeekSubscriber.onNext(FluxPeek.java:185)
	reactor.core.publisher.FluxPeek$PeekSubscriber.onNext(FluxPeek.java:185)
	reactor.core.publisher.FluxInterval$IntervalRunnable.run(FluxInterval.java:123)
	reactor.core.scheduler.PeriodicWorkerTask.call(PeriodicWorkerTask.java:59)
	reactor.core.scheduler.PeriodicWorkerTask.run(PeriodicWorkerTask.java:73)
	java.util.concurrent.Executors$RunnableAdapter.call(Executors.java:511)
	java.util.concurrent.FutureTask.runAndReset(FutureTask.java:308)
Error has been observed by the following operator(s):
	|_	Mono.create(TcpClient.java:174)
	|_	Mono.defer(MonoHttpClientResponse.java:75)
	|_	Mono.retry(MonoHttpClientResponse.java:79)
	|_	Mono.cast(MonoHttpClientResponse.java:80)
	|_	Mono.map(ReactorClientHttpConnector.java:75)
	|_	Mono.doOnSubscribe(ExchangeFunctions.java:81)
	|_	Mono.doOnRequest(ExchangeFunctions.java:82)
	|_	Mono.doOnCancel(ExchangeFunctions.java:83)
	|_	Mono.map(ExchangeFunctions.java:84)
	|_	Mono.flatMap(InstanceExchangeFilterFunctions.java:131)
	|_	Mono.flatMap(InstanceExchangeFilterFunctions.java:63)
	|_	Mono.switchIfEmpty(DefaultWebClient.java:316)
	|_	Mono.log(StatusUpdater.java:74)
	|_	Mono.flatMap(StatusUpdater.java:75)

Caused by: java.net.ConnectException: Connection refused: no further information
	... 10 common frames omitted
2018-12-14 23:56:34.268 [DiscoveryClient-CacheRefreshExecutor-0] INFO  d.c.b.a.s.c.discovery.InstanceDiscoveryListener - Instance (272b2e8851d0) missing in DiscoveryClient services 
2018-12-14 23:57:03.891 [AsyncResolver-bootstrap-executor-0] INFO  c.n.d.shared.resolver.aws.ConfigClusterResolver - Resolving eureka endpoints via configuration
2018-12-14 23:57:04.275 [DiscoveryClient-CacheRefreshExecutor-0] INFO  d.c.b.a.s.c.discovery.InstanceDiscoveryListener - Instance (272b2e8851d0) missing in DiscoveryClient services 
2018-12-14 23:57:33.031 [elastic-4] INFO  o.s.c.c.client.ConfigServicePropertySourceLocator - Fetching config from server at : http://localhost:5000
2018-12-14 23:57:33.138 [elastic-4] INFO  o.s.c.c.client.ConfigServicePropertySourceLocator - Located environment: name=monitor, profiles=[default], label=null, version=null, state=null
2018-12-14 23:57:34.283 [DiscoveryClient-CacheRefreshExecutor-0] INFO  d.c.b.a.s.c.discovery.InstanceDiscoveryListener - Instance (272b2e8851d0) missing in DiscoveryClient services 
2018-12-14 23:58:04.291 [DiscoveryClient-CacheRefreshExecutor-0] INFO  d.c.b.a.s.c.discovery.InstanceDiscoveryListener - Instance (272b2e8851d0) missing in DiscoveryClient services 
2018-12-14 23:58:34.300 [DiscoveryClient-CacheRefreshExecutor-0] INFO  d.c.b.a.s.c.discovery.InstanceDiscoveryListener - Instance (272b2e8851d0) missing in DiscoveryClient services 
2018-12-14 23:59:04.310 [DiscoveryClient-CacheRefreshExecutor-0] INFO  d.c.b.a.s.c.discovery.InstanceDiscoveryListener - Instance (272b2e8851d0) missing in DiscoveryClient services 
2018-12-14 23:59:34.321 [DiscoveryClient-CacheRefreshExecutor-0] INFO  d.c.b.a.s.c.discovery.InstanceDiscoveryListener - Instance (272b2e8851d0) missing in DiscoveryClient services 
2018-12-15 00:00:04.329 [DiscoveryClient-CacheRefreshExecutor-0] INFO  d.c.b.a.s.c.discovery.InstanceDiscoveryListener - Instance (272b2e8851d0) missing in DiscoveryClient services 
2018-12-15 00:00:34.352 [DiscoveryClient-CacheRefreshExecutor-0] INFO  d.c.b.a.s.c.discovery.InstanceDiscoveryListener - Instance (272b2e8851d0) missing in DiscoveryClient services 
2018-12-15 00:01:04.358 [DiscoveryClient-CacheRefreshExecutor-0] INFO  d.c.b.a.s.c.discovery.InstanceDiscoveryListener - Instance (272b2e8851d0) missing in DiscoveryClient services 
2018-12-15 00:01:34.367 [DiscoveryClient-CacheRefreshExecutor-0] INFO  d.c.b.a.s.c.discovery.InstanceDiscoveryListener - Instance (272b2e8851d0) missing in DiscoveryClient services 
2018-12-15 00:02:03.892 [AsyncResolver-bootstrap-executor-0] INFO  c.n.d.shared.resolver.aws.ConfigClusterResolver - Resolving eureka endpoints via configuration
2018-12-15 00:02:04.375 [DiscoveryClient-CacheRefreshExecutor-0] INFO  d.c.b.a.s.c.discovery.InstanceDiscoveryListener - Instance (272b2e8851d0) missing in DiscoveryClient services 
2018-12-15 00:02:33.029 [elastic-6] INFO  o.s.c.c.client.ConfigServicePropertySourceLocator - Fetching config from server at : http://localhost:5000
2018-12-15 00:02:33.134 [elastic-6] INFO  o.s.c.c.client.ConfigServicePropertySourceLocator - Located environment: name=monitor, profiles=[default], label=null, version=null, state=null
2018-12-15 00:02:34.381 [DiscoveryClient-CacheRefreshExecutor-0] INFO  d.c.b.a.s.c.discovery.InstanceDiscoveryListener - Instance (272b2e8851d0) missing in DiscoveryClient services 
2018-12-15 00:03:04.386 [DiscoveryClient-CacheRefreshExecutor-0] INFO  d.c.b.a.s.c.discovery.InstanceDiscoveryListener - Instance (272b2e8851d0) missing in DiscoveryClient services 
2018-12-15 00:03:34.391 [DiscoveryClient-CacheRefreshExecutor-0] INFO  d.c.b.a.s.c.discovery.InstanceDiscoveryListener - Instance (272b2e8851d0) missing in DiscoveryClient services 
2018-12-15 00:04:04.400 [DiscoveryClient-CacheRefreshExecutor-0] INFO  d.c.b.a.s.c.discovery.InstanceDiscoveryListener - Instance (272b2e8851d0) missing in DiscoveryClient services 
2018-12-15 00:04:34.413 [DiscoveryClient-CacheRefreshExecutor-0] INFO  d.c.b.a.s.c.discovery.InstanceDiscoveryListener - Instance (272b2e8851d0) missing in DiscoveryClient services 
2018-12-15 00:05:04.424 [DiscoveryClient-CacheRefreshExecutor-0] INFO  d.c.b.a.s.c.discovery.InstanceDiscoveryListener - Instance (272b2e8851d0) missing in DiscoveryClient services 
2018-12-15 00:05:34.429 [DiscoveryClient-CacheRefreshExecutor-0] INFO  d.c.b.a.s.c.discovery.InstanceDiscoveryListener - Instance (272b2e8851d0) missing in DiscoveryClient services 
2018-12-15 00:06:04.437 [DiscoveryClient-CacheRefreshExecutor-0] INFO  d.c.b.a.s.c.discovery.InstanceDiscoveryListener - Instance (272b2e8851d0) missing in DiscoveryClient services 
2018-12-15 00:06:34.445 [DiscoveryClient-CacheRefreshExecutor-0] INFO  d.c.b.a.s.c.discovery.InstanceDiscoveryListener - Instance (272b2e8851d0) missing in DiscoveryClient services 
