2018-12-02 11:37:26.805 [main] INFO  o.s.c.a.AnnotationConfigApplicationContext - Refreshing org.springframework.context.annotation.AnnotationConfigApplicationContext@f736069: startup date [Sun Dec 02 11:37:26 CST 2018]; root of context hierarchy
2018-12-02 11:37:27.093 [main] INFO  o.s.b.f.a.AutowiredAnnotationBeanPostProcessor - JSR-330 'javax.inject.Inject' annotation found and supported for autowiring
2018-12-02 11:37:27.147 [main] INFO  o.s.c.s.PostProcessorRegistrationDelegate$BeanPostProcessorChecker - Bean 'configurationPropertiesRebinderAutoConfiguration' of type [org.springframework.cloud.autoconfigure.ConfigurationPropertiesRebinderAutoConfiguration$$EnhancerBySpringCGLIB$$841905a3] is not eligible for getting processed by all BeanPostProcessors (for example: not eligible for auto-proxying)
2018-12-02 11:37:29.375 [main] INFO  o.s.c.c.client.ConfigServicePropertySourceLocator - Fetching config from server at : http://localhost:5000
2018-12-02 11:37:31.546 [main] INFO  o.s.c.c.client.ConfigServicePropertySourceLocator - Located environment: name=monitor, profiles=[default], label=null, version=null, state=null
2018-12-02 11:37:31.556 [main] INFO  o.s.c.b.c.PropertySourceBootstrapConfiguration - Located property source: CompositePropertySource {name='configService', propertySources=[MapPropertySource {name='classpath:/config/monitor.yml'}]}
2018-12-02 11:37:31.699 [main] INFO  com.beidou.monitor.MonitorApplication - No active profile set, falling back to default profiles: default
2018-12-02 11:37:31.722 [main] INFO  o.s.b.w.r.c.AnnotationConfigReactiveWebServerApplicationContext - Refreshing org.springframework.boot.web.reactive.context.AnnotationConfigReactiveWebServerApplicationContext@797cf65c: startup date [Sun Dec 02 11:37:31 CST 2018]; parent: org.springframework.context.annotation.AnnotationConfigApplicationContext@f736069
2018-12-02 11:37:34.551 [main] INFO  o.springframework.cloud.context.scope.GenericScope - BeanFactory id=1173d989-d6ae-3cc9-89ee-a6898cf4ff2e
2018-12-02 11:37:34.710 [main] INFO  o.s.b.f.a.AutowiredAnnotationBeanPostProcessor - JSR-330 'javax.inject.Inject' annotation found and supported for autowiring
2018-12-02 11:37:35.553 [main] INFO  o.s.c.s.PostProcessorRegistrationDelegate$BeanPostProcessorChecker - Bean 'org.springframework.cloud.autoconfigure.ConfigurationPropertiesRebinderAutoConfiguration' of type [org.springframework.cloud.autoconfigure.ConfigurationPropertiesRebinderAutoConfiguration$$EnhancerBySpringCGLIB$$841905a3] is not eligible for getting processed by all BeanPostProcessors (for example: not eligible for auto-proxying)
2018-12-02 11:37:35.832 [main] WARN  reactor.ipc.netty.tcp.TcpResources - [http] resources will use the default LoopResources: DefaultLoopResources {prefix=reactor-http, daemon=true, selectCount=4, workerCount=4}
2018-12-02 11:37:35.855 [main] WARN  reactor.ipc.netty.tcp.TcpResources - [http] resources will use the default PoolResources: DefaultPoolResources {name=http, provider=reactor.ipc.netty.resources.PoolResources$$Lambda$268/1713453581@aa4d8cc}
2018-12-02 11:37:36.040 [main] WARN  com.netflix.config.sources.URLConfigurationSource - No URLs will be polled as dynamic configuration sources.
2018-12-02 11:37:36.044 [main] INFO  com.netflix.config.sources.URLConfigurationSource - To enable URLs as dynamic configuration sources, define System property archaius.configurationSource.additionalUrls or make config.properties available on classpath.
2018-12-02 11:37:36.233 [main] WARN  com.netflix.config.sources.URLConfigurationSource - No URLs will be polled as dynamic configuration sources.
2018-12-02 11:37:36.240 [main] INFO  com.netflix.config.sources.URLConfigurationSource - To enable URLs as dynamic configuration sources, define System property archaius.configurationSource.additionalUrls or make config.properties available on classpath.
2018-12-02 11:37:37.506 [main] WARN  o.s.b.a.t.ThymeleafAutoConfiguration$DefaultTemplateResolverConfiguration - Cannot find template location: classpath:/templates/ (please add some templates or check your Thymeleaf configuration)
2018-12-02 11:37:38.353 [main] INFO  o.s.web.reactive.handler.SimpleUrlHandlerMapping - Mapped URL path [/webjars/**] onto handler of type [class org.springframework.web.reactive.resource.ResourceWebHandler]
2018-12-02 11:37:38.419 [main] INFO  o.s.web.reactive.handler.SimpleUrlHandlerMapping - Mapped URL path [/**] onto handler of type [class org.springframework.web.reactive.resource.ResourceWebHandler]
2018-12-02 11:37:38.544 [main] INFO  d.c.b.a.s.w.reactive.AdminControllerHandlerMapping - Mapped "{[/instances/{instanceId}/actuator/**],methods=[GET || HEAD || POST || PUT || PATCH || DELETE || OPTIONS]}" onto public reactor.core.publisher.Mono<java.lang.Void> de.codecentric.boot.admin.server.web.reactive.InstancesProxyController.endpointProxy(java.lang.String,org.springframework.http.server.reactive.ServerHttpRequest,org.springframework.http.server.reactive.ServerHttpResponse)
2018-12-02 11:37:38.555 [main] INFO  d.c.b.a.s.w.reactive.AdminControllerHandlerMapping - Mapped "{[/instances],methods=[POST],consumes=[application/json]}" onto public reactor.core.publisher.Mono<org.springframework.http.ResponseEntity<java.util.Map<java.lang.String, de.codecentric.boot.admin.server.domain.values.InstanceId>>> de.codecentric.boot.admin.server.web.InstancesController.register(de.codecentric.boot.admin.server.domain.values.Registration,org.springframework.web.util.UriComponentsBuilder)
2018-12-02 11:37:38.558 [main] INFO  d.c.b.a.s.w.reactive.AdminControllerHandlerMapping - Mapped "{[/instances/{id}],methods=[GET],produces=[application/json]}" onto public reactor.core.publisher.Mono<org.springframework.http.ResponseEntity<de.codecentric.boot.admin.server.domain.entities.Instance>> de.codecentric.boot.admin.server.web.InstancesController.instance(java.lang.String)
2018-12-02 11:37:38.558 [main] INFO  d.c.b.a.s.w.reactive.AdminControllerHandlerMapping - Mapped "{[/instances/events],methods=[GET],produces=[application/json]}" onto public reactor.core.publisher.Flux<de.codecentric.boot.admin.server.domain.events.InstanceEvent> de.codecentric.boot.admin.server.web.InstancesController.events()
2018-12-02 11:37:38.559 [main] INFO  d.c.b.a.s.w.reactive.AdminControllerHandlerMapping - Mapped "{[/instances/{id}],methods=[DELETE]}" onto public reactor.core.publisher.Mono<org.springframework.http.ResponseEntity<java.lang.Void>> de.codecentric.boot.admin.server.web.InstancesController.unregister(java.lang.String)
2018-12-02 11:37:38.559 [main] INFO  d.c.b.a.s.w.reactive.AdminControllerHandlerMapping - Mapped "{[/instances],methods=[GET],produces=[application/json]}" onto public reactor.core.publisher.Flux<de.codecentric.boot.admin.server.domain.entities.Instance> de.codecentric.boot.admin.server.web.InstancesController.instances(java.lang.String)
2018-12-02 11:37:38.587 [main] INFO  d.c.b.a.s.w.reactive.AdminControllerHandlerMapping - Mapped "{[/instances/events],methods=[GET],produces=[text/event-stream]}" onto public reactor.core.publisher.Flux<org.springframework.http.codec.ServerSentEvent<de.codecentric.boot.admin.server.domain.events.InstanceEvent>> de.codecentric.boot.admin.server.web.InstancesController.eventStream()
2018-12-02 11:37:38.590 [main] INFO  d.c.b.a.s.w.reactive.AdminControllerHandlerMapping - Mapped "{[/instances/{id}],methods=[GET],produces=[text/event-stream]}" onto public reactor.core.publisher.Flux<org.springframework.http.codec.ServerSentEvent<de.codecentric.boot.admin.server.domain.entities.Instance>> de.codecentric.boot.admin.server.web.InstancesController.instanceStream(java.lang.String)
2018-12-02 11:37:38.604 [main] INFO  d.c.b.a.s.w.reactive.AdminControllerHandlerMapping - Mapped "{[/applications/{name}],methods=[DELETE]}" onto public reactor.core.publisher.Mono<org.springframework.http.ResponseEntity<java.lang.Void>> de.codecentric.boot.admin.server.web.ApplicationsController.unregister(java.lang.String)
2018-12-02 11:37:38.606 [main] INFO  d.c.b.a.s.w.reactive.AdminControllerHandlerMapping - Mapped "{[/applications],methods=[GET],produces=[application/json]}" onto public reactor.core.publisher.Flux<de.codecentric.boot.admin.server.web.ApplicationsController$Application> de.codecentric.boot.admin.server.web.ApplicationsController.applications()
2018-12-02 11:37:38.608 [main] INFO  d.c.b.a.s.w.reactive.AdminControllerHandlerMapping - Mapped "{[/applications],methods=[GET],produces=[text/event-stream]}" onto public reactor.core.publisher.Flux<org.springframework.http.codec.ServerSentEvent<de.codecentric.boot.admin.server.web.ApplicationsController$Application>> de.codecentric.boot.admin.server.web.ApplicationsController.applicationsStream()
2018-12-02 11:37:38.612 [main] INFO  d.c.b.a.s.w.reactive.AdminControllerHandlerMapping - Mapped "{[/],methods=[GET],produces=[text/html]}" onto public java.lang.String de.codecentric.boot.admin.server.ui.web.UiController.index()
2018-12-02 11:37:38.613 [main] INFO  d.c.b.a.s.w.reactive.AdminControllerHandlerMapping - Mapped "{[/login],methods=[GET],produces=[text/html]}" onto public java.lang.String de.codecentric.boot.admin.server.ui.web.UiController.login()
2018-12-02 11:37:42.205 [main] INFO  org.springframework.cloud.commons.util.InetUtils - Cannot determine local hostname
2018-12-02 11:37:44.183 [main] INFO  org.springframework.cloud.commons.util.InetUtils - Cannot determine local hostname
2018-12-02 11:37:44.664 [main] INFO  o.s.b.actuate.endpoint.web.EndpointLinksResolver - Exposing 18 endpoint(s) beneath base path '/actuator'
2018-12-02 11:37:44.679 [main] INFO  o.s.b.a.e.w.reactive.WebFluxEndpointHandlerMapping - Mapped "{[/actuator/archaius],methods=[GET],produces=[application/vnd.spring-boot.actuator.v2+json || application/json]}" onto public org.reactivestreams.Publisher<org.springframework.http.ResponseEntity<java.lang.Object>> org.springframework.boot.actuate.endpoint.web.reactive.AbstractWebFluxEndpointHandlerMapping$ReadOperationHandler.handle(org.springframework.web.server.ServerWebExchange)
2018-12-02 11:37:44.681 [main] INFO  o.s.b.a.e.w.reactive.WebFluxEndpointHandlerMapping - Mapped "{[/actuator/auditevents],methods=[GET],produces=[application/vnd.spring-boot.actuator.v2+json || application/json]}" onto public org.reactivestreams.Publisher<org.springframework.http.ResponseEntity<java.lang.Object>> org.springframework.boot.actuate.endpoint.web.reactive.AbstractWebFluxEndpointHandlerMapping$ReadOperationHandler.handle(org.springframework.web.server.ServerWebExchange)
2018-12-02 11:37:44.683 [main] INFO  o.s.b.a.e.w.reactive.WebFluxEndpointHandlerMapping - Mapped "{[/actuator/beans],methods=[GET],produces=[application/vnd.spring-boot.actuator.v2+json || application/json]}" onto public org.reactivestreams.Publisher<org.springframework.http.ResponseEntity<java.lang.Object>> org.springframework.boot.actuate.endpoint.web.reactive.AbstractWebFluxEndpointHandlerMapping$ReadOperationHandler.handle(org.springframework.web.server.ServerWebExchange)
2018-12-02 11:37:44.684 [main] INFO  o.s.b.a.e.w.reactive.WebFluxEndpointHandlerMapping - Mapped "{[/actuator/health],methods=[GET],produces=[application/vnd.spring-boot.actuator.v2+json || application/json]}" onto public org.reactivestreams.Publisher<org.springframework.http.ResponseEntity<java.lang.Object>> org.springframework.boot.actuate.endpoint.web.reactive.AbstractWebFluxEndpointHandlerMapping$ReadOperationHandler.handle(org.springframework.web.server.ServerWebExchange)
2018-12-02 11:37:44.685 [main] INFO  o.s.b.a.e.w.reactive.WebFluxEndpointHandlerMapping - Mapped "{[/actuator/conditions],methods=[GET],produces=[application/vnd.spring-boot.actuator.v2+json || application/json]}" onto public org.reactivestreams.Publisher<org.springframework.http.ResponseEntity<java.lang.Object>> org.springframework.boot.actuate.endpoint.web.reactive.AbstractWebFluxEndpointHandlerMapping$ReadOperationHandler.handle(org.springframework.web.server.ServerWebExchange)
2018-12-02 11:37:44.686 [main] INFO  o.s.b.a.e.w.reactive.WebFluxEndpointHandlerMapping - Mapped "{[/actuator/configprops],methods=[GET],produces=[application/vnd.spring-boot.actuator.v2+json || application/json]}" onto public org.reactivestreams.Publisher<org.springframework.http.ResponseEntity<java.lang.Object>> org.springframework.boot.actuate.endpoint.web.reactive.AbstractWebFluxEndpointHandlerMapping$ReadOperationHandler.handle(org.springframework.web.server.ServerWebExchange)
2018-12-02 11:37:44.688 [main] INFO  o.s.b.a.e.w.reactive.WebFluxEndpointHandlerMapping - Mapped "{[/actuator/env],methods=[GET],produces=[application/vnd.spring-boot.actuator.v2+json || application/json]}" onto public org.reactivestreams.Publisher<org.springframework.http.ResponseEntity<java.lang.Object>> org.springframework.boot.actuate.endpoint.web.reactive.AbstractWebFluxEndpointHandlerMapping$ReadOperationHandler.handle(org.springframework.web.server.ServerWebExchange)
2018-12-02 11:37:44.689 [main] INFO  o.s.b.a.e.w.reactive.WebFluxEndpointHandlerMapping - Mapped "{[/actuator/env/{toMatch}],methods=[GET],produces=[application/vnd.spring-boot.actuator.v2+json || application/json]}" onto public org.reactivestreams.Publisher<org.springframework.http.ResponseEntity<java.lang.Object>> org.springframework.boot.actuate.endpoint.web.reactive.AbstractWebFluxEndpointHandlerMapping$ReadOperationHandler.handle(org.springframework.web.server.ServerWebExchange)
2018-12-02 11:37:44.690 [main] INFO  o.s.b.a.e.w.reactive.WebFluxEndpointHandlerMapping - Mapped "{[/actuator/env],methods=[POST],consumes=[application/vnd.spring-boot.actuator.v2+json || application/json],produces=[application/vnd.spring-boot.actuator.v2+json || application/json]}" onto public org.reactivestreams.Publisher<org.springframework.http.ResponseEntity<java.lang.Object>> org.springframework.boot.actuate.endpoint.web.reactive.AbstractWebFluxEndpointHandlerMapping$WriteOperationHandler.handle(org.springframework.web.server.ServerWebExchange,java.util.Map<java.lang.String, java.lang.String>)
2018-12-02 11:37:44.691 [main] INFO  o.s.b.a.e.w.reactive.WebFluxEndpointHandlerMapping - Mapped "{[/actuator/env],methods=[DELETE],produces=[application/vnd.spring-boot.actuator.v2+json || application/json]}" onto public org.reactivestreams.Publisher<org.springframework.http.ResponseEntity<java.lang.Object>> org.springframework.boot.actuate.endpoint.web.reactive.AbstractWebFluxEndpointHandlerMapping$ReadOperationHandler.handle(org.springframework.web.server.ServerWebExchange)
2018-12-02 11:37:44.693 [main] INFO  o.s.b.a.e.w.reactive.WebFluxEndpointHandlerMapping - Mapped "{[/actuator/info],methods=[GET],produces=[application/vnd.spring-boot.actuator.v2+json || application/json]}" onto public org.reactivestreams.Publisher<org.springframework.http.ResponseEntity<java.lang.Object>> org.springframework.boot.actuate.endpoint.web.reactive.AbstractWebFluxEndpointHandlerMapping$ReadOperationHandler.handle(org.springframework.web.server.ServerWebExchange)
2018-12-02 11:37:44.694 [main] INFO  o.s.b.a.e.w.reactive.WebFluxEndpointHandlerMapping - Mapped "{[/actuator/loggers],methods=[GET],produces=[application/vnd.spring-boot.actuator.v2+json || application/json]}" onto public org.reactivestreams.Publisher<org.springframework.http.ResponseEntity<java.lang.Object>> org.springframework.boot.actuate.endpoint.web.reactive.AbstractWebFluxEndpointHandlerMapping$ReadOperationHandler.handle(org.springframework.web.server.ServerWebExchange)
2018-12-02 11:37:44.695 [main] INFO  o.s.b.a.e.w.reactive.WebFluxEndpointHandlerMapping - Mapped "{[/actuator/loggers/{name}],methods=[GET],produces=[application/vnd.spring-boot.actuator.v2+json || application/json]}" onto public org.reactivestreams.Publisher<org.springframework.http.ResponseEntity<java.lang.Object>> org.springframework.boot.actuate.endpoint.web.reactive.AbstractWebFluxEndpointHandlerMapping$ReadOperationHandler.handle(org.springframework.web.server.ServerWebExchange)
2018-12-02 11:37:44.696 [main] INFO  o.s.b.a.e.w.reactive.WebFluxEndpointHandlerMapping - Mapped "{[/actuator/loggers/{name}],methods=[POST],consumes=[application/vnd.spring-boot.actuator.v2+json || application/json]}" onto public org.reactivestreams.Publisher<org.springframework.http.ResponseEntity<java.lang.Object>> org.springframework.boot.actuate.endpoint.web.reactive.AbstractWebFluxEndpointHandlerMapping$WriteOperationHandler.handle(org.springframework.web.server.ServerWebExchange,java.util.Map<java.lang.String, java.lang.String>)
2018-12-02 11:37:44.697 [main] INFO  o.s.b.a.e.w.reactive.WebFluxEndpointHandlerMapping - Mapped "{[/actuator/heapdump],methods=[GET],produces=[application/octet-stream]}" onto public org.reactivestreams.Publisher<org.springframework.http.ResponseEntity<java.lang.Object>> org.springframework.boot.actuate.endpoint.web.reactive.AbstractWebFluxEndpointHandlerMapping$ReadOperationHandler.handle(org.springframework.web.server.ServerWebExchange)
2018-12-02 11:37:44.698 [main] INFO  o.s.b.a.e.w.reactive.WebFluxEndpointHandlerMapping - Mapped "{[/actuator/threaddump],methods=[GET],produces=[application/vnd.spring-boot.actuator.v2+json || application/json]}" onto public org.reactivestreams.Publisher<org.springframework.http.ResponseEntity<java.lang.Object>> org.springframework.boot.actuate.endpoint.web.reactive.AbstractWebFluxEndpointHandlerMapping$ReadOperationHandler.handle(org.springframework.web.server.ServerWebExchange)
2018-12-02 11:37:44.699 [main] INFO  o.s.b.a.e.w.reactive.WebFluxEndpointHandlerMapping - Mapped "{[/actuator/metrics],methods=[GET],produces=[application/vnd.spring-boot.actuator.v2+json || application/json]}" onto public org.reactivestreams.Publisher<org.springframework.http.ResponseEntity<java.lang.Object>> org.springframework.boot.actuate.endpoint.web.reactive.AbstractWebFluxEndpointHandlerMapping$ReadOperationHandler.handle(org.springframework.web.server.ServerWebExchange)
2018-12-02 11:37:44.700 [main] INFO  o.s.b.a.e.w.reactive.WebFluxEndpointHandlerMapping - Mapped "{[/actuator/metrics/{requiredMetricName}],methods=[GET],produces=[application/vnd.spring-boot.actuator.v2+json || application/json]}" onto public org.reactivestreams.Publisher<org.springframework.http.ResponseEntity<java.lang.Object>> org.springframework.boot.actuate.endpoint.web.reactive.AbstractWebFluxEndpointHandlerMapping$ReadOperationHandler.handle(org.springframework.web.server.ServerWebExchange)
2018-12-02 11:37:44.702 [main] INFO  o.s.b.a.e.w.reactive.WebFluxEndpointHandlerMapping - Mapped "{[/actuator/scheduledtasks],methods=[GET],produces=[application/vnd.spring-boot.actuator.v2+json || application/json]}" onto public org.reactivestreams.Publisher<org.springframework.http.ResponseEntity<java.lang.Object>> org.springframework.boot.actuate.endpoint.web.reactive.AbstractWebFluxEndpointHandlerMapping$ReadOperationHandler.handle(org.springframework.web.server.ServerWebExchange)
2018-12-02 11:37:44.703 [main] INFO  o.s.b.a.e.w.reactive.WebFluxEndpointHandlerMapping - Mapped "{[/actuator/httptrace],methods=[GET],produces=[application/vnd.spring-boot.actuator.v2+json || application/json]}" onto public org.reactivestreams.Publisher<org.springframework.http.ResponseEntity<java.lang.Object>> org.springframework.boot.actuate.endpoint.web.reactive.AbstractWebFluxEndpointHandlerMapping$ReadOperationHandler.handle(org.springframework.web.server.ServerWebExchange)
2018-12-02 11:37:44.704 [main] INFO  o.s.b.a.e.w.reactive.WebFluxEndpointHandlerMapping - Mapped "{[/actuator/mappings],methods=[GET],produces=[application/vnd.spring-boot.actuator.v2+json || application/json]}" onto public org.reactivestreams.Publisher<org.springframework.http.ResponseEntity<java.lang.Object>> org.springframework.boot.actuate.endpoint.web.reactive.AbstractWebFluxEndpointHandlerMapping$ReadOperationHandler.handle(org.springframework.web.server.ServerWebExchange)
2018-12-02 11:37:44.705 [main] INFO  o.s.b.a.e.w.reactive.WebFluxEndpointHandlerMapping - Mapped "{[/actuator/refresh],methods=[POST],produces=[application/vnd.spring-boot.actuator.v2+json || application/json]}" onto public org.reactivestreams.Publisher<org.springframework.http.ResponseEntity<java.lang.Object>> org.springframework.boot.actuate.endpoint.web.reactive.AbstractWebFluxEndpointHandlerMapping$WriteOperationHandler.handle(org.springframework.web.server.ServerWebExchange,java.util.Map<java.lang.String, java.lang.String>)
2018-12-02 11:37:44.706 [main] INFO  o.s.b.a.e.w.reactive.WebFluxEndpointHandlerMapping - Mapped "{[/actuator/features],methods=[GET],produces=[application/vnd.spring-boot.actuator.v2+json || application/json]}" onto public org.reactivestreams.Publisher<org.springframework.http.ResponseEntity<java.lang.Object>> org.springframework.boot.actuate.endpoint.web.reactive.AbstractWebFluxEndpointHandlerMapping$ReadOperationHandler.handle(org.springframework.web.server.ServerWebExchange)
2018-12-02 11:37:44.707 [main] INFO  o.s.b.a.e.w.reactive.WebFluxEndpointHandlerMapping - Mapped "{[/actuator/service-registry],methods=[POST],consumes=[application/vnd.spring-boot.actuator.v2+json || application/json],produces=[application/vnd.spring-boot.actuator.v2+json || application/json]}" onto public org.reactivestreams.Publisher<org.springframework.http.ResponseEntity<java.lang.Object>> org.springframework.boot.actuate.endpoint.web.reactive.AbstractWebFluxEndpointHandlerMapping$WriteOperationHandler.handle(org.springframework.web.server.ServerWebExchange,java.util.Map<java.lang.String, java.lang.String>)
2018-12-02 11:37:44.708 [main] INFO  o.s.b.a.e.w.reactive.WebFluxEndpointHandlerMapping - Mapped "{[/actuator/service-registry],methods=[GET],produces=[application/vnd.spring-boot.actuator.v2+json || application/json]}" onto public org.reactivestreams.Publisher<org.springframework.http.ResponseEntity<java.lang.Object>> org.springframework.boot.actuate.endpoint.web.reactive.AbstractWebFluxEndpointHandlerMapping$ReadOperationHandler.handle(org.springframework.web.server.ServerWebExchange)
2018-12-02 11:37:44.709 [main] INFO  o.s.b.a.e.w.reactive.WebFluxEndpointHandlerMapping - Mapped "{[/actuator],methods=[GET],produces=[application/vnd.spring-boot.actuator.v2+json || application/json]}" onto protected java.util.Map<java.lang.String, java.util.Map<java.lang.String, org.springframework.boot.actuate.endpoint.web.Link>> org.springframework.boot.actuate.endpoint.web.reactive.WebFluxEndpointHandlerMapping.links(org.springframework.web.server.ServerWebExchange)
2018-12-02 11:37:44.755 [main] INFO  o.s.w.r.r.m.annotation.ControllerMethodResolver - Looking for @ControllerAdvice: org.springframework.boot.web.reactive.context.AnnotationConfigReactiveWebServerApplicationContext@797cf65c: startup date [Sun Dec 02 11:37:31 CST 2018]; parent: org.springframework.context.annotation.AnnotationConfigApplicationContext@f736069
2018-12-02 11:37:46.206 [main] INFO  o.s.jmx.export.annotation.AnnotationMBeanExporter - Registering beans for JMX exposure on startup
2018-12-02 11:37:46.216 [main] INFO  o.s.jmx.export.annotation.AnnotationMBeanExporter - Bean with name 'refreshScope' has been autodetected for JMX exposure
2018-12-02 11:37:46.217 [main] INFO  o.s.jmx.export.annotation.AnnotationMBeanExporter - Bean with name 'environmentManager' has been autodetected for JMX exposure
2018-12-02 11:37:46.218 [main] INFO  o.s.jmx.export.annotation.AnnotationMBeanExporter - Bean with name 'configurationPropertiesRebinder' has been autodetected for JMX exposure
2018-12-02 11:37:46.221 [main] INFO  o.s.jmx.export.annotation.AnnotationMBeanExporter - Located managed bean 'environmentManager': registering with JMX server as MBean [org.springframework.cloud.context.environment:name=environmentManager,type=EnvironmentManager]
2018-12-02 11:37:46.229 [main] INFO  o.s.jmx.export.annotation.AnnotationMBeanExporter - Located managed bean 'refreshScope': registering with JMX server as MBean [org.springframework.cloud.context.scope.refresh:name=refreshScope,type=RefreshScope]
2018-12-02 11:37:46.242 [main] INFO  o.s.jmx.export.annotation.AnnotationMBeanExporter - Located managed bean 'configurationPropertiesRebinder': registering with JMX server as MBean [org.springframework.cloud.context.properties:name=configurationPropertiesRebinder,context=797cf65c,type=ConfigurationPropertiesRebinder]
2018-12-02 11:37:46.254 [main] INFO  o.s.context.support.DefaultLifecycleProcessor - Starting beans in phase 0
2018-12-02 11:37:46.270 [main] INFO  o.s.cloud.netflix.eureka.InstanceInfoFactory - Setting initial instance status as: STARTING
2018-12-02 11:37:46.319 [main] INFO  com.netflix.discovery.DiscoveryClient - Initializing Eureka in region us-east-1
2018-12-02 11:37:46.385 [main] INFO  c.n.discovery.provider.DiscoveryJerseyProvider - Using JSON encoding codec LegacyJacksonJson
2018-12-02 11:37:46.385 [main] INFO  c.n.discovery.provider.DiscoveryJerseyProvider - Using JSON decoding codec LegacyJacksonJson
2018-12-02 11:37:46.535 [main] INFO  c.n.discovery.provider.DiscoveryJerseyProvider - Using XML encoding codec XStreamXml
2018-12-02 11:37:46.535 [main] INFO  c.n.discovery.provider.DiscoveryJerseyProvider - Using XML decoding codec XStreamXml
2018-12-02 11:37:46.707 [main] INFO  c.n.d.shared.resolver.aws.ConfigClusterResolver - Resolving eureka endpoints via configuration
2018-12-02 11:37:47.084 [main] INFO  com.netflix.discovery.DiscoveryClient - Disable delta property : false
2018-12-02 11:37:47.085 [main] INFO  com.netflix.discovery.DiscoveryClient - Single vip registry refresh property : null
2018-12-02 11:37:47.085 [main] INFO  com.netflix.discovery.DiscoveryClient - Force full registry fetch : false
2018-12-02 11:37:47.085 [main] INFO  com.netflix.discovery.DiscoveryClient - Application is null : false
2018-12-02 11:37:47.086 [main] INFO  com.netflix.discovery.DiscoveryClient - Registered Applications size is zero : true
2018-12-02 11:37:47.086 [main] INFO  com.netflix.discovery.DiscoveryClient - Application version is -1: true
2018-12-02 11:37:47.086 [main] INFO  com.netflix.discovery.DiscoveryClient - Getting all instance registry info from the eureka server
2018-12-02 11:37:47.416 [main] INFO  com.netflix.discovery.DiscoveryClient - The response status is 200
2018-12-02 11:37:47.450 [main] INFO  com.netflix.discovery.DiscoveryClient - Starting heartbeat executor: renew interval is: 10
2018-12-02 11:37:47.453 [main] INFO  com.netflix.discovery.InstanceInfoReplicator - InstanceInfoReplicator onDemand update allowed rate per min is 4
2018-12-02 11:37:47.457 [main] INFO  com.netflix.discovery.DiscoveryClient - Discovery Client initialized at timestamp 1543721867456 with initial instances count: 1
2018-12-02 11:37:47.462 [main] INFO  o.s.c.n.e.serviceregistry.EurekaServiceRegistry - Registering application MONITOR with eureka with status UP
2018-12-02 11:37:47.463 [main] INFO  com.netflix.discovery.DiscoveryClient - Saw local status change event StatusChangeEvent [timestamp=1543721867463, current=UP, previous=STARTING]
2018-12-02 11:37:47.506 [DiscoveryClient-InstanceInfoReplicator-0] INFO  com.netflix.discovery.DiscoveryClient - DiscoveryClient_MONITOR/localhost:monitor:8001: registering service...
2018-12-02 11:37:47.689 [DiscoveryClient-InstanceInfoReplicator-0] INFO  com.netflix.discovery.DiscoveryClient - DiscoveryClient_MONITOR/localhost:monitor:8001 - registration status: 204
2018-12-02 11:37:49.296 [reactor-http-nio-1] INFO  reactor.ipc.netty.tcp.BlockingNettyContext - Started HttpServer on /0:0:0:0:0:0:0:0:8001
2018-12-02 11:37:49.298 [main] INFO  o.s.boot.web.embedded.netty.NettyWebServer - Netty started on port(s): 8001
2018-12-02 11:37:49.299 [main] INFO  o.s.c.n.e.s.EurekaAutoServiceRegistration - Updating port to 8001
2018-12-02 11:37:49.302 [main] INFO  com.beidou.monitor.MonitorApplication - Started MonitorApplication in 25.338 seconds (JVM running for 27.114)
2018-12-02 11:37:49.635 [RMI TCP Connection(23)-127.0.0.1] INFO  o.s.c.c.client.ConfigServicePropertySourceLocator - Fetching config from server at : http://localhost:5000
2018-12-02 11:37:51.313 [RMI TCP Connection(23)-127.0.0.1] INFO  o.s.c.c.client.ConfigServicePropertySourceLocator - Located environment: name=monitor, profiles=[default], label=null, version=null, state=null
2018-12-02 11:39:44.368 [reactor-http-nio-1] WARN  o.s.b.a.w.r.error.DefaultErrorWebExceptionHandler - Failed to handle request [GET http://localhost:8001/favicon.ico]: Response status 404
2018-12-02 11:39:54.959 [reactor-http-nio-2] WARN  o.s.b.a.w.r.error.DefaultErrorWebExceptionHandler - Failed to handle request [OPTIONS http://localhost:8001/notifications/filters]: Response status 404
2018-12-02 11:40:11.325 [reactor-http-nio-2] WARN  o.s.b.a.w.r.error.DefaultErrorWebExceptionHandler - Failed to handle request [OPTIONS http://localhost:8001/notifications/filters]: Response status 404
2018-12-02 11:40:17.025 [reactor-http-nio-2] WARN  o.s.b.a.w.r.error.DefaultErrorWebExceptionHandler - Failed to handle request [OPTIONS http://localhost:8001/notifications/filters]: Response status 404
2018-12-02 11:40:22.347 [reactor-http-nio-4] WARN  o.s.b.a.w.r.error.DefaultErrorWebExceptionHandler - Failed to handle request [OPTIONS http://localhost:8001/notifications/filters]: Response status 404
2018-12-02 11:40:24.979 [reactor-http-nio-2] ERROR o.s.web.server.adapter.HttpWebHandlerAdapter - Unhandled failure: 你的主机中的软件中止了一个已建立的连接。, response already set (status=null)
2018-12-02 11:40:24.980 [reactor-http-nio-2] WARN  o.s.http.server.reactive.ReactorHttpHandlerAdapter - Handling completed with error: 你的主机中的软件中止了一个已建立的连接。
2018-12-02 11:40:37.040 [reactor-http-nio-2] ERROR o.s.web.server.adapter.HttpWebHandlerAdapter - Unhandled failure: 你的主机中的软件中止了一个已建立的连接。, response already set (status=null)
2018-12-02 11:40:37.042 [reactor-http-nio-2] WARN  o.s.http.server.reactive.ReactorHttpHandlerAdapter - Handling completed with error: 你的主机中的软件中止了一个已建立的连接。
2018-12-02 11:40:42.354 [reactor-http-nio-4] ERROR o.s.web.server.adapter.HttpWebHandlerAdapter - Unhandled failure: 你的主机中的软件中止了一个已建立的连接。, response already set (status=null)
2018-12-02 11:40:42.356 [reactor-http-nio-4] WARN  o.s.http.server.reactive.ReactorHttpHandlerAdapter - Handling completed with error: 你的主机中的软件中止了一个已建立的连接。
2018-12-02 11:41:16.631 [reactor-http-nio-3] INFO  d.c.boot.admin.server.services.StatusUpdater - Couldn't retrieve status for Instance(id=5de4620fa278, version=3, registration=Registration(name=LOGGER, managementUrl=http://localhost:4001/actuator, healthUrl=http://localhost:4001/actuator/health, serviceUrl=http://localhost:4001/, source=discovery), registered=true, statusInfo=StatusInfo(status=UP, details={hystrix={status=UP}, diskSpace={status=UP, details={total=127390445568, free=56705880064, threshold=10485760}}, configServer={status=UP, details={propertySources=[classpath:/config/logger.yml]}}, rabbit={status=UP, details={version=3.7.8}}, refreshScope={status=UP}, discoveryComposite={status=UP, details={discoveryClient={status=UP, details={services=[gateway, monitor, config-server, user, logger]}}, eureka={description=Remote status from Eureka server, status=UP, details={applications={GATEWAY=1, MONITOR=1, CONFIG-SERVER=1, LOGGER=1, USER=1}}}}}, db={status=UP, details={database=MySQL, hello=1}}}), statusTimestamp=2018-12-02T03:39:17.704Z, info=Info(values={app={name=@project.name@, description=@project.description@, version=@project.version@, author=许b}}), endpoints=Endpoints(endpoints={httptrace=Endpoint(id=httptrace, url=http://localhost:4001/actuator/httptrace), loggers=Endpoint(id=loggers, url=http://localhost:4001/actuator/loggers), refresh=Endpoint(id=refresh, url=http://localhost:4001/actuator/refresh), health=Endpoint(id=health, url=http://localhost:4001/actuator/health), env=Endpoint(id=env, url=http://localhost:4001/actuator/env), heapdump=Endpoint(id=heapdump, url=http://localhost:4001/actuator/heapdump), features=Endpoint(id=features, url=http://localhost:4001/actuator/features), mappings=Endpoint(id=mappings, url=http://localhost:4001/actuator/mappings), scheduledtasks=Endpoint(id=scheduledtasks, url=http://localhost:4001/actuator/scheduledtasks), archaius=Endpoint(id=archaius, url=http://localhost:4001/actuator/archaius), configprops=Endpoint(id=configprops, url=http://localhost:4001/actuator/configprops), beans=Endpoint(id=beans, url=http://localhost:4001/actuator/beans), threaddump=Endpoint(id=threaddump, url=http://localhost:4001/actuator/threaddump), metrics=Endpoint(id=metrics, url=http://localhost:4001/actuator/metrics), conditions=Endpoint(id=conditions, url=http://localhost:4001/actuator/conditions), auditevents=Endpoint(id=auditevents, url=http://localhost:4001/actuator/auditevents), service-registry=Endpoint(id=service-registry, url=http://localhost:4001/actuator/service-registry), info=Endpoint(id=info, url=http://localhost:4001/actuator/info)}), buildVersion=null)
io.netty.channel.AbstractChannel$AnnotatedConnectException: Connection refused: no further information: localhost/127.0.0.1:4001
	at sun.nio.ch.SocketChannelImpl.checkConnect(Native Method)
	at sun.nio.ch.SocketChannelImpl.finishConnect(SocketChannelImpl.java:717)
	at io.netty.channel.socket.nio.NioSocketChannel.doFinishConnect(NioSocketChannel.java:327)
	at io.netty.channel.nio.AbstractNioChannel$AbstractNioUnsafe.finishConnect(AbstractNioChannel.java:340)
	at io.netty.channel.nio.NioEventLoop.processSelectedKey(NioEventLoop.java:616)
	at io.netty.channel.nio.NioEventLoop.processSelectedKeysOptimized(NioEventLoop.java:563)
	at io.netty.channel.nio.NioEventLoop.processSelectedKeys(NioEventLoop.java:480)
	at io.netty.channel.nio.NioEventLoop.run(NioEventLoop.java:442)
	at io.netty.util.concurrent.SingleThreadEventExecutor$5.run(SingleThreadEventExecutor.java:884)
	at java.lang.Thread.run(Thread.java:748)
Caused by: java.net.ConnectException: Connection refused: no further information
	... 10 common frames omitted
2018-12-02 11:42:36.627 [reactor-http-nio-1] INFO  d.c.boot.admin.server.services.StatusUpdater - Couldn't retrieve status for Instance(id=5de4620fa278, version=5, registration=Registration(name=LOGGER, managementUrl=http://localhost:4001/actuator, healthUrl=http://localhost:4001/actuator/health, serviceUrl=http://localhost:4001/, source=discovery), registered=true, statusInfo=StatusInfo(status=UP, details={hystrix={status=UP}, diskSpace={status=UP, details={total=127390445568, free=55811645440, threshold=10485760}}, configServer={status=UP, details={propertySources=[classpath:/config/logger.yml]}}, rabbit={status=UP, details={version=3.7.8}}, refreshScope={status=UP}, discoveryComposite={status=UP, details={discoveryClient={status=UP, details={services=[gateway, monitor, config-server, logger, user]}}, eureka={description=Eureka discovery client has not yet successfully connected to a Eureka server, status=UP, details={applications={GATEWAY=1, MONITOR=1, CONFIG-SERVER=1, LOGGER=1, USER=1}}}}}, db={status=UP, details={database=MySQL, hello=1}}}), statusTimestamp=2018-12-02T03:42:15.868Z, info=Info(values={app={name=@project.name@, description=@project.description@, version=@project.version@, author=许b}}), endpoints=Endpoints(endpoints={httptrace=Endpoint(id=httptrace, url=http://localhost:4001/actuator/httptrace), loggers=Endpoint(id=loggers, url=http://localhost:4001/actuator/loggers), refresh=Endpoint(id=refresh, url=http://localhost:4001/actuator/refresh), health=Endpoint(id=health, url=http://localhost:4001/actuator/health), env=Endpoint(id=env, url=http://localhost:4001/actuator/env), heapdump=Endpoint(id=heapdump, url=http://localhost:4001/actuator/heapdump), features=Endpoint(id=features, url=http://localhost:4001/actuator/features), mappings=Endpoint(id=mappings, url=http://localhost:4001/actuator/mappings), scheduledtasks=Endpoint(id=scheduledtasks, url=http://localhost:4001/actuator/scheduledtasks), archaius=Endpoint(id=archaius, url=http://localhost:4001/actuator/archaius), configprops=Endpoint(id=configprops, url=http://localhost:4001/actuator/configprops), beans=Endpoint(id=beans, url=http://localhost:4001/actuator/beans), threaddump=Endpoint(id=threaddump, url=http://localhost:4001/actuator/threaddump), metrics=Endpoint(id=metrics, url=http://localhost:4001/actuator/metrics), conditions=Endpoint(id=conditions, url=http://localhost:4001/actuator/conditions), auditevents=Endpoint(id=auditevents, url=http://localhost:4001/actuator/auditevents), service-registry=Endpoint(id=service-registry, url=http://localhost:4001/actuator/service-registry), info=Endpoint(id=info, url=http://localhost:4001/actuator/info)}), buildVersion=null)
io.netty.channel.AbstractChannel$AnnotatedConnectException: Connection refused: no further information: localhost/127.0.0.1:4001
	at sun.nio.ch.SocketChannelImpl.checkConnect(Native Method)
	at sun.nio.ch.SocketChannelImpl.finishConnect(SocketChannelImpl.java:717)
	at io.netty.channel.socket.nio.NioSocketChannel.doFinishConnect(NioSocketChannel.java:327)
	at io.netty.channel.nio.AbstractNioChannel$AbstractNioUnsafe.finishConnect(AbstractNioChannel.java:340)
	at io.netty.channel.nio.NioEventLoop.processSelectedKey(NioEventLoop.java:616)
	at io.netty.channel.nio.NioEventLoop.processSelectedKeysOptimized(NioEventLoop.java:563)
	at io.netty.channel.nio.NioEventLoop.processSelectedKeys(NioEventLoop.java:480)
	at io.netty.channel.nio.NioEventLoop.run(NioEventLoop.java:442)
	at io.netty.util.concurrent.SingleThreadEventExecutor$5.run(SingleThreadEventExecutor.java:884)
	at java.lang.Thread.run(Thread.java:748)
Caused by: java.net.ConnectException: Connection refused: no further information
	... 10 common frames omitted
2018-12-02 11:42:47.090 [AsyncResolver-bootstrap-executor-0] INFO  c.n.d.shared.resolver.aws.ConfigClusterResolver - Resolving eureka endpoints via configuration
2018-12-02 11:42:55.627 [elastic-3] INFO  o.s.c.c.client.ConfigServicePropertySourceLocator - Fetching config from server at : http://localhost:5000
2018-12-02 11:42:57.175 [elastic-3] INFO  o.s.c.c.client.ConfigServicePropertySourceLocator - Located environment: name=monitor, profiles=[default], label=null, version=null, state=null
2018-12-02 11:44:17.580 [DiscoveryClient-CacheRefreshExecutor-0] INFO  d.c.b.a.s.c.discovery.InstanceDiscoveryListener - Instance (5de4620fa278) missing in DiscoveryClient services 
2018-12-02 11:44:47.604 [DiscoveryClient-CacheRefreshExecutor-0] INFO  d.c.b.a.s.c.discovery.InstanceDiscoveryListener - Instance (5de4620fa278) missing in DiscoveryClient services 
2018-12-02 11:45:17.628 [DiscoveryClient-CacheRefreshExecutor-0] INFO  d.c.b.a.s.c.discovery.InstanceDiscoveryListener - Instance (5de4620fa278) missing in DiscoveryClient services 
2018-12-02 11:45:48.654 [reactor-http-nio-4] INFO  d.c.boot.admin.server.services.StatusUpdater - Couldn't retrieve status for Instance(id=5de4620fa278, version=9, registration=Registration(name=LOGGER, managementUrl=http://localhost:4001/actuator, healthUrl=http://localhost:4001/actuator/health, serviceUrl=http://localhost:4001/, source=discovery), registered=true, statusInfo=StatusInfo(status=UNKNOWN, details={}), statusTimestamp=2018-12-02T03:45:47.652Z, info=Info(values={}), endpoints=Endpoints(endpoints={health=Endpoint(id=health, url=http://localhost:4001/actuator/health)}), buildVersion=null)
io.netty.channel.AbstractChannel$AnnotatedConnectException: Connection refused: no further information: localhost/127.0.0.1:4001
	at sun.nio.ch.SocketChannelImpl.checkConnect(Native Method)
	at sun.nio.ch.SocketChannelImpl.finishConnect(SocketChannelImpl.java:717)
	at io.netty.channel.socket.nio.NioSocketChannel.doFinishConnect(NioSocketChannel.java:327)
	at io.netty.channel.nio.AbstractNioChannel$AbstractNioUnsafe.finishConnect(AbstractNioChannel.java:340)
	at io.netty.channel.nio.NioEventLoop.processSelectedKey(NioEventLoop.java:616)
	at io.netty.channel.nio.NioEventLoop.processSelectedKeysOptimized(NioEventLoop.java:563)
	at io.netty.channel.nio.NioEventLoop.processSelectedKeys(NioEventLoop.java:480)
	at io.netty.channel.nio.NioEventLoop.run(NioEventLoop.java:442)
	at io.netty.util.concurrent.SingleThreadEventExecutor$5.run(SingleThreadEventExecutor.java:884)
	at java.lang.Thread.run(Thread.java:748)
Caused by: java.net.ConnectException: Connection refused: no further information
	... 10 common frames omitted
2018-12-02 11:47:47.107 [AsyncResolver-bootstrap-executor-0] INFO  c.n.d.shared.resolver.aws.ConfigClusterResolver - Resolving eureka endpoints via configuration
2018-12-02 11:47:55.628 [elastic-6] INFO  o.s.c.c.client.ConfigServicePropertySourceLocator - Fetching config from server at : http://localhost:5000
2018-12-02 11:47:57.236 [elastic-6] INFO  o.s.c.c.client.ConfigServicePropertySourceLocator - Located environment: name=monitor, profiles=[default], label=null, version=null, state=null
2018-12-02 11:49:17.699 [DiscoveryClient-CacheRefreshExecutor-0] INFO  d.c.b.a.s.c.discovery.InstanceDiscoveryListener - Instance (5de4620fa278) missing in DiscoveryClient services 
2018-12-02 11:49:47.720 [DiscoveryClient-CacheRefreshExecutor-0] INFO  d.c.b.a.s.c.discovery.InstanceDiscoveryListener - Instance (5de4620fa278) missing in DiscoveryClient services 
2018-12-02 11:50:17.742 [DiscoveryClient-CacheRefreshExecutor-0] INFO  d.c.b.a.s.c.discovery.InstanceDiscoveryListener - Instance (5de4620fa278) missing in DiscoveryClient services 
2018-12-02 11:50:47.763 [DiscoveryClient-CacheRefreshExecutor-0] INFO  d.c.b.a.s.c.discovery.InstanceDiscoveryListener - Instance (5de4620fa278) missing in DiscoveryClient services 
2018-12-02 11:51:17.784 [DiscoveryClient-CacheRefreshExecutor-0] INFO  d.c.b.a.s.c.discovery.InstanceDiscoveryListener - Instance (5de4620fa278) missing in DiscoveryClient services 
2018-12-02 11:51:47.805 [DiscoveryClient-CacheRefreshExecutor-0] INFO  d.c.b.a.s.c.discovery.InstanceDiscoveryListener - Instance (5de4620fa278) missing in DiscoveryClient services 
2018-12-02 11:52:17.828 [DiscoveryClient-CacheRefreshExecutor-0] INFO  d.c.b.a.s.c.discovery.InstanceDiscoveryListener - Instance (5de4620fa278) missing in DiscoveryClient services 
2018-12-02 11:52:47.126 [AsyncResolver-bootstrap-executor-0] INFO  c.n.d.shared.resolver.aws.ConfigClusterResolver - Resolving eureka endpoints via configuration
2018-12-02 11:52:47.850 [DiscoveryClient-CacheRefreshExecutor-0] INFO  d.c.b.a.s.c.discovery.InstanceDiscoveryListener - Instance (5de4620fa278) missing in DiscoveryClient services 
2018-12-02 11:52:55.629 [elastic-4] INFO  o.s.c.c.client.ConfigServicePropertySourceLocator - Fetching config from server at : http://localhost:5000
2018-12-02 11:52:57.162 [elastic-4] INFO  o.s.c.c.client.ConfigServicePropertySourceLocator - Located environment: name=monitor, profiles=[default], label=null, version=null, state=null
2018-12-02 11:53:17.872 [DiscoveryClient-CacheRefreshExecutor-0] INFO  d.c.b.a.s.c.discovery.InstanceDiscoveryListener - Instance (5de4620fa278) missing in DiscoveryClient services 
2018-12-02 11:53:47.893 [DiscoveryClient-CacheRefreshExecutor-0] INFO  d.c.b.a.s.c.discovery.InstanceDiscoveryListener - Instance (5de4620fa278) missing in DiscoveryClient services 
2018-12-02 11:54:17.915 [DiscoveryClient-CacheRefreshExecutor-0] INFO  d.c.b.a.s.c.discovery.InstanceDiscoveryListener - Instance (5de4620fa278) missing in DiscoveryClient services 
2018-12-02 11:54:47.936 [DiscoveryClient-CacheRefreshExecutor-0] INFO  d.c.b.a.s.c.discovery.InstanceDiscoveryListener - Instance (5de4620fa278) missing in DiscoveryClient services 
2018-12-02 11:55:17.957 [DiscoveryClient-CacheRefreshExecutor-0] INFO  d.c.b.a.s.c.discovery.InstanceDiscoveryListener - Instance (5de4620fa278) missing in DiscoveryClient services 
2018-12-02 11:55:47.978 [DiscoveryClient-CacheRefreshExecutor-0] INFO  d.c.b.a.s.c.discovery.InstanceDiscoveryListener - Instance (5de4620fa278) missing in DiscoveryClient services 
2018-12-02 11:56:17.997 [DiscoveryClient-CacheRefreshExecutor-0] INFO  d.c.b.a.s.c.discovery.InstanceDiscoveryListener - Instance (5de4620fa278) missing in DiscoveryClient services 
2018-12-02 11:56:48.018 [DiscoveryClient-CacheRefreshExecutor-0] INFO  d.c.b.a.s.c.discovery.InstanceDiscoveryListener - Instance (5de4620fa278) missing in DiscoveryClient services 
2018-12-02 11:57:18.038 [DiscoveryClient-CacheRefreshExecutor-0] INFO  d.c.b.a.s.c.discovery.InstanceDiscoveryListener - Instance (5de4620fa278) missing in DiscoveryClient services 
2018-12-02 11:57:47.146 [AsyncResolver-bootstrap-executor-0] INFO  c.n.d.shared.resolver.aws.ConfigClusterResolver - Resolving eureka endpoints via configuration
2018-12-02 11:57:48.058 [DiscoveryClient-CacheRefreshExecutor-0] INFO  d.c.b.a.s.c.discovery.InstanceDiscoveryListener - Instance (5de4620fa278) missing in DiscoveryClient services 
2018-12-02 11:58:15.628 [elastic-3] INFO  o.s.c.c.client.ConfigServicePropertySourceLocator - Fetching config from server at : http://localhost:5000
2018-12-02 11:58:17.220 [elastic-3] INFO  o.s.c.c.client.ConfigServicePropertySourceLocator - Located environment: name=monitor, profiles=[default], label=null, version=null, state=null
2018-12-02 11:58:18.080 [DiscoveryClient-CacheRefreshExecutor-0] INFO  d.c.b.a.s.c.discovery.InstanceDiscoveryListener - Instance (5de4620fa278) missing in DiscoveryClient services 
2018-12-02 11:58:48.101 [DiscoveryClient-CacheRefreshExecutor-0] INFO  d.c.b.a.s.c.discovery.InstanceDiscoveryListener - Instance (5de4620fa278) missing in DiscoveryClient services 
2018-12-02 11:59:18.122 [DiscoveryClient-CacheRefreshExecutor-0] INFO  d.c.b.a.s.c.discovery.InstanceDiscoveryListener - Instance (5de4620fa278) missing in DiscoveryClient services 
2018-12-02 11:59:48.143 [DiscoveryClient-CacheRefreshExecutor-0] INFO  d.c.b.a.s.c.discovery.InstanceDiscoveryListener - Instance (5de4620fa278) missing in DiscoveryClient services 
2018-12-02 12:00:18.163 [DiscoveryClient-CacheRefreshExecutor-0] INFO  d.c.b.a.s.c.discovery.InstanceDiscoveryListener - Instance (5de4620fa278) missing in DiscoveryClient services 
2018-12-02 12:00:48.186 [DiscoveryClient-CacheRefreshExecutor-0] INFO  d.c.b.a.s.c.discovery.InstanceDiscoveryListener - Instance (5de4620fa278) missing in DiscoveryClient services 
2018-12-02 12:01:18.206 [DiscoveryClient-CacheRefreshExecutor-0] INFO  d.c.b.a.s.c.discovery.InstanceDiscoveryListener - Instance (5de4620fa278) missing in DiscoveryClient services 
2018-12-02 12:01:48.227 [DiscoveryClient-CacheRefreshExecutor-0] INFO  d.c.b.a.s.c.discovery.InstanceDiscoveryListener - Instance (5de4620fa278) missing in DiscoveryClient services 
2018-12-02 12:02:18.246 [DiscoveryClient-CacheRefreshExecutor-0] INFO  d.c.b.a.s.c.discovery.InstanceDiscoveryListener - Instance (5de4620fa278) missing in DiscoveryClient services 
2018-12-02 12:02:47.162 [AsyncResolver-bootstrap-executor-0] INFO  c.n.d.shared.resolver.aws.ConfigClusterResolver - Resolving eureka endpoints via configuration
2018-12-02 12:02:48.266 [DiscoveryClient-CacheRefreshExecutor-0] INFO  d.c.b.a.s.c.discovery.InstanceDiscoveryListener - Instance (5de4620fa278) missing in DiscoveryClient services 
2018-12-02 12:03:15.627 [elastic-3] INFO  o.s.c.c.client.ConfigServicePropertySourceLocator - Fetching config from server at : http://localhost:5000
2018-12-02 12:03:17.164 [elastic-3] INFO  o.s.c.c.client.ConfigServicePropertySourceLocator - Located environment: name=monitor, profiles=[default], label=null, version=null, state=null
2018-12-02 12:03:18.287 [DiscoveryClient-CacheRefreshExecutor-0] INFO  d.c.b.a.s.c.discovery.InstanceDiscoveryListener - Instance (5de4620fa278) missing in DiscoveryClient services 
2018-12-02 12:03:48.307 [DiscoveryClient-CacheRefreshExecutor-0] INFO  d.c.b.a.s.c.discovery.InstanceDiscoveryListener - Instance (5de4620fa278) missing in DiscoveryClient services 
2018-12-02 12:04:18.327 [DiscoveryClient-CacheRefreshExecutor-0] INFO  d.c.b.a.s.c.discovery.InstanceDiscoveryListener - Instance (5de4620fa278) missing in DiscoveryClient services 
2018-12-02 12:04:48.348 [DiscoveryClient-CacheRefreshExecutor-0] INFO  d.c.b.a.s.c.discovery.InstanceDiscoveryListener - Instance (5de4620fa278) missing in DiscoveryClient services 
2018-12-02 12:05:18.369 [DiscoveryClient-CacheRefreshExecutor-0] INFO  d.c.b.a.s.c.discovery.InstanceDiscoveryListener - Instance (5de4620fa278) missing in DiscoveryClient services 
2018-12-02 12:05:48.388 [DiscoveryClient-CacheRefreshExecutor-0] INFO  d.c.b.a.s.c.discovery.InstanceDiscoveryListener - Instance (5de4620fa278) missing in DiscoveryClient services 
2018-12-02 12:06:18.408 [DiscoveryClient-CacheRefreshExecutor-0] INFO  d.c.b.a.s.c.discovery.InstanceDiscoveryListener - Instance (5de4620fa278) missing in DiscoveryClient services 
2018-12-02 12:06:48.428 [DiscoveryClient-CacheRefreshExecutor-0] INFO  d.c.b.a.s.c.discovery.InstanceDiscoveryListener - Instance (5de4620fa278) missing in DiscoveryClient services 
2018-12-02 12:07:18.447 [DiscoveryClient-CacheRefreshExecutor-0] INFO  d.c.b.a.s.c.discovery.InstanceDiscoveryListener - Instance (5de4620fa278) missing in DiscoveryClient services 
2018-12-02 12:07:47.178 [AsyncResolver-bootstrap-executor-0] INFO  c.n.d.shared.resolver.aws.ConfigClusterResolver - Resolving eureka endpoints via configuration
2018-12-02 12:07:48.468 [DiscoveryClient-CacheRefreshExecutor-0] INFO  d.c.b.a.s.c.discovery.InstanceDiscoveryListener - Instance (5de4620fa278) missing in DiscoveryClient services 
2018-12-02 12:08:15.627 [elastic-3] INFO  o.s.c.c.client.ConfigServicePropertySourceLocator - Fetching config from server at : http://localhost:5000
2018-12-02 12:08:17.160 [elastic-3] INFO  o.s.c.c.client.ConfigServicePropertySourceLocator - Located environment: name=monitor, profiles=[default], label=null, version=null, state=null
2018-12-02 12:08:18.488 [DiscoveryClient-CacheRefreshExecutor-0] INFO  d.c.b.a.s.c.discovery.InstanceDiscoveryListener - Instance (5de4620fa278) missing in DiscoveryClient services 
2018-12-02 12:08:48.511 [DiscoveryClient-CacheRefreshExecutor-0] INFO  d.c.b.a.s.c.discovery.InstanceDiscoveryListener - Instance (5de4620fa278) missing in DiscoveryClient services 
2018-12-02 12:09:18.531 [DiscoveryClient-CacheRefreshExecutor-0] INFO  d.c.b.a.s.c.discovery.InstanceDiscoveryListener - Instance (5de4620fa278) missing in DiscoveryClient services 
2018-12-02 12:09:48.551 [DiscoveryClient-CacheRefreshExecutor-0] INFO  d.c.b.a.s.c.discovery.InstanceDiscoveryListener - Instance (5de4620fa278) missing in DiscoveryClient services 
2018-12-02 12:10:18.571 [DiscoveryClient-CacheRefreshExecutor-0] INFO  d.c.b.a.s.c.discovery.InstanceDiscoveryListener - Instance (5de4620fa278) missing in DiscoveryClient services 
2018-12-02 12:10:48.591 [DiscoveryClient-CacheRefreshExecutor-0] INFO  d.c.b.a.s.c.discovery.InstanceDiscoveryListener - Instance (5de4620fa278) missing in DiscoveryClient services 
2018-12-02 12:11:18.612 [DiscoveryClient-CacheRefreshExecutor-0] INFO  d.c.b.a.s.c.discovery.InstanceDiscoveryListener - Instance (5de4620fa278) missing in DiscoveryClient services 
2018-12-02 12:11:48.632 [DiscoveryClient-CacheRefreshExecutor-0] INFO  d.c.b.a.s.c.discovery.InstanceDiscoveryListener - Instance (5de4620fa278) missing in DiscoveryClient services 
2018-12-02 12:12:18.651 [DiscoveryClient-CacheRefreshExecutor-0] INFO  d.c.b.a.s.c.discovery.InstanceDiscoveryListener - Instance (5de4620fa278) missing in DiscoveryClient services 
2018-12-02 12:12:47.195 [AsyncResolver-bootstrap-executor-0] INFO  c.n.d.shared.resolver.aws.ConfigClusterResolver - Resolving eureka endpoints via configuration
2018-12-02 12:12:48.672 [DiscoveryClient-CacheRefreshExecutor-0] INFO  d.c.b.a.s.c.discovery.InstanceDiscoveryListener - Instance (5de4620fa278) missing in DiscoveryClient services 
2018-12-02 12:13:06.626 [reactor-http-nio-3] INFO  d.c.boot.admin.server.services.StatusUpdater - Couldn't retrieve status for Instance(id=59e4a3e24443, version=3, registration=Registration(name=USER, managementUrl=http://localhost:8081/actuator, healthUrl=http://localhost:8081/actuator/health, serviceUrl=http://localhost:8081/, source=discovery), registered=true, statusInfo=StatusInfo(status=UP, details={hystrix={status=UP}, diskSpace={status=UP, details={total=127390445568, free=56706244608, threshold=10485760}}, configServer={status=UP, details={propertySources=[classpath:/config/user.yml]}}, rabbit={status=UP, details={version=3.7.8}}, refreshScope={status=UP}, discoveryComposite={status=UP, details={discoveryClient={status=UP, details={services=[gateway, monitor, config-server, user]}}, eureka={description=Remote status from Eureka server, status=UP, details={applications={GATEWAY=1, MONITOR=1, CONFIG-SERVER=1, USER=1}}}}}, db={status=UP, details={database=MySQL, hello=1}}}), statusTimestamp=2018-12-02T03:38:47.667Z, info=Info(values={app={name=@project.name@, description=@project.description@, version=@project.version@, author=许b}}), endpoints=Endpoints(endpoints={httptrace=Endpoint(id=httptrace, url=http://localhost:8081/actuator/httptrace), loggers=Endpoint(id=loggers, url=http://localhost:8081/actuator/loggers), refresh=Endpoint(id=refresh, url=http://localhost:8081/actuator/refresh), health=Endpoint(id=health, url=http://localhost:8081/actuator/health), env=Endpoint(id=env, url=http://localhost:8081/actuator/env), heapdump=Endpoint(id=heapdump, url=http://localhost:8081/actuator/heapdump), features=Endpoint(id=features, url=http://localhost:8081/actuator/features), mappings=Endpoint(id=mappings, url=http://localhost:8081/actuator/mappings), scheduledtasks=Endpoint(id=scheduledtasks, url=http://localhost:8081/actuator/scheduledtasks), archaius=Endpoint(id=archaius, url=http://localhost:8081/actuator/archaius), configprops=Endpoint(id=configprops, url=http://localhost:8081/actuator/configprops), beans=Endpoint(id=beans, url=http://localhost:8081/actuator/beans), threaddump=Endpoint(id=threaddump, url=http://localhost:8081/actuator/threaddump), metrics=Endpoint(id=metrics, url=http://localhost:8081/actuator/metrics), conditions=Endpoint(id=conditions, url=http://localhost:8081/actuator/conditions), auditevents=Endpoint(id=auditevents, url=http://localhost:8081/actuator/auditevents), service-registry=Endpoint(id=service-registry, url=http://localhost:8081/actuator/service-registry), info=Endpoint(id=info, url=http://localhost:8081/actuator/info)}), buildVersion=null)
io.netty.channel.AbstractChannel$AnnotatedConnectException: Connection refused: no further information: localhost/127.0.0.1:8081
	at sun.nio.ch.SocketChannelImpl.checkConnect(Native Method)
	at sun.nio.ch.SocketChannelImpl.finishConnect(SocketChannelImpl.java:717)
	at io.netty.channel.socket.nio.NioSocketChannel.doFinishConnect(NioSocketChannel.java:327)
	at io.netty.channel.nio.AbstractNioChannel$AbstractNioUnsafe.finishConnect(AbstractNioChannel.java:340)
	at io.netty.channel.nio.NioEventLoop.processSelectedKey(NioEventLoop.java:616)
	at io.netty.channel.nio.NioEventLoop.processSelectedKeysOptimized(NioEventLoop.java:563)
	at io.netty.channel.nio.NioEventLoop.processSelectedKeys(NioEventLoop.java:480)
	at io.netty.channel.nio.NioEventLoop.run(NioEventLoop.java:442)
	at io.netty.util.concurrent.SingleThreadEventExecutor$5.run(SingleThreadEventExecutor.java:884)
	at java.lang.Thread.run(Thread.java:748)
Caused by: java.net.ConnectException: Connection refused: no further information
	... 10 common frames omitted
2018-12-02 12:13:15.629 [elastic-5] INFO  o.s.c.c.client.ConfigServicePropertySourceLocator - Fetching config from server at : http://localhost:5000
2018-12-02 12:13:17.205 [elastic-5] INFO  o.s.c.c.client.ConfigServicePropertySourceLocator - Located environment: name=monitor, profiles=[default], label=null, version=null, state=null
2018-12-02 12:13:18.693 [DiscoveryClient-CacheRefreshExecutor-0] INFO  d.c.b.a.s.c.discovery.InstanceDiscoveryListener - Instance (5de4620fa278) missing in DiscoveryClient services 
2018-12-02 12:13:48.717 [DiscoveryClient-CacheRefreshExecutor-0] INFO  d.c.b.a.s.c.discovery.InstanceDiscoveryListener - Instance (5de4620fa278) missing in DiscoveryClient services 
2018-12-02 12:14:18.740 [DiscoveryClient-CacheRefreshExecutor-0] INFO  d.c.b.a.s.c.discovery.InstanceDiscoveryListener - Instance (5de4620fa278) missing in DiscoveryClient services 
2018-12-02 12:14:48.770 [DiscoveryClient-CacheRefreshExecutor-0] INFO  d.c.b.a.s.c.discovery.InstanceDiscoveryListener - Instance (5de4620fa278) missing in DiscoveryClient services 
2018-12-02 12:17:47.211 [AsyncResolver-bootstrap-executor-0] INFO  c.n.d.shared.resolver.aws.ConfigClusterResolver - Resolving eureka endpoints via configuration
2018-12-02 12:18:35.630 [elastic-5] INFO  o.s.c.c.client.ConfigServicePropertySourceLocator - Fetching config from server at : http://localhost:5000
2018-12-02 12:18:37.174 [elastic-5] INFO  o.s.c.c.client.ConfigServicePropertySourceLocator - Located environment: name=monitor, profiles=[default], label=null, version=null, state=null
